
# variables: 2240
# non-linear: 256

        0.00 - Start computation

        0.00 - target guess 160
Set parameter Username
Academic license - for non-commercial use only - expires 2022-06-20
Set parameter Threads to value 64
Set parameter MIPFocus to value 3
        0.04 - there are 134 short nonlinear (11) polynomial
Set parameter TimeLimit to value 1800
Gurobi Optimizer version 9.5.0 build v9.5.0rc5 (linux64)
Thread count: 32 physical cores, 64 logical processors, using up to 64 threads
Optimize a model with 5137 rows, 2496 columns and 16068 nonzeros
Model fingerprint: 0x9086fff5
Variable types: 0 continuous, 2496 integer (2496 binary)
Coefficient statistics:
  Matrix range     [1e+00, 1e+00]
  Objective range  [1e+00, 1e+00]
  Bounds range     [1e+00, 1e+00]
  RHS range        [3e+01, 2e+02]
Presolve removed 3661 rows and 1225 columns
Presolve time: 0.01s
Presolved: 1476 rows, 1271 columns, 5643 nonzeros
Variable types: 0 continuous, 1271 integer (1232 binary)
Root relaxation presolved: 1476 rows, 1271 columns, 5643 nonzeros


Root relaxation: objective 3.400000e+01, 1448 iterations, 0.06 seconds (0.05 work units)

    Nodes    |    Current Node    |     Objective Bounds      |     Work
 Expl Unexpl |  Obj  Depth IntInf | Incumbent    BestBd   Gap | It/Node Time

*    0     0               0      34.0000000   34.00000  0.00%     -    0s

Explored 1 nodes (2120 simplex iterations) in 0.31 seconds (0.15 work units)
Thread count was 64 (of 64 available processors)

Solution count 1: 34 

Optimal solution found (tolerance 1.00e-04)
Best objective 3.400000000000e+01, best bound 3.400000000000e+01, gap 0.0000%
        0.37 - 	Solution num 1:
guessed:  x640 x643 x649 x650 x652 x654 x672 x684 x747 x773 x779 x781 x784 x786 x788 x802 x814 x837 x871 x933 x947 x951 x952 x1060 x1062 x1078 x1085 x1096 x1098 x1115 x1116 x1125 x1173 x1195 x1228 x1230 x1237 x1240 x1260 x1271 x1276 x1278 x1281 x1287 x1288 x1290 x1291 x1319 x1320 x1343 x1344 x1345 x1347 x1348 x1351 x1352 x1368 x1375 x1377 x1400 x1402 x1431 x1433 x1441 x1469 x1480 x1481 x1488 x1513 x1514 x1515 x1517 x1520 x1522 x1528 x1529 x1540 x1563 x1565 x1571 x1572 x1574 x1575 x1577 x1579 x1638 x1640 x1644 x1656 x1657 x1663 x1699 x1700 x1701 x1716 x1717 x1723 x1728 x1753 x1762 x1766 x1804 x1805 x1814 x1845 x1847 x1862 x1888 x1921 x1935 x1944 x1967 x1968 x1970 x1979 x1983 x1986 x1992 x1993 x1994 x1995 x2001 x2015 x2024 x2037 x2047 x2049 x2052 x2061 x2063 x2064 x2066 x2070 x2072 x2080 x2083 x2093 x2121 x2130 x2132 x2133 x2137 x2154 x2162 x2177 x2178 x2179 x2180 x2181 x2183 x2190 x2195 x2202 x2204 x2211 x2216 x2222 x2227 x2228 x2239[160]
linearized equations:  3 11 12 14 18 34 41 44 78 85 87 110 119 122 124 126 140 141 150 173 175 181 182 184 185 214 223 225 228 230 232 246 247 255
        0.37 - target guess 159
Set parameter Username
Academic license - for non-commercial use only - expires 2022-06-20
Set parameter Threads to value 64
Set parameter MIPFocus to value 3
        0.39 - there are 134 short nonlinear (11) polynomial
Set parameter TimeLimit to value 1800
Gurobi Optimizer version 9.5.0 build v9.5.0rc5 (linux64)
Thread count: 32 physical cores, 64 logical processors, using up to 64 threads
Optimize a model with 5137 rows, 2496 columns and 16068 nonzeros
Model fingerprint: 0xa0761c13
Variable types: 0 continuous, 2496 integer (2496 binary)
Coefficient statistics:
  Matrix range     [1e+00, 1e+00]
  Objective range  [1e+00, 1e+00]
  Bounds range     [1e+00, 1e+00]
  RHS range        [4e+01, 2e+02]
Presolve removed 3661 rows and 1225 columns
Presolve time: 0.01s
Presolved: 1476 rows, 1271 columns, 5643 nonzeros
Variable types: 0 continuous, 1271 integer (1232 binary)
Root relaxation presolved: 1476 rows, 1271 columns, 5643 nonzeros


Root relaxation: objective 3.500000e+01, 1587 iterations, 0.06 seconds (0.06 work units)

    Nodes    |    Current Node    |     Objective Bounds      |     Work
 Expl Unexpl |  Obj  Depth IntInf | Incumbent    BestBd   Gap | It/Node Time

*    0     0               0      35.0000000   35.00000  0.00%     -    0s

Explored 1 nodes (2397 simplex iterations) in 0.32 seconds (0.17 work units)
Thread count was 64 (of 64 available processors)

Solution count 1: 35 

Optimal solution found (tolerance 1.00e-04)
Best objective 3.500000000000e+01, best bound 3.500000000000e+01, gap 0.0000%
        0.71 - 	Solution num 1:
guessed:  x649 x650 x652 x654 x655 x672 x684 x747 x779 x780 x781 x784 x785 x788 x789 x802 x814 x837 x947 x951 x952 x1054 x1060 x1062 x1063 x1078 x1079 x1085 x1096 x1097 x1098 x1115 x1116 x1125 x1173 x1195 x1196 x1228 x1230 x1231 x1237 x1240 x1271 x1275 x1276 x1278 x1279 x1287 x1288 x1290 x1319 x1320 x1344 x1345 x1347 x1348 x1350 x1351 x1352 x1368 x1375 x1377 x1408 x1441 x1444 x1469 x1480 x1488 x1497 x1514 x1517 x1518 x1520 x1521 x1522 x1528 x1529 x1540 x1571 x1572 x1575 x1579 x1632 x1636 x1638 x1639 x1640 x1656 x1657 x1663 x1692 x1697 x1698 x1699 x1700 x1701 x1716 x1717 x1723 x1728 x1753 x1762 x1766 x1786 x1804 x1805 x1844 x1845 x1847 x1853 x1862 x1888 x1921 x1935 x1944 x1980 x1982 x1983 x1992 x1993 x1994 x1995 x1996 x2001 x2002 x2015 x2018 x2024 x2037 x2049 x2061 x2063 x2066 x2070 x2080 x2083 x2093 x2130 x2132 x2133 x2137 x2139 x2154 x2162 x2177 x2178 x2179 x2180 x2181 x2183 x2190 x2195 x2202 x2204 x2211 x2222 x2228 x2229 x2239[159]
linearized equations:  10 11 12 14 15 18 19 34 35 41 44 78 85 87 118 119 124 126 140 141 150 181 182 184 185 186 223 225 228 229 230 232 246 247 255
        0.71 - target guess 158
Set parameter Username
Academic license - for non-commercial use only - expires 2022-06-20
Set parameter Threads to value 64
Set parameter MIPFocus to value 3
        0.73 - there are 134 short nonlinear (11) polynomial
Set parameter TimeLimit to value 1800
Gurobi Optimizer version 9.5.0 build v9.5.0rc5 (linux64)
Thread count: 32 physical cores, 64 logical processors, using up to 64 threads
Optimize a model with 5137 rows, 2496 columns and 16068 nonzeros
Model fingerprint: 0xa253b664
Variable types: 0 continuous, 2496 integer (2496 binary)
Coefficient statistics:
  Matrix range     [1e+00, 1e+00]
  Objective range  [1e+00, 1e+00]
  Bounds range     [1e+00, 1e+00]
  RHS range        [4e+01, 2e+02]
Presolve removed 3661 rows and 1225 columns
Presolve time: 0.01s
Presolved: 1476 rows, 1271 columns, 5643 nonzeros
Variable types: 0 continuous, 1271 integer (1232 binary)
Root relaxation presolved: 1476 rows, 1271 columns, 5643 nonzeros


Root relaxation: objective 3.600000e+01, 1595 iterations, 0.06 seconds (0.06 work units)

    Nodes    |    Current Node    |     Objective Bounds      |     Work
 Expl Unexpl |  Obj  Depth IntInf | Incumbent    BestBd   Gap | It/Node Time

H    0     0                      36.0000000  134.00000   272%     -    0s
     0     0          -    0        36.00000   36.00000  0.00%     -    0s

Explored 1 nodes (3539 simplex iterations) in 0.48 seconds (0.26 work units)
Thread count was 64 (of 64 available processors)

Solution count 1: 36 

Optimal solution found (tolerance 1.00e-04)
Best objective 3.600000000000e+01, best bound 3.600000000000e+01, gap 0.0000%
        1.22 - 	Solution num 1:
guessed:  x649 x652 x654 x655 x672 x673 x692 x755 x779 x781 x782 x784 x788 x789 x802 x805 x822 x837 x947 x951 x953 x965 x1060 x1062 x1063 x1078 x1079 x1085 x1098 x1102 x1116 x1125 x1165 x1176 x1181 x1195 x1216 x1228 x1230 x1231 x1271 x1275 x1276 x1278 x1287 x1288 x1290 x1291 x1297 x1319 x1320 x1344 x1345 x1347 x1348 x1349 x1350 x1351 x1352 x1354 x1368 x1377 x1408 x1444 x1488 x1497 x1514 x1517 x1520 x1522 x1525 x1527 x1528 x1529 x1540 x1571 x1572 x1574 x1575 x1579 x1612 x1616 x1638 x1640 x1642 x1647 x1656 x1657 x1663 x1672 x1695 x1699 x1700 x1701 x1716 x1717 x1723 x1747 x1753 x1762 x1766 x1804 x1805 x1811 x1824 x1845 x1847 x1862 x1867 x1888 x1944 x1982 x1983 x1992 x1994 x1995 x1996 x1997 x1998 x2001 x2002 x2015 x2016 x2018 x2024 x2049 x2052 x2061 x2064 x2066 x2070 x2080 x2083 x2087 x2088 x2093 x2130 x2132 x2133 x2135 x2137 x2139 x2162 x2177 x2178 x2179 x2180 x2181 x2183 x2201 x2202 x2204 x2211 x2221 x2222 x2228 x2229 x2239[158]
linearized equations:  11 12 14 15 18 19 20 34 35 41 64 78 85 87 119 122 124 126 140 141 150 160 181 184 185 186 202 223 225 228 229 230 232 246 247 255
        1.22 - target guess 157
Set parameter Username
Academic license - for non-commercial use only - expires 2022-06-20
Set parameter Threads to value 64
Set parameter MIPFocus to value 3
        1.25 - there are 134 short nonlinear (11) polynomial
Set parameter TimeLimit to value 1800
Gurobi Optimizer version 9.5.0 build v9.5.0rc5 (linux64)
Thread count: 32 physical cores, 64 logical processors, using up to 64 threads
Optimize a model with 5137 rows, 2496 columns and 16068 nonzeros
Model fingerprint: 0xc76f66c3
Variable types: 0 continuous, 2496 integer (2496 binary)
Coefficient statistics:
  Matrix range     [1e+00, 1e+00]
  Objective range  [1e+00, 1e+00]
  Bounds range     [1e+00, 1e+00]
  RHS range        [4e+01, 2e+02]
Presolve removed 3661 rows and 1225 columns
Presolve time: 0.01s
Presolved: 1476 rows, 1271 columns, 5643 nonzeros
Variable types: 0 continuous, 1271 integer (1232 binary)
Root relaxation presolved: 1476 rows, 1271 columns, 5643 nonzeros


Root relaxation: objective 3.700000e+01, 1709 iterations, 0.08 seconds (0.08 work units)

    Nodes    |    Current Node    |     Objective Bounds      |     Work
 Expl Unexpl |  Obj  Depth IntInf | Incumbent    BestBd   Gap | It/Node Time

H    0     0                      37.0000000  134.00000   262%     -    0s
     0     0          -    0        37.00000   37.00000  0.00%     -    0s

Explored 1 nodes (3337 simplex iterations) in 0.48 seconds (0.31 work units)
Thread count was 64 (of 64 available processors)

Solution count 1: 37 

Optimal solution found (tolerance 1.00e-04)
Best objective 3.700000000000e+01, best bound 3.700000000000e+01, gap 0.0000%
        1.73 - 	Solution num 1:
guessed:  x649 x650 x655 x672 x747 x779 x781 x788 x789 x802 x805 x814 x837 x947 x951 x952 x965 x1008 x1024 x1060 x1062 x1063 x1078 x1079 x1085 x1096 x1098 x1102 x1116 x1125 x1173 x1176 x1181 x1195 x1216 x1228 x1230 x1231 x1237 x1240 x1271 x1274 x1275 x1276 x1278 x1279 x1288 x1290 x1319 x1320 x1344 x1345 x1347 x1348 x1349 x1351 x1352 x1368 x1377 x1408 x1444 x1469 x1488 x1495 x1497 x1517 x1520 x1522 x1526 x1528 x1529 x1540 x1571 x1572 x1574 x1575 x1579 x1580 x1631 x1638 x1640 x1644 x1656 x1657 x1663 x1693 x1697 x1698 x1699 x1700 x1701 x1702 x1703 x1716 x1723 x1728 x1753 x1762 x1766 x1804 x1805 x1845 x1853 x1854 x1862 x1867 x1868 x1888 x1944 x1980 x1982 x1983 x1992 x1993 x1994 x1995 x1996 x1998 x2001 x2002 x2015 x2016 x2018 x2024 x2052 x2061 x2063 x2064 x2066 x2080 x2083 x2093 x2130 x2132 x2133 x2134 x2136 x2137 x2140 x2162 x2176 x2177 x2178 x2179 x2180 x2181 x2182 x2183 x2195 x2201 x2202 x2204 x2211 x2222 x2228 x2238 x2239[157]
linearized equations:  11 12 14 15 18 19 20 34 35 41 44 64 78 85 87 119 122 123 124 126 140 141 150 181 182 184 185 186 223 225 228 229 230 232 233 246 255
        1.73 - target guess 156
Set parameter Username
Academic license - for non-commercial use only - expires 2022-06-20
Set parameter Threads to value 64
Set parameter MIPFocus to value 3
        1.75 - there are 134 short nonlinear (11) polynomial
Set parameter TimeLimit to value 1800
Gurobi Optimizer version 9.5.0 build v9.5.0rc5 (linux64)
Thread count: 32 physical cores, 64 logical processors, using up to 64 threads
Optimize a model with 5137 rows, 2496 columns and 16068 nonzeros
Model fingerprint: 0x8c0e9544
Variable types: 0 continuous, 2496 integer (2496 binary)
Coefficient statistics:
  Matrix range     [1e+00, 1e+00]
  Objective range  [1e+00, 1e+00]
  Bounds range     [1e+00, 1e+00]
  RHS range        [4e+01, 2e+02]
Presolve removed 3661 rows and 1225 columns
Presolve time: 0.01s
Presolved: 1476 rows, 1271 columns, 5643 nonzeros
Variable types: 0 continuous, 1271 integer (1232 binary)
Root relaxation presolved: 1476 rows, 1271 columns, 5643 nonzeros


Root relaxation: objective 3.800000e+01, 1752 iterations, 0.09 seconds (0.08 work units)

    Nodes    |    Current Node    |     Objective Bounds      |     Work
 Expl Unexpl |  Obj  Depth IntInf | Incumbent    BestBd   Gap | It/Node Time

     0     0   38.00000    0   25          -   38.00000      -     -    0s
H    0     0                      38.0000000   38.00000  0.00%     -    0s

Cutting planes:
  Gomory: 3
  Cover: 2
  MIR: 3
  StrongCG: 2
  Flow cover: 1
  Zero half: 24
  RLT: 1

Explored 1 nodes (4948 simplex iterations) in 0.72 seconds (0.43 work units)
Thread count was 64 (of 64 available processors)

Solution count 1: 38 

Optimal solution found (tolerance 1.00e-04)
Best objective 3.800000000000e+01, best bound 3.800000000000e+01, gap 0.0000%
        2.48 - 	Solution num 1:
guessed:  x649 x650 x654 x655 x672 x673 x692 x755 x778 x779 x781 x782 x784 x788 x789 x802 x822 x837 x947 x951 x952 x962 x1052 x1054 x1060 x1062 x1063 x1078 x1079 x1082 x1090 x1096 x1098 x1116 x1119 x1176 x1195 x1196 x1228 x1230 x1234 x1270 x1275 x1276 x1278 x1279 x1287 x1288 x1291 x1319 x1344 x1345 x1347 x1348 x1349 x1350 x1351 x1352 x1371 x1444 x1479 x1491 x1497 x1514 x1517 x1519 x1520 x1521 x1522 x1529 x1571 x1572 x1574 x1575 x1579 x1598 x1612 x1632 x1634 x1638 x1640 x1643 x1656 x1657 x1662 x1672 x1692 x1694 x1696 x1699 x1700 x1701 x1703 x1716 x1717 x1747 x1766 x1786 x1804 x1805 x1824 x1844 x1845 x1848 x1862 x1864 x1865 x1868 x1885 x1921 x1938 x1980 x1983 x1992 x1993 x1994 x1995 x1996 x1998 x2001 x2002 x2015 x2016 x2018 x2021 x2049 x2052 x2061 x2063 x2066 x2070 x2080 x2083 x2087 x2130 x2132 x2133 x2135 x2137 x2140 x2156 x2177 x2178 x2179 x2180 x2181 x2182 x2183 x2198 x2201 x2202 x2221 x2222 x2229 x2238 x2239[156]
linearized equations:  10 11 12 14 15 18 19 34 35 38 78 81 118 119 122 124 126 140 141 144 160 181 182 184 185 186 202 222 223 225 228 229 230 232 233 246 247 249
        2.48 - target guess 155
Set parameter Username
Academic license - for non-commercial use only - expires 2022-06-20
Set parameter Threads to value 64
Set parameter MIPFocus to value 3
        2.50 - there are 134 short nonlinear (11) polynomial
Set parameter TimeLimit to value 1800
Gurobi Optimizer version 9.5.0 build v9.5.0rc5 (linux64)
Thread count: 32 physical cores, 64 logical processors, using up to 64 threads
Optimize a model with 5137 rows, 2496 columns and 16068 nonzeros
Model fingerprint: 0x8dcc576f
Variable types: 0 continuous, 2496 integer (2496 binary)
Coefficient statistics:
  Matrix range     [1e+00, 1e+00]
  Objective range  [1e+00, 1e+00]
  Bounds range     [1e+00, 1e+00]
  RHS range        [4e+01, 2e+02]
Presolve removed 3661 rows and 1225 columns
Presolve time: 0.01s
Presolved: 1476 rows, 1271 columns, 5643 nonzeros
Variable types: 0 continuous, 1271 integer (1232 binary)
Root relaxation presolved: 1476 rows, 1271 columns, 5643 nonzeros


Root relaxation: objective 3.900000e+01, 1994 iterations, 0.09 seconds (0.09 work units)

    Nodes    |    Current Node    |     Objective Bounds      |     Work
 Expl Unexpl |  Obj  Depth IntInf | Incumbent    BestBd   Gap | It/Node Time

*    0     0               0      39.0000000   39.00000  0.00%     -    0s

Explored 1 nodes (4050 simplex iterations) in 0.72 seconds (0.39 work units)
Thread count was 64 (of 64 available processors)

Solution count 1: 39 

Optimal solution found (tolerance 1.00e-04)
Best objective 3.900000000000e+01, best bound 3.900000000000e+01, gap 0.0000%
        3.23 - 	Solution num 1:
guessed:  x641 x647 x651 x655 x672 x673 x692 x704 x755 x771 x777 x780 x781 x782 x802 x822 x837 x871 x905 x934 x940 x945 x947 x1047 x1053 x1054 x1078 x1079 x1097 x1116 x1158 x1164 x1170 x1176 x1189 x1195 x1196 x1228 x1270 x1287 x1288 x1290 x1291 x1344 x1345 x1347 x1348 x1349 x1368 x1371 x1431 x1438 x1441 x1444 x1479 x1484 x1495 x1514 x1515 x1517 x1519 x1520 x1521 x1522 x1523 x1525 x1570 x1571 x1572 x1574 x1595 x1598 x1600 x1606 x1612 x1625 x1631 x1634 x1635 x1637 x1638 x1639 x1656 x1672 x1685 x1687 x1691 x1692 x1695 x1697 x1699 x1716 x1717 x1747 x1749 x1762 x1766 x1785 x1786 x1791 x1804 x1805 x1824 x1839 x1843 x1845 x1862 x1864 x1885 x1914 x1938 x1978 x1986 x1990 x1991 x1992 x1993 x1994 x1995 x1996 x1997 x2015 x2016 x2018 x2061 x2064 x2066 x2080 x2083 x2087 x2099 x2109 x2122 x2124 x2130 x2133 x2135 x2136 x2176 x2177 x2178 x2179 x2181 x2183 x2198 x2201 x2202 x2221 x2222 x2224 x2228 x2235 x2236 x2238 x2239[155]
linearized equations:  3 10 11 12 14 15 34 35 78 81 111 117 118 119 122 123 140 141 144 160 173 179 181 182 183 184 185 186 202 215 217 221 223 225 228 229 246 247 249
        3.23 - target guess 154
Set parameter Username
Academic license - for non-commercial use only - expires 2022-06-20
Set parameter Threads to value 64
Set parameter MIPFocus to value 3
        3.25 - there are 134 short nonlinear (11) polynomial
Set parameter TimeLimit to value 1800
Gurobi Optimizer version 9.5.0 build v9.5.0rc5 (linux64)
Thread count: 32 physical cores, 64 logical processors, using up to 64 threads
Optimize a model with 5137 rows, 2496 columns and 16068 nonzeros
Model fingerprint: 0x975fcdee
Variable types: 0 continuous, 2496 integer (2496 binary)
Coefficient statistics:
  Matrix range     [1e+00, 1e+00]
  Objective range  [1e+00, 1e+00]
  Bounds range     [1e+00, 1e+00]
  RHS range        [4e+01, 2e+02]
Presolve removed 3661 rows and 1225 columns
Presolve time: 0.01s
Presolved: 1476 rows, 1271 columns, 5643 nonzeros
Variable types: 0 continuous, 1271 integer (1232 binary)
Root relaxation presolved: 1476 rows, 1271 columns, 5643 nonzeros


Root relaxation: objective 4.000000e+01, 2029 iterations, 0.10 seconds (0.11 work units)

    Nodes    |    Current Node    |     Objective Bounds      |     Work
 Expl Unexpl |  Obj  Depth IntInf | Incumbent    BestBd   Gap | It/Node Time

     0     0   40.00000    0   45          -   40.00000      -     -    0s
H    0     0                      40.0000000   40.00000  0.00%     -    0s

Cutting planes:
  Gomory: 6
  Cover: 1
  MIR: 2
  StrongCG: 2
  Flow cover: 4
  Zero half: 2
  RLT: 1

Explored 1 nodes (4717 simplex iterations) in 0.82 seconds (0.52 work units)
Thread count was 64 (of 64 available processors)

Solution count 1: 40 

Optimal solution found (tolerance 1.00e-04)
Best objective 4.000000000000e+01, best bound 4.000000000000e+01, gap 0.0000%
        4.08 - 	Solution num 1:
guessed:  x641 x647 x648 x655 x672 x673 x704 x755 x771 x777 x778 x782 x802 x822 x837 x871 x934 x940 x945 x947 x1002 x1047 x1053 x1078 x1079 x1082 x1090 x1097 x1116 x1119 x1120 x1164 x1170 x1172 x1176 x1189 x1195 x1196 x1228 x1230 x1231 x1234 x1269 x1275 x1287 x1288 x1291 x1319 x1344 x1345 x1347 x1349 x1371 x1400 x1444 x1495 x1514 x1515 x1519 x1520 x1521 x1522 x1525 x1571 x1574 x1594 x1595 x1598 x1600 x1606 x1612 x1625 x1631 x1634 x1637 x1638 x1639 x1662 x1672 x1685 x1687 x1691 x1695 x1696 x1697 x1716 x1717 x1722 x1747 x1759 x1766 x1785 x1786 x1791 x1804 x1805 x1824 x1837 x1843 x1848 x1862 x1864 x1885 x1914 x1938 x1941 x1976 x1978 x1986 x1990 x1991 x1992 x1994 x1995 x1996 x1997 x2015 x2016 x2018 x2060 x2061 x2066 x2067 x2080 x2083 x2087 x2122 x2124 x2129 x2130 x2132 x2133 x2135 x2136 x2156 x2159 x2176 x2177 x2178 x2179 x2181 x2183 x2187 x2198 x2201 x2202 x2214 x2221 x2228 x2230 x2235 x2236 x2238 x2239[154]
linearized equations:  3 11 12 14 15 34 35 38 78 81 111 117 118 119 122 123 140 141 144 160 173 179 181 182 184 185 186 202 215 217 221 222 223 225 228 229 246 247 249 252
        4.08 - target guess 153
Set parameter Username
Academic license - for non-commercial use only - expires 2022-06-20
Set parameter Threads to value 64
Set parameter MIPFocus to value 3
        4.11 - there are 134 short nonlinear (11) polynomial
Set parameter TimeLimit to value 1800
Gurobi Optimizer version 9.5.0 build v9.5.0rc5 (linux64)
Thread count: 32 physical cores, 64 logical processors, using up to 64 threads
Optimize a model with 5137 rows, 2496 columns and 16068 nonzeros
Model fingerprint: 0x2298a0ad
Variable types: 0 continuous, 2496 integer (2496 binary)
Coefficient statistics:
  Matrix range     [1e+00, 1e+00]
  Objective range  [1e+00, 1e+00]
  Bounds range     [1e+00, 1e+00]
  RHS range        [4e+01, 2e+02]
Presolve removed 3661 rows and 1225 columns
Presolve time: 0.01s
Presolved: 1476 rows, 1271 columns, 5643 nonzeros
Variable types: 0 continuous, 1271 integer (1232 binary)
Root relaxation presolved: 1476 rows, 1271 columns, 5643 nonzeros


Root relaxation: objective 4.100000e+01, 2069 iterations, 0.11 seconds (0.11 work units)

    Nodes    |    Current Node    |     Objective Bounds      |     Work
 Expl Unexpl |  Obj  Depth IntInf | Incumbent    BestBd   Gap | It/Node Time

     0     0   41.00000    0  320          -   41.00000      -     -    0s
     0     0   41.00000    0  407          -   41.00000      -     -    1s
     0     0   41.00000    0  407          -   41.00000      -     -    1s
     0     0   41.00000    0  346          -   41.00000      -     -    2s
     0     0   41.00000    0  346          -   41.00000      -     -    2s
     0     2   41.00000    0  346          -   41.00000      -     -    3s
     7    16   41.00000    3  595          -   41.00000      -   334    5s
    46    16   41.00000    5  654          -   41.00000      -   607   10s

Cutting planes:
  Gomory: 20
  Flow cover: 27
  Zero half: 485
  RLT: 4

Explored 73 nodes (56205 simplex iterations) in 12.39 seconds (4.07 work units)
Thread count was 64 (of 64 available processors)

Solution count 0
No other solutions better than -1e+100

Model is infeasible
Best objective -, best bound -, gap -
       16.61 - 	Solution num 0:
       16.61 - increase high_eq_constraint to 1

Set parameter Username
Academic license - for non-commercial use only - expires 2022-06-20
Set parameter Threads to value 64
Set parameter MIPFocus to value 3
       16.65 - there are 134 short nonlinear (11) polynomial
Set parameter TimeLimit to value 1800
Gurobi Optimizer version 9.5.0 build v9.5.0rc5 (linux64)
Thread count: 32 physical cores, 64 logical processors, using up to 64 threads
Optimize a model with 5137 rows, 2496 columns and 16068 nonzeros
Model fingerprint: 0x1c8a0b68
Variable types: 0 continuous, 2496 integer (2496 binary)
Coefficient statistics:
  Matrix range     [1e+00, 1e+00]
  Objective range  [1e+00, 1e+00]
  Bounds range     [1e+00, 1e+00]
  RHS range        [1e+00, 2e+02]
Presolve removed 976 rows and 976 columns
Presolve time: 0.02s
Presolved: 4161 rows, 1520 columns, 13994 nonzeros
Variable types: 0 continuous, 1520 integer (1520 binary)
Root relaxation presolved: 4161 rows, 1520 columns, 13994 nonzeros


Root relaxation: objective 4.100000e+01, 2505 iterations, 0.23 seconds (0.32 work units)

    Nodes    |    Current Node    |     Objective Bounds      |     Work
 Expl Unexpl |  Obj  Depth IntInf | Incumbent    BestBd   Gap | It/Node Time

     0     0   41.00000    0  629          -   41.00000      -     -    1s
H    0     0                      41.0000000   41.00000  0.00%     -    3s
     0     0   41.00000    0  587   41.00000   41.00000  0.00%     -    3s

Cutting planes:
  Gomory: 14
  Flow cover: 2
  Zero half: 49
  RLT: 3

Explored 1 nodes (13760 simplex iterations) in 3.23 seconds (3.50 work units)
Thread count was 64 (of 64 available processors)

Solution count 1: 41 

Optimal solution found (tolerance 1.00e-04)
Best objective 4.100000000000e+01, best bound 4.100000000000e+01, gap 0.0000%
       19.88 - 	Solution num 1:
guessed:  x649 x650 x653 x672 x673 x711 x755 x758 x779 x780 x802 x803 x804 x822 x825 x836 x837 x842 x945 x1002 x1006 x1052 x1059 x1060 x1062 x1078 x1079 x1082 x1098 x1100 x1116 x1119 x1172 x1173 x1176 x1196 x1230 x1231 x1276 x1287 x1288 x1291 x1295 x1345 x1349 x1368 x1371 x1444 x1489 x1495 x1497 x1499 x1517 x1518 x1519 x1520 x1521 x1522 x1523 x1525 x1526 x1571 x1574 x1595 x1612 x1615 x1632 x1634 x1635 x1637 x1638 x1640 x1644 x1656 x1660 x1672 x1675 x1692 x1695 x1696 x1697 x1699 x1700 x1716 x1717 x1722 x1728 x1730 x1747 x1759 x1766 x1786 x1787 x1791 x1804 x1805 x1824 x1844 x1847 x1848 x1862 x1864 x1865 x1884 x1885 x1941 x1978 x1992 x1993 x1994 x1995 x1996 x1997 x1998 x2015 x2016 x2018 x2021 x2061 x2066 x2080 x2083 x2087 x2089 x2109 x2110 x2129 x2134 x2136 x2137 x2156 x2159 x2176 x2177 x2178 x2179 x2181 x2183 x2187 x2198 x2201 x2202 x2214 x2217 x2218 x2221 x2223 x2224 x2226 x2228 x2236 x2237 x2238[153]
linearized equations:  10 11 12 14 15 16 18 34 35 38 78 81 118 119 122 123 124 126 140 141 144 160 163 181 182 183 184 185 186 202 205 222 223 225 228 229 230 246 247 249 252
       19.89 - target guess 152
Set parameter Username
Academic license - for non-commercial use only - expires 2022-06-20
Set parameter Threads to value 64
Set parameter MIPFocus to value 3
       19.93 - there are 134 short nonlinear (11) polynomial
Set parameter TimeLimit to value 1800
Gurobi Optimizer version 9.5.0 build v9.5.0rc5 (linux64)
Thread count: 32 physical cores, 64 logical processors, using up to 64 threads
Optimize a model with 5137 rows, 2496 columns and 16068 nonzeros
Model fingerprint: 0xc3279229
Variable types: 0 continuous, 2496 integer (2496 binary)
Coefficient statistics:
  Matrix range     [1e+00, 1e+00]
  Objective range  [1e+00, 1e+00]
  Bounds range     [1e+00, 1e+00]
  RHS range        [4e+01, 2e+02]
Presolve removed 3661 rows and 1225 columns
Presolve time: 0.01s
Presolved: 1476 rows, 1271 columns, 5643 nonzeros
Variable types: 0 continuous, 1271 integer (1232 binary)
Root relaxation presolved: 1476 rows, 1271 columns, 5643 nonzeros


Root relaxation: objective 4.200000e+01, 2379 iterations, 0.14 seconds (0.15 work units)

    Nodes    |    Current Node    |     Objective Bounds      |     Work
 Expl Unexpl |  Obj  Depth IntInf | Incumbent    BestBd   Gap | It/Node Time

     0     0   42.00000    0  665          -   42.00000      -     -    0s

Cutting planes:
  Gomory: 30
  Flow cover: 2
  Zero half: 14
  RLT: 2

Explored 1 nodes (5451 simplex iterations) in 1.26 seconds (0.79 work units)
Thread count was 64 (of 64 available processors)

Solution count 0
No other solutions better than -1e+100

Model is infeasible
Best objective -, best bound -, gap -
       21.19 - 	Solution num 0:
       21.20 - increase high_eq_constraint to 1

Set parameter Username
Academic license - for non-commercial use only - expires 2022-06-20
Set parameter Threads to value 64
Set parameter MIPFocus to value 3
       21.24 - there are 134 short nonlinear (11) polynomial
Set parameter TimeLimit to value 1800
Gurobi Optimizer version 9.5.0 build v9.5.0rc5 (linux64)
Thread count: 32 physical cores, 64 logical processors, using up to 64 threads
Optimize a model with 5137 rows, 2496 columns and 16068 nonzeros
Model fingerprint: 0xeb2ba55f
Variable types: 0 continuous, 2496 integer (2496 binary)
Coefficient statistics:
  Matrix range     [1e+00, 1e+00]
  Objective range  [1e+00, 1e+00]
  Bounds range     [1e+00, 1e+00]
  RHS range        [1e+00, 2e+02]
Presolve removed 976 rows and 976 columns
Presolve time: 0.02s
Presolved: 4161 rows, 1520 columns, 13994 nonzeros
Variable types: 0 continuous, 1520 integer (1520 binary)
Root relaxation presolved: 4161 rows, 1520 columns, 13994 nonzeros


Root relaxation: objective 4.200000e+01, 2595 iterations, 0.28 seconds (0.33 work units)

    Nodes    |    Current Node    |     Objective Bounds      |     Work
 Expl Unexpl |  Obj  Depth IntInf | Incumbent    BestBd   Gap | It/Node Time

     0     0   42.00000    0  675          -   42.00000      -     -    1s
     0     0   42.00000    0  669          -   42.00000      -     -    3s
     0     0   42.00000    0  734          -   42.00000      -     -    3s
     0     0   42.00000    0  703          -   42.00000      -     -    5s
     0     0   42.00000    0  703          -   42.00000      -     -    6s
     0     2   42.00000    0  703          -   42.00000      -     -    9s
     1     4   42.00000    1  653          -   42.00000      -  2991   10s
    12     2   42.00000    5  624          -   42.00000      -   689   15s
    21     4   42.00000   10  814          -   42.00000      -   744   22s
    27     8   42.00000   12  768          -   42.00000      -   756   28s
    33     2 infeasible   13               -   42.00000      -   853   31s

Cutting planes:
  Gomory: 3
  Flow cover: 5
  Zero half: 447
  RLT: 141

Explored 43 nodes (55184 simplex iterations) in 34.24 seconds (18.62 work units)
Thread count was 64 (of 64 available processors)

Solution count 0
No other solutions better than -1e+100

Model is infeasible
Best objective -, best bound -, gap -
       55.57 - 	Solution num 0:
       55.58 - increase high_eq_constraint to 2

Set parameter Username
Academic license - for non-commercial use only - expires 2022-06-20
Set parameter Threads to value 64
Set parameter MIPFocus to value 3
       55.62 - there are 134 short nonlinear (11) polynomial
Set parameter TimeLimit to value 1800
Gurobi Optimizer version 9.5.0 build v9.5.0rc5 (linux64)
Thread count: 32 physical cores, 64 logical processors, using up to 64 threads
Optimize a model with 5137 rows, 2496 columns and 16068 nonzeros
Model fingerprint: 0x2b5a2b6d
Variable types: 0 continuous, 2496 integer (2496 binary)
Coefficient statistics:
  Matrix range     [1e+00, 1e+00]
  Objective range  [1e+00, 1e+00]
  Bounds range     [1e+00, 1e+00]
  RHS range        [2e+00, 2e+02]
Presolve removed 976 rows and 976 columns
Presolve time: 0.02s
Presolved: 4161 rows, 1520 columns, 13994 nonzeros
Variable types: 0 continuous, 1520 integer (1520 binary)
Root relaxation presolved: 4161 rows, 1520 columns, 13994 nonzeros


Root relaxation: objective 4.200000e+01, 2903 iterations, 0.30 seconds (0.42 work units)

    Nodes    |    Current Node    |     Objective Bounds      |     Work
 Expl Unexpl |  Obj  Depth IntInf | Incumbent    BestBd   Gap | It/Node Time

     0     0   42.00000    0  859          -   42.00000      -     -    1s
     0     0   42.00000    0  710          -   42.00000      -     -    4s
     0     0   42.00000    0  640          -   42.00000      -     -    6s
     0     0   42.00000    0  640          -   42.00000      -     -    7s
     0     2   42.00000    0  640          -   42.00000      -     -   11s
     7    14   42.00000    3  699          -   42.00000      -   819   16s
    29    38 infeasible    5               -   42.00000      -  1041   23s
    53    62 infeasible    6               -   42.00000      -   851   29s
    91    90   42.00000    7  638          -   42.00000      -   814   35s
   217   122   42.00000    9  684          -   42.00000      -   892   41s
   345   115 infeasible   11               -   42.00000      -   769   46s
   412   120 infeasible   12               -   42.00000      -   748   50s
   625   120 infeasible   11               -   42.00000      -   649   57s
   697   118   42.00000   12  620          -   42.00000      -   648   60s
   857    95   42.00000   15  625          -   42.00000      -   614   65s
  1004    59 infeasible   13               -   42.00000      -   613   71s
  1150    25 infeasible   19               -   42.00000      -   589   77s
  1210     4   42.00000   14  735          -   42.00000      -   589   81s

Cutting planes:
  Gomory: 1
  Zero half: 716
  RLT: 77

Explored 1223 nodes (739693 simplex iterations) in 82.80 seconds (31.52 work units)
Thread count was 64 (of 64 available processors)

Solution count 0
No other solutions better than -1e+100

Model is infeasible
Best objective -, best bound -, gap -
      138.76 - 	Solution num 0:
      138.81 - increase high_eq_constraint to 3

Set parameter Username
Academic license - for non-commercial use only - expires 2022-06-20
Set parameter Threads to value 64
Set parameter MIPFocus to value 3
      138.85 - there are 134 short nonlinear (11) polynomial
Set parameter TimeLimit to value 1800
Gurobi Optimizer version 9.5.0 build v9.5.0rc5 (linux64)
Thread count: 32 physical cores, 64 logical processors, using up to 64 threads
Optimize a model with 5137 rows, 2496 columns and 16068 nonzeros
Model fingerprint: 0x8d3239ce
Variable types: 0 continuous, 2496 integer (2496 binary)
Coefficient statistics:
  Matrix range     [1e+00, 1e+00]
  Objective range  [1e+00, 1e+00]
  Bounds range     [1e+00, 1e+00]
  RHS range        [3e+00, 2e+02]
Presolve removed 976 rows and 976 columns
Presolve time: 0.01s
Presolved: 4161 rows, 1520 columns, 13994 nonzeros
Variable types: 0 continuous, 1520 integer (1520 binary)
Root relaxation presolved: 4161 rows, 1520 columns, 13994 nonzeros


Root relaxation: objective 4.200000e+01, 2733 iterations, 0.32 seconds (0.38 work units)

    Nodes    |    Current Node    |     Objective Bounds      |     Work
 Expl Unexpl |  Obj  Depth IntInf | Incumbent    BestBd   Gap | It/Node Time

     0     0   42.00000    0  648          -   42.00000      -     -    2s
     0     0   42.00000    0  632          -   42.00000      -     -    4s
     0     0   42.00000    0  705          -   42.00000      -     -    4s
     0     0   42.00000    0  681          -   42.00000      -     -    6s
     0     0   42.00000    0  681          -   42.00000      -     -    8s
     0     2   42.00000    0  681          -   42.00000      -     -   13s
     3     8   42.00000    2  636          -   42.00000      -  2027   15s
    15    32   42.00000    4  555          -   42.00000      -   732   22s
    31    64   42.00000    5  525          -   42.00000      -   849   26s
    63   124   42.00000    6  514          -   42.00000      -   760   33s
   125   124   42.00000    6 1053          -   42.00000      -   842   35s
   191   248   42.00000    8  702          -   42.00000      -  1050   43s
   255   388   42.00000    9  505          -   42.00000      -   904   47s
   397   568   42.00000   11  605          -   42.00000      -   816   57s
   789   648   42.00000   11  795          -   42.00000      -   726   65s
  1483   711   42.00000   12  759          -   42.00000      -   547   71s
  2212   788 infeasible   13               -   42.00000      -   483   84s
  2819   789   42.00000   11  706          -   42.00000      -   517   97s
  3666   834 infeasible   17               -   42.00000      -   487  114s
* 4187   834               9      42.0000000   42.00000  0.00%   474  114s

Cutting planes:
  Gomory: 2
  Lift-and-project: 3
  Flow cover: 11
  Zero half: 1184
  RLT: 181

Explored 4513 nodes (2148141 simplex iterations) in 114.48 seconds (59.49 work units)
Thread count was 64 (of 64 available processors)

Solution count 1: 42 

Optimal solution found (tolerance 1.00e-04)
Best objective 4.200000000000e+01, best bound 4.200000000000e+01, gap 0.0000%
      253.62 - 	Solution num 1:
guessed:  x649 x650 x668 x672 x673 x755 x777 x779 x782 x798 x802 x805 x822 x836 x837 x940 x1002 x1006 x1059 x1060 x1062 x1078 x1079 x1098 x1100 x1112 x1116 x1119 x1158 x1172 x1176 x1195 x1224 x1231 x1275 x1276 x1288 x1290 x1291 x1295 x1307 x1345 x1347 x1348 x1349 x1351 x1364 x1368 x1371 x1438 x1491 x1495 x1497 x1499 x1514 x1515 x1517 x1518 x1519 x1520 x1522 x1524 x1525 x1526 x1570 x1574 x1591 x1598 x1606 x1612 x1631 x1633 x1634 x1637 x1638 x1640 x1644 x1656 x1657 x1672 x1691 x1693 x1695 x1697 x1699 x1700 x1716 x1717 x1728 x1742 x1747 x1759 x1762 x1766 x1785 x1786 x1787 x1804 x1805 x1824 x1843 x1850 x1862 x1864 x1865 x1884 x1885 x1931 x1978 x1990 x1992 x1993 x1994 x1995 x1996 x1997 x1998 x2011 x2015 x2016 x2018 x2064 x2066 x2080 x2083 x2087 x2099 x2132 x2133 x2134 x2136 x2137 x2156 x2176 x2178 x2179 x2181 x2183 x2191 x2198 x2201 x2202 x2214 x2221 x2222 x2223 x2224 x2228 x2233 x2236 x2238 x2239[152]
linearized equations:  9 10 11 12 14 15 16 18 34 35 74 78 81 117 119 121 122 123 124 126 137 140 141 144 160 179 181 182 184 185 186 202 221 223 225 228 229 230 242 246 247 249
      253.70 - target guess 151
Set parameter Username
Academic license - for non-commercial use only - expires 2022-06-20
Set parameter Threads to value 64
Set parameter MIPFocus to value 3
      253.74 - there are 134 short nonlinear (11) polynomial
Set parameter TimeLimit to value 1800
Gurobi Optimizer version 9.5.0 build v9.5.0rc5 (linux64)
Thread count: 32 physical cores, 64 logical processors, using up to 64 threads
Optimize a model with 5137 rows, 2496 columns and 16068 nonzeros
Model fingerprint: 0xd40a579e
Variable types: 0 continuous, 2496 integer (2496 binary)
Coefficient statistics:
  Matrix range     [1e+00, 1e+00]
  Objective range  [1e+00, 1e+00]
  Bounds range     [1e+00, 1e+00]
  RHS range        [4e+01, 2e+02]
Presolve removed 3661 rows and 1225 columns
Presolve time: 0.01s
Presolved: 1476 rows, 1271 columns, 5643 nonzeros
Variable types: 0 continuous, 1271 integer (1232 binary)
Root relaxation presolved: 1476 rows, 1271 columns, 5643 nonzeros


Root relaxation: infeasible, 2411 iterations, 0.17 seconds (0.18 work units)

    Nodes    |    Current Node    |     Objective Bounds      |     Work
 Expl Unexpl |  Obj  Depth IntInf | Incumbent    BestBd   Gap | It/Node Time

     0     0 infeasible    0               - infeasible      -     -    0s

Explored 1 nodes (2411 simplex iterations) in 0.20 seconds (0.20 work units)
Thread count was 64 (of 64 available processors)

Solution count 0
No other solutions better than -1e+100

Model is infeasible
Best objective -, best bound -, gap -
      253.95 - 	Solution num 0:
      253.95 - increase high_eq_constraint to 1

Set parameter Username
Academic license - for non-commercial use only - expires 2022-06-20
Set parameter Threads to value 64
Set parameter MIPFocus to value 3
      253.98 - there are 134 short nonlinear (11) polynomial
Set parameter TimeLimit to value 1800
Gurobi Optimizer version 9.5.0 build v9.5.0rc5 (linux64)
Thread count: 32 physical cores, 64 logical processors, using up to 64 threads
Optimize a model with 5137 rows, 2496 columns and 16068 nonzeros
Model fingerprint: 0x0746914c
Variable types: 0 continuous, 2496 integer (2496 binary)
Coefficient statistics:
  Matrix range     [1e+00, 1e+00]
  Objective range  [1e+00, 1e+00]
  Bounds range     [1e+00, 1e+00]
  RHS range        [1e+00, 2e+02]
Presolve removed 976 rows and 976 columns
Presolve time: 0.02s
Presolved: 4161 rows, 1520 columns, 13994 nonzeros
Variable types: 0 continuous, 1520 integer (1520 binary)
Root relaxation presolved: 4161 rows, 1520 columns, 13994 nonzeros


Root relaxation: infeasible, 3372 iterations, 0.48 seconds (0.59 work units)

    Nodes    |    Current Node    |     Objective Bounds      |     Work
 Expl Unexpl |  Obj  Depth IntInf | Incumbent    BestBd   Gap | It/Node Time

     0     0 infeasible    0               - infeasible      -     -    0s

Explored 1 nodes (3372 simplex iterations) in 0.53 seconds (0.62 work units)
Thread count was 64 (of 64 available processors)

Solution count 0
No other solutions better than -1e+100

Model is infeasible
Best objective -, best bound -, gap -
      254.51 - 	Solution num 0:
      254.51 - increase high_eq_constraint to 2

Set parameter Username
Academic license - for non-commercial use only - expires 2022-06-20
Set parameter Threads to value 64
Set parameter MIPFocus to value 3
      254.54 - there are 134 short nonlinear (11) polynomial
Set parameter TimeLimit to value 1800
Gurobi Optimizer version 9.5.0 build v9.5.0rc5 (linux64)
Thread count: 32 physical cores, 64 logical processors, using up to 64 threads
Optimize a model with 5137 rows, 2496 columns and 16068 nonzeros
Model fingerprint: 0x6b54639b
Variable types: 0 continuous, 2496 integer (2496 binary)
Coefficient statistics:
  Matrix range     [1e+00, 1e+00]
  Objective range  [1e+00, 1e+00]
  Bounds range     [1e+00, 1e+00]
  RHS range        [2e+00, 2e+02]
Presolve removed 976 rows and 976 columns
Presolve time: 0.01s
Presolved: 4161 rows, 1520 columns, 13994 nonzeros
Variable types: 0 continuous, 1520 integer (1520 binary)
Root relaxation presolved: 4161 rows, 1520 columns, 13994 nonzeros


Root relaxation: objective 4.300000e+01, 2813 iterations, 0.35 seconds (0.44 work units)

    Nodes    |    Current Node    |     Objective Bounds      |     Work
 Expl Unexpl |  Obj  Depth IntInf | Incumbent    BestBd   Gap | It/Node Time

     0     0   43.00000    0  689          -   43.00000      -     -    1s
     0     0   43.00000    0  689          -   43.00000      -     -    3s
     0     0   43.00000    0  715          -   43.00000      -     -    3s
     0     0 -1.000e+100    0  669          - infeasible      -     -    4s

Cutting planes:
  Gomory: 17
  Lift-and-project: 4
  Zero half: 52
  RLT: 6

Explored 1 nodes (14479 simplex iterations) in 4.86 seconds (4.22 work units)
Thread count was 64 (of 64 available processors)

Solution count 0
No other solutions better than -1e+100

Model is infeasible
Best objective -, best bound -, gap -
      259.41 - 	Solution num 0:
      259.42 - increase high_eq_constraint to 3

Set parameter Username
Academic license - for non-commercial use only - expires 2022-06-20
Set parameter Threads to value 64
Set parameter MIPFocus to value 3
      259.47 - there are 134 short nonlinear (11) polynomial
Set parameter TimeLimit to value 1800
Gurobi Optimizer version 9.5.0 build v9.5.0rc5 (linux64)
Thread count: 32 physical cores, 64 logical processors, using up to 64 threads
Optimize a model with 5137 rows, 2496 columns and 16068 nonzeros
Model fingerprint: 0x760e3010
Variable types: 0 continuous, 2496 integer (2496 binary)
Coefficient statistics:
  Matrix range     [1e+00, 1e+00]
  Objective range  [1e+00, 1e+00]
  Bounds range     [1e+00, 1e+00]
  RHS range        [3e+00, 2e+02]
Presolve removed 976 rows and 976 columns
Presolve time: 0.01s
Presolved: 4161 rows, 1520 columns, 13994 nonzeros
Variable types: 0 continuous, 1520 integer (1520 binary)
Root relaxation presolved: 4161 rows, 1520 columns, 13994 nonzeros


Root relaxation: objective 4.300000e+01, 3025 iterations, 0.41 seconds (0.53 work units)

    Nodes    |    Current Node    |     Objective Bounds      |     Work
 Expl Unexpl |  Obj  Depth IntInf | Incumbent    BestBd   Gap | It/Node Time

     0     0   43.00000    0  764          -   43.00000      -     -    2s
     0     0   43.00000    0  751          -   43.00000      -     -    3s
     0     0   43.00000    0  742          -   43.00000      -     -    3s
     0     0   43.00000    0  732          -   43.00000      -     -    5s
     0     0   43.00000    0  732          -   43.00000      -     -    7s
     0     2   43.00000    0  732          -   43.00000      -     -   10s
     7     8   43.00000    3  668          -   43.00000      -  1071   15s
    19    32   43.00000    5  705          -   43.00000      -  1016   21s
    67    40   43.00000    7  752          -   43.00000      -   782   29s
   109    40 infeasible    8               -   43.00000      -   943   33s
   149    20 infeasible    9               -   43.00000      -   898   37s
   209     0 infeasible   11               -   43.00000      -   843   40s

Cutting planes:
  Gomory: 2
  Flow cover: 29
  Zero half: 1077
  RLT: 91

Explored 215 nodes (201428 simplex iterations) in 40.37 seconds (21.53 work units)
Thread count was 64 (of 64 available processors)

Solution count 0
No other solutions better than -1e+100

Model is infeasible
Best objective -, best bound -, gap -
      300.04 - 	Solution num 0:
      300.07 - increase high_eq_constraint to 4

Set parameter Username
Academic license - for non-commercial use only - expires 2022-06-20
Set parameter Threads to value 64
Set parameter MIPFocus to value 3
      300.12 - there are 134 short nonlinear (11) polynomial
Set parameter TimeLimit to value 1800
Gurobi Optimizer version 9.5.0 build v9.5.0rc5 (linux64)
Thread count: 32 physical cores, 64 logical processors, using up to 64 threads
Optimize a model with 5137 rows, 2496 columns and 16068 nonzeros
Model fingerprint: 0xe981050d
Variable types: 0 continuous, 2496 integer (2496 binary)
Coefficient statistics:
  Matrix range     [1e+00, 1e+00]
  Objective range  [1e+00, 1e+00]
  Bounds range     [1e+00, 1e+00]
  RHS range        [4e+00, 2e+02]
Presolve removed 976 rows and 976 columns
Presolve time: 0.02s
Presolved: 4161 rows, 1520 columns, 13994 nonzeros
Variable types: 0 continuous, 1520 integer (1520 binary)
Root relaxation presolved: 4161 rows, 1520 columns, 13994 nonzeros


Root relaxation: objective 4.300000e+01, 2964 iterations, 0.41 seconds (0.50 work units)

    Nodes    |    Current Node    |     Objective Bounds      |     Work
 Expl Unexpl |  Obj  Depth IntInf | Incumbent    BestBd   Gap | It/Node Time

     0     0   43.00000    0  855          -   43.00000      -     -    1s
     0     0   43.00000    0  920          -   43.00000      -     -    4s
     0     0   43.00000    0  918          -   43.00000      -     -    4s
     0     0   43.00000    0  819          -   43.00000      -     -    7s
     0     0   43.00000    0  819          -   43.00000      -     -    8s
     0     2   43.00000    0  819          -   43.00000      -     -   12s
     3     8   43.00000    2  707          -   43.00000      -  1767   15s
    15    32   43.00000    4  714          -   43.00000      -   840   20s
    63   112   43.00000    6  629          -   43.00000      -   761   28s
   120   112   43.00000    6  973          -   43.00000      -   770   30s
   125   152   43.00000    7  614          -   43.00000      -   774   35s
   189   200   43.00000    8  867          -   43.00000      -  1142   40s
   419   373   43.00000   10  782          -   43.00000      -   848   49s
   594   407   43.00000   11  613          -   43.00000      -   850   53s
   850   353 infeasible   12               -   43.00000      -   850   60s
  1296   308   43.00000   11  886          -   43.00000      -   707   66s
  1645   270   43.00000   11  997          -   43.00000      -   649   71s
  1931   228   43.00000   12  923          -   43.00000      -   617   76s
  2442   183 infeasible   14               -   43.00000      -   577   80s
  2740   129   43.00000   16 1042          -   43.00000      -   565   87s
  2864   105 infeasible   16               -   43.00000      -   577   93s
  3018    54 infeasible   21               -   43.00000      -   573   98s
  3151    31 infeasible   26               -   43.00000      -   570  101s
  3298     6   43.00000   21 1115          -   43.00000      -   563  105s

Cutting planes:
  Flow cover: 41
  Zero half: 687
  RLT: 225

Explored 3319 nodes (1888840 simplex iterations) in 108.73 seconds (65.65 work units)
Thread count was 64 (of 64 available processors)

Solution count 0
No other solutions better than -1e+100

Model is infeasible
Best objective -, best bound -, gap -
      408.96 - 	Solution num 0:
      409.05 - increase high_eq_constraint to 5

Set parameter Username
Academic license - for non-commercial use only - expires 2022-06-20
Set parameter Threads to value 64
Set parameter MIPFocus to value 3
      409.10 - there are 134 short nonlinear (11) polynomial
Set parameter TimeLimit to value 1800
Gurobi Optimizer version 9.5.0 build v9.5.0rc5 (linux64)
Thread count: 32 physical cores, 64 logical processors, using up to 64 threads
Optimize a model with 5137 rows, 2496 columns and 16068 nonzeros
Model fingerprint: 0x136c396e
Variable types: 0 continuous, 2496 integer (2496 binary)
Coefficient statistics:
  Matrix range     [1e+00, 1e+00]
  Objective range  [1e+00, 1e+00]
  Bounds range     [1e+00, 1e+00]
  RHS range        [5e+00, 2e+02]
Presolve removed 976 rows and 976 columns
Presolve time: 0.01s
Presolved: 4161 rows, 1520 columns, 13994 nonzeros
Variable types: 0 continuous, 1520 integer (1520 binary)
Root relaxation presolved: 4161 rows, 1520 columns, 13994 nonzeros


Root relaxation: objective 4.300000e+01, 3044 iterations, 0.41 seconds (0.47 work units)

    Nodes    |    Current Node    |     Objective Bounds      |     Work
 Expl Unexpl |  Obj  Depth IntInf | Incumbent    BestBd   Gap | It/Node Time

     0     0   43.00000    0  898          -   43.00000      -     -    2s
     0     0   43.00000    0  847          -   43.00000      -     -    6s
     0     0   43.00000    0  863          -   43.00000      -     -    6s
     0     0   43.00000    0  850          -   43.00000      -     -    9s
     0     0   43.00000    0  850          -   43.00000      -     -   11s
     0     2   43.00000    0  810          -   43.00000      -     -   16s
     3     8   43.00000    2  918          -   43.00000      -  2811   21s
    15    32   43.00000    4  737          -   43.00000      -  1583   27s
    31    52 infeasible    5               -   43.00000      -  1713   31s
   115    84 infeasible    7               -   43.00000      -  1065   36s
   243   118   43.00000    9  645          -   43.00000      -   864   42s
   371   182   43.00000   11  650          -   43.00000      -   856   45s
   674   504 infeasible   15               -   43.00000      -   789   52s
   949   915   43.00000   16  637          -   43.00000      -   808   62s
  1478  1542   43.00000   18  961          -   43.00000      -   711   80s
  2445  2379   43.00000   28  612          -   43.00000      -   655  111s
  4020  3458   43.00000   24  818          -   43.00000      -   631  132s
  6475  4732   43.00000   24  709          -   43.00000      -   619  163s
  9734  4733   43.00000   31  850          -   43.00000      -   619  166s
  9736  4734   43.00000   33  898          -   43.00000      -   619  170s
  9738  4736   43.00000   30  949          -   43.00000      -   619  177s
  9739  4736   43.00000   16  869          -   43.00000      -   619  182s
  9740  4737   43.00000   26  869          -   43.00000      -   619  185s
  9741  4738   43.00000   24  850          -   43.00000      -   619  191s
  9742  4738   43.00000    7  850          -   43.00000      -   619  195s
  9744  4743   43.00000   16  812          -   43.00000      -   5.1  213s
  9746  4746   43.00000   17  847          -   43.00000      -   5.2  234s
  9750  4753   43.00000   18  836          -   43.00000      -   5.8  260s
  9758  4762   43.00000   19  856          -   43.00000      -   6.6  269s
  9774  4767   43.00000   20  818          -   43.00000      -   9.7  277s
  9802  4771   43.00000   21  862          -   43.00000      -  12.2  282s
  9840  4771   43.00000   22  852          -   43.00000      -  16.0  288s
  9892  4775   43.00000   23  658          -   43.00000      -  21.7  292s
  9956  4785   43.00000   24  763          -   43.00000      -  32.8  298s
 10020  4792 infeasible   25               -   43.00000      -  36.9  305s
 10170  4813 infeasible   27               -   43.00000      -  48.4  312s
 10251  4928   43.00000   29  910          -   43.00000      -  55.3  321s
 10477  5102   43.00000   34  820          -   43.00000      -  62.9  329s
 11075  5156 infeasible   39               -   43.00000      -  85.1  343s
 12114  4924   43.00000   39  683          -   43.00000      -   108  372s
 13332  4578   43.00000   40  951          -   43.00000      -   131  390s
 14009  4467 infeasible   36               -   43.00000      -   143  452s
 14600  4654   43.00000   40  951          -   43.00000      -   151  495s
 16520  4607   43.00000   42  716          -   43.00000      -   173  555s
 18781  4350   43.00000   43  966          -   43.00000      -   193  636s
 21896  3855 infeasible   60               -   43.00000      -   215  674s
 25485  3443   43.00000   35  899          -   43.00000      -   234  733s
 28547  3907 infeasible   58               -   43.00000      -   247  787s
 33365  4375 infeasible   55               -   43.00000      -   261  830s
 37759  4599   43.00000   37  871          -   43.00000      -   273  885s
 42355  4860   43.00000   44  958          -   43.00000      -   282  961s
 46608  5468   43.00000   67  988          -   43.00000      -   288 1008s
 50242  6191 infeasible   56               -   43.00000      -   288 1060s
 58399  6772 infeasible   48               -   43.00000      -   288 1102s
 65018  7395 infeasible   62               -   43.00000      -   288 1150s
 70045  7858   43.00000   50  964          -   43.00000      -   288 1194s
 76742  8291 infeasible   59               -   43.00000      -   288 1241s
 82645  8821 infeasible   63               -   43.00000      -   290 1283s
 88399  9344 infeasible   57               -   43.00000      -   290 1363s
 96802  9794   43.00000   59  872          -   43.00000      -   289 1431s
 103058 10256 infeasible   60               -   43.00000      -   290 1533s
 109962 10549   43.00000   48  877          -   43.00000      -   290 1633s
 111705 10917   43.00000   45  942          -   43.00000      -   290 1749s
 120695 11142   43.00000   45  900          -   43.00000      -   289 1800s

Cutting planes:
  Gomory: 2
  Lift-and-project: 11
  Flow cover: 74
  Zero half: 1377
  RLT: 173

Explored 124988 nodes (42281915 simplex iterations) in 1800.30 seconds (1356.21 work units)
Thread count was 64 (of 64 available processors)

Solution count 0

Time limit reached
Best objective -, best bound 4.300000000000e+01, gap -
     2209.92 - best linearization 42


