
# variables: 2240
# non-linear: 256

        0.00 - Start computation

        0.00 - target guess 160
Set parameter Username
Academic license - for non-commercial use only - expires 2022-06-20
Set parameter Threads to value 64
Set parameter MIPFocus to value 3
        0.05 - there are 134 short nonlinear (11) polynomial
Set parameter TimeLimit to value 1800
Gurobi Optimizer version 9.5.0 build v9.5.0rc5 (linux64)
Thread count: 32 physical cores, 64 logical processors, using up to 64 threads
Optimize a model with 5136 rows, 2496 columns and 16067 nonzeros
Model fingerprint: 0x2be7c353
Variable types: 0 continuous, 2496 integer (2496 binary)
Coefficient statistics:
  Matrix range     [1e+00, 1e+00]
  Objective range  [1e+00, 1e+00]
  Bounds range     [1e+00, 1e+00]
  RHS range        [3e+01, 2e+02]
Presolve removed 3660 rows and 1220 columns
Presolve time: 0.01s
Presolved: 1476 rows, 1276 columns, 5650 nonzeros
Variable types: 0 continuous, 1276 integer (1241 binary)
Root relaxation presolved: 1476 rows, 1276 columns, 5650 nonzeros


Root relaxation: objective 3.400000e+01, 1356 iterations, 0.06 seconds (0.04 work units)

    Nodes    |    Current Node    |     Objective Bounds      |     Work
 Expl Unexpl |  Obj  Depth IntInf | Incumbent    BestBd   Gap | It/Node Time

*    0     0               0      34.0000000   34.00000  0.00%     -    0s

Explored 1 nodes (2128 simplex iterations) in 0.17 seconds (0.08 work units)
Thread count was 64 (of 64 available processors)

Solution count 1: 34 

Optimal solution found (tolerance 1.00e-04)
Best objective 3.400000000000e+01, best bound 3.400000000000e+01, gap 0.0000%
        0.23 - 	Solution num 1:
guessed:  x643 x644 x648 x649 x652 x667 x669 x675 x676 x678 x706 x773 x774 x775 x776 x781 x782 x797 x799 x805 x839 x842 x895 x896 x945 x946 x962 x1017 x1049 x1050 x1057 x1081 x1088 x1092 x1094 x1095 x1111 x1119 x1120 x1151 x1170 x1171 x1198 x1225 x1264 x1265 x1266 x1268 x1269 x1272 x1273 x1281 x1305 x1317 x1344 x1345 x1346 x1347 x1362 x1368 x1370 x1371 x1402 x1403 x1405 x1438 x1440 x1443 x1458 x1463 x1464 x1466 x1467 x1481 x1483 x1489 x1494 x1511 x1518 x1519 x1521 x1565 x1566 x1567 x1568 x1573 x1589 x1595 x1597 x1629 x1631 x1633 x1634 x1636 x1638 x1660 x1688 x1689 x1690 x1691 x1693 x1694 x1695 x1696 x1757 x1761 x1785 x1799 x1804 x1807 x1839 x1840 x1842 x1844 x1857 x1861 x1864 x1876 x1885 x1935 x1938 x1972 x1973 x1976 x1986 x1987 x1989 x1991 x1992 x1994 x2010 x2014 x2015 x2018 x2055 x2057 x2060 x2066 x2079 x2084 x2087 x2124 x2125 x2126 x2127 x2129 x2130 x2131 x2132 x2148 x2156 x2179 x2180 x2216 x2217 x2224 x2232 x2236 x2237 x2238[160]
linearized equations:  5 6 8 9 12 13 29 35 37 38 78 114 116 120 121 135 143 144 175 176 178 181 182 183 217 218 219 220 222 223 224 225 241 249
        0.23 - target guess 159
Set parameter Username
Academic license - for non-commercial use only - expires 2022-06-20
Set parameter Threads to value 64
Set parameter MIPFocus to value 3
        0.25 - there are 134 short nonlinear (11) polynomial
Set parameter TimeLimit to value 1800
Gurobi Optimizer version 9.5.0 build v9.5.0rc5 (linux64)
Thread count: 32 physical cores, 64 logical processors, using up to 64 threads
Optimize a model with 5136 rows, 2496 columns and 16067 nonzeros
Model fingerprint: 0xf96fa68f
Variable types: 0 continuous, 2496 integer (2496 binary)
Coefficient statistics:
  Matrix range     [1e+00, 1e+00]
  Objective range  [1e+00, 1e+00]
  Bounds range     [1e+00, 1e+00]
  RHS range        [4e+01, 2e+02]
Presolve removed 3660 rows and 1220 columns
Presolve time: 0.01s
Presolved: 1476 rows, 1276 columns, 5650 nonzeros
Variable types: 0 continuous, 1276 integer (1241 binary)
Root relaxation presolved: 1476 rows, 1276 columns, 5650 nonzeros


Root relaxation: objective 3.500000e+01, 1495 iterations, 0.05 seconds (0.05 work units)

    Nodes    |    Current Node    |     Objective Bounds      |     Work
 Expl Unexpl |  Obj  Depth IntInf | Incumbent    BestBd   Gap | It/Node Time

*    0     0               0      35.0000000   35.00000  0.00%     -    0s

Explored 1 nodes (2250 simplex iterations) in 0.16 seconds (0.09 work units)
Thread count was 64 (of 64 available processors)

Solution count 1: 35 

Optimal solution found (tolerance 1.00e-04)
Best objective 3.500000000000e+01, best bound 3.500000000000e+01, gap 0.0000%
        0.42 - 	Solution num 1:
guessed:  x643 x644 x648 x649 x654 x673 x675 x676 x678 x706 x717 x773 x774 x775 x776 x780 x781 x782 x803 x805 x839 x842 x882 x902 x945 x946 x947 x962 x1049 x1050 x1057 x1081 x1088 x1090 x1091 x1092 x1094 x1095 x1117 x1119 x1120 x1151 x1170 x1175 x1198 x1229 x1264 x1265 x1266 x1268 x1269 x1272 x1273 x1281 x1312 x1317 x1345 x1346 x1347 x1368 x1369 x1370 x1371 x1402 x1403 x1405 x1438 x1440 x1443 x1463 x1464 x1466 x1467 x1481 x1483 x1489 x1494 x1511 x1518 x1519 x1565 x1566 x1567 x1568 x1573 x1595 x1596 x1597 x1629 x1631 x1633 x1634 x1636 x1638 x1660 x1688 x1689 x1690 x1691 x1693 x1694 x1695 x1696 x1757 x1761 x1785 x1791 x1804 x1807 x1839 x1840 x1842 x1848 x1850 x1861 x1863 x1864 x1883 x1885 x1935 x1936 x1938 x1972 x1973 x1976 x1986 x1987 x1989 x1994 x2014 x2015 x2016 x2018 x2055 x2057 x2066 x2084 x2085 x2087 x2124 x2125 x2126 x2127 x2130 x2131 x2132 x2135 x2154 x2156 x2179 x2180 x2196 x2216 x2217 x2224 x2232 x2236 x2237 x2238[159]
linearized equations:  5 6 8 9 12 13 14 35 37 38 78 79 114 116 120 121 141 142 143 144 175 176 178 182 183 217 218 219 220 223 224 225 228 247 249
        0.42 - target guess 158
Set parameter Username
Academic license - for non-commercial use only - expires 2022-06-20
Set parameter Threads to value 64
Set parameter MIPFocus to value 3
        0.45 - there are 134 short nonlinear (11) polynomial
Set parameter TimeLimit to value 1800
Gurobi Optimizer version 9.5.0 build v9.5.0rc5 (linux64)
Thread count: 32 physical cores, 64 logical processors, using up to 64 threads
Optimize a model with 5136 rows, 2496 columns and 16067 nonzeros
Model fingerprint: 0x3ea4af80
Variable types: 0 continuous, 2496 integer (2496 binary)
Coefficient statistics:
  Matrix range     [1e+00, 1e+00]
  Objective range  [1e+00, 1e+00]
  Bounds range     [1e+00, 1e+00]
  RHS range        [4e+01, 2e+02]
Presolve removed 3660 rows and 1220 columns
Presolve time: 0.01s
Presolved: 1476 rows, 1276 columns, 5650 nonzeros
Variable types: 0 continuous, 1276 integer (1241 binary)
Root relaxation presolved: 1476 rows, 1276 columns, 5650 nonzeros


Root relaxation: objective 3.600000e+01, 1674 iterations, 0.08 seconds (0.07 work units)

    Nodes    |    Current Node    |     Objective Bounds      |     Work
 Expl Unexpl |  Obj  Depth IntInf | Incumbent    BestBd   Gap | It/Node Time

H    0     0                      36.0000000  134.00000   272%     -    0s
     0     0          -    0        36.00000   36.00000  0.00%     -    0s

Explored 1 nodes (2212 simplex iterations) in 0.28 seconds (0.16 work units)
Thread count was 64 (of 64 available processors)

Solution count 1: 36 

Optimal solution found (tolerance 1.00e-04)
Best objective 3.600000000000e+01, best bound 3.600000000000e+01, gap 0.0000%
        0.73 - 	Solution num 1:
guessed:  x643 x644 x648 x649 x654 x673 x675 x676 x677 x678 x706 x717 x773 x775 x776 x781 x805 x839 x842 x882 x902 x945 x947 x962 x1049 x1050 x1057 x1088 x1092 x1094 x1095 x1117 x1119 x1120 x1151 x1165 x1170 x1171 x1173 x1175 x1198 x1229 x1265 x1266 x1268 x1269 x1272 x1281 x1312 x1317 x1321 x1344 x1345 x1346 x1347 x1368 x1369 x1370 x1371 x1403 x1405 x1406 x1440 x1443 x1463 x1464 x1466 x1467 x1481 x1483 x1489 x1494 x1511 x1512 x1514 x1518 x1519 x1521 x1565 x1566 x1567 x1568 x1573 x1595 x1596 x1597 x1610 x1629 x1631 x1633 x1634 x1636 x1638 x1660 x1688 x1689 x1690 x1691 x1693 x1694 x1695 x1757 x1781 x1804 x1807 x1839 x1840 x1842 x1844 x1845 x1847 x1848 x1857 x1861 x1864 x1883 x1885 x1918 x1935 x1936 x1938 x1973 x1976 x1986 x1987 x1989 x1991 x1992 x1994 x2013 x2014 x2015 x2016 x2018 x2055 x2060 x2066 x2084 x2085 x2087 x2125 x2126 x2127 x2129 x2130 x2131 x2132 x2154 x2156 x2179 x2180 x2196 x2216 x2217 x2224 x2232 x2236 x2237[158]
linearized equations:  5 6 8 9 12 13 14 35 37 38 78 79 114 116 120 121 141 142 143 144 175 176 178 181 182 183 217 218 219 220 222 223 224 225 247 249
        0.73 - target guess 157
Set parameter Username
Academic license - for non-commercial use only - expires 2022-06-20
Set parameter Threads to value 64
Set parameter MIPFocus to value 3
        0.76 - there are 134 short nonlinear (11) polynomial
Set parameter TimeLimit to value 1800
Gurobi Optimizer version 9.5.0 build v9.5.0rc5 (linux64)
Thread count: 32 physical cores, 64 logical processors, using up to 64 threads
Optimize a model with 5136 rows, 2496 columns and 16067 nonzeros
Model fingerprint: 0xe7b69a24
Variable types: 0 continuous, 2496 integer (2496 binary)
Coefficient statistics:
  Matrix range     [1e+00, 1e+00]
  Objective range  [1e+00, 1e+00]
  Bounds range     [1e+00, 1e+00]
  RHS range        [4e+01, 2e+02]
Presolve removed 3660 rows and 1220 columns
Presolve time: 0.01s
Presolved: 1476 rows, 1276 columns, 5650 nonzeros
Variable types: 0 continuous, 1276 integer (1241 binary)
Root relaxation presolved: 1476 rows, 1276 columns, 5650 nonzeros


Root relaxation: objective 3.700000e+01, 1621 iterations, 0.07 seconds (0.06 work units)

    Nodes    |    Current Node    |     Objective Bounds      |     Work
 Expl Unexpl |  Obj  Depth IntInf | Incumbent    BestBd   Gap | It/Node Time

     0     0   37.00000    0   17          -   37.00000      -     -    0s
H    0     0                      37.0000000   37.00000  0.00%     -    0s

Cutting planes:
  Gomory: 3
  Cover: 2
  MIR: 1
  Zero half: 6
  RLT: 2

Explored 1 nodes (4453 simplex iterations) in 0.61 seconds (0.34 work units)
Thread count was 64 (of 64 available processors)

Solution count 1: 37 

Optimal solution found (tolerance 1.00e-04)
Best objective 3.700000000000e+01, best bound 3.700000000000e+01, gap 0.0000%
        1.38 - 	Solution num 1:
guessed:  x643 x644 x648 x649 x673 x675 x676 x678 x706 x773 x774 x775 x776 x781 x782 x803 x805 x839 x842 x902 x945 x962 x964 x1049 x1050 x1057 x1081 x1084 x1088 x1092 x1094 x1095 x1117 x1119 x1120 x1122 x1151 x1164 x1170 x1171 x1198 x1201 x1229 x1264 x1265 x1266 x1268 x1269 x1272 x1281 x1312 x1317 x1321 x1344 x1345 x1346 x1368 x1369 x1370 x1371 x1403 x1405 x1440 x1463 x1464 x1466 x1467 x1481 x1483 x1489 x1494 x1511 x1518 x1519 x1521 x1566 x1567 x1573 x1595 x1596 x1597 x1610 x1627 x1629 x1630 x1631 x1633 x1634 x1636 x1638 x1660 x1662 x1688 x1689 x1690 x1691 x1693 x1694 x1695 x1757 x1781 x1804 x1807 x1810 x1839 x1840 x1842 x1844 x1845 x1847 x1857 x1864 x1883 x1885 x1887 x1935 x1936 x1938 x1972 x1973 x1976 x1987 x1991 x1992 x1994 x2014 x2015 x2016 x2018 x2055 x2057 x2060 x2066 x2072 x2084 x2085 x2087 x2090 x2125 x2126 x2127 x2129 x2130 x2131 x2132 x2154 x2156 x2159 x2179 x2180 x2196 x2216 x2217 x2224 x2232 x2236 x2237[157]
linearized equations:  5 6 8 12 13 35 37 38 40 78 79 84 114 116 120 121 141 142 143 144 175 176 178 181 182 183 217 218 219 220 222 223 224 225 247 249 252
        1.38 - target guess 156
Set parameter Username
Academic license - for non-commercial use only - expires 2022-06-20
Set parameter Threads to value 64
Set parameter MIPFocus to value 3
        1.41 - there are 134 short nonlinear (11) polynomial
Set parameter TimeLimit to value 1800
Gurobi Optimizer version 9.5.0 build v9.5.0rc5 (linux64)
Thread count: 32 physical cores, 64 logical processors, using up to 64 threads
Optimize a model with 5136 rows, 2496 columns and 16067 nonzeros
Model fingerprint: 0x9303f1b6
Variable types: 0 continuous, 2496 integer (2496 binary)
Coefficient statistics:
  Matrix range     [1e+00, 1e+00]
  Objective range  [1e+00, 1e+00]
  Bounds range     [1e+00, 1e+00]
  RHS range        [4e+01, 2e+02]
Presolve removed 3660 rows and 1220 columns
Presolve time: 0.01s
Presolved: 1476 rows, 1276 columns, 5650 nonzeros
Variable types: 0 continuous, 1276 integer (1241 binary)
Root relaxation presolved: 1476 rows, 1276 columns, 5650 nonzeros


Root relaxation: objective 3.800000e+01, 1709 iterations, 0.08 seconds (0.07 work units)

    Nodes    |    Current Node    |     Objective Bounds      |     Work
 Expl Unexpl |  Obj  Depth IntInf | Incumbent    BestBd   Gap | It/Node Time

     0     0   38.00000    0  414          -   38.00000      -     -    0s
H    0     0                      38.0000000   38.00000  0.00%     -    0s

Cutting planes:
  Gomory: 5
  Flow cover: 1
  Zero half: 176
  RLT: 1

Explored 1 nodes (4736 simplex iterations) in 0.85 seconds (0.45 work units)
Thread count was 64 (of 64 available processors)

Solution count 1: 38 

Optimal solution found (tolerance 1.00e-04)
Best objective 3.800000000000e+01, best bound 3.800000000000e+01, gap 0.0000%
        2.27 - 	Solution num 1:
guessed:  x643 x644 x648 x649 x673 x675 x676 x706 x773 x775 x776 x781 x782 x805 x839 x842 x902 x945 x962 x965 x1049 x1050 x1057 x1081 x1082 x1085 x1088 x1092 x1094 x1095 x1119 x1151 x1165 x1170 x1171 x1198 x1264 x1265 x1266 x1268 x1269 x1272 x1281 x1312 x1317 x1321 x1344 x1346 x1368 x1369 x1370 x1371 x1374 x1403 x1405 x1438 x1440 x1463 x1464 x1477 x1481 x1482 x1483 x1487 x1489 x1494 x1511 x1514 x1518 x1519 x1521 x1522 x1537 x1565 x1566 x1567 x1573 x1595 x1596 x1610 x1629 x1630 x1631 x1633 x1634 x1636 x1638 x1659 x1660 x1688 x1689 x1690 x1691 x1693 x1694 x1695 x1757 x1781 x1785 x1788 x1804 x1807 x1808 x1839 x1840 x1842 x1844 x1845 x1847 x1857 x1864 x1883 x1885 x1887 x1936 x1938 x1972 x1973 x1976 x1986 x1987 x1991 x1992 x1994 x2014 x2015 x2016 x2018 x2021 x2024 x2055 x2060 x2066 x2084 x2085 x2087 x2090 x2109 x2125 x2126 x2127 x2129 x2130 x2154 x2156 x2159 x2179 x2180 x2196 x2201 x2216 x2217 x2224 x2232 x2236 x2237[156]
linearized equations:  5 6 8 9 12 13 35 37 38 41 78 79 84 114 116 120 121 141 142 143 144 175 176 178 181 182 183 217 218 219 220 222 223 224 225 247 249 252
        2.27 - target guess 155
Set parameter Username
Academic license - for non-commercial use only - expires 2022-06-20
Set parameter Threads to value 64
Set parameter MIPFocus to value 3
        2.29 - there are 134 short nonlinear (11) polynomial
Set parameter TimeLimit to value 1800
Gurobi Optimizer version 9.5.0 build v9.5.0rc5 (linux64)
Thread count: 32 physical cores, 64 logical processors, using up to 64 threads
Optimize a model with 5136 rows, 2496 columns and 16067 nonzeros
Model fingerprint: 0x8fbcc145
Variable types: 0 continuous, 2496 integer (2496 binary)
Coefficient statistics:
  Matrix range     [1e+00, 1e+00]
  Objective range  [1e+00, 1e+00]
  Bounds range     [1e+00, 1e+00]
  RHS range        [4e+01, 2e+02]
Presolve removed 3660 rows and 1220 columns
Presolve time: 0.01s
Presolved: 1476 rows, 1276 columns, 5650 nonzeros
Variable types: 0 continuous, 1276 integer (1241 binary)
Root relaxation presolved: 1476 rows, 1276 columns, 5650 nonzeros


Root relaxation: objective 3.900000e+01, 1972 iterations, 0.10 seconds (0.10 work units)

    Nodes    |    Current Node    |     Objective Bounds      |     Work
 Expl Unexpl |  Obj  Depth IntInf | Incumbent    BestBd   Gap | It/Node Time

     0     0   39.00000    0  193          -   39.00000      -     -    0s
     0     0   39.00000    0  217          -   39.00000      -     -    1s
H    0     0                      39.0000000   39.00000  0.00%     -    1s
     0     0   39.00000    0  217   39.00000   39.00000  0.00%     -    1s

Cutting planes:
  Gomory: 2
  Flow cover: 1
  Zero half: 8

Explored 1 nodes (8226 simplex iterations) in 1.41 seconds (0.85 work units)
Thread count was 64 (of 64 available processors)

Solution count 1: 39 

Optimal solution found (tolerance 1.00e-04)
Best objective 3.900000000000e+01, best bound 3.900000000000e+01, gap 0.0000%
        3.71 - 	Solution num 1:
guessed:  x644 x673 x675 x676 x677 x678 x706 x739 x740 x773 x774 x775 x780 x781 x805 x806 x807 x839 x842 x905 x945 x962 x1028 x1047 x1049 x1050 x1057 x1081 x1088 x1090 x1094 x1095 x1117 x1148 x1167 x1173 x1265 x1272 x1273 x1283 x1310 x1312 x1321 x1343 x1368 x1369 x1400 x1405 x1462 x1463 x1464 x1467 x1477 x1480 x1481 x1482 x1489 x1494 x1511 x1512 x1514 x1516 x1518 x1519 x1563 x1566 x1595 x1605 x1627 x1630 x1631 x1634 x1635 x1636 x1640 x1656 x1658 x1659 x1660 x1661 x1687 x1688 x1689 x1690 x1694 x1695 x1696 x1716 x1719 x1720 x1722 x1749 x1750 x1781 x1782 x1788 x1804 x1807 x1808 x1839 x1840 x1842 x1846 x1847 x1864 x1885 x1886 x1887 x1919 x1936 x1937 x1967 x1972 x1987 x1988 x1993 x1994 x2012 x2014 x2015 x2016 x2021 x2047 x2052 x2066 x2071 x2083 x2085 x2109 x2121 x2126 x2127 x2152 x2153 x2154 x2159 x2179 x2180 x2186 x2194 x2196 x2200 x2201 x2204 x2216 x2217 x2218 x2223 x2224 x2227 x2229 x2232 x2234 x2236 x2237[155]
linearized equations:  3 5 6 8 12 13 35 37 38 77 78 79 110 114 116 120 121 140 141 142 143 144 145 173 175 176 178 182 183 217 218 219 220 224 225 247 249 250 252
        3.71 - target guess 154
Set parameter Username
Academic license - for non-commercial use only - expires 2022-06-20
Set parameter Threads to value 64
Set parameter MIPFocus to value 3
        3.75 - there are 134 short nonlinear (11) polynomial
Set parameter TimeLimit to value 1800
Gurobi Optimizer version 9.5.0 build v9.5.0rc5 (linux64)
Thread count: 32 physical cores, 64 logical processors, using up to 64 threads
Optimize a model with 5136 rows, 2496 columns and 16067 nonzeros
Model fingerprint: 0xd7ae02ce
Variable types: 0 continuous, 2496 integer (2496 binary)
Coefficient statistics:
  Matrix range     [1e+00, 1e+00]
  Objective range  [1e+00, 1e+00]
  Bounds range     [1e+00, 1e+00]
  RHS range        [4e+01, 2e+02]
Presolve removed 3660 rows and 1220 columns
Presolve time: 0.01s
Presolved: 1476 rows, 1276 columns, 5650 nonzeros
Variable types: 0 continuous, 1276 integer (1241 binary)
Root relaxation presolved: 1476 rows, 1276 columns, 5650 nonzeros


Root relaxation: objective 4.000000e+01, 2012 iterations, 0.11 seconds (0.10 work units)

    Nodes    |    Current Node    |     Objective Bounds      |     Work
 Expl Unexpl |  Obj  Depth IntInf | Incumbent    BestBd   Gap | It/Node Time

     0     0   40.00000    0  250          -   40.00000      -     -    0s
H    0     0                      40.0000000   40.00000  0.00%     -    0s
     0     0   40.00000    0  196   40.00000   40.00000  0.00%     -    0s

Cutting planes:
  Gomory: 14
  Flow cover: 1
  Zero half: 94
  RLT: 1

Explored 1 nodes (6530 simplex iterations) in 0.98 seconds (0.62 work units)
Thread count was 64 (of 64 available processors)

Solution count 1: 40 

Optimal solution found (tolerance 1.00e-04)
Best objective 4.000000000000e+01, best bound 4.000000000000e+01, gap 0.0000%
        4.74 - 	Solution num 1:
guessed:  x643 x644 x673 x696 x699 x706 x773 x774 x775 x780 x782 x828 x829 x839 x902 x903 x925 x928 x945 x980 x981 x1023 x1037 x1038 x1049 x1050 x1057 x1088 x1094 x1095 x1117 x1139 x1151 x1154 x1167 x1252 x1253 x1265 x1272 x1283 x1312 x1321 x1333 x1391 x1394 x1395 x1420 x1421 x1423 x1424 x1426 x1440 x1473 x1477 x1489 x1492 x1494 x1502 x1503 x1507 x1508 x1511 x1512 x1514 x1516 x1518 x1519 x1521 x1553 x1558 x1566 x1573 x1605 x1610 x1614 x1616 x1617 x1618 x1619 x1627 x1630 x1634 x1636 x1640 x1655 x1657 x1658 x1674 x1676 x1678 x1687 x1688 x1689 x1690 x1694 x1695 x1717 x1745 x1747 x1781 x1782 x1784 x1788 x1805 x1828 x1839 x1840 x1842 x1847 x1905 x1906 x1907 x1962 x1972 x1973 x1987 x1988 x1991 x1993 x1994 x2012 x2014 x2015 x2016 x2038 x2039 x2041 x2042 x2088 x2089 x2091 x2092 x2107 x2109 x2111 x2113 x2116 x2126 x2179 x2180 x2202 x2207 x2216 x2217 x2218 x2220 x2221 x2222 x2223 x2224 x2229 x2232 x2236 x2237[154]
linearized equations:  5 6 8 12 13 35 56 57 58 59 79 100 101 104 105 114 116 120 121 141 164 166 167 168 175 176 178 182 183 206 207 208 209 217 218 219 220 224 225 247
        4.74 - target guess 153
Set parameter Username
Academic license - for non-commercial use only - expires 2022-06-20
Set parameter Threads to value 64
Set parameter MIPFocus to value 3
        4.79 - there are 134 short nonlinear (11) polynomial
Set parameter TimeLimit to value 1800
Gurobi Optimizer version 9.5.0 build v9.5.0rc5 (linux64)
Thread count: 32 physical cores, 64 logical processors, using up to 64 threads
Optimize a model with 5136 rows, 2496 columns and 16067 nonzeros
Model fingerprint: 0x5810926e
Variable types: 0 continuous, 2496 integer (2496 binary)
Coefficient statistics:
  Matrix range     [1e+00, 1e+00]
  Objective range  [1e+00, 1e+00]
  Bounds range     [1e+00, 1e+00]
  RHS range        [4e+01, 2e+02]
Presolve removed 3660 rows and 1220 columns
Presolve time: 0.01s
Presolved: 1476 rows, 1276 columns, 5650 nonzeros
Variable types: 0 continuous, 1276 integer (1241 binary)
Root relaxation presolved: 1476 rows, 1276 columns, 5650 nonzeros


Root relaxation: objective 4.100000e+01, 2185 iterations, 0.12 seconds (0.11 work units)

    Nodes    |    Current Node    |     Objective Bounds      |     Work
 Expl Unexpl |  Obj  Depth IntInf | Incumbent    BestBd   Gap | It/Node Time

     0     0   41.00000    0  405          -   41.00000      -     -    0s
     0     0   41.00000    0  393          -   41.00000      -     -    1s
     0     0   41.00000    0  390          -   41.00000      -     -    1s
     0     0   41.00000    0  250          -   41.00000      -     -    2s
     0     0   41.00000    0  227          -   41.00000      -     -    2s
     0     0   41.00000    0  315          -   41.00000      -     -    2s
     0     0   41.00000    0  315          -   41.00000      -     -    3s
     0     2   41.00000    0  315          -   41.00000      -     -    4s
     3     8   41.00000    2  409          -   41.00000      -   604    5s
    61    18 infeasible    6               -   41.00000      -   608   10s

Cutting planes:
  Gomory: 1
  Flow cover: 16
  Zero half: 676
  RLT: 4

Explored 115 nodes (95433 simplex iterations) in 10.64 seconds (5.30 work units)
Thread count was 64 (of 64 available processors)

Solution count 0
No other solutions better than -1e+100

Model is infeasible
Best objective -, best bound -, gap -
       15.43 - 	Solution num 0:
       15.44 - increase high_eq_constraint to 1

Set parameter Username
Academic license - for non-commercial use only - expires 2022-06-20
Set parameter Threads to value 64
Set parameter MIPFocus to value 3
       15.50 - there are 134 short nonlinear (11) polynomial
Set parameter TimeLimit to value 1800
Gurobi Optimizer version 9.5.0 build v9.5.0rc5 (linux64)
Thread count: 32 physical cores, 64 logical processors, using up to 64 threads
Optimize a model with 5136 rows, 2496 columns and 16067 nonzeros
Model fingerprint: 0xaea71fb6
Variable types: 0 continuous, 2496 integer (2496 binary)
Coefficient statistics:
  Matrix range     [1e+00, 1e+00]
  Objective range  [1e+00, 1e+00]
  Bounds range     [1e+00, 1e+00]
  RHS range        [1e+00, 2e+02]
Presolve removed 975 rows and 975 columns
Presolve time: 0.01s
Presolved: 4161 rows, 1521 columns, 13995 nonzeros
Variable types: 0 continuous, 1521 integer (1521 binary)
Root relaxation presolved: 4161 rows, 1521 columns, 13995 nonzeros


Root relaxation: objective 4.100000e+01, 2427 iterations, 0.16 seconds (0.27 work units)

    Nodes    |    Current Node    |     Objective Bounds      |     Work
 Expl Unexpl |  Obj  Depth IntInf | Incumbent    BestBd   Gap | It/Node Time

     0     0   41.00000    0  291          -   41.00000      -     -    1s
     0     0   41.00000    0  313          -   41.00000      -     -    1s
     0     0   41.00000    0  313          -   41.00000      -     -    1s
     0     0   41.00000    0   56          -   41.00000      -     -    2s
     0     0   41.00000    0   56          -   41.00000      -     -    2s
     0     0   41.00000    0  400          -   41.00000      -     -    4s
     0     0   41.00000    0  400          -   41.00000      -     -    4s
H    0     0                      41.0000000   41.00000  0.00%     -    5s
     0     0   41.00000    0  400   41.00000   41.00000  0.00%     -    5s

Cutting planes:
  Gomory: 1
  Lift-and-project: 1
  Flow cover: 2
  Zero half: 31
  RLT: 6

Explored 1 nodes (31592 simplex iterations) in 5.11 seconds (8.54 work units)
Thread count was 64 (of 64 available processors)

Solution count 1: 41 

Optimal solution found (tolerance 1.00e-04)
Best objective 4.100000000000e+01, best bound 4.100000000000e+01, gap 0.0000%
       20.61 - 	Solution num 1:
guessed:  x644 x646 x648 x650 x673 x774 x779 x823 x824 x857 x902 x945 x980 x1023 x1036 x1038 x1057 x1094 x1095 x1139 x1167 x1171 x1173 x1180 x1231 x1253 x1272 x1273 x1283 x1310 x1321 x1333 x1391 x1394 x1406 x1420 x1473 x1475 x1477 x1480 x1482 x1489 x1492 x1494 x1498 x1502 x1503 x1507 x1512 x1514 x1516 x1517 x1518 x1519 x1551 x1552 x1554 x1566 x1568 x1571 x1605 x1610 x1619 x1631 x1634 x1635 x1640 x1652 x1655 x1657 x1661 x1673 x1675 x1676 x1678 x1688 x1690 x1693 x1694 x1695 x1715 x1718 x1742 x1745 x1747 x1757 x1782 x1784 x1787 x1788 x1803 x1805 x1825 x1840 x1842 x1845 x1846 x1847 x1858 x1902 x1905 x1908 x1961 x1973 x1975 x1987 x1988 x1989 x1991 x1992 x1993 x1994 x2013 x2014 x2015 x2016 x2018 x2036 x2037 x2038 x2039 x2041 x2060 x2075 x2085 x2087 x2088 x2106 x2109 x2112 x2113 x2115 x2154 x2156 x2179 x2180 x2193 x2198 x2200 x2202 x2203 x2204 x2207 x2215 x2217 x2218 x2219 x2220 x2221 x2223 x2224 x2235 x2237[153]
linearized equations:  6 8 9 12 13 33 35 56 58 77 79 99 100 101 104 114 116 120 121 139 141 161 164 167 176 178 181 182 183 203 204 206 208 218 220 222 223 224 225 247 249
       20.61 - target guess 152
Set parameter Username
Academic license - for non-commercial use only - expires 2022-06-20
Set parameter Threads to value 64
Set parameter MIPFocus to value 3
       20.65 - there are 134 short nonlinear (11) polynomial
Set parameter TimeLimit to value 1800
Gurobi Optimizer version 9.5.0 build v9.5.0rc5 (linux64)
Thread count: 32 physical cores, 64 logical processors, using up to 64 threads
Optimize a model with 5136 rows, 2496 columns and 16067 nonzeros
Model fingerprint: 0xf96ee5ea
Variable types: 0 continuous, 2496 integer (2496 binary)
Coefficient statistics:
  Matrix range     [1e+00, 1e+00]
  Objective range  [1e+00, 1e+00]
  Bounds range     [1e+00, 1e+00]
  RHS range        [4e+01, 2e+02]
Presolve removed 3660 rows and 1220 columns
Presolve time: 0.01s
Presolved: 1476 rows, 1276 columns, 5650 nonzeros
Variable types: 0 continuous, 1276 integer (1241 binary)
Root relaxation presolved: 1476 rows, 1276 columns, 5650 nonzeros


Root relaxation: objective 4.200000e+01, 2235 iterations, 0.09 seconds (0.14 work units)

    Nodes    |    Current Node    |     Objective Bounds      |     Work
 Expl Unexpl |  Obj  Depth IntInf | Incumbent    BestBd   Gap | It/Node Time

     0     0   42.00000    0  479          -   42.00000      -     -    0s
     0     0 -1.000e+100    0  552          - infeasible      -     -    0s

Cutting planes:
  Gomory: 25
  Zero half: 20
  RLT: 4

Explored 1 nodes (6033 simplex iterations) in 0.88 seconds (0.87 work units)
Thread count was 64 (of 64 available processors)

Solution count 0
No other solutions better than -1e+100

Model is infeasible
Best objective -, best bound -, gap -
       21.53 - 	Solution num 0:
       21.53 - increase high_eq_constraint to 1

Set parameter Username
Academic license - for non-commercial use only - expires 2022-06-20
Set parameter Threads to value 64
Set parameter MIPFocus to value 3
       21.59 - there are 134 short nonlinear (11) polynomial
Set parameter TimeLimit to value 1800
Gurobi Optimizer version 9.5.0 build v9.5.0rc5 (linux64)
Thread count: 32 physical cores, 64 logical processors, using up to 64 threads
Optimize a model with 5136 rows, 2496 columns and 16067 nonzeros
Model fingerprint: 0xe73a5ffe
Variable types: 0 continuous, 2496 integer (2496 binary)
Coefficient statistics:
  Matrix range     [1e+00, 1e+00]
  Objective range  [1e+00, 1e+00]
  Bounds range     [1e+00, 1e+00]
  RHS range        [1e+00, 2e+02]
Presolve removed 975 rows and 975 columns
Presolve time: 0.01s
Presolved: 4161 rows, 1521 columns, 13995 nonzeros
Variable types: 0 continuous, 1521 integer (1521 binary)
Root relaxation presolved: 4161 rows, 1521 columns, 13995 nonzeros


Root relaxation: objective 4.200000e+01, 2475 iterations, 0.17 seconds (0.31 work units)

    Nodes    |    Current Node    |     Objective Bounds      |     Work
 Expl Unexpl |  Obj  Depth IntInf | Incumbent    BestBd   Gap | It/Node Time

     0     0   42.00000    0  412          -   42.00000      -     -    0s
     0     0   42.00000    0  478          -   42.00000      -     -    1s
     0     0   42.00000    0  491          -   42.00000      -     -    1s
     0     0   42.00000    0  467          -   42.00000      -     -    2s
     0     0   42.00000    0  467          -   42.00000      -     -    2s
     0     2   42.00000    0  467          -   42.00000      -     -    3s
    17     4 infeasible    6               -   42.00000      -   823    5s
    47     4   42.00000   17  864          -   42.00000      -   798   10s
    61    14   42.00000   20  640          -   42.00000      -   792   15s

Cutting planes:
  Gomory: 3
  Lift-and-project: 3
  Flow cover: 16
  Zero half: 572
  RLT: 215

Explored 95 nodes (95804 simplex iterations) in 17.19 seconds (22.23 work units)
Thread count was 64 (of 64 available processors)

Solution count 0
No other solutions better than -1e+100

Model is infeasible
Best objective -, best bound -, gap -
       38.87 - 	Solution num 0:
       38.88 - increase high_eq_constraint to 2

Set parameter Username
Academic license - for non-commercial use only - expires 2022-06-20
Set parameter Threads to value 64
Set parameter MIPFocus to value 3
       38.93 - there are 134 short nonlinear (11) polynomial
Set parameter TimeLimit to value 1800
Gurobi Optimizer version 9.5.0 build v9.5.0rc5 (linux64)
Thread count: 32 physical cores, 64 logical processors, using up to 64 threads
Optimize a model with 5136 rows, 2496 columns and 16067 nonzeros
Model fingerprint: 0x7def277f
Variable types: 0 continuous, 2496 integer (2496 binary)
Coefficient statistics:
  Matrix range     [1e+00, 1e+00]
  Objective range  [1e+00, 1e+00]
  Bounds range     [1e+00, 1e+00]
  RHS range        [2e+00, 2e+02]
Presolve removed 975 rows and 975 columns
Presolve time: 0.01s
Presolved: 4161 rows, 1521 columns, 13995 nonzeros
Variable types: 0 continuous, 1521 integer (1521 binary)
Root relaxation presolved: 4161 rows, 1521 columns, 13995 nonzeros


Root relaxation: objective 4.200000e+01, 2872 iterations, 0.37 seconds (0.42 work units)

    Nodes    |    Current Node    |     Objective Bounds      |     Work
 Expl Unexpl |  Obj  Depth IntInf | Incumbent    BestBd   Gap | It/Node Time

     0     0   42.00000    0  180          -   42.00000      -     -    2s
     0     0   42.00000    0   90          -   42.00000      -     -    5s
     0     0   42.00000    0  173          -   42.00000      -     -    5s
     0     0   42.00000    0  624          -   42.00000      -     -    6s
     0     0   42.00000    0  573          -   42.00000      -     -    7s
     0     2   42.00000    0  566          -   42.00000      -     -    7s
    63    84 infeasible    6               -   42.00000      -   677   10s
   657   376 infeasible   11               -   42.00000      -   691   15s
  1697   405 infeasible   15               -   42.00000      -   545   20s
  3188   216 infeasible   14               -   42.00000      -   518   25s
  3864    89 infeasible   11               -   42.00000      -   512   30s
  4277     5 infeasible   17               -   42.00000      -   508   35s

Cutting planes:
  Lift-and-project: 3
  Flow cover: 20
  Zero half: 1079
  RLT: 93

Explored 4303 nodes (2208338 simplex iterations) in 36.27 seconds (50.35 work units)
Thread count was 64 (of 64 available processors)

Solution count 0
No other solutions better than -1e+100

Model is infeasible
Best objective -, best bound -, gap -
       75.35 - 	Solution num 0:
       75.39 - increase high_eq_constraint to 3

Set parameter Username
Academic license - for non-commercial use only - expires 2022-06-20
Set parameter Threads to value 64
Set parameter MIPFocus to value 3
       75.43 - there are 134 short nonlinear (11) polynomial
Set parameter TimeLimit to value 1800
Gurobi Optimizer version 9.5.0 build v9.5.0rc5 (linux64)
Thread count: 32 physical cores, 64 logical processors, using up to 64 threads
Optimize a model with 5136 rows, 2496 columns and 16067 nonzeros
Model fingerprint: 0x84a2b8cd
Variable types: 0 continuous, 2496 integer (2496 binary)
Coefficient statistics:
  Matrix range     [1e+00, 1e+00]
  Objective range  [1e+00, 1e+00]
  Bounds range     [1e+00, 1e+00]
  RHS range        [3e+00, 2e+02]
Presolve removed 975 rows and 975 columns
Presolve time: 0.01s
Presolved: 4161 rows, 1521 columns, 13995 nonzeros
Variable types: 0 continuous, 1521 integer (1521 binary)
Root relaxation presolved: 4161 rows, 1521 columns, 13995 nonzeros


Root relaxation: objective 4.200000e+01, 2786 iterations, 0.33 seconds (0.40 work units)

    Nodes    |    Current Node    |     Objective Bounds      |     Work
 Expl Unexpl |  Obj  Depth IntInf | Incumbent    BestBd   Gap | It/Node Time

     0     0   42.00000    0  645          -   42.00000      -     -    1s
     0     0   42.00000    0  498          -   42.00000      -     -    4s
     0     0   42.00000    0  501          -   42.00000      -     -    4s
     0     0   42.00000    0  493          -   42.00000      -     -    6s
     0     0   42.00000    0  493          -   42.00000      -     -    7s
     0     2   42.00000    0  493          -   42.00000      -     -    9s
     7    16   42.00000    3  448          -   42.00000      -   969   10s
   255   326   42.00000    9  833          -   42.00000      -   850   15s
*  500   446              12      42.0000000   42.00000  0.00%   624   16s

Cutting planes:
  Gomory: 5
  Lift-and-project: 1
  Flow cover: 7
  Zero half: 594
  RLT: 45

Explored 715 nodes (454495 simplex iterations) in 16.46 seconds (20.69 work units)
Thread count was 64 (of 64 available processors)

Solution count 1: 42 

Optimal solution found (tolerance 1.00e-04)
Best objective 4.200000000000e+01, best bound 4.200000000000e+01, gap 0.0000%
       91.90 - 	Solution num 1:
guessed:  x644 x646 x673 x774 x776 x779 x780 x823 x824 x857 x902 x980 x1023 x1036 x1038 x1050 x1057 x1094 x1095 x1117 x1173 x1180 x1231 x1253 x1272 x1283 x1310 x1312 x1321 x1333 x1346 x1389 x1391 x1394 x1406 x1420 x1473 x1475 x1477 x1480 x1489 x1492 x1494 x1498 x1502 x1503 x1504 x1507 x1512 x1514 x1516 x1517 x1518 x1519 x1521 x1551 x1552 x1554 x1567 x1569 x1571 x1605 x1607 x1610 x1619 x1628 x1630 x1634 x1635 x1638 x1640 x1652 x1655 x1657 x1661 x1673 x1675 x1676 x1678 x1688 x1690 x1693 x1694 x1695 x1715 x1717 x1742 x1745 x1747 x1757 x1782 x1784 x1787 x1788 x1803 x1805 x1825 x1840 x1842 x1846 x1847 x1857 x1902 x1905 x1908 x1919 x1961 x1976 x1987 x1989 x1991 x1992 x1993 x1994 x2012 x2013 x2014 x2015 x2016 x2036 x2037 x2038 x2039 x2041 x2060 x2079 x2087 x2106 x2112 x2113 x2115 x2127 x2132 x2154 x2175 x2179 x2180 x2193 x2200 x2202 x2203 x2207 x2215 x2217 x2218 x2219 x2221 x2223 x2224 x2235 x2236 x2237[152]
linearized equations:  6 8 9 11 12 13 33 35 56 58 77 79 99 100 101 104 114 116 118 120 121 139 141 161 164 167 176 178 181 182 183 203 204 206 208 218 220 222 223 224 225 247
       91.93 - target guess 151
Set parameter Username
Academic license - for non-commercial use only - expires 2022-06-20
Set parameter Threads to value 64
Set parameter MIPFocus to value 3
       91.99 - there are 134 short nonlinear (11) polynomial
Set parameter TimeLimit to value 1800
Gurobi Optimizer version 9.5.0 build v9.5.0rc5 (linux64)
Thread count: 32 physical cores, 64 logical processors, using up to 64 threads
Optimize a model with 5136 rows, 2496 columns and 16067 nonzeros
Model fingerprint: 0x8ed3f7de
Variable types: 0 continuous, 2496 integer (2496 binary)
Coefficient statistics:
  Matrix range     [1e+00, 1e+00]
  Objective range  [1e+00, 1e+00]
  Bounds range     [1e+00, 1e+00]
  RHS range        [4e+01, 2e+02]
Presolve removed 3660 rows and 1220 columns
Presolve time: 0.01s
Presolved: 1476 rows, 1276 columns, 5650 nonzeros
Variable types: 0 continuous, 1276 integer (1241 binary)
Root relaxation presolved: 1476 rows, 1276 columns, 5650 nonzeros


Root relaxation: infeasible, 2522 iterations, 0.12 seconds (0.18 work units)

    Nodes    |    Current Node    |     Objective Bounds      |     Work
 Expl Unexpl |  Obj  Depth IntInf | Incumbent    BestBd   Gap | It/Node Time

     0     0 infeasible    0               - infeasible      -     -    0s

Explored 1 nodes (2522 simplex iterations) in 0.13 seconds (0.19 work units)
Thread count was 64 (of 64 available processors)

Solution count 0
No other solutions better than -1e+100

Model is infeasible
Best objective -, best bound -, gap -
       92.12 - 	Solution num 0:
       92.12 - increase high_eq_constraint to 1

Set parameter Username
Academic license - for non-commercial use only - expires 2022-06-20
Set parameter Threads to value 64
Set parameter MIPFocus to value 3
       92.15 - there are 134 short nonlinear (11) polynomial
Set parameter TimeLimit to value 1800
Gurobi Optimizer version 9.5.0 build v9.5.0rc5 (linux64)
Thread count: 32 physical cores, 64 logical processors, using up to 64 threads
Optimize a model with 5136 rows, 2496 columns and 16067 nonzeros
Model fingerprint: 0xd054f4db
Variable types: 0 continuous, 2496 integer (2496 binary)
Coefficient statistics:
  Matrix range     [1e+00, 1e+00]
  Objective range  [1e+00, 1e+00]
  Bounds range     [1e+00, 1e+00]
  RHS range        [1e+00, 2e+02]
Presolve removed 975 rows and 975 columns
Presolve time: 0.01s
Presolved: 4161 rows, 1521 columns, 13995 nonzeros
Variable types: 0 continuous, 1521 integer (1521 binary)
Root relaxation presolved: 4161 rows, 1521 columns, 13995 nonzeros


Root relaxation: objective 4.300000e+01, 2713 iterations, 0.28 seconds (0.35 work units)

    Nodes    |    Current Node    |     Objective Bounds      |     Work
 Expl Unexpl |  Obj  Depth IntInf | Incumbent    BestBd   Gap | It/Node Time

     0     0   43.00000    0  512          -   43.00000      -     -    1s
     0     0 infeasible    0               - infeasible      -     -    1s

Cutting planes:
  Gomory: 28
  Zero half: 42
  RLT: 6

Explored 1 nodes (6397 simplex iterations) in 1.49 seconds (1.38 work units)
Thread count was 64 (of 64 available processors)

Solution count 0
No other solutions better than -1e+100

Model is infeasible
Best objective -, best bound -, gap -
       93.64 - 	Solution num 0:
       93.64 - increase high_eq_constraint to 2

Set parameter Username
Academic license - for non-commercial use only - expires 2022-06-20
Set parameter Threads to value 64
Set parameter MIPFocus to value 3
       93.70 - there are 134 short nonlinear (11) polynomial
Set parameter TimeLimit to value 1800
Gurobi Optimizer version 9.5.0 build v9.5.0rc5 (linux64)
Thread count: 32 physical cores, 64 logical processors, using up to 64 threads
Optimize a model with 5136 rows, 2496 columns and 16067 nonzeros
Model fingerprint: 0xbf3cf52f
Variable types: 0 continuous, 2496 integer (2496 binary)
Coefficient statistics:
  Matrix range     [1e+00, 1e+00]
  Objective range  [1e+00, 1e+00]
  Bounds range     [1e+00, 1e+00]
  RHS range        [2e+00, 2e+02]
Presolve removed 975 rows and 975 columns
Presolve time: 0.01s
Presolved: 4161 rows, 1521 columns, 13995 nonzeros
Variable types: 0 continuous, 1521 integer (1521 binary)
Root relaxation presolved: 4161 rows, 1521 columns, 13995 nonzeros


Root relaxation: objective 4.300000e+01, 2865 iterations, 0.23 seconds (0.42 work units)

    Nodes    |    Current Node    |     Objective Bounds      |     Work
 Expl Unexpl |  Obj  Depth IntInf | Incumbent    BestBd   Gap | It/Node Time

     0     0   43.00000    0  555          -   43.00000      -     -    0s
     0     0   43.00000    0  419          -   43.00000      -     -    2s
     0     0   43.00000    0  428          -   43.00000      -     -    2s
     0     0   43.00000    0  426          -   43.00000      -     -    4s
     0     0   43.00000    0  426          -   43.00000      -     -    5s
     0     2   43.00000    0  426          -   43.00000      -     -    7s
    18    18   43.00000    5  771          -   43.00000      -   920   10s
   123     2 infeasible   13               -   43.00000      -   763   15s

Cutting planes:
  Gomory: 9
  Lift-and-project: 1
  Flow cover: 5
  Inf proof: 1
  Zero half: 699
  RLT: 20

Explored 129 nodes (119375 simplex iterations) in 15.82 seconds (18.07 work units)
Thread count was 64 (of 64 available processors)

Solution count 0
No other solutions better than -1e+100

Model is infeasible
Best objective -, best bound -, gap -
      109.65 - 	Solution num 0:
      109.66 - increase high_eq_constraint to 3

Set parameter Username
Academic license - for non-commercial use only - expires 2022-06-20
Set parameter Threads to value 64
Set parameter MIPFocus to value 3
      109.70 - there are 134 short nonlinear (11) polynomial
Set parameter TimeLimit to value 1800
Gurobi Optimizer version 9.5.0 build v9.5.0rc5 (linux64)
Thread count: 32 physical cores, 64 logical processors, using up to 64 threads
Optimize a model with 5136 rows, 2496 columns and 16067 nonzeros
Model fingerprint: 0x223b2062
Variable types: 0 continuous, 2496 integer (2496 binary)
Coefficient statistics:
  Matrix range     [1e+00, 1e+00]
  Objective range  [1e+00, 1e+00]
  Bounds range     [1e+00, 1e+00]
  RHS range        [3e+00, 2e+02]
Presolve removed 975 rows and 975 columns
Presolve time: 0.02s
Presolved: 4161 rows, 1521 columns, 13995 nonzeros
Variable types: 0 continuous, 1521 integer (1521 binary)
Root relaxation presolved: 4161 rows, 1521 columns, 13995 nonzeros


Root relaxation: objective 4.300000e+01, 2807 iterations, 0.36 seconds (0.44 work units)

    Nodes    |    Current Node    |     Objective Bounds      |     Work
 Expl Unexpl |  Obj  Depth IntInf | Incumbent    BestBd   Gap | It/Node Time

     0     0   43.00000    0  698          -   43.00000      -     -    1s
     0     0   43.00000    0  627          -   43.00000      -     -    3s
     0     0   43.00000    0  511          -   43.00000      -     -    3s
     0     0   43.00000    0  577          -   43.00000      -     -    4s
     0     0   43.00000    0  577          -   43.00000      -     -    5s
     0     2   43.00000    0  577          -   43.00000      -     -    8s
     7    12   43.00000    3  623          -   43.00000      -  1022   10s
    45    64   43.00000    6  588          -   43.00000      -   762   15s
   141   118   43.00000    8  774          -   43.00000      -  1325   20s
   398    66 infeasible   10               -   43.00000      -   869   25s

Cutting planes:
  Gomory: 3
  Flow cover: 17
  Zero half: 969
  RLT: 52

Explored 643 nodes (470848 simplex iterations) in 28.97 seconds (21.92 work units)
Thread count was 64 (of 64 available processors)

Solution count 0
No other solutions better than -1e+100

Model is infeasible
Best objective -, best bound -, gap -
      138.80 - 	Solution num 0:
      138.89 - increase high_eq_constraint to 4

Set parameter Username
Academic license - for non-commercial use only - expires 2022-06-20
Set parameter Threads to value 64
Set parameter MIPFocus to value 3
      138.94 - there are 134 short nonlinear (11) polynomial
Set parameter TimeLimit to value 1800
Gurobi Optimizer version 9.5.0 build v9.5.0rc5 (linux64)
Thread count: 32 physical cores, 64 logical processors, using up to 64 threads
Optimize a model with 5136 rows, 2496 columns and 16067 nonzeros
Model fingerprint: 0x4b186847
Variable types: 0 continuous, 2496 integer (2496 binary)
Coefficient statistics:
  Matrix range     [1e+00, 1e+00]
  Objective range  [1e+00, 1e+00]
  Bounds range     [1e+00, 1e+00]
  RHS range        [4e+00, 2e+02]
Presolve removed 975 rows and 975 columns
Presolve time: 0.02s
Presolved: 4161 rows, 1521 columns, 13995 nonzeros
Variable types: 0 continuous, 1521 integer (1521 binary)
Root relaxation presolved: 4161 rows, 1521 columns, 13995 nonzeros


Root relaxation: objective 4.300000e+01, 3091 iterations, 0.48 seconds (0.52 work units)

    Nodes    |    Current Node    |     Objective Bounds      |     Work
 Expl Unexpl |  Obj  Depth IntInf | Incumbent    BestBd   Gap | It/Node Time

     0     0   43.00000    0  813          -   43.00000      -     -    2s
     0     0   43.00000    0  708          -   43.00000      -     -    5s
     0     0   43.00000    0  771          -   43.00000      -     -    5s
     0     0   43.00000    0  752          -   43.00000      -     -    8s
     0     0   43.00000    0  752          -   43.00000      -     -   10s
     0     2   43.00000    0  752          -   43.00000      -     -   13s
     3     8   43.00000    2  591          -   43.00000      -  1904   15s
    63   106 infeasible    6               -   43.00000      -   598   21s
   189   194   43.00000    8  832          -   43.00000      -   996   26s
   388   383   43.00000   10  779          -   43.00000      -   837   33s
   566   435 infeasible   11               -   43.00000      -   835   37s
   752   441 infeasible   15               -   43.00000      -   976   42s
  1218   469   43.00000   13  892          -   43.00000      -   760   48s
  1596   513 infeasible    9               -   43.00000      -   738   54s
  2064   538   43.00000   16  970          -   43.00000      -   719   58s
  2671   511 infeasible    9               -   43.00000      -   666   62s
  3196   484 infeasible   10               -   43.00000      -   667   65s
  3691   459   43.00000   11  755          -   43.00000      -   667   72s
  4240   418   43.00000   11  837          -   43.00000      -   661   80s
  4775   411   43.00000   12  859          -   43.00000      -   660   87s
  5262   369 infeasible   16               -   43.00000      -   660   95s
  5756   282 infeasible   10               -   43.00000      -   662  102s
  6207   264 infeasible   18               -   43.00000      -   662  108s
  6629   237 infeasible   21               -   43.00000      -   661  114s
  7048   145 infeasible   10               -   43.00000      -   661  118s
  7396    85   43.00000   11  886          -   43.00000      -   661  120s
  7862     0 infeasible   17               -   43.00000      -   661  126s

Cutting planes:
  Gomory: 1
  Lift-and-project: 1
  Flow cover: 11
  Zero half: 846
  RLT: 79

Explored 7875 nodes (5226322 simplex iterations) in 126.47 seconds (97.73 work units)
Thread count was 64 (of 64 available processors)

Solution count 0
No other solutions better than -1e+100

Model is infeasible
Best objective -, best bound -, gap -
      265.68 - 	Solution num 0:
      265.73 - increase high_eq_constraint to 5

Set parameter Username
Academic license - for non-commercial use only - expires 2022-06-20
Set parameter Threads to value 64
Set parameter MIPFocus to value 3
      265.77 - there are 134 short nonlinear (11) polynomial
Set parameter TimeLimit to value 1800
Gurobi Optimizer version 9.5.0 build v9.5.0rc5 (linux64)
Thread count: 32 physical cores, 64 logical processors, using up to 64 threads
Optimize a model with 5136 rows, 2496 columns and 16067 nonzeros
Model fingerprint: 0xc587a8dc
Variable types: 0 continuous, 2496 integer (2496 binary)
Coefficient statistics:
  Matrix range     [1e+00, 1e+00]
  Objective range  [1e+00, 1e+00]
  Bounds range     [1e+00, 1e+00]
  RHS range        [5e+00, 2e+02]
Presolve removed 975 rows and 975 columns
Presolve time: 0.01s
Presolved: 4161 rows, 1521 columns, 13995 nonzeros
Variable types: 0 continuous, 1521 integer (1521 binary)
Root relaxation presolved: 4161 rows, 1521 columns, 13995 nonzeros


Root relaxation: objective 4.300000e+01, 3137 iterations, 0.44 seconds (0.54 work units)

    Nodes    |    Current Node    |     Objective Bounds      |     Work
 Expl Unexpl |  Obj  Depth IntInf | Incumbent    BestBd   Gap | It/Node Time

     0     0   43.00000    0  937          -   43.00000      -     -    2s
     0     0   43.00000    0  924          -   43.00000      -     -    5s
     0     0   43.00000    0  937          -   43.00000      -     -    5s
     0     0   43.00000    0  770          -   43.00000      -     -    8s
     0     0   43.00000    0  747          -   43.00000      -     -    8s
     0     0   43.00000    0  734          -   43.00000      -     -   11s
     0     0   43.00000    0  470          -   43.00000      -     -   14s
     0     2   43.00000    0  470          -   43.00000      -     -   17s
     7    16   43.00000    3  690          -   43.00000      -  1232   21s
    31    64   43.00000    5  544          -   43.00000      -   772   25s
   127   192   43.00000    7  737          -   43.00000      -   641   30s
   255   355   43.00000    8  744          -   43.00000      -   704   35s
   768   856   43.00000   10  847          -   43.00000      -   563   45s
  2058  1475   43.00000   17  889          -   43.00000      -   598   67s
  3462  1712   43.00000   16 1017          -   43.00000      -   515   88s
  5145  1937 infeasible   11               -   43.00000      -   483  108s
  7028  2181   43.00000   13  869          -   43.00000      -   467  130s
  9184  2328 infeasible   23               -   43.00000      -   457  146s
 11613  2514   43.00000   10  855          -   43.00000      -   455  156s
*11836  2514              11      43.0000000   43.00000  0.00%   454  156s

Cutting planes:
  Flow cover: 10
  Zero half: 460
  RLT: 48

Explored 14159 nodes (6543275 simplex iterations) in 156.24 seconds (133.84 work units)
Thread count was 64 (of 64 available processors)

Solution count 1: 43 

Optimal solution found (tolerance 1.00e-04)
Best objective 4.300000000000e+01, best bound 4.300000000000e+01, gap 0.0000%
      422.26 - 	Solution num 1:
guessed:  x644 x650 x673 x696 x774 x780 x801 x823 x824 x826 x857 x902 x903 x925 x928 x945 x982 x1023 x1037 x1038 x1050 x1057 x1088 x1094 x1095 x1115 x1117 x1140 x1142 x1154 x1167 x1173 x1180 x1231 x1250 x1272 x1283 x1310 x1312 x1321 x1333 x1344 x1367 x1388 x1389 x1390 x1394 x1406 x1420 x1421 x1475 x1477 x1489 x1492 x1494 x1501 x1502 x1503 x1512 x1514 x1516 x1518 x1519 x1521 x1551 x1552 x1553 x1571 x1573 x1605 x1607 x1610 x1612 x1616 x1618 x1628 x1630 x1634 x1640 x1652 x1655 x1657 x1672 x1673 x1676 x1678 x1688 x1690 x1694 x1695 x1715 x1717 x1745 x1747 x1770 x1782 x1784 x1788 x1803 x1805 x1824 x1825 x1828 x1830 x1840 x1842 x1846 x1847 x1902 x1905 x1907 x1919 x1933 x1960 x1975 x1976 x1987 x1991 x1993 x1994 x2012 x2015 x2016 x2036 x2037 x2039 x2040 x2060 x2079 x2086 x2092 x2106 x2109 x2114 x2174 x2175 x2179 x2180 x2193 x2200 x2202 x2206 x2215 x2217 x2218 x2220 x2221 x2223 x2224 x2235 x2237[151]
linearized equations:  6 8 11 12 13 33 35 54 56 57 58 77 79 98 99 100 102 104 114 116 118 120 121 139 141 161 164 166 176 181 182 183 203 204 206 207 208 218 220 222 224 225 247
      422.32 - target guess 150
Set parameter Username
Academic license - for non-commercial use only - expires 2022-06-20
Set parameter Threads to value 64
Set parameter MIPFocus to value 3
      422.36 - there are 134 short nonlinear (11) polynomial
Set parameter TimeLimit to value 1800
Gurobi Optimizer version 9.5.0 build v9.5.0rc5 (linux64)
Thread count: 32 physical cores, 64 logical processors, using up to 64 threads
Optimize a model with 5136 rows, 2496 columns and 16067 nonzeros
Model fingerprint: 0xc5d13257
Variable types: 0 continuous, 2496 integer (2496 binary)
Coefficient statistics:
  Matrix range     [1e+00, 1e+00]
  Objective range  [1e+00, 1e+00]
  Bounds range     [1e+00, 1e+00]
  RHS range        [4e+01, 2e+02]
Presolve removed 3660 rows and 1220 columns
Presolve time: 0.01s
Presolved: 1476 rows, 1276 columns, 5650 nonzeros
Variable types: 0 continuous, 1276 integer (1241 binary)
Root relaxation presolved: 1476 rows, 1276 columns, 5650 nonzeros


Root relaxation: infeasible, 2395 iterations, 0.12 seconds (0.15 work units)

    Nodes    |    Current Node    |     Objective Bounds      |     Work
 Expl Unexpl |  Obj  Depth IntInf | Incumbent    BestBd   Gap | It/Node Time

     0     0 infeasible    0               - infeasible      -     -    0s

Explored 1 nodes (2395 simplex iterations) in 0.14 seconds (0.17 work units)
Thread count was 64 (of 64 available processors)

Solution count 0
No other solutions better than -1e+100

Model is infeasible
Best objective -, best bound -, gap -
      422.51 - 	Solution num 0:
      422.51 - increase high_eq_constraint to 1

Set parameter Username
Academic license - for non-commercial use only - expires 2022-06-20
Set parameter Threads to value 64
Set parameter MIPFocus to value 3
      422.52 - there are 134 short nonlinear (11) polynomial
Set parameter TimeLimit to value 1800
Gurobi Optimizer version 9.5.0 build v9.5.0rc5 (linux64)
Thread count: 32 physical cores, 64 logical processors, using up to 64 threads
Optimize a model with 5136 rows, 2496 columns and 16067 nonzeros
Model fingerprint: 0x6c65e6fd
Variable types: 0 continuous, 2496 integer (2496 binary)
Coefficient statistics:
  Matrix range     [1e+00, 1e+00]
  Objective range  [1e+00, 1e+00]
  Bounds range     [1e+00, 1e+00]
  RHS range        [1e+00, 2e+02]
Presolve removed 975 rows and 975 columns
Presolve time: 0.01s
Presolved: 4161 rows, 1521 columns, 13995 nonzeros
Variable types: 0 continuous, 1521 integer (1521 binary)
Root relaxation presolved: 4161 rows, 1521 columns, 13995 nonzeros


Root relaxation: infeasible, 3208 iterations, 0.36 seconds (0.51 work units)

    Nodes    |    Current Node    |     Objective Bounds      |     Work
 Expl Unexpl |  Obj  Depth IntInf | Incumbent    BestBd   Gap | It/Node Time

     0     0 infeasible    0               - infeasible      -     -    0s

Explored 1 nodes (3208 simplex iterations) in 0.39 seconds (0.53 work units)
Thread count was 64 (of 64 available processors)

Solution count 0
No other solutions better than -1e+100

Model is infeasible
Best objective -, best bound -, gap -
      422.92 - 	Solution num 0:
      422.92 - increase high_eq_constraint to 2

Set parameter Username
Academic license - for non-commercial use only - expires 2022-06-20
Set parameter Threads to value 64
Set parameter MIPFocus to value 3
      422.94 - there are 134 short nonlinear (11) polynomial
Set parameter TimeLimit to value 1800
Gurobi Optimizer version 9.5.0 build v9.5.0rc5 (linux64)
Thread count: 32 physical cores, 64 logical processors, using up to 64 threads
Optimize a model with 5136 rows, 2496 columns and 16067 nonzeros
Model fingerprint: 0x446662d4
Variable types: 0 continuous, 2496 integer (2496 binary)
Coefficient statistics:
  Matrix range     [1e+00, 1e+00]
  Objective range  [1e+00, 1e+00]
  Bounds range     [1e+00, 1e+00]
  RHS range        [2e+00, 2e+02]
Presolve removed 975 rows and 975 columns
Presolve time: 0.01s
Presolved: 4161 rows, 1521 columns, 13995 nonzeros
Variable types: 0 continuous, 1521 integer (1521 binary)
Root relaxation presolved: 4161 rows, 1521 columns, 13995 nonzeros


Root relaxation: objective 4.400000e+01, 3160 iterations, 0.37 seconds (0.54 work units)

    Nodes    |    Current Node    |     Objective Bounds      |     Work
 Expl Unexpl |  Obj  Depth IntInf | Incumbent    BestBd   Gap | It/Node Time

     0     0   44.00000    0  580          -   44.00000      -     -    1s

Cutting planes:
  Gomory: 21
  Zero half: 91
  RLT: 2

Explored 1 nodes (5312 simplex iterations) in 1.52 seconds (1.33 work units)
Thread count was 64 (of 64 available processors)

Solution count 0
No other solutions better than -1e+100

Model is infeasible
Best objective -, best bound -, gap -
      424.45 - 	Solution num 0:
      424.45 - increase high_eq_constraint to 3

Set parameter Username
Academic license - for non-commercial use only - expires 2022-06-20
Set parameter Threads to value 64
Set parameter MIPFocus to value 3
      424.49 - there are 134 short nonlinear (11) polynomial
Set parameter TimeLimit to value 1800
Gurobi Optimizer version 9.5.0 build v9.5.0rc5 (linux64)
Thread count: 32 physical cores, 64 logical processors, using up to 64 threads
Optimize a model with 5136 rows, 2496 columns and 16067 nonzeros
Model fingerprint: 0xbeae893c
Variable types: 0 continuous, 2496 integer (2496 binary)
Coefficient statistics:
  Matrix range     [1e+00, 1e+00]
  Objective range  [1e+00, 1e+00]
  Bounds range     [1e+00, 1e+00]
  RHS range        [3e+00, 2e+02]
Presolve removed 975 rows and 975 columns
Presolve time: 0.01s
Presolved: 4161 rows, 1521 columns, 13995 nonzeros
Variable types: 0 continuous, 1521 integer (1521 binary)
Root relaxation presolved: 4161 rows, 1521 columns, 13995 nonzeros


Root relaxation: objective 4.400000e+01, 3016 iterations, 0.31 seconds (0.50 work units)

    Nodes    |    Current Node    |     Objective Bounds      |     Work
 Expl Unexpl |  Obj  Depth IntInf | Incumbent    BestBd   Gap | It/Node Time

     0     0   44.00000    0  546          -   44.00000      -     -    1s
     0     0   44.00000    0  629          -   44.00000      -     -    3s
     0     0   44.00000    0  569          -   44.00000      -     -    3s
     0     0 -1.000e+100    0  546          - infeasible      -     -    5s

Cutting planes:
  Gomory: 6
  Lift-and-project: 10
  Flow cover: 1
  Zero half: 77
  RLT: 4

Explored 1 nodes (20649 simplex iterations) in 5.75 seconds (6.33 work units)
Thread count was 64 (of 64 available processors)

Solution count 0
No other solutions better than -1e+100

Model is infeasible
Best objective -, best bound -, gap -
      430.24 - 	Solution num 0:
      430.25 - increase high_eq_constraint to 4

Set parameter Username
Academic license - for non-commercial use only - expires 2022-06-20
Set parameter Threads to value 64
Set parameter MIPFocus to value 3
      430.29 - there are 134 short nonlinear (11) polynomial
Set parameter TimeLimit to value 1800
Gurobi Optimizer version 9.5.0 build v9.5.0rc5 (linux64)
Thread count: 32 physical cores, 64 logical processors, using up to 64 threads
Optimize a model with 5136 rows, 2496 columns and 16067 nonzeros
Model fingerprint: 0xfc5332ba
Variable types: 0 continuous, 2496 integer (2496 binary)
Coefficient statistics:
  Matrix range     [1e+00, 1e+00]
  Objective range  [1e+00, 1e+00]
  Bounds range     [1e+00, 1e+00]
  RHS range        [4e+00, 2e+02]
Presolve removed 975 rows and 975 columns
Presolve time: 0.01s
Presolved: 4161 rows, 1521 columns, 13995 nonzeros
Variable types: 0 continuous, 1521 integer (1521 binary)
Root relaxation presolved: 4161 rows, 1521 columns, 13995 nonzeros


Root relaxation: objective 4.400000e+01, 3014 iterations, 0.37 seconds (0.52 work units)

    Nodes    |    Current Node    |     Objective Bounds      |     Work
 Expl Unexpl |  Obj  Depth IntInf | Incumbent    BestBd   Gap | It/Node Time

     0     0   44.00000    0  691          -   44.00000      -     -    2s
     0     0   44.00000    0  671          -   44.00000      -     -    4s
     0     0   44.00000    0  655          -   44.00000      -     -    5s
     0     0   44.00000    0  655          -   44.00000      -     -    6s
     0     2   44.00000    0  511          -   44.00000      -     -   10s
    15    20   44.00000    4  800          -   44.00000      -  1006   15s
    75    32   44.00000    7  731          -   44.00000      -   945   20s
   291     2   44.00000   13  769          -   44.00000      -   858   25s

Cutting planes:
  Gomory: 3
  Lift-and-project: 1
  Flow cover: 13
  Zero half: 760
  RLT: 45

Explored 301 nodes (277460 simplex iterations) in 25.65 seconds (22.73 work units)
Thread count was 64 (of 64 available processors)

Solution count 0
No other solutions better than -1e+100

Model is infeasible
Best objective -, best bound -, gap -
      455.95 - 	Solution num 0:
      455.97 - increase high_eq_constraint to 5

Set parameter Username
Academic license - for non-commercial use only - expires 2022-06-20
Set parameter Threads to value 64
Set parameter MIPFocus to value 3
      456.01 - there are 134 short nonlinear (11) polynomial
Set parameter TimeLimit to value 1800
Gurobi Optimizer version 9.5.0 build v9.5.0rc5 (linux64)
Thread count: 32 physical cores, 64 logical processors, using up to 64 threads
Optimize a model with 5136 rows, 2496 columns and 16067 nonzeros
Model fingerprint: 0x378ed11c
Variable types: 0 continuous, 2496 integer (2496 binary)
Coefficient statistics:
  Matrix range     [1e+00, 1e+00]
  Objective range  [1e+00, 1e+00]
  Bounds range     [1e+00, 1e+00]
  RHS range        [5e+00, 2e+02]
Presolve removed 975 rows and 975 columns
Presolve time: 0.01s
Presolved: 4161 rows, 1521 columns, 13995 nonzeros
Variable types: 0 continuous, 1521 integer (1521 binary)
Root relaxation presolved: 4161 rows, 1521 columns, 13995 nonzeros


Root relaxation: objective 4.400000e+01, 3159 iterations, 0.29 seconds (0.54 work units)

    Nodes    |    Current Node    |     Objective Bounds      |     Work
 Expl Unexpl |  Obj  Depth IntInf | Incumbent    BestBd   Gap | It/Node Time

     0     0   44.00000    0  962          -   44.00000      -     -    1s
     0     0   44.00000    0  640          -   44.00000      -     -    3s
     0     0   44.00000    0  661          -   44.00000      -     -    3s
     0     0   44.00000    0  653          -   44.00000      -     -    6s
     0     0   44.00000    0  653          -   44.00000      -     -    7s
     0     2   44.00000    0  653          -   44.00000      -     -   10s
    31    62   44.00000    5  716          -   44.00000      -   844   16s
    63   122   44.00000    6  605          -   44.00000      -   666   20s
   125   178   44.00000    7  845          -   44.00000      -   731   27s
   189   220 infeasible    8               -   44.00000      -   959   31s
   253   320   44.00000    9  798          -   44.00000      -   934   37s
   403   330 infeasible    9               -   44.00000      -   757   44s
   573   333   44.00000    9  782          -   44.00000      -   814   48s
   960   322 infeasible   11               -   44.00000      -   664   53s
  1123   301 infeasible   12               -   44.00000      -   804   59s
  1400   283   44.00000   15  863          -   44.00000      -   797   61s
  1684   298 infeasible   16               -   44.00000      -   738   65s
  2286   285 infeasible   18               -   44.00000      -   659   73s
  2586   292 infeasible   13               -   44.00000      -   635   76s
  2895   243 infeasible   14               -   44.00000      -   614   82s
  3136   164 infeasible   14               -   44.00000      -   627   85s
  3764    94   44.00000   11  864          -   44.00000      -   597   92s
  4086    28 infeasible   15               -   44.00000      -   586   96s
  4268     2 infeasible   15               -   44.00000      -   582  100s

Cutting planes:
  Gomory: 3
  Lift-and-project: 1
  Flow cover: 28
  Zero half: 716
  RLT: 87

Explored 4283 nodes (2515176 simplex iterations) in 103.06 seconds (68.05 work units)
Thread count was 64 (of 64 available processors)

Solution count 0
No other solutions better than -1e+100

Model is infeasible
Best objective -, best bound -, gap -
      559.13 - 	Solution num 0:
      559.22 - increase high_eq_constraint to 6

Set parameter Username
Academic license - for non-commercial use only - expires 2022-06-20
Set parameter Threads to value 64
Set parameter MIPFocus to value 3
      559.26 - there are 134 short nonlinear (11) polynomial
Set parameter TimeLimit to value 1800
Gurobi Optimizer version 9.5.0 build v9.5.0rc5 (linux64)
Thread count: 32 physical cores, 64 logical processors, using up to 64 threads
Optimize a model with 5136 rows, 2496 columns and 16067 nonzeros
Model fingerprint: 0x7cc5802b
Variable types: 0 continuous, 2496 integer (2496 binary)
Coefficient statistics:
  Matrix range     [1e+00, 1e+00]
  Objective range  [1e+00, 1e+00]
  Bounds range     [1e+00, 1e+00]
  RHS range        [6e+00, 2e+02]
Presolve removed 975 rows and 975 columns
Presolve time: 0.02s
Presolved: 4161 rows, 1521 columns, 13995 nonzeros
Variable types: 0 continuous, 1521 integer (1521 binary)
Root relaxation presolved: 4161 rows, 1521 columns, 13995 nonzeros


Root relaxation: objective 4.400000e+01, 3401 iterations, 0.50 seconds (0.59 work units)

    Nodes    |    Current Node    |     Objective Bounds      |     Work
 Expl Unexpl |  Obj  Depth IntInf | Incumbent    BestBd   Gap | It/Node Time

     0     0   44.00000    0  713          -   44.00000      -     -    3s
     0     0   44.00000    0  723          -   44.00000      -     -    5s
     0     0   44.00000    0  656          -   44.00000      -     -    5s
     0     0   44.00000    0  580          -   44.00000      -     -    8s
     0     0   44.00000    0  925          -   44.00000      -     -    8s
     0     0   44.00000    0  708          -   44.00000      -     -   11s
     0     0   44.00000    0  708          -   44.00000      -     -   13s
     0     2   44.00000    0  708          -   44.00000      -     -   16s
    15    32   44.00000    4  773          -   44.00000      -  1096   20s
    63   124   44.00000    6  906          -   44.00000      -   723   25s
   255   424   44.00000    9  846          -   44.00000      -   832   31s
   854   757   44.00000    8  703          -   44.00000      -   450   41s
  1222   904   44.00000   15  792          -   44.00000      -   511   47s
  1981   998 infeasible   12               -   44.00000      -   443   55s
  2891  1152   44.00000    9  609          -   44.00000      -   412   63s
  3931  1264   44.00000   12  931          -   44.00000      -   394   73s
  5071  1362   44.00000   11  860          -   44.00000      -   386   85s
  6405  1440   44.00000   16  924          -   44.00000      -   379   98s
  7893  1471   44.00000    9  836          -   44.00000      -   375  112s
  9480  1490   44.00000   10  779          -   44.00000      -   374  126s
 11119  1488   44.00000   17  815          -   44.00000      -   373  136s
 12895  1529   44.00000   12  920          -   44.00000      -   372  150s
 14720  1513   44.00000   13  833          -   44.00000      -   372  168s
 16556  1475 infeasible   14               -   44.00000      -   375  186s
 18544  1430   44.00000   14  895          -   44.00000      -   375  204s
 20611  1340 infeasible   17               -   44.00000      -   376  222s
 22635  1243   44.00000   16 1027          -   44.00000      -   377  241s
 24644  1197 infeasible   18               -   44.00000      -   378  255s
 26686  1099   44.00000   11  860          -   44.00000      -   378  271s
 28706   918 infeasible   15               -   44.00000      -   379  289s
 30767   828 infeasible   18               -   44.00000      -   380  307s
 32717   771   44.00000   17 1058          -   44.00000      -   383  321s
 34768   704   44.00000   21  798          -   44.00000      -   383  335s
 36873   682   44.00000   10  645          -   44.00000      -   383  349s
 38991   692 infeasible   21               -   44.00000      -   381  364s
 41236   693   44.00000   18  708          -   44.00000      -   380  368s
 41238   694   44.00000   11  713          -   44.00000      -   380  372s
 41240   696   44.00000   16  736          -   44.00000      -   380  375s
 41241   696   44.00000   18  721          -   44.00000      -   380  380s
 41242   697   44.00000   18  736          -   44.00000      -   380  391s
 41243   698   44.00000   11  697          -   44.00000      -   380  407s
 41244   698   44.00000   19  697          -   44.00000      -   380  421s
 41245   699   44.00000   16  697          -   44.00000      -   380  429s
 41246   703   44.00000   12  702          -   44.00000      -   1.0  460s
 41248   706   44.00000   13  653          -   44.00000      -   1.0  471s
 41252   713   44.00000   14  536          -   44.00000      -   1.0  489s
 41260   726   44.00000   15  541          -   44.00000      -   1.1  498s
 41276   753   44.00000   16  726          -   44.00000      -   1.5  504s
 41304   743   44.00000   16  883          -   44.00000      -   1.9  505s
 41308   806   44.00000   17  639          -   44.00000      -   1.9  510s
 41372   833   44.00000   18  758          -   44.00000      -   3.4  517s
 41436   855   44.00000   19  643          -   44.00000      -   4.5  525s
 41500   948   44.00000   20  797          -   44.00000      -   7.5  537s
 41702  1049   44.00000   22  758          -   44.00000      -  12.6  566s
 42095  1190 infeasible   23               -   44.00000      -  16.5  587s
 43331   827   44.00000   31  810          -   44.00000      -  27.8  618s
 44602   870   44.00000   27  780          -   44.00000      -  39.5  682s
 45517   900   44.00000   29  741          -   44.00000      -  52.4  720s
 46851   891   44.00000   29  758          -   44.00000      -  62.4  746s
 48204   900   44.00000   32  823          -   44.00000      -  72.2  761s
 49487   864   44.00000   32  718          -   44.00000      -  80.8  804s
 50931   825   44.00000   22  844          -   44.00000      -  89.8  848s
 52264   738 infeasible   34               -   44.00000      -  97.8  882s
 53571   644   44.00000   30  775          -   44.00000      -   105  924s
 54839   620   44.00000   22  855          -   44.00000      -   112  960s
 55375   562 infeasible   23               -   44.00000      -   115  996s
 56713   591   44.00000   34  805          -   44.00000      -   121 1019s
 57914   701 infeasible   34               -   44.00000      -   127 1035s
 59356   613   44.00000   35  839          -   44.00000      -   133 1054s
 60968   554   44.00000   29  786          -   44.00000      -   141 1076s
 62295   484 infeasible   25               -   44.00000      -   146 1097s
 63583   473   44.00000   36  789          -   44.00000      -   152 1112s
 64826   618   44.00000   29  754          -   44.00000      -   156 1126s
 66189   595   44.00000   29  893          -   44.00000      -   161 1152s
 67678   439   44.00000   29  781          -   44.00000      -   167 1172s
 69214   308   44.00000   35  789          -   44.00000      -   172 1183s
 70571   250   44.00000   34  860          -   44.00000      -   176 1199s
 71711   124   44.00000   35  824          -   44.00000      -   180 1216s
 72685    22 infeasible   34               -   44.00000      -   183 1229s
 73089     0 infeasible   32               -   44.00000      -   185 1233s

Cutting planes:
  Gomory: 6
  Lift-and-project: 3
  Flow cover: 72
  Zero half: 1498
  RLT: 111

Explored 73179 nodes (29253382 simplex iterations) in 1234.02 seconds (894.61 work units)
Thread count was 64 (of 64 available processors)

Solution count 0
No other solutions better than -1e+100

Model is infeasible
Best objective -, best bound -, gap -
     1793.31 - 	Solution num 0:
     1793.37 - increase high_eq_constraint to 7

Set parameter Username
Academic license - for non-commercial use only - expires 2022-06-20
Set parameter Threads to value 64
Set parameter MIPFocus to value 3
     1793.41 - there are 134 short nonlinear (11) polynomial
Set parameter TimeLimit to value 1800
Gurobi Optimizer version 9.5.0 build v9.5.0rc5 (linux64)
Thread count: 32 physical cores, 64 logical processors, using up to 64 threads
Optimize a model with 5136 rows, 2496 columns and 16067 nonzeros
Model fingerprint: 0x16abd67c
Variable types: 0 continuous, 2496 integer (2496 binary)
Coefficient statistics:
  Matrix range     [1e+00, 1e+00]
  Objective range  [1e+00, 1e+00]
  Bounds range     [1e+00, 1e+00]
  RHS range        [7e+00, 2e+02]
Presolve removed 975 rows and 975 columns
Presolve time: 0.01s
Presolved: 4161 rows, 1521 columns, 13995 nonzeros
Variable types: 0 continuous, 1521 integer (1521 binary)
Root relaxation presolved: 4161 rows, 1521 columns, 13995 nonzeros


Root relaxation: objective 4.400000e+01, 3570 iterations, 0.44 seconds (0.67 work units)

    Nodes    |    Current Node    |     Objective Bounds      |     Work
 Expl Unexpl |  Obj  Depth IntInf | Incumbent    BestBd   Gap | It/Node Time

     0     0   44.00000    0  891          -   44.00000      -     -    1s
     0     0   44.00000    0  884          -   44.00000      -     -    3s
     0     0   44.00000    0  885          -   44.00000      -     -    3s
     0     0   44.00000    0  845          -   44.00000      -     -    6s
     0     0   44.00000    0  845          -   44.00000      -     -    8s
     0     2   44.00000    0  645          -   44.00000      -     -   13s
     3     8   44.00000    2  460          -   44.00000      -  2959   15s
    31    52   44.00000    5  788          -   44.00000      -  1042   20s
   115   124   44.00000    7  699          -   44.00000      -   908   27s
   243   204   44.00000    9  768          -   44.00000      -  1072   32s
   307   363   44.00000   10  785          -   44.00000      -   974   35s
   799  1312   44.00000   17  853          -   44.00000      -   723   47s
  1567  1926   44.00000   17  819          -   44.00000      -   615   61s
  2797  2671   44.00000   30  778          -   44.00000      -   611   72s
  4660  3785   44.00000   17  854          -   44.00000      -   616  106s
  7580  4781   44.00000   20  944          -   44.00000      -   578  164s
 10816  5508 infeasible   33               -   44.00000      -   590  208s
 14111  6189   44.00000   17  655          -   44.00000      -   603  268s
 17913  6190   44.00000   32  845          -   44.00000      -   580  271s
 17915  6191   44.00000   21  891          -   44.00000      -   580  276s
 17917  6193   44.00000   21  864          -   44.00000      -   579  281s
 17918  6193   44.00000   35  821          -   44.00000      -   579  286s
 17920  6195   44.00000   17  809          -   44.00000      -   579  296s
 17921  6195   44.00000   17  809          -   44.00000      -   579  307s
 17923  6200   44.00000   12  725          -   44.00000      -   2.2  325s
 17925  6203   44.00000   13  744          -   44.00000      -   2.2  338s
 17929  6210   44.00000   14  683          -   44.00000      -   2.3  361s
 17937  6223   44.00000   15  841          -   44.00000      -   2.6  369s
 17953  6250   44.00000   16  899          -   44.00000      -   3.3  380s
 17985  6303   44.00000   17  574          -   44.00000      -   4.3  386s
 18047  6282   44.00000   17  863          -   44.00000      -   6.5  394s
 18049  6344   44.00000   18  813          -   44.00000      -   6.6  400s
 18113  6368   44.00000   19  875          -   44.00000      -  11.8  413s
 18177  6484 infeasible   20               -   44.00000      -  17.2  437s
 18356  6611   44.00000   21  879          -   44.00000      -  24.4  479s
 18412  6593   44.00000   22  764          -   44.00000      -  30.2  480s
 18691  6736 infeasible   25               -   44.00000      -  51.2  560s
 19593  6625   44.00000   24  861          -   44.00000      -   101  602s
 21129  6264   44.00000   23  635          -   44.00000      -   128  620s
 22830  5852   44.00000   25  950          -   44.00000      -   153  656s
 24567  5367 infeasible   24               -   44.00000      -   174  680s
 26445  4780   44.00000   33 1036          -   44.00000      -   194  728s
 26983  5044 infeasible   30               -   44.00000      -   199  770s
 29792  4495   44.00000   30  772          -   44.00000      -   215  815s
 33148  3620   44.00000   33  880          -   44.00000      -   230  879s
 36683  2712 infeasible   34               -   44.00000      -   245  910s
 40008  3050 infeasible   29               -   44.00000      -   256  946s
 44614  3308   44.00000   29  920          -   44.00000      -   265  993s
 49348  3354 infeasible   37               -   44.00000      -   274 1051s
 55170  3492   44.00000   33  939          -   44.00000      -   283 1104s
 59936  3501 infeasible   35               -   44.00000      -   289 1157s
 64541  3619   44.00000   36  942          -   44.00000      -   295 1231s
 69411  3527   44.00000   30  973          -   44.00000      -   300 1270s
 74447  3614   44.00000   39  933          -   44.00000      -   305 1340s
 75160  3520 infeasible   50               -   44.00000      -   306 1421s
 81274  3241 infeasible   41               -   44.00000      -   312 1475s
 87337  3044 infeasible   33               -   44.00000      -   317 1565s
 93442  2680   44.00000   38  875          -   44.00000      -   321 1643s
 99316  2663   44.00000   24  784          -   44.00000      -   326 1695s
 105433  2977   44.00000   24  730          -   44.00000      -   329 1752s
 112667  3386   44.00000   34  787          -   44.00000      -   331 1800s

Cutting planes:
  Gomory: 2
  Lift-and-project: 3
  MIR: 1
  Flow cover: 57
  Zero half: 1632
  RLT: 128

Explored 118438 nodes (49845702 simplex iterations) in 1800.17 seconds (1414.20 work units)
Thread count was 64 (of 64 available processors)

Solution count 0

Time limit reached
Best objective -, best bound 4.400000000000e+01, gap -
     3593.81 - best linearization 43


