
# variables: 2240
# non-linear: 256

        0.00 - Start computation

        0.00 - target guess 160
Set parameter Username
Academic license - for non-commercial use only - expires 2022-06-20
Set parameter Threads to value 64
Set parameter MIPFocus to value 3
        0.05 - there are 130 short nonlinear (11) polynomial
Set parameter TimeLimit to value 1800
Gurobi Optimizer version 9.5.0 build v9.5.0rc5 (linux64)
Thread count: 32 physical cores, 64 logical processors, using up to 64 threads
Optimize a model with 5189 rows, 2496 columns and 16212 nonzeros
Model fingerprint: 0xf41ca7e9
Variable types: 0 continuous, 2496 integer (2496 binary)
Coefficient statistics:
  Matrix range     [1e+00, 1e+00]
  Objective range  [1e+00, 1e+00]
  Bounds range     [1e+00, 1e+00]
  RHS range        [3e+01, 2e+02]
Presolve removed 3757 rows and 1237 columns
Presolve time: 0.01s
Presolved: 1432 rows, 1259 columns, 5484 nonzeros
Variable types: 0 continuous, 1259 integer (1212 binary)
Root relaxation presolved: 1432 rows, 1259 columns, 5484 nonzeros


Root relaxation: objective 3.400000e+01, 1452 iterations, 0.05 seconds (0.04 work units)

    Nodes    |    Current Node    |     Objective Bounds      |     Work
 Expl Unexpl |  Obj  Depth IntInf | Incumbent    BestBd   Gap | It/Node Time

*    0     0               0      34.0000000   34.00000  0.00%     -    0s

Explored 1 nodes (2985 simplex iterations) in 0.36 seconds (0.18 work units)
Thread count was 64 (of 64 available processors)

Solution count 1: 34 

Optimal solution found (tolerance 1.00e-04)
Best objective 3.400000000000e+01, best bound 3.400000000000e+01, gap 0.0000%
        0.41 - 	Solution num 1:
guessed:  x649 x656 x660 x683 x699 x700 x701 x712 x713 x774 x779 x780 x786 x788 x790 x829 x865 x875 x943 x992 x1043 x1048 x1054 x1068 x1082 x1089 x1096 x1104 x1106 x1143 x1144 x1145 x1157 x1158 x1159 x1168 x1175 x1185 x1204 x1218 x1220 x1239 x1256 x1257 x1258 x1264 x1269 x1270 x1274 x1278 x1284 x1285 x1315 x1317 x1322 x1332 x1339 x1340 x1347 x1353 x1355 x1379 x1395 x1401 x1407 x1435 x1492 x1503 x1520 x1528 x1530 x1542 x1560 x1570 x1578 x1580 x1600 x1604 x1619 x1620 x1621 x1625 x1626 x1627 x1629 x1631 x1636 x1644 x1646 x1648 x1679 x1680 x1689 x1692 x1696 x1700 x1702 x1704 x1706 x1758 x1769 x1776 x1783 x1785 x1792 x1794 x1831 x1832 x1834 x1838 x1843 x1848 x1852 x1854 x1856 x1861 x1893 x1908 x1910 x1916 x1918 x1971 x1983 x1987 x1999 x2001 x2002 x2011 x2018 x2022 x2026 x2027 x2043 x2044 x2045 x2049 x2050 x2056 x2059 x2067 x2093 x2095 x2117 x2118 x2125 x2140 x2141 x2164 x2189 x2191 x2192 x2206 x2208 x2209 x2212 x2224 x2229 x2231 x2232 x2235[160]
linearized equations:  4 7 9 10 14 18 20 22 24 61 62 68 89 105 106 107 115 117 128 152 167 169 170 177 188 193 209 210 211 212 218 230 234 236
        0.41 - target guess 159
Set parameter Username
Academic license - for non-commercial use only - expires 2022-06-20
Set parameter Threads to value 64
Set parameter MIPFocus to value 3
        0.44 - there are 130 short nonlinear (11) polynomial
Set parameter TimeLimit to value 1800
Gurobi Optimizer version 9.5.0 build v9.5.0rc5 (linux64)
Thread count: 32 physical cores, 64 logical processors, using up to 64 threads
Optimize a model with 5189 rows, 2496 columns and 16212 nonzeros
Model fingerprint: 0xfe72e847
Variable types: 0 continuous, 2496 integer (2496 binary)
Coefficient statistics:
  Matrix range     [1e+00, 1e+00]
  Objective range  [1e+00, 1e+00]
  Bounds range     [1e+00, 1e+00]
  RHS range        [4e+01, 2e+02]
Presolve removed 3757 rows and 1237 columns
Presolve time: 0.01s
Presolved: 1432 rows, 1259 columns, 5484 nonzeros
Variable types: 0 continuous, 1259 integer (1212 binary)
Root relaxation presolved: 1432 rows, 1259 columns, 5484 nonzeros


Root relaxation: objective 3.500000e+01, 1510 iterations, 0.06 seconds (0.05 work units)

    Nodes    |    Current Node    |     Objective Bounds      |     Work
 Expl Unexpl |  Obj  Depth IntInf | Incumbent    BestBd   Gap | It/Node Time

     0     0   35.00000    0  195          -   35.00000      -     -    0s
H    0     0                      35.0000000   35.00000  0.00%     -    0s

Cutting planes:
  Gomory: 10
  Zero half: 87
  RLT: 1

Explored 1 nodes (3820 simplex iterations) in 0.58 seconds (0.29 work units)
Thread count was 64 (of 64 available processors)

Solution count 1: 35 

Optimal solution found (tolerance 1.00e-04)
Best objective 3.500000000000e+01, best bound 3.500000000000e+01, gap 0.0000%
        1.02 - 	Solution num 1:
guessed:  x645 x649 x656 x660 x699 x712 x713 x770 x775 x779 x786 x788 x790 x829 x865 x875 x998 x1040 x1043 x1044 x1054 x1068 x1082 x1089 x1096 x1104 x1106 x1145 x1157 x1158 x1159 x1168 x1175 x1185 x1204 x1212 x1218 x1239 x1256 x1257 x1258 x1265 x1269 x1270 x1274 x1278 x1284 x1285 x1315 x1317 x1322 x1332 x1340 x1347 x1355 x1379 x1395 x1426 x1434 x1491 x1492 x1503 x1508 x1509 x1520 x1521 x1528 x1542 x1558 x1560 x1567 x1570 x1578 x1601 x1607 x1619 x1621 x1625 x1626 x1627 x1628 x1631 x1632 x1636 x1644 x1646 x1679 x1680 x1681 x1689 x1692 x1696 x1700 x1704 x1706 x1758 x1776 x1781 x1783 x1785 x1792 x1794 x1831 x1834 x1836 x1839 x1841 x1843 x1848 x1852 x1856 x1861 x1898 x1908 x1910 x1916 x1918 x1947 x1983 x1988 x1999 x2001 x2002 x2011 x2018 x2022 x2026 x2027 x2043 x2044 x2045 x2047 x2049 x2050 x2052 x2056 x2059 x2067 x2093 x2095 x2106 x2117 x2118 x2121 x2141 x2164 x2177 x2189 x2191 x2206 x2208 x2209 x2212 x2223 x2224 x2229 x2231 x2233 x2235[159]
linearized equations:  0 5 7 9 10 14 18 22 24 61 62 68 89 105 106 107 115 117 118 128 152 167 169 170 177 188 193 209 210 211 212 214 230 234 236
        1.02 - target guess 158
Set parameter Username
Academic license - for non-commercial use only - expires 2022-06-20
Set parameter Threads to value 64
Set parameter MIPFocus to value 3
        1.07 - there are 130 short nonlinear (11) polynomial
Set parameter TimeLimit to value 1800
Gurobi Optimizer version 9.5.0 build v9.5.0rc5 (linux64)
Thread count: 32 physical cores, 64 logical processors, using up to 64 threads
Optimize a model with 5189 rows, 2496 columns and 16212 nonzeros
Model fingerprint: 0x39460131
Variable types: 0 continuous, 2496 integer (2496 binary)
Coefficient statistics:
  Matrix range     [1e+00, 1e+00]
  Objective range  [1e+00, 1e+00]
  Bounds range     [1e+00, 1e+00]
  RHS range        [4e+01, 2e+02]
Presolve removed 3757 rows and 1237 columns
Presolve time: 0.01s
Presolved: 1432 rows, 1259 columns, 5484 nonzeros
Variable types: 0 continuous, 1259 integer (1212 binary)
Root relaxation presolved: 1432 rows, 1259 columns, 5484 nonzeros


Root relaxation: objective 3.600000e+01, 1531 iterations, 0.06 seconds (0.05 work units)

    Nodes    |    Current Node    |     Objective Bounds      |     Work
 Expl Unexpl |  Obj  Depth IntInf | Incumbent    BestBd   Gap | It/Node Time

H    0     0                      36.0000000  130.00000   261%     -    0s
     0     0          -    0        36.00000   36.00000  0.00%     -    0s

Explored 1 nodes (3496 simplex iterations) in 0.39 seconds (0.20 work units)
Thread count was 64 (of 64 available processors)

Solution count 1: 36 

Optimal solution found (tolerance 1.00e-04)
Best objective 3.600000000000e+01, best bound 3.600000000000e+01, gap 0.0000%
        1.46 - 	Solution num 1:
guessed:  x644 x649 x656 x660 x683 x699 x712 x713 x774 x779 x780 x786 x788 x790 x829 x943 x992 x993 x1040 x1043 x1054 x1068 x1082 x1104 x1106 x1124 x1143 x1144 x1145 x1151 x1157 x1158 x1159 x1168 x1185 x1203 x1204 x1218 x1220 x1239 x1256 x1257 x1258 x1264 x1265 x1267 x1269 x1278 x1315 x1317 x1319 x1322 x1332 x1339 x1340 x1355 x1379 x1401 x1407 x1426 x1486 x1492 x1503 x1518 x1520 x1528 x1542 x1560 x1570 x1578 x1600 x1602 x1606 x1619 x1620 x1621 x1625 x1626 x1627 x1629 x1631 x1644 x1646 x1648 x1679 x1680 x1687 x1689 x1690 x1691 x1700 x1704 x1724 x1753 x1758 x1776 x1781 x1783 x1785 x1792 x1794 x1812 x1831 x1834 x1838 x1839 x1841 x1843 x1852 x1856 x1890 x1893 x1908 x1910 x1916 x1918 x1971 x1983 x1987 x1990 x1999 x2001 x2002 x2009 x2011 x2022 x2026 x2027 x2043 x2044 x2045 x2046 x2048 x2049 x2050 x2056 x2067 x2074 x2093 x2094 x2095 x2118 x2125 x2140 x2141 x2164 x2189 x2191 x2192 x2206 x2208 x2209 x2212 x2223 x2224 x2229 x2231 x2235[158]
linearized equations:  4 5 7 9 10 18 22 24 42 61 62 68 86 89 105 106 107 113 115 117 128 152 167 169 170 177 188 193 209 210 211 212 218 230 234 236
        1.47 - target guess 157
Set parameter Username
Academic license - for non-commercial use only - expires 2022-06-20
Set parameter Threads to value 64
Set parameter MIPFocus to value 3
        1.49 - there are 130 short nonlinear (11) polynomial
Set parameter TimeLimit to value 1800
Gurobi Optimizer version 9.5.0 build v9.5.0rc5 (linux64)
Thread count: 32 physical cores, 64 logical processors, using up to 64 threads
Optimize a model with 5189 rows, 2496 columns and 16212 nonzeros
Model fingerprint: 0x24b274ad
Variable types: 0 continuous, 2496 integer (2496 binary)
Coefficient statistics:
  Matrix range     [1e+00, 1e+00]
  Objective range  [1e+00, 1e+00]
  Bounds range     [1e+00, 1e+00]
  RHS range        [4e+01, 2e+02]
Presolve removed 3757 rows and 1237 columns
Presolve time: 0.01s
Presolved: 1432 rows, 1259 columns, 5484 nonzeros
Variable types: 0 continuous, 1259 integer (1212 binary)
Root relaxation presolved: 1432 rows, 1259 columns, 5484 nonzeros


Root relaxation: objective 3.700000e+01, 1687 iterations, 0.07 seconds (0.06 work units)

    Nodes    |    Current Node    |     Objective Bounds      |     Work
 Expl Unexpl |  Obj  Depth IntInf | Incumbent    BestBd   Gap | It/Node Time

H    0     0                      37.0000000  130.00000   251%     -    0s
     0     0          -    0        37.00000   37.00000  0.00%     -    0s

Explored 1 nodes (3492 simplex iterations) in 0.40 seconds (0.22 work units)
Thread count was 64 (of 64 available processors)

Solution count 1: 37 

Optimal solution found (tolerance 1.00e-04)
Best objective 3.700000000000e+01, best bound 3.700000000000e+01, gap 0.0000%
        1.90 - 	Solution num 1:
guessed:  x644 x645 x656 x660 x683 x699 x745 x786 x790 x811 x812 x829 x875 x992 x993 x1043 x1068 x1082 x1089 x1104 x1106 x1124 x1142 x1143 x1145 x1151 x1158 x1159 x1168 x1185 x1204 x1218 x1220 x1239 x1257 x1258 x1264 x1265 x1284 x1315 x1319 x1320 x1322 x1332 x1340 x1355 x1372 x1377 x1379 x1401 x1408 x1434 x1485 x1486 x1490 x1492 x1503 x1509 x1528 x1530 x1539 x1542 x1560 x1578 x1580 x1599 x1600 x1602 x1606 x1619 x1620 x1625 x1626 x1627 x1629 x1644 x1646 x1648 x1679 x1680 x1681 x1687 x1689 x1700 x1702 x1704 x1707 x1724 x1753 x1755 x1769 x1776 x1781 x1783 x1792 x1794 x1812 x1813 x1831 x1832 x1834 x1838 x1839 x1841 x1852 x1870 x1890 x1891 x1893 x1908 x1910 x1916 x1918 x1939 x1971 x1983 x1987 x1999 x2001 x2002 x2011 x2019 x2024 x2026 x2027 x2044 x2045 x2046 x2049 x2050 x2052 x2056 x2074 x2088 x2093 x2094 x2095 x2107 x2125 x2140 x2141 x2157 x2164 x2189 x2191 x2192 x2199 x2203 x2204 x2206 x2208 x2209 x2212 x2224 x2229 x2231 x2235[157]
linearized equations:  4 5 7 20 22 24 42 61 62 68 82 86 87 89 105 106 107 113 115 128 145 149 150 152 167 170 177 188 193 209 211 212 218 230 234 236 255
        1.90 - target guess 156
Set parameter Username
Academic license - for non-commercial use only - expires 2022-06-20
Set parameter Threads to value 64
Set parameter MIPFocus to value 3
        1.93 - there are 130 short nonlinear (11) polynomial
Set parameter TimeLimit to value 1800
Gurobi Optimizer version 9.5.0 build v9.5.0rc5 (linux64)
Thread count: 32 physical cores, 64 logical processors, using up to 64 threads
Optimize a model with 5189 rows, 2496 columns and 16212 nonzeros
Model fingerprint: 0x9409a223
Variable types: 0 continuous, 2496 integer (2496 binary)
Coefficient statistics:
  Matrix range     [1e+00, 1e+00]
  Objective range  [1e+00, 1e+00]
  Bounds range     [1e+00, 1e+00]
  RHS range        [4e+01, 2e+02]
Presolve removed 3757 rows and 1237 columns
Presolve time: 0.01s
Presolved: 1432 rows, 1259 columns, 5484 nonzeros
Variable types: 0 continuous, 1259 integer (1212 binary)
Root relaxation presolved: 1432 rows, 1259 columns, 5484 nonzeros


Root relaxation: objective 3.800000e+01, 1728 iterations, 0.08 seconds (0.06 work units)

    Nodes    |    Current Node    |     Objective Bounds      |     Work
 Expl Unexpl |  Obj  Depth IntInf | Incumbent    BestBd   Gap | It/Node Time

     0     0   38.00000    0   10          -   38.00000      -     -    0s
H    0     0                      38.0000000   38.00000  0.00%     -    0s

Explored 1 nodes (3681 simplex iterations) in 0.52 seconds (0.27 work units)
Thread count was 64 (of 64 available processors)

Solution count 1: 38 

Optimal solution found (tolerance 1.00e-04)
Best objective 3.800000000000e+01, best bound 3.800000000000e+01, gap 0.0000%
        2.46 - 	Solution num 1:
guessed:  x644 x656 x660 x668 x699 x713 x770 x786 x788 x790 x798 x811 x829 x832 x992 x998 x1024 x1043 x1044 x1054 x1068 x1074 x1082 x1089 x1104 x1106 x1112 x1125 x1143 x1144 x1145 x1154 x1158 x1159 x1168 x1185 x1204 x1218 x1220 x1239 x1257 x1258 x1260 x1264 x1267 x1270 x1315 x1322 x1332 x1339 x1340 x1355 x1379 x1485 x1488 x1491 x1492 x1503 x1511 x1521 x1525 x1526 x1528 x1542 x1560 x1602 x1607 x1608 x1619 x1620 x1621 x1625 x1626 x1627 x1629 x1632 x1640 x1641 x1644 x1646 x1648 x1652 x1658 x1679 x1680 x1689 x1690 x1692 x1700 x1704 x1712 x1726 x1756 x1758 x1776 x1783 x1792 x1794 x1814 x1831 x1832 x1834 x1841 x1852 x1870 x1877 x1891 x1893 x1908 x1910 x1916 x1918 x1944 x1971 x1983 x1987 x1999 x2001 x2002 x2011 x2022 x2024 x2026 x2027 x2044 x2045 x2047 x2049 x2050 x2056 x2062 x2074 x2093 x2094 x2095 x2098 x2106 x2125 x2140 x2141 x2149 x2162 x2164 x2177 x2189 x2191 x2204 x2206 x2208 x2209 x2212 x2213 x2224 x2229 x2231 x2235[156]
linearized equations:  0 7 10 18 22 24 30 44 61 62 68 74 87 88 89 105 106 107 115 118 128 136 150 152 167 170 177 188 193 209 211 212 218 230 234 236 242 255
        2.46 - target guess 155
Set parameter Username
Academic license - for non-commercial use only - expires 2022-06-20
Set parameter Threads to value 64
Set parameter MIPFocus to value 3
        2.48 - there are 130 short nonlinear (11) polynomial
Set parameter TimeLimit to value 1800
Gurobi Optimizer version 9.5.0 build v9.5.0rc5 (linux64)
Thread count: 32 physical cores, 64 logical processors, using up to 64 threads
Optimize a model with 5189 rows, 2496 columns and 16212 nonzeros
Model fingerprint: 0xebb20824
Variable types: 0 continuous, 2496 integer (2496 binary)
Coefficient statistics:
  Matrix range     [1e+00, 1e+00]
  Objective range  [1e+00, 1e+00]
  Bounds range     [1e+00, 1e+00]
  RHS range        [4e+01, 2e+02]
Presolve removed 3757 rows and 1237 columns
Presolve time: 0.01s
Presolved: 1432 rows, 1259 columns, 5484 nonzeros
Variable types: 0 continuous, 1259 integer (1212 binary)
Root relaxation presolved: 1432 rows, 1259 columns, 5484 nonzeros


Root relaxation: objective 3.900000e+01, 1729 iterations, 0.09 seconds (0.07 work units)

    Nodes    |    Current Node    |     Objective Bounds      |     Work
 Expl Unexpl |  Obj  Depth IntInf | Incumbent    BestBd   Gap | It/Node Time

     0     0   39.00000    0   20          -   39.00000      -     -    0s
H    0     0                      39.0000000   39.00000  0.00%     -    0s
     0     0   39.00000    0   27   39.00000   39.00000  0.00%     -    0s

Cutting planes:
  Gomory: 7
  Lift-and-project: 2
  Cover: 1
  Zero half: 6

Explored 1 nodes (4448 simplex iterations) in 0.68 seconds (0.37 work units)
Thread count was 64 (of 64 available processors)

Solution count 1: 39 

Optimal solution found (tolerance 1.00e-04)
Best objective 3.900000000000e+01, best bound 3.900000000000e+01, gap 0.0000%
        3.17 - 	Solution num 1:
guessed:  x660 x682 x699 x701 x702 x790 x812 x829 x844 x875 x992 x993 x1024 x1040 x1043 x1044 x1048 x1068 x1082 x1089 x1104 x1106 x1124 x1125 x1144 x1145 x1151 x1157 x1158 x1159 x1168 x1185 x1202 x1204 x1212 x1218 x1239 x1240 x1256 x1257 x1258 x1264 x1265 x1284 x1315 x1319 x1320 x1322 x1332 x1340 x1355 x1379 x1395 x1401 x1426 x1471 x1481 x1485 x1486 x1491 x1492 x1503 x1508 x1521 x1525 x1528 x1539 x1542 x1560 x1600 x1602 x1606 x1607 x1608 x1619 x1620 x1621 x1626 x1627 x1629 x1641 x1644 x1646 x1658 x1679 x1681 x1687 x1689 x1704 x1724 x1755 x1756 x1776 x1781 x1783 x1792 x1794 x1813 x1814 x1831 x1832 x1834 x1836 x1838 x1839 x1841 x1870 x1890 x1891 x1893 x1908 x1910 x1916 x1918 x1944 x1971 x1987 x2009 x2011 x2023 x2024 x2026 x2027 x2043 x2044 x2045 x2047 x2048 x2049 x2050 x2052 x2056 x2067 x2074 x2093 x2094 x2095 x2110 x2121 x2125 x2141 x2164 x2189 x2191 x2203 x2206 x2208 x2209 x2212 x2213 x2224 x2229 x2231 x2233 x2235[155]
linearized equations:  0 4 5 7 22 24 42 44 61 62 68 86 87 88 89 105 106 107 113 115 128 149 150 152 167 169 170 177 193 209 210 211 212 214 218 234 236 254 255
        3.17 - target guess 154
Set parameter Username
Academic license - for non-commercial use only - expires 2022-06-20
Set parameter Threads to value 64
Set parameter MIPFocus to value 3
        3.22 - there are 130 short nonlinear (11) polynomial
Set parameter TimeLimit to value 1800
Gurobi Optimizer version 9.5.0 build v9.5.0rc5 (linux64)
Thread count: 32 physical cores, 64 logical processors, using up to 64 threads
Optimize a model with 5189 rows, 2496 columns and 16212 nonzeros
Model fingerprint: 0xe8b94b0d
Variable types: 0 continuous, 2496 integer (2496 binary)
Coefficient statistics:
  Matrix range     [1e+00, 1e+00]
  Objective range  [1e+00, 1e+00]
  Bounds range     [1e+00, 1e+00]
  RHS range        [4e+01, 2e+02]
Presolve removed 3757 rows and 1237 columns
Presolve time: 0.01s
Presolved: 1432 rows, 1259 columns, 5484 nonzeros
Variable types: 0 continuous, 1259 integer (1212 binary)
Root relaxation presolved: 1432 rows, 1259 columns, 5484 nonzeros


Root relaxation: objective 4.000000e+01, 1846 iterations, 0.09 seconds (0.08 work units)

    Nodes    |    Current Node    |     Objective Bounds      |     Work
 Expl Unexpl |  Obj  Depth IntInf | Incumbent    BestBd   Gap | It/Node Time

     0     0   40.00000    0   10          -   40.00000      -     -    0s
H    0     0                      40.0000000   40.00000  0.00%     -    0s
     0     0   40.00000    0   10   40.00000   40.00000  0.00%     -    0s

Cutting planes:
  Gomory: 2
  Lift-and-project: 1
  Cover: 1
  Zero half: 3

Explored 1 nodes (3584 simplex iterations) in 0.60 seconds (0.35 work units)
Thread count was 64 (of 64 available processors)

Solution count 1: 40 

Optimal solution found (tolerance 1.00e-04)
Best objective 4.000000000000e+01, best bound 4.000000000000e+01, gap 0.0000%
        3.82 - 	Solution num 1:
guessed:  x656 x660 x685 x699 x703 x713 x770 x786 x788 x790 x829 x844 x971 x998 x1027 x1043 x1044 x1054 x1082 x1091 x1127 x1129 x1145 x1147 x1158 x1159 x1202 x1204 x1208 x1218 x1239 x1257 x1258 x1270 x1309 x1317 x1319 x1322 x1339 x1340 x1379 x1380 x1381 x1396 x1482 x1485 x1489 x1490 x1491 x1492 x1493 x1503 x1508 x1509 x1521 x1526 x1528 x1539 x1543 x1560 x1578 x1604 x1606 x1607 x1619 x1620 x1623 x1625 x1627 x1632 x1643 x1644 x1662 x1679 x1680 x1683 x1692 x1700 x1704 x1724 x1726 x1731 x1734 x1755 x1758 x1776 x1792 x1813 x1816 x1831 x1832 x1834 x1835 x1852 x1870 x1890 x1891 x1895 x1908 x1910 x1912 x1916 x1947 x1948 x1974 x1990 x1999 x2001 x2002 x2005 x2022 x2023 x2024 x2026 x2027 x2028 x2044 x2045 x2046 x2047 x2049 x2050 x2052 x2056 x2059 x2074 x2093 x2094 x2095 x2096 x2097 x2106 x2121 x2128 x2164 x2166 x2177 x2185 x2189 x2191 x2194 x2203 x2206 x2208 x2209 x2212 x2213 x2224 x2227 x2229 x2231 x2233 x2234 x2235[154]
linearized equations:  0 1 10 18 22 47 61 62 86 87 89 90 91 105 106 107 109 117 118 128 149 152 153 154 167 170 171 180 188 193 195 209 211 212 214 230 234 236 254 255
        3.83 - target guess 153
Set parameter Username
Academic license - for non-commercial use only - expires 2022-06-20
Set parameter Threads to value 64
Set parameter MIPFocus to value 3
        3.87 - there are 130 short nonlinear (11) polynomial
Set parameter TimeLimit to value 1800
Gurobi Optimizer version 9.5.0 build v9.5.0rc5 (linux64)
Thread count: 32 physical cores, 64 logical processors, using up to 64 threads
Optimize a model with 5189 rows, 2496 columns and 16212 nonzeros
Model fingerprint: 0xbf087742
Variable types: 0 continuous, 2496 integer (2496 binary)
Coefficient statistics:
  Matrix range     [1e+00, 1e+00]
  Objective range  [1e+00, 1e+00]
  Bounds range     [1e+00, 1e+00]
  RHS range        [4e+01, 2e+02]
Presolve removed 3757 rows and 1237 columns
Presolve time: 0.01s
Presolved: 1432 rows, 1259 columns, 5484 nonzeros
Variable types: 0 continuous, 1259 integer (1212 binary)
Root relaxation presolved: 1432 rows, 1259 columns, 5484 nonzeros


Root relaxation: objective 4.100000e+01, 1870 iterations, 0.11 seconds (0.10 work units)

    Nodes    |    Current Node    |     Objective Bounds      |     Work
 Expl Unexpl |  Obj  Depth IntInf | Incumbent    BestBd   Gap | It/Node Time

     0     0   41.00000    0   88          -   41.00000      -     -    0s
H    0     0                      41.0000000   41.00000  0.00%     -    0s
     0     0          -    0        41.00000   41.00000  0.00%     -    0s

Cutting planes:
  Gomory: 17
  Cover: 1
  Flow cover: 3
  Zero half: 60

Explored 1 nodes (4999 simplex iterations) in 0.83 seconds (0.45 work units)
Thread count was 64 (of 64 available processors)

Solution count 1: 41 

Optimal solution found (tolerance 1.00e-04)
Best objective 4.100000000000e+01, best bound 4.100000000000e+01, gap 0.0000%
        4.70 - 	Solution num 1:
guessed:  x656 x657 x685 x699 x722 x786 x787 x788 x789 x829 x831 x844 x865 x885 x887 x1040 x1044 x1063 x1082 x1103 x1127 x1145 x1147 x1157 x1159 x1202 x1204 x1218 x1256 x1289 x1309 x1319 x1320 x1322 x1339 x1340 x1355 x1376 x1381 x1397 x1426 x1428 x1450 x1481 x1482 x1485 x1487 x1489 x1490 x1494 x1502 x1503 x1506 x1508 x1509 x1521 x1526 x1539 x1544 x1558 x1559 x1560 x1578 x1604 x1607 x1618 x1619 x1623 x1625 x1626 x1641 x1644 x1656 x1658 x1662 x1663 x1679 x1680 x1681 x1683 x1700 x1701 x1724 x1731 x1758 x1772 x1779 x1813 x1830 x1831 x1833 x1835 x1852 x1853 x1866 x1870 x1890 x1891 x1893 x1908 x1910 x1912 x1922 x1925 x1946 x1948 x1949 x1967 x1999 x2001 x2002 x2005 x2022 x2023 x2024 x2026 x2028 x2043 x2044 x2045 x2046 x2047 x2050 x2052 x2071 x2074 x2093 x2094 x2095 x2097 x2119 x2121 x2140 x2143 x2162 x2164 x2166 x2182 x2185 x2189 x2203 x2206 x2208 x2209 x2213 x2223 x2224 x2225 x2227 x2229 x2231 x2234 x2235[153]
linearized equations:  0 1 18 19 22 60 61 62 65 86 87 89 91 105 106 107 109 128 149 152 154 167 169 170 171 173 188 189 193 195 209 210 211 212 214 230 231 233 236 254 255
        4.70 - target guess 152
Set parameter Username
Academic license - for non-commercial use only - expires 2022-06-20
Set parameter Threads to value 64
Set parameter MIPFocus to value 3
        4.75 - there are 130 short nonlinear (11) polynomial
Set parameter TimeLimit to value 1800
Gurobi Optimizer version 9.5.0 build v9.5.0rc5 (linux64)
Thread count: 32 physical cores, 64 logical processors, using up to 64 threads
Optimize a model with 5189 rows, 2496 columns and 16212 nonzeros
Model fingerprint: 0x07d74837
Variable types: 0 continuous, 2496 integer (2496 binary)
Coefficient statistics:
  Matrix range     [1e+00, 1e+00]
  Objective range  [1e+00, 1e+00]
  Bounds range     [1e+00, 1e+00]
  RHS range        [4e+01, 2e+02]
Presolve removed 3757 rows and 1237 columns
Presolve time: 0.01s
Presolved: 1432 rows, 1259 columns, 5484 nonzeros
Variable types: 0 continuous, 1259 integer (1212 binary)
Root relaxation presolved: 1432 rows, 1259 columns, 5484 nonzeros


Root relaxation: objective 4.200000e+01, 1881 iterations, 0.11 seconds (0.09 work units)

    Nodes    |    Current Node    |     Objective Bounds      |     Work
 Expl Unexpl |  Obj  Depth IntInf | Incumbent    BestBd   Gap | It/Node Time

     0     0   42.00000    0  256          -   42.00000      -     -    0s
     0     0 -1.000e+100    0  449          - infeasible      -     -    1s

Cutting planes:
  Gomory: 27
  Flow cover: 7
  Zero half: 137
  RLT: 1

Explored 1 nodes (5704 simplex iterations) in 1.24 seconds (0.72 work units)
Thread count was 64 (of 64 available processors)

Solution count 0
No other solutions better than -1e+100

Model is infeasible
Best objective -, best bound -, gap -
        5.99 - 	Solution num 0:
        5.99 - increase high_eq_constraint to 1

Set parameter Username
Academic license - for non-commercial use only - expires 2022-06-20
Set parameter Threads to value 64
Set parameter MIPFocus to value 3
        6.04 - there are 130 short nonlinear (11) polynomial
Set parameter TimeLimit to value 1800
Gurobi Optimizer version 9.5.0 build v9.5.0rc5 (linux64)
Thread count: 32 physical cores, 64 logical processors, using up to 64 threads
Optimize a model with 5189 rows, 2496 columns and 16212 nonzeros
Model fingerprint: 0xf9b6e188
Variable types: 0 continuous, 2496 integer (2496 binary)
Coefficient statistics:
  Matrix range     [1e+00, 1e+00]
  Objective range  [1e+00, 1e+00]
  Bounds range     [1e+00, 1e+00]
  RHS range        [1e+00, 2e+02]
Presolve removed 984 rows and 984 columns
Presolve time: 0.02s
Presolved: 4205 rows, 1512 columns, 14118 nonzeros
Variable types: 0 continuous, 1512 integer (1512 binary)
Root relaxation presolved: 4205 rows, 1512 columns, 14118 nonzeros


Root relaxation: objective 4.200000e+01, 2384 iterations, 0.28 seconds (0.27 work units)

    Nodes    |    Current Node    |     Objective Bounds      |     Work
 Expl Unexpl |  Obj  Depth IntInf | Incumbent    BestBd   Gap | It/Node Time

     0     0   42.00000    0  290          -   42.00000      -     -    2s
     0     0   42.00000    0  892          -   42.00000      -     -    4s
     0     0   42.00000    0  888          -   42.00000      -     -    4s
H    0     0                      42.0000000   42.00000  0.00%     -    5s

Cutting planes:
  Gomory: 10
  Lift-and-project: 2
  Flow cover: 4
  Zero half: 136
  RLT: 2

Explored 1 nodes (17011 simplex iterations) in 5.82 seconds (5.12 work units)
Thread count was 64 (of 64 available processors)

Solution count 1: 42 

Optimal solution found (tolerance 1.00e-04)
Best objective 4.200000000000e+01, best bound 4.200000000000e+01, gap 0.0000%
       11.86 - 	Solution num 1:
guessed:  x656 x657 x685 x699 x786 x787 x810 x829 x844 x885 x1024 x1040 x1044 x1063 x1082 x1101 x1125 x1126 x1127 x1129 x1145 x1147 x1158 x1159 x1179 x1180 x1202 x1204 x1208 x1218 x1257 x1258 x1279 x1289 x1309 x1319 x1320 x1322 x1340 x1355 x1379 x1381 x1397 x1428 x1450 x1471 x1481 x1482 x1485 x1487 x1488 x1489 x1503 x1508 x1509 x1525 x1526 x1532 x1539 x1542 x1560 x1582 x1602 x1606 x1607 x1608 x1618 x1619 x1620 x1623 x1625 x1626 x1640 x1641 x1644 x1650 x1662 x1663 x1679 x1680 x1681 x1683 x1700 x1701 x1724 x1731 x1755 x1756 x1779 x1814 x1831 x1832 x1835 x1852 x1853 x1866 x1870 x1891 x1893 x1895 x1908 x1910 x1912 x1922 x1944 x1946 x1948 x1965 x1967 x1999 x2001 x2002 x2005 x2022 x2023 x2024 x2026 x2028 x2044 x2045 x2047 x2049 x2050 x2052 x2071 x2074 x2093 x2094 x2095 x2097 x2119 x2121 x2140 x2143 x2164 x2166 x2182 x2185 x2189 x2191 x2203 x2204 x2206 x2208 x2209 x2213 x2224 x2225 x2227 x2229 x2231 x2234[152]
linearized equations:  0 1 18 19 22 43 44 61 62 65 86 87 88 89 91 105 106 107 109 128 149 150 152 154 167 170 171 173 188 189 193 195 209 211 212 214 230 231 233 236 254 255
       11.86 - target guess 151
Set parameter Username
Academic license - for non-commercial use only - expires 2022-06-20
Set parameter Threads to value 64
Set parameter MIPFocus to value 3
       11.92 - there are 130 short nonlinear (11) polynomial
Set parameter TimeLimit to value 1800
Gurobi Optimizer version 9.5.0 build v9.5.0rc5 (linux64)
Thread count: 32 physical cores, 64 logical processors, using up to 64 threads
Optimize a model with 5189 rows, 2496 columns and 16212 nonzeros
Model fingerprint: 0xa1c5d134
Variable types: 0 continuous, 2496 integer (2496 binary)
Coefficient statistics:
  Matrix range     [1e+00, 1e+00]
  Objective range  [1e+00, 1e+00]
  Bounds range     [1e+00, 1e+00]
  RHS range        [4e+01, 2e+02]
Presolve removed 3757 rows and 1237 columns
Presolve time: 0.01s
Presolved: 1432 rows, 1259 columns, 5484 nonzeros
Variable types: 0 continuous, 1259 integer (1212 binary)
Root relaxation presolved: 1432 rows, 1259 columns, 5484 nonzeros


Root relaxation: infeasible, 2436 iterations, 0.11 seconds (0.15 work units)

    Nodes    |    Current Node    |     Objective Bounds      |     Work
 Expl Unexpl |  Obj  Depth IntInf | Incumbent    BestBd   Gap | It/Node Time

     0     0 infeasible    0               - infeasible      -     -    0s

Explored 1 nodes (2436 simplex iterations) in 0.14 seconds (0.16 work units)
Thread count was 64 (of 64 available processors)

Solution count 0
No other solutions better than -1e+100

Model is infeasible
Best objective -, best bound -, gap -
       12.06 - 	Solution num 0:
       12.06 - increase high_eq_constraint to 1

Set parameter Username
Academic license - for non-commercial use only - expires 2022-06-20
Set parameter Threads to value 64
Set parameter MIPFocus to value 3
       12.10 - there are 130 short nonlinear (11) polynomial
Set parameter TimeLimit to value 1800
Gurobi Optimizer version 9.5.0 build v9.5.0rc5 (linux64)
Thread count: 32 physical cores, 64 logical processors, using up to 64 threads
Optimize a model with 5189 rows, 2496 columns and 16212 nonzeros
Model fingerprint: 0x09174854
Variable types: 0 continuous, 2496 integer (2496 binary)
Coefficient statistics:
  Matrix range     [1e+00, 1e+00]
  Objective range  [1e+00, 1e+00]
  Bounds range     [1e+00, 1e+00]
  RHS range        [1e+00, 2e+02]
Presolve removed 984 rows and 984 columns
Presolve time: 0.01s
Presolved: 4205 rows, 1512 columns, 14118 nonzeros
Variable types: 0 continuous, 1512 integer (1512 binary)
Root relaxation presolved: 4205 rows, 1512 columns, 14118 nonzeros


Root relaxation: objective 4.300000e+01, 2867 iterations, 0.25 seconds (0.45 work units)

    Nodes    |    Current Node    |     Objective Bounds      |     Work
 Expl Unexpl |  Obj  Depth IntInf | Incumbent    BestBd   Gap | It/Node Time

     0     0   43.00000    0  469          -   43.00000      -     -    0s
     0     0 infeasible    0               - infeasible      -     -    1s

Cutting planes:
  Gomory: 27
  Flow cover: 4
  Zero half: 105
  RLT: 2

Explored 1 nodes (6851 simplex iterations) in 1.02 seconds (1.30 work units)
Thread count was 64 (of 64 available processors)

Solution count 0
No other solutions better than -1e+100

Model is infeasible
Best objective -, best bound -, gap -
       13.12 - 	Solution num 0:
       13.12 - increase high_eq_constraint to 2

Set parameter Username
Academic license - for non-commercial use only - expires 2022-06-20
Set parameter Threads to value 64
Set parameter MIPFocus to value 3
       13.18 - there are 130 short nonlinear (11) polynomial
Set parameter TimeLimit to value 1800
Gurobi Optimizer version 9.5.0 build v9.5.0rc5 (linux64)
Thread count: 32 physical cores, 64 logical processors, using up to 64 threads
Optimize a model with 5189 rows, 2496 columns and 16212 nonzeros
Model fingerprint: 0x1819743e
Variable types: 0 continuous, 2496 integer (2496 binary)
Coefficient statistics:
  Matrix range     [1e+00, 1e+00]
  Objective range  [1e+00, 1e+00]
  Bounds range     [1e+00, 1e+00]
  RHS range        [2e+00, 2e+02]
Presolve removed 984 rows and 984 columns
Presolve time: 0.01s
Presolved: 4205 rows, 1512 columns, 14118 nonzeros
Variable types: 0 continuous, 1512 integer (1512 binary)
Root relaxation presolved: 4205 rows, 1512 columns, 14118 nonzeros


Root relaxation: objective 4.300000e+01, 3190 iterations, 0.28 seconds (0.53 work units)

    Nodes    |    Current Node    |     Objective Bounds      |     Work
 Expl Unexpl |  Obj  Depth IntInf | Incumbent    BestBd   Gap | It/Node Time

     0     0   43.00000    0  773          -   43.00000      -     -    1s
     0     0   43.00000    0  636          -   43.00000      -     -    3s
     0     0   43.00000    0  670          -   43.00000      -     -    3s
     0     0   43.00000    0  581          -   43.00000      -     -    6s
     0     0   43.00000    0  581          -   43.00000      -     -    8s
     0     2   43.00000    0  581          -   43.00000      -     -   11s
    11     6 infeasible    4               -   43.00000      -  1419   15s
    35     0 infeasible    8               -   43.00000      -  1155   20s

Cutting planes:
  Gomory: 3
  Lift-and-project: 1
  Flow cover: 7
  Zero half: 398
  RLT: 185

Explored 39 nodes (69457 simplex iterations) in 20.32 seconds (19.94 work units)
Thread count was 64 (of 64 available processors)

Solution count 0
No other solutions better than -1e+100

Model is infeasible
Best objective -, best bound -, gap -
       33.67 - 	Solution num 0:
       33.67 - increase high_eq_constraint to 3

Set parameter Username
Academic license - for non-commercial use only - expires 2022-06-20
Set parameter Threads to value 64
Set parameter MIPFocus to value 3
       33.72 - there are 130 short nonlinear (11) polynomial
Set parameter TimeLimit to value 1800
Gurobi Optimizer version 9.5.0 build v9.5.0rc5 (linux64)
Thread count: 32 physical cores, 64 logical processors, using up to 64 threads
Optimize a model with 5189 rows, 2496 columns and 16212 nonzeros
Model fingerprint: 0x02cc4891
Variable types: 0 continuous, 2496 integer (2496 binary)
Coefficient statistics:
  Matrix range     [1e+00, 1e+00]
  Objective range  [1e+00, 1e+00]
  Bounds range     [1e+00, 1e+00]
  RHS range        [3e+00, 2e+02]
Presolve removed 984 rows and 984 columns
Presolve time: 0.02s
Presolved: 4205 rows, 1512 columns, 14118 nonzeros
Variable types: 0 continuous, 1512 integer (1512 binary)
Root relaxation presolved: 4205 rows, 1512 columns, 14118 nonzeros


Root relaxation: objective 4.300000e+01, 2886 iterations, 0.45 seconds (0.50 work units)

    Nodes    |    Current Node    |     Objective Bounds      |     Work
 Expl Unexpl |  Obj  Depth IntInf | Incumbent    BestBd   Gap | It/Node Time

     0     0   43.00000    0  871          -   43.00000      -     -    3s
     0     0   43.00000    0  937          -   43.00000      -     -    5s
     0     0   43.00000    0  887          -   43.00000      -     -    5s
     0     0   43.00000    0  935          -   43.00000      -     -    9s
     0     0   43.00000    0  935          -   43.00000      -     -   11s
     0     2   43.00000    0  382          -   43.00000      -     -   16s
     3     8   43.00000    2  911          -   43.00000      -  3309   20s
    35    44 infeasible    5               -   43.00000      -  2004   25s
    59    66   43.00000    6  941          -   43.00000      -  1564   30s
   231    54 infeasible    9               -   43.00000      -  1183   37s
   349     4 infeasible   11               -   43.00000      -  1234   40s

Cutting planes:
  Gomory: 2
  Lift-and-project: 2
  Flow cover: 19
  Zero half: 692
  RLT: 242

Explored 375 nodes (475255 simplex iterations) in 41.02 seconds (36.93 work units)
Thread count was 64 (of 64 available processors)

Solution count 0
No other solutions better than -1e+100

Model is infeasible
Best objective -, best bound -, gap -
       75.01 - 	Solution num 0:
       75.10 - increase high_eq_constraint to 4

Set parameter Username
Academic license - for non-commercial use only - expires 2022-06-20
Set parameter Threads to value 64
Set parameter MIPFocus to value 3
       75.15 - there are 130 short nonlinear (11) polynomial
Set parameter TimeLimit to value 1800
Gurobi Optimizer version 9.5.0 build v9.5.0rc5 (linux64)
Thread count: 32 physical cores, 64 logical processors, using up to 64 threads
Optimize a model with 5189 rows, 2496 columns and 16212 nonzeros
Model fingerprint: 0x76e35c5f
Variable types: 0 continuous, 2496 integer (2496 binary)
Coefficient statistics:
  Matrix range     [1e+00, 1e+00]
  Objective range  [1e+00, 1e+00]
  Bounds range     [1e+00, 1e+00]
  RHS range        [4e+00, 2e+02]
Presolve removed 984 rows and 984 columns
Presolve time: 0.02s
Presolved: 4205 rows, 1512 columns, 14118 nonzeros
Variable types: 0 continuous, 1512 integer (1512 binary)
Root relaxation presolved: 4205 rows, 1512 columns, 14118 nonzeros


Root relaxation: objective 4.300000e+01, 2929 iterations, 0.46 seconds (0.49 work units)

    Nodes    |    Current Node    |     Objective Bounds      |     Work
 Expl Unexpl |  Obj  Depth IntInf | Incumbent    BestBd   Gap | It/Node Time

     0     0   43.00000    0  788          -   43.00000      -     -    3s
     0     0   43.00000    0  771          -   43.00000      -     -    5s
     0     0   43.00000    0  756          -   43.00000      -     -    5s
     0     0   43.00000    0  724          -   43.00000      -     -    8s
     0     0   43.00000    0  724          -   43.00000      -     -   10s
     0     2   43.00000    0  724          -   43.00000      -     -   14s
     3     8   43.00000    2  798          -   43.00000      -  2211   15s
    18    32   43.00000    4  858          -   43.00000      -  1192   20s
    63   124   43.00000    6  881          -   43.00000      -  1420   26s
   191   226   43.00000    7  924          -   43.00000      -  1152   30s
   332   396 infeasible    9               -   43.00000      -  1320   37s
   675   432   43.00000    9 1006          -   43.00000      -   887   45s
   939   448 infeasible   12               -   43.00000      -   941   51s
  1307   445 infeasible   12               -   43.00000      -   821   57s
  1710   490 infeasible   10               -   43.00000      -   762   62s
  2157   471 infeasible   10               -   43.00000      -   712   68s
  2622   453 infeasible    8               -   43.00000      -   690   71s
  3612   424 infeasible   14               -   43.00000      -   662   84s
  3971   412 infeasible   18               -   43.00000      -   695   90s
  4455   393   43.00000   16  926          -   43.00000      -   682   97s
  4962   346 infeasible   17               -   43.00000      -   671  104s
  5431   272   43.00000   11 1118          -   43.00000      -   668  110s
  5817   278   43.00000   16  895          -   43.00000      -   668  120s
  6145   285 infeasible   23               -   43.00000      -   688  125s
  6520   254 infeasible   30               -   43.00000      -   686  131s
  7220   267 infeasible   36               -   43.00000      -   700  145s
  7558   255 infeasible   27               -   43.00000      -   720  152s
  7966   189   43.00000   37  927          -   43.00000      -   720  161s
  8306   169 infeasible   39               -   43.00000      -   732  169s
  8584   137 infeasible   40               -   43.00000      -   743  176s
  8840   107   43.00000   26  801          -   43.00000      -   751  183s
  9070    85 infeasible   30               -   43.00000      -   759  189s
  9278    75 infeasible   29               -   43.00000      -   766  191s
  9669    30 infeasible   33               -   43.00000      -   769  199s
  9789     1 infeasible   42               -   43.00000      -   771  203s

Cutting planes:
  Gomory: 6
  Flow cover: 15
  Zero half: 846
  RLT: 248

Explored 9833 nodes (7618334 simplex iterations) in 203.78 seconds (195.81 work units)
Thread count was 64 (of 64 available processors)

Solution count 0
No other solutions better than -1e+100

Model is infeasible
Best objective -, best bound -, gap -
      279.09 - 	Solution num 0:
      279.26 - increase high_eq_constraint to 5

Set parameter Username
Academic license - for non-commercial use only - expires 2022-06-20
Set parameter Threads to value 64
Set parameter MIPFocus to value 3
      279.30 - there are 130 short nonlinear (11) polynomial
Set parameter TimeLimit to value 1800
Gurobi Optimizer version 9.5.0 build v9.5.0rc5 (linux64)
Thread count: 32 physical cores, 64 logical processors, using up to 64 threads
Optimize a model with 5189 rows, 2496 columns and 16212 nonzeros
Model fingerprint: 0xc690ba22
Variable types: 0 continuous, 2496 integer (2496 binary)
Coefficient statistics:
  Matrix range     [1e+00, 1e+00]
  Objective range  [1e+00, 1e+00]
  Bounds range     [1e+00, 1e+00]
  RHS range        [5e+00, 2e+02]
Presolve removed 984 rows and 984 columns
Presolve time: 0.02s
Presolved: 4205 rows, 1512 columns, 14118 nonzeros
Variable types: 0 continuous, 1512 integer (1512 binary)
Root relaxation presolved: 4205 rows, 1512 columns, 14118 nonzeros


Root relaxation: objective 4.300000e+01, 3065 iterations, 0.51 seconds (0.56 work units)

    Nodes    |    Current Node    |     Objective Bounds      |     Work
 Expl Unexpl |  Obj  Depth IntInf | Incumbent    BestBd   Gap | It/Node Time

     0     0   43.00000    0  684          -   43.00000      -     -    3s
     0     0   43.00000    0  800          -   43.00000      -     -    5s
     0     0   43.00000    0  793          -   43.00000      -     -    5s
     0     0   43.00000    0  758          -   43.00000      -     -    9s
     0     0   43.00000    0  758          -   43.00000      -     -   11s
     0     2   43.00000    0  758          -   43.00000      -     -   15s
    31    64   43.00000    5  954          -   43.00000      -  1171   20s
   387   601   43.00000   11  956          -   43.00000      -  1000   25s
  1296   941   43.00000    9  916          -   43.00000      -   794   31s
  3294  1270   43.00000   10  960          -   43.00000      -   606   38s
  4513  1408   43.00000   17  913          -   43.00000      -   583   42s
  5853  1524   43.00000   11  892          -   43.00000      -   569   46s
  7213  1666 infeasible   17               -   43.00000      -   579   51s
  8937  1810   43.00000   15  772          -   43.00000      -   567   59s
 10477  1955   43.00000   17  882          -   43.00000      -   605   66s
 12470  2078 infeasible   24               -   43.00000      -   598   73s
 14763  2285 infeasible   17               -   43.00000      -   592   81s
 17216  2347 infeasible   19               -   43.00000      -   588   89s
 19912  2373 infeasible   24               -   43.00000      -   584  104s
 22232  2478   43.00000   20  862          -   43.00000      -   629  115s
 25323  2500 infeasible   19               -   43.00000      -   623  125s
 28565  2416 infeasible   16               -   43.00000      -   619  149s
 31489  2357   43.00000   26  876          -   43.00000      -   656  171s
 34874  2347 infeasible   18               -   43.00000      -   651  207s
 37968  2422 infeasible   19               -   43.00000      -   682  246s
 41250  2424   43.00000   16  684          -   43.00000      -   711  250s
 41253  2426   43.00000   17  835          -   43.00000      -   711  256s
 41255  2428   43.00000   17  764          -   43.00000      -   711  263s
 41256  2428   43.00000   24  764          -   43.00000      -   711  266s
 41258  2433   43.00000   16  688          -   43.00000      -   1.0  276s
 41260  2436   43.00000   17  810          -   43.00000      -   1.1  286s
 41264  2443   43.00000   18  687          -   43.00000      -   1.1  297s
 41272  2456   43.00000   19  923          -   43.00000      -   1.3  303s
 41288  2483   43.00000   20  797          -   43.00000      -   2.0  307s
 41320  2534   43.00000   21  913          -   43.00000      -   2.5  311s
 41384  2569   43.00000   22  955          -   43.00000      -   5.1  316s
 41499  2584   43.00000   23 1132          -   43.00000      -  10.6  320s
 41512  2750 infeasible   24               -   43.00000      -  10.8  327s
 41788  2836   43.00000   23  859          -   43.00000      -  14.5  345s
 42176  3008   43.00000   24  898          -   43.00000      -  25.3  357s
 43666  2832   43.00000   26  916          -   43.00000      -  41.7  366s
 45083  2567   43.00000   28  955          -   43.00000      -  56.0  378s
 46564  2397   43.00000   27 1070          -   43.00000      -  72.0  391s
 48406  2035 infeasible   40               -   43.00000      -  89.8  407s
 50408  2109 infeasible   34               -   43.00000      -   109  435s
 51108  2335 infeasible   40               -   43.00000      -   116  457s
 53666  2537   43.00000   28 1056          -   43.00000      -   140  482s
 56342  2756   43.00000   27  985          -   43.00000      -   164  512s
 59377  2993   43.00000   37 1089          -   43.00000      -   188  542s
 62822  3081   43.00000   30 1084          -   43.00000      -   212  594s
 66080  3158 infeasible   43               -   43.00000      -   242  632s
 70063  3178 infeasible   33               -   43.00000      -   266  673s
 74055  3251 infeasible   30               -   43.00000      -   289  714s
 78324  3249 infeasible   33               -   43.00000      -   310  760s
 82718  3086 infeasible   33               -   43.00000      -   330  811s
 87145  2992 infeasible   38               -   43.00000      -   350  868s
 91701  3041   43.00000   47  997          -   43.00000      -   370  919s
 92666  2915 infeasible   45               -   43.00000      -   379 1039s
 98404  3034   43.00000   34 1079          -   43.00000      -   413 1107s
 104293  3250 infeasible   31               -   43.00000      -   431 1178s
 109825  3278 infeasible   37               -   43.00000      -   447 1351s
 115625  3422   43.00000   42  881          -   43.00000      -   485 1461s
 121517  3269 infeasible   46               -   43.00000      -   499 1800s

Cutting planes:
  Gomory: 1
  Lift-and-project: 7
  MIR: 1
  Flow cover: 114
  Zero half: 1542
  RLT: 271

Explored 126886 nodes (96321814 simplex iterations) in 1800.11 seconds (2869.79 work units)
Thread count was 64 (of 64 available processors)

Solution count 0

Time limit reached
Best objective -, best bound 4.300000000000e+01, gap -
     2079.56 - best linearization 42


