
# variables: 2240
# non-linear: 256

        0.00 - Start computation

        0.00 - target guess 160
Set parameter Username
Academic license - for non-commercial use only - expires 2022-06-20
Set parameter Threads to value 64
Set parameter MIPFocus to value 3
        0.04 - there are 137 short nonlinear (11) polynomial
Set parameter TimeLimit to value 1800
Gurobi Optimizer version 9.5.0 build v9.5.0rc5 (linux64)
Thread count: 32 physical cores, 64 logical processors, using up to 64 threads
Optimize a model with 5105 rows, 2496 columns and 15967 nonzeros
Model fingerprint: 0x41824529
Variable types: 0 continuous, 2496 integer (2496 binary)
Coefficient statistics:
  Matrix range     [1e+00, 1e+00]
  Objective range  [1e+00, 1e+00]
  Bounds range     [1e+00, 1e+00]
  RHS range        [3e+01, 2e+02]
Presolve removed 3596 rows and 1225 columns
Presolve time: 0.01s
Presolved: 1509 rows, 1271 columns, 5746 nonzeros
Variable types: 0 continuous, 1271 integer (1232 binary)
Root relaxation presolved: 1509 rows, 1271 columns, 5746 nonzeros


Root relaxation: objective 3.400000e+01, 1497 iterations, 0.06 seconds (0.05 work units)

    Nodes    |    Current Node    |     Objective Bounds      |     Work
 Expl Unexpl |  Obj  Depth IntInf | Incumbent    BestBd   Gap | It/Node Time

     0     0   34.00000    0   26          -   34.00000      -     -    0s
H    0     0                      34.0000000   34.00000  0.00%     -    0s

Cutting planes:
  Gomory: 1
  Cover: 1
  MIR: 4
  Flow cover: 1
  Zero half: 2
  RLT: 2

Explored 1 nodes (3200 simplex iterations) in 0.35 seconds (0.23 work units)
Thread count was 64 (of 64 available processors)

Solution count 1: 34 

Optimal solution found (tolerance 1.00e-04)
Best objective 3.400000000000e+01, best bound 3.400000000000e+01, gap 0.0000%
        0.39 - 	Solution num 1:
guessed:  x647 x649 x652 x653 x660 x661 x666 x667 x672 x715 x730 x732 x779 x782 x790 x791 x795 x796 x797 x820 x880 x941 x942 x943 x945 x946 x1032 x1075 x1095 x1097 x1102 x1109 x1131 x1174 x1217 x1223 x1228 x1230 x1246 x1248 x1269 x1273 x1297 x1328 x1349 x1354 x1361 x1362 x1368 x1383 x1438 x1439 x1442 x1448 x1449 x1450 x1456 x1460 x1473 x1475 x1481 x1488 x1492 x1499 x1510 x1513 x1515 x1528 x1530 x1531 x1533 x1534 x1576 x1581 x1583 x1588 x1589 x1592 x1608 x1610 x1612 x1616 x1624 x1625 x1631 x1633 x1636 x1642 x1644 x1646 x1649 x1657 x1667 x1691 x1693 x1702 x1705 x1709 x1714 x1717 x1732 x1735 x1739 x1740 x1764 x1777 x1783 x1790 x1793 x1797 x1822 x1843 x1874 x1897 x1899 x1935 x1936 x1950 x1980 x1989 x1990 x1996 x2004 x2008 x2009 x2015 x2030 x2033 x2054 x2060 x2064 x2065 x2072 x2078 x2084 x2101 x2102 x2105 x2107 x2134 x2141 x2145 x2153 x2168 x2176 x2178 x2181 x2183 x2187 x2189 x2190 x2195 x2196 x2199 x2210 x2212 x2220 x2235 x2236 x2239[160]
linearized equations:  9 20 21 27 29 32 50 52 64 71 72 78 93 96 123 129 133 134 135 141 156 158 179 181 184 186 221 223 226 227 234 235 240 246
        0.39 - target guess 159
Set parameter Username
Academic license - for non-commercial use only - expires 2022-06-20
Set parameter Threads to value 64
Set parameter MIPFocus to value 3
        0.41 - there are 137 short nonlinear (11) polynomial
Set parameter TimeLimit to value 1800
Gurobi Optimizer version 9.5.0 build v9.5.0rc5 (linux64)
Thread count: 32 physical cores, 64 logical processors, using up to 64 threads
Optimize a model with 5105 rows, 2496 columns and 15967 nonzeros
Model fingerprint: 0xe9cb3b55
Variable types: 0 continuous, 2496 integer (2496 binary)
Coefficient statistics:
  Matrix range     [1e+00, 1e+00]
  Objective range  [1e+00, 1e+00]
  Bounds range     [1e+00, 1e+00]
  RHS range        [4e+01, 2e+02]
Presolve removed 3596 rows and 1225 columns
Presolve time: 0.01s
Presolved: 1509 rows, 1271 columns, 5746 nonzeros
Variable types: 0 continuous, 1271 integer (1232 binary)
Root relaxation presolved: 1509 rows, 1271 columns, 5746 nonzeros


Root relaxation: objective 3.500000e+01, 1631 iterations, 0.07 seconds (0.07 work units)

    Nodes    |    Current Node    |     Objective Bounds      |     Work
 Expl Unexpl |  Obj  Depth IntInf | Incumbent    BestBd   Gap | It/Node Time

     0     0   35.00000    0  216          -   35.00000      -     -    0s
H    0     0                      35.0000000   35.00000  0.00%     -    0s

Cutting planes:
  Gomory: 7
  Flow cover: 1
  Zero half: 169

Explored 1 nodes (3749 simplex iterations) in 0.62 seconds (0.40 work units)
Thread count was 64 (of 64 available processors)

Solution count 1: 35 

Optimal solution found (tolerance 1.00e-04)
Best objective 3.500000000000e+01, best bound 3.500000000000e+01, gap 0.0000%
        1.03 - 	Solution num 1:
guessed:  x647 x660 x661 x665 x666 x667 x672 x678 x711 x777 x790 x791 x792 x795 x796 x797 x802 x808 x820 x869 x941 x956 x1013 x1032 x1066 x1097 x1103 x1109 x1134 x1147 x1162 x1216 x1217 x1219 x1223 x1297 x1300 x1301 x1311 x1328 x1335 x1349 x1357 x1358 x1383 x1448 x1449 x1450 x1454 x1455 x1456 x1476 x1481 x1494 x1496 x1504 x1515 x1530 x1531 x1533 x1534 x1548 x1576 x1581 x1582 x1583 x1585 x1588 x1608 x1612 x1616 x1623 x1629 x1631 x1642 x1646 x1649 x1657 x1662 x1683 x1691 x1702 x1704 x1705 x1710 x1722 x1732 x1735 x1739 x1740 x1746 x1747 x1764 x1777 x1783 x1793 x1810 x1822 x1835 x1872 x1874 x1881 x1887 x1897 x1899 x1936 x1950 x1980 x1990 x1996 x2002 x2003 x2004 x2005 x2006 x2008 x2009 x2015 x2016 x2021 x2027 x2030 x2033 x2053 x2054 x2065 x2071 x2072 x2077 x2084 x2092 x2093 x2099 x2102 x2105 x2134 x2143 x2145 x2168 x2176 x2181 x2182 x2183 x2184 x2185 x2187 x2188 x2189 x2190 x2191 x2195 x2199 x2210 x2212 x2220 x2232 x2234 x2235 x2239[159]
linearized equations:  1 20 21 22 23 25 27 50 52 64 65 67 71 78 93 96 109 123 129 130 131 133 134 141 146 156 158 179 186 221 234 235 240 246 252
        1.03 - target guess 158
Set parameter Username
Academic license - for non-commercial use only - expires 2022-06-20
Set parameter Threads to value 64
Set parameter MIPFocus to value 3
        1.07 - there are 137 short nonlinear (11) polynomial
Set parameter TimeLimit to value 1800
Gurobi Optimizer version 9.5.0 build v9.5.0rc5 (linux64)
Thread count: 32 physical cores, 64 logical processors, using up to 64 threads
Optimize a model with 5105 rows, 2496 columns and 15967 nonzeros
Model fingerprint: 0x61a6d756
Variable types: 0 continuous, 2496 integer (2496 binary)
Coefficient statistics:
  Matrix range     [1e+00, 1e+00]
  Objective range  [1e+00, 1e+00]
  Bounds range     [1e+00, 1e+00]
  RHS range        [4e+01, 2e+02]
Presolve removed 3596 rows and 1225 columns
Presolve time: 0.01s
Presolved: 1509 rows, 1271 columns, 5746 nonzeros
Variable types: 0 continuous, 1271 integer (1232 binary)
Root relaxation presolved: 1509 rows, 1271 columns, 5746 nonzeros


Root relaxation: objective 3.600000e+01, 1783 iterations, 0.06 seconds (0.08 work units)

    Nodes    |    Current Node    |     Objective Bounds      |     Work
 Expl Unexpl |  Obj  Depth IntInf | Incumbent    BestBd   Gap | It/Node Time

     0     0   36.00000    0  165          -   36.00000      -     -    0s
H    0     0                      36.0000000   36.00000  0.00%     -    0s
     0     0   36.00000    0    8   36.00000   36.00000  0.00%     -    0s

Cutting planes:
  Gomory: 5
  Zero half: 103
  RLT: 1

Explored 1 nodes (6681 simplex iterations) in 0.77 seconds (0.55 work units)
Thread count was 64 (of 64 available processors)

Solution count 1: 36 

Optimal solution found (tolerance 1.00e-04)
Best objective 3.600000000000e+01, best bound 3.600000000000e+01, gap 0.0000%
        1.84 - 	Solution num 1:
guessed:  x660 x685 x716 x783 x790 x791 x792 x795 x808 x849 x914 x946 x956 x1032 x1065 x1066 x1068 x1082 x1110 x1122 x1134 x1147 x1162 x1187 x1206 x1217 x1218 x1243 x1261 x1297 x1300 x1317 x1328 x1335 x1348 x1358 x1374 x1383 x1399 x1441 x1449 x1450 x1455 x1456 x1473 x1474 x1484 x1494 x1496 x1504 x1509 x1521 x1528 x1531 x1532 x1533 x1534 x1546 x1548 x1573 x1581 x1582 x1583 x1588 x1605 x1616 x1624 x1625 x1637 x1642 x1646 x1647 x1649 x1651 x1656 x1662 x1665 x1683 x1695 x1697 x1702 x1704 x1705 x1707 x1709 x1722 x1732 x1735 x1739 x1740 x1759 x1764 x1777 x1789 x1793 x1795 x1810 x1817 x1822 x1835 x1837 x1849 x1854 x1872 x1887 x1894 x1897 x1899 x1928 x1950 x1987 x1990 x2002 x2003 x2004 x2005 x2006 x2008 x2009 x2017 x2021 x2027 x2029 x2030 x2032 x2033 x2044 x2046 x2053 x2054 x2071 x2072 x2078 x2099 x2102 x2122 x2134 x2168 x2176 x2180 x2182 x2183 x2185 x2187 x2188 x2189 x2190 x2195 x2196 x2199 x2200 x2210 x2212 x2232 x2234 x2235 x2238 x2239[158]
linearized equations:  13 20 21 22 23 25 40 47 50 52 64 65 67 71 72 84 93 96 109 129 131 133 134 146 153 156 158 185 195 197 215 227 234 235 240 252
        1.84 - target guess 157
Set parameter Username
Academic license - for non-commercial use only - expires 2022-06-20
Set parameter Threads to value 64
Set parameter MIPFocus to value 3
        1.86 - there are 137 short nonlinear (11) polynomial
Set parameter TimeLimit to value 1800
Gurobi Optimizer version 9.5.0 build v9.5.0rc5 (linux64)
Thread count: 32 physical cores, 64 logical processors, using up to 64 threads
Optimize a model with 5105 rows, 2496 columns and 15967 nonzeros
Model fingerprint: 0x2eb6fb7f
Variable types: 0 continuous, 2496 integer (2496 binary)
Coefficient statistics:
  Matrix range     [1e+00, 1e+00]
  Objective range  [1e+00, 1e+00]
  Bounds range     [1e+00, 1e+00]
  RHS range        [4e+01, 2e+02]
Presolve removed 3596 rows and 1225 columns
Presolve time: 0.01s
Presolved: 1509 rows, 1271 columns, 5746 nonzeros
Variable types: 0 continuous, 1271 integer (1232 binary)
Root relaxation presolved: 1509 rows, 1271 columns, 5746 nonzeros


Root relaxation: objective 3.700000e+01, 1955 iterations, 0.07 seconds (0.09 work units)

    Nodes    |    Current Node    |     Objective Bounds      |     Work
 Expl Unexpl |  Obj  Depth IntInf | Incumbent    BestBd   Gap | It/Node Time

     0     0   37.00000    0   70          -   37.00000      -     -    0s
H    0     0                      37.0000000   37.00000  0.00%     -    0s

Cutting planes:
  Gomory: 6
  Zero half: 45
  RLT: 2

Explored 1 nodes (4995 simplex iterations) in 0.62 seconds (0.52 work units)
Thread count was 64 (of 64 available processors)

Solution count 1: 37 

Optimal solution found (tolerance 1.00e-04)
Best objective 3.700000000000e+01, best bound 3.700000000000e+01, gap 0.0000%
        2.48 - 	Solution num 1:
guessed:  x660 x661 x665 x666 x667 x678 x692 x720 x730 x787 x790 x791 x795 x796 x797 x808 x1005 x1013 x1032 x1034 x1062 x1075 x1095 x1100 x1109 x1122 x1136 x1147 x1162 x1174 x1215 x1216 x1217 x1236 x1250 x1261 x1278 x1297 x1298 x1300 x1301 x1328 x1331 x1335 x1349 x1352 x1358 x1362 x1374 x1387 x1449 x1450 x1454 x1456 x1496 x1499 x1504 x1521 x1525 x1526 x1531 x1533 x1534 x1535 x1576 x1581 x1583 x1585 x1588 x1610 x1612 x1616 x1623 x1624 x1625 x1629 x1640 x1641 x1642 x1649 x1651 x1661 x1662 x1672 x1701 x1702 x1705 x1709 x1710 x1722 x1723 x1732 x1735 x1739 x1740 x1764 x1777 x1793 x1797 x1810 x1822 x1824 x1835 x1837 x1853 x1854 x1866 x1872 x1874 x1887 x1899 x1901 x1980 x1996 x2003 x2004 x2005 x2006 x2008 x2009 x2017 x2021 x2027 x2034 x2044 x2051 x2053 x2054 x2065 x2068 x2072 x2074 x2093 x2102 x2122 x2134 x2137 x2143 x2145 x2159 x2172 x2173 x2176 x2179 x2183 x2185 x2187 x2189 x2190 x2191 x2195 x2196 x2231 x2232 x2234 x2235 x2239[157]
linearized equations:  1 20 21 23 25 27 40 52 54 64 67 68 71 84 96 98 109 123 126 129 131 133 134 135 146 160 186 189 202 215 227 231 232 234 235 240 252
        2.48 - target guess 156
Set parameter Username
Academic license - for non-commercial use only - expires 2022-06-20
Set parameter Threads to value 64
Set parameter MIPFocus to value 3
        2.50 - there are 137 short nonlinear (11) polynomial
Set parameter TimeLimit to value 1800
Gurobi Optimizer version 9.5.0 build v9.5.0rc5 (linux64)
Thread count: 32 physical cores, 64 logical processors, using up to 64 threads
Optimize a model with 5105 rows, 2496 columns and 15967 nonzeros
Model fingerprint: 0x45a912e3
Variable types: 0 continuous, 2496 integer (2496 binary)
Coefficient statistics:
  Matrix range     [1e+00, 1e+00]
  Objective range  [1e+00, 1e+00]
  Bounds range     [1e+00, 1e+00]
  RHS range        [4e+01, 2e+02]
Presolve removed 3596 rows and 1225 columns
Presolve time: 0.01s
Presolved: 1509 rows, 1271 columns, 5746 nonzeros
Variable types: 0 continuous, 1271 integer (1232 binary)
Root relaxation presolved: 1509 rows, 1271 columns, 5746 nonzeros


Root relaxation: objective 3.800000e+01, 1873 iterations, 0.08 seconds (0.09 work units)

    Nodes    |    Current Node    |     Objective Bounds      |     Work
 Expl Unexpl |  Obj  Depth IntInf | Incumbent    BestBd   Gap | It/Node Time

     0     0   38.00000    0  149          -   38.00000      -     -    0s
H    0     0                      38.0000000   38.00000  0.00%     -    0s
     0     0   38.00000    0  149   38.00000   38.00000  0.00%     -    0s

Explored 1 nodes (6255 simplex iterations) in 0.71 seconds (0.53 work units)
Thread count was 64 (of 64 available processors)

Solution count 1: 38 

Optimal solution found (tolerance 1.00e-04)
Best objective 3.800000000000e+01, best bound 3.800000000000e+01, gap 0.0000%
        3.21 - 	Solution num 1:
guessed:  x660 x661 x663 x667 x685 x689 x730 x752 x790 x791 x795 x796 x819 x821 x849 x858 x914 x956 x975 x1031 x1032 x1034 x1066 x1068 x1097 x1102 x1109 x1134 x1136 x1183 x1206 x1215 x1217 x1218 x1223 x1243 x1247 x1297 x1298 x1300 x1328 x1331 x1349 x1354 x1358 x1361 x1362 x1383 x1387 x1449 x1450 x1456 x1475 x1493 x1494 x1496 x1504 x1508 x1528 x1531 x1533 x1534 x1546 x1576 x1581 x1583 x1588 x1589 x1605 x1609 x1610 x1612 x1616 x1624 x1625 x1642 x1644 x1646 x1647 x1649 x1651 x1665 x1670 x1672 x1702 x1705 x1707 x1709 x1732 x1735 x1739 x1740 x1759 x1763 x1764 x1777 x1793 x1795 x1797 x1817 x1821 x1822 x1824 x1854 x1872 x1874 x1894 x1897 x1898 x1899 x1901 x1950 x1954 x1980 x1987 x1990 x1996 x2004 x2005 x2006 x2008 x2009 x2027 x2029 x2030 x2032 x2033 x2034 x2054 x2065 x2072 x2078 x2099 x2101 x2103 x2134 x2141 x2168 x2172 x2173 x2176 x2183 x2187 x2188 x2189 x2190 x2195 x2196 x2198 x2199 x2210 x2212 x2214 x2235 x2238 x2239[156]
linearized equations:  20 21 22 23 25 27 47 50 51 52 54 64 67 71 72 93 96 98 123 129 131 133 134 135 153 156 157 158 160 186 195 197 199 201 202 234 235 240
        3.21 - target guess 155
Set parameter Username
Academic license - for non-commercial use only - expires 2022-06-20
Set parameter Threads to value 64
Set parameter MIPFocus to value 3
        3.25 - there are 137 short nonlinear (11) polynomial
Set parameter TimeLimit to value 1800
Gurobi Optimizer version 9.5.0 build v9.5.0rc5 (linux64)
Thread count: 32 physical cores, 64 logical processors, using up to 64 threads
Optimize a model with 5105 rows, 2496 columns and 15967 nonzeros
Model fingerprint: 0xff0e681b
Variable types: 0 continuous, 2496 integer (2496 binary)
Coefficient statistics:
  Matrix range     [1e+00, 1e+00]
  Objective range  [1e+00, 1e+00]
  Bounds range     [1e+00, 1e+00]
  RHS range        [4e+01, 2e+02]
Presolve removed 3596 rows and 1225 columns
Presolve time: 0.01s
Presolved: 1509 rows, 1271 columns, 5746 nonzeros
Variable types: 0 continuous, 1271 integer (1232 binary)
Root relaxation presolved: 1509 rows, 1271 columns, 5746 nonzeros


Root relaxation: objective 3.900000e+01, 1974 iterations, 0.11 seconds (0.11 work units)

    Nodes    |    Current Node    |     Objective Bounds      |     Work
 Expl Unexpl |  Obj  Depth IntInf | Incumbent    BestBd   Gap | It/Node Time

     0     0   39.00000    0   15          -   39.00000      -     -    0s
H    0     0                      39.0000000   39.00000  0.00%     -    0s

Cutting planes:
  Gomory: 1
  Cover: 2
  MIR: 2
  Flow cover: 1
  Zero half: 3
  RLT: 2

Explored 1 nodes (5884 simplex iterations) in 0.66 seconds (0.50 work units)
Thread count was 64 (of 64 available processors)

Solution count 1: 39 

Optimal solution found (tolerance 1.00e-04)
Best objective 3.900000000000e+01, best bound 3.900000000000e+01, gap 0.0000%
        3.92 - 	Solution num 1:
guessed:  x640 x660 x667 x678 x685 x767 x770 x791 x795 x797 x808 x849 x868 x914 x956 x1065 x1068 x1109 x1110 x1122 x1147 x1148 x1149 x1162 x1163 x1187 x1206 x1217 x1243 x1261 x1262 x1263 x1280 x1297 x1300 x1301 x1311 x1317 x1335 x1354 x1357 x1358 x1362 x1374 x1383 x1399 x1400 x1448 x1449 x1455 x1456 x1481 x1484 x1496 x1501 x1504 x1521 x1528 x1531 x1533 x1534 x1535 x1546 x1583 x1585 x1588 x1589 x1595 x1605 x1623 x1624 x1625 x1631 x1642 x1643 x1646 x1649 x1662 x1665 x1683 x1684 x1685 x1702 x1705 x1706 x1709 x1710 x1722 x1732 x1735 x1739 x1740 x1747 x1759 x1777 x1783 x1793 x1795 x1810 x1817 x1835 x1836 x1837 x1872 x1874 x1887 x1894 x1913 x1929 x1935 x1936 x1950 x1951 x1987 x2003 x2004 x2005 x2006 x2007 x2008 x2009 x2015 x2021 x2027 x2029 x2030 x2044 x2054 x2072 x2084 x2099 x2121 x2122 x2143 x2153 x2168 x2176 x2181 x2183 x2185 x2187 x2188 x2189 x2190 x2191 x2195 x2196 x2210 x2213 x2215 x2232 x2234 x2235 x2238 x2239[155]
linearized equations:  1 2 3 20 21 23 25 27 40 47 64 67 68 71 72 78 84 93 109 110 111 129 131 133 134 135 141 146 153 156 172 195 197 214 215 234 235 240 252
        3.92 - target guess 154
Set parameter Username
Academic license - for non-commercial use only - expires 2022-06-20
Set parameter Threads to value 64
Set parameter MIPFocus to value 3
        3.94 - there are 137 short nonlinear (11) polynomial
Set parameter TimeLimit to value 1800
Gurobi Optimizer version 9.5.0 build v9.5.0rc5 (linux64)
Thread count: 32 physical cores, 64 logical processors, using up to 64 threads
Optimize a model with 5105 rows, 2496 columns and 15967 nonzeros
Model fingerprint: 0x155f1715
Variable types: 0 continuous, 2496 integer (2496 binary)
Coefficient statistics:
  Matrix range     [1e+00, 1e+00]
  Objective range  [1e+00, 1e+00]
  Bounds range     [1e+00, 1e+00]
  RHS range        [4e+01, 2e+02]
Presolve removed 3596 rows and 1225 columns
Presolve time: 0.01s
Presolved: 1509 rows, 1271 columns, 5746 nonzeros
Variable types: 0 continuous, 1271 integer (1232 binary)
Root relaxation presolved: 1509 rows, 1271 columns, 5746 nonzeros


Root relaxation: objective 4.000000e+01, 1924 iterations, 0.10 seconds (0.11 work units)

    Nodes    |    Current Node    |     Objective Bounds      |     Work
 Expl Unexpl |  Obj  Depth IntInf | Incumbent    BestBd   Gap | It/Node Time

     0     0   40.00000    0  424          -   40.00000      -     -    0s
     0     0   40.00000    0  393          -   40.00000      -     -    1s
     0     0   40.00000    0  395          -   40.00000      -     -    1s
     0     0   40.00000    0  229          -   40.00000      -     -    2s
     0     0   40.00000    0  231          -   40.00000      -     -    2s
     0     0   40.00000    0   27          -   40.00000      -     -    2s
*    0     0               0      40.0000000   40.00000  0.00%     -    2s

Cutting planes:
  Gomory: 42
  Cover: 2
  MIR: 1
  Flow cover: 5
  Zero half: 140
  RLT: 3

Explored 1 nodes (13242 simplex iterations) in 2.62 seconds (2.14 work units)
Thread count was 64 (of 64 available processors)

Solution count 1: 40 

Optimal solution found (tolerance 1.00e-04)
Best objective 4.000000000000e+01, best bound 4.000000000000e+01, gap 0.0000%
        6.57 - 	Solution num 1:
guessed:  x678 x685 x690 x767 x770 x808 x849 x868 x914 x1032 x1064 x1065 x1068 x1109 x1110 x1122 x1134 x1147 x1148 x1149 x1162 x1163 x1182 x1187 x1206 x1217 x1243 x1261 x1262 x1263 x1280 x1297 x1300 x1317 x1354 x1361 x1362 x1383 x1399 x1416 x1484 x1494 x1496 x1501 x1504 x1508 x1509 x1521 x1528 x1531 x1532 x1533 x1534 x1535 x1536 x1546 x1548 x1583 x1604 x1605 x1612 x1616 x1623 x1624 x1625 x1630 x1631 x1642 x1643 x1646 x1649 x1650 x1651 x1670 x1683 x1684 x1685 x1702 x1703 x1704 x1705 x1709 x1710 x1722 x1732 x1735 x1739 x1740 x1759 x1764 x1777 x1778 x1779 x1793 x1797 x1798 x1810 x1817 x1835 x1836 x1837 x1854 x1855 x1874 x1887 x1894 x1899 x1913 x1929 x1950 x1951 x1955 x1987 x1990 x2003 x2004 x2005 x2006 x2007 x2008 x2009 x2021 x2027 x2030 x2031 x2032 x2033 x2044 x2053 x2054 x2072 x2097 x2099 x2104 x2168 x2173 x2176 x2183 x2187 x2188 x2189 x2190 x2195 x2196 x2199 x2210 x2213 x2215 x2226 x2232 x2234 x2235 x2238 x2239[154]
linearized equations:  1 2 3 20 21 23 27 40 47 50 52 64 65 67 71 72 84 93 96 109 110 111 129 133 134 135 146 153 156 158 172 195 197 202 214 215 234 235 240 252
        6.57 - target guess 153
Set parameter Username
Academic license - for non-commercial use only - expires 2022-06-20
Set parameter Threads to value 64
Set parameter MIPFocus to value 3
        6.61 - there are 137 short nonlinear (11) polynomial
Set parameter TimeLimit to value 1800
Gurobi Optimizer version 9.5.0 build v9.5.0rc5 (linux64)
Thread count: 32 physical cores, 64 logical processors, using up to 64 threads
Optimize a model with 5105 rows, 2496 columns and 15967 nonzeros
Model fingerprint: 0x270945de
Variable types: 0 continuous, 2496 integer (2496 binary)
Coefficient statistics:
  Matrix range     [1e+00, 1e+00]
  Objective range  [1e+00, 1e+00]
  Bounds range     [1e+00, 1e+00]
  RHS range        [4e+01, 2e+02]
Presolve removed 3596 rows and 1225 columns
Presolve time: 0.01s
Presolved: 1509 rows, 1271 columns, 5746 nonzeros
Variable types: 0 continuous, 1271 integer (1232 binary)
Root relaxation presolved: 1509 rows, 1271 columns, 5746 nonzeros


Root relaxation: objective 4.100000e+01, 2156 iterations, 0.10 seconds (0.14 work units)

    Nodes    |    Current Node    |     Objective Bounds      |     Work
 Expl Unexpl |  Obj  Depth IntInf | Incumbent    BestBd   Gap | It/Node Time

     0     0   41.00000    0  313          -   41.00000      -     -    0s
     0     0   41.00000    0  298          -   41.00000      -     -    1s
     0     0   41.00000    0  299          -   41.00000      -     -    1s
     0     0   41.00000    0  267          -   41.00000      -     -    1s
     0     2   41.00000    0  267          -   41.00000      -     -    2s
    31    56   41.00000    5  460          -   41.00000      -   427    5s

Cutting planes:
  Flow cover: 13
  Zero half: 678
  RLT: 2

Explored 463 nodes (254152 simplex iterations) in 8.11 seconds (5.63 work units)
Thread count was 64 (of 64 available processors)

Solution count 0
No other solutions better than -1e+100

Model is infeasible
Best objective -, best bound -, gap -
       14.72 - 	Solution num 0:
       14.74 - increase high_eq_constraint to 1

Set parameter Username
Academic license - for non-commercial use only - expires 2022-06-20
Set parameter Threads to value 64
Set parameter MIPFocus to value 3
       14.75 - there are 137 short nonlinear (11) polynomial
Set parameter TimeLimit to value 1800
Gurobi Optimizer version 9.5.0 build v9.5.0rc5 (linux64)
Thread count: 32 physical cores, 64 logical processors, using up to 64 threads
Optimize a model with 5105 rows, 2496 columns and 15967 nonzeros
Model fingerprint: 0xfcc5b1f3
Variable types: 0 continuous, 2496 integer (2496 binary)
Coefficient statistics:
  Matrix range     [1e+00, 1e+00]
  Objective range  [1e+00, 1e+00]
  Bounds range     [1e+00, 1e+00]
  RHS range        [1e+00, 2e+02]
Presolve removed 977 rows and 977 columns
Presolve time: 0.01s
Presolved: 4128 rows, 1519 columns, 13894 nonzeros
Variable types: 0 continuous, 1519 integer (1519 binary)
Root relaxation presolved: 4128 rows, 1519 columns, 13894 nonzeros


Root relaxation: objective 4.100000e+01, 2467 iterations, 0.18 seconds (0.32 work units)

    Nodes    |    Current Node    |     Objective Bounds      |     Work
 Expl Unexpl |  Obj  Depth IntInf | Incumbent    BestBd   Gap | It/Node Time

     0     0   41.00000    0  494          -   41.00000      -     -    1s
     0     0   41.00000    0  521          -   41.00000      -     -    1s
     0     0   41.00000    0  550          -   41.00000      -     -    2s
     0     0   41.00000    0  279          -   41.00000      -     -    3s
     0     0   41.00000    0  326          -   41.00000      -     -    3s
     0     0   41.00000    0  477          -   41.00000      -     -    4s
     0     0   41.00000    0  477          -   41.00000      -     -    5s
     0     2   41.00000    0   61          -   41.00000      -     -    7s
    26    32   41.00000    4  512          -   41.00000      -   709   10s
   251   174   41.00000    9  339          -   41.00000      -   565   15s
   443   183 infeasible   12               -   41.00000      -   486   20s
   894   489 infeasible   14               -   41.00000      -   515   26s
  1142   623 infeasible   16               -   41.00000      -   478   30s
  2081   695 infeasible   21               -   41.00000      -   478   38s
  2726   644 infeasible   16               -   41.00000      -   476   43s
  3387   623   41.00000   17  528          -   41.00000      -   477   48s
  4112   599   41.00000   20  583          -   41.00000      -   474   54s
  4772   495   41.00000   12  364          -   41.00000      -   473   61s
  5464   420   41.00000   12  473          -   41.00000      -   473   66s
  6027   417 infeasible   19               -   41.00000      -   474   71s
  6504   381   41.00000   19  629          -   41.00000      -   482   77s
  7042   280 infeasible   20               -   41.00000      -   482   81s
  7551   265 infeasible   23               -   41.00000      -   482   88s
  7988   197 infeasible   26               -   41.00000      -   482   92s
  8410   115 infeasible   31               -   41.00000      -   483   96s
  8933     8   41.00000   26  692          -   41.00000      -   484  102s

Cutting planes:
  Gomory: 4
  Lift-and-project: 1
  Flow cover: 5
  Zero half: 1205
  RLT: 174

Explored 9019 nodes (4390649 simplex iterations) in 104.92 seconds (85.09 work units)
Thread count was 64 (of 64 available processors)

Solution count 0
No other solutions better than -1e+100

Model is infeasible
Best objective -, best bound -, gap -
      119.94 - 	Solution num 0:
      119.97 - increase high_eq_constraint to 2

Set parameter Username
Academic license - for non-commercial use only - expires 2022-06-20
Set parameter Threads to value 64
Set parameter MIPFocus to value 3
      120.01 - there are 137 short nonlinear (11) polynomial
Set parameter TimeLimit to value 1800
Gurobi Optimizer version 9.5.0 build v9.5.0rc5 (linux64)
Thread count: 32 physical cores, 64 logical processors, using up to 64 threads
Optimize a model with 5105 rows, 2496 columns and 15967 nonzeros
Model fingerprint: 0xdb5367fd
Variable types: 0 continuous, 2496 integer (2496 binary)
Coefficient statistics:
  Matrix range     [1e+00, 1e+00]
  Objective range  [1e+00, 1e+00]
  Bounds range     [1e+00, 1e+00]
  RHS range        [2e+00, 2e+02]
Presolve removed 977 rows and 977 columns
Presolve time: 0.01s
Presolved: 4128 rows, 1519 columns, 13894 nonzeros
Variable types: 0 continuous, 1519 integer (1519 binary)
Root relaxation presolved: 4128 rows, 1519 columns, 13894 nonzeros


Root relaxation: objective 4.100000e+01, 2574 iterations, 0.29 seconds (0.34 work units)

    Nodes    |    Current Node    |     Objective Bounds      |     Work
 Expl Unexpl |  Obj  Depth IntInf | Incumbent    BestBd   Gap | It/Node Time

     0     0   41.00000    0  303          -   41.00000      -     -    1s
     0     0   41.00000    0  304          -   41.00000      -     -    3s
     0     0   41.00000    0  328          -   41.00000      -     -    3s
H    0     0                      41.0000000   41.00000  0.00%     -    4s
     0     0   41.00000    0  324   41.00000   41.00000  0.00%     -    4s

Cutting planes:
  Gomory: 11
  Lift-and-project: 11
  Zero half: 222
  RLT: 7

Explored 1 nodes (18374 simplex iterations) in 4.84 seconds (4.67 work units)
Thread count was 64 (of 64 available processors)

Solution count 1: 41 

Optimal solution found (tolerance 1.00e-04)
Best objective 4.100000000000e+01, best bound 4.100000000000e+01, gap 0.0000%
      124.86 - 	Solution num 1:
guessed:  x678 x685 x690 x730 x767 x770 x796 x808 x815 x849 x868 x914 x1032 x1064 x1065 x1068 x1110 x1122 x1134 x1147 x1148 x1149 x1162 x1163 x1182 x1217 x1243 x1261 x1262 x1263 x1280 x1297 x1299 x1300 x1317 x1354 x1356 x1361 x1383 x1399 x1400 x1415 x1456 x1472 x1474 x1484 x1494 x1496 x1501 x1504 x1508 x1509 x1521 x1528 x1531 x1533 x1534 x1535 x1546 x1583 x1604 x1605 x1610 x1616 x1623 x1624 x1625 x1631 x1642 x1643 x1646 x1649 x1650 x1651 x1656 x1662 x1670 x1683 x1684 x1685 x1702 x1722 x1732 x1739 x1740 x1759 x1764 x1777 x1794 x1797 x1810 x1817 x1822 x1835 x1836 x1837 x1854 x1855 x1874 x1887 x1894 x1897 x1899 x1913 x1924 x1925 x1927 x1950 x1987 x2003 x2004 x2005 x2006 x2007 x2009 x2021 x2027 x2030 x2031 x2032 x2033 x2044 x2054 x2056 x2061 x2072 x2073 x2077 x2078 x2091 x2097 x2099 x2121 x2122 x2142 x2145 x2168 x2176 x2183 x2184 x2187 x2188 x2189 x2195 x2196 x2199 x2210 x2213 x2215 x2226 x2232 x2234 x2239[153]
linearized equations:  1 2 3 20 21 23 27 28 40 47 50 52 64 66 67 71 72 84 93 96 109 110 111 129 130 133 134 135 146 153 156 158 172 195 197 214 215 234 235 240 252
      124.87 - target guess 152
Set parameter Username
Academic license - for non-commercial use only - expires 2022-06-20
Set parameter Threads to value 64
Set parameter MIPFocus to value 3
      124.91 - there are 137 short nonlinear (11) polynomial
Set parameter TimeLimit to value 1800
Gurobi Optimizer version 9.5.0 build v9.5.0rc5 (linux64)
Thread count: 32 physical cores, 64 logical processors, using up to 64 threads
Optimize a model with 5105 rows, 2496 columns and 15967 nonzeros
Model fingerprint: 0x3c0ec058
Variable types: 0 continuous, 2496 integer (2496 binary)
Coefficient statistics:
  Matrix range     [1e+00, 1e+00]
  Objective range  [1e+00, 1e+00]
  Bounds range     [1e+00, 1e+00]
  RHS range        [4e+01, 2e+02]
Presolve removed 3596 rows and 1225 columns
Presolve time: 0.01s
Presolved: 1509 rows, 1271 columns, 5746 nonzeros
Variable types: 0 continuous, 1271 integer (1232 binary)
Root relaxation presolved: 1509 rows, 1271 columns, 5746 nonzeros


Root relaxation: objective 4.200000e+01, 2223 iterations, 0.14 seconds (0.15 work units)

    Nodes    |    Current Node    |     Objective Bounds      |     Work
 Expl Unexpl |  Obj  Depth IntInf | Incumbent    BestBd   Gap | It/Node Time

     0     0   42.00000    0  497          -   42.00000      -     -    0s
     0     0   42.00000    0  498          -   42.00000      -     -    1s
     0     0 -1.000e+100    0  497          - infeasible      -     -    2s

Cutting planes:
  Gomory: 16
  Flow cover: 6
  Zero half: 184
  RLT: 1

Explored 1 nodes (10561 simplex iterations) in 2.45 seconds (1.87 work units)
Thread count was 64 (of 64 available processors)

Solution count 0
No other solutions better than -1e+100

Model is infeasible
Best objective -, best bound -, gap -
      127.36 - 	Solution num 0:
      127.36 - increase high_eq_constraint to 1

Set parameter Username
Academic license - for non-commercial use only - expires 2022-06-20
Set parameter Threads to value 64
Set parameter MIPFocus to value 3
      127.40 - there are 137 short nonlinear (11) polynomial
Set parameter TimeLimit to value 1800
Gurobi Optimizer version 9.5.0 build v9.5.0rc5 (linux64)
Thread count: 32 physical cores, 64 logical processors, using up to 64 threads
Optimize a model with 5105 rows, 2496 columns and 15967 nonzeros
Model fingerprint: 0x9511aacd
Variable types: 0 continuous, 2496 integer (2496 binary)
Coefficient statistics:
  Matrix range     [1e+00, 1e+00]
  Objective range  [1e+00, 1e+00]
  Bounds range     [1e+00, 1e+00]
  RHS range        [1e+00, 2e+02]
Presolve removed 977 rows and 977 columns
Presolve time: 0.02s
Presolved: 4128 rows, 1519 columns, 13894 nonzeros
Variable types: 0 continuous, 1519 integer (1519 binary)
Root relaxation presolved: 4128 rows, 1519 columns, 13894 nonzeros


Root relaxation: objective 4.200000e+01, 2643 iterations, 0.26 seconds (0.35 work units)

    Nodes    |    Current Node    |     Objective Bounds      |     Work
 Expl Unexpl |  Obj  Depth IntInf | Incumbent    BestBd   Gap | It/Node Time

     0     0   42.00000    0  546          -   42.00000      -     -    1s
     0     0   42.00000    0  531          -   42.00000      -     -    2s
     0     0   42.00000    0  536          -   42.00000      -     -    2s
     0     0   42.00000    0  540          -   42.00000      -     -    4s
     0     0   42.00000    0  540          -   42.00000      -     -    6s
     0     2   42.00000    0  540          -   42.00000      -     -    9s
     3     8   42.00000    2  632          -   42.00000      -  1460   10s
    25     6 infeasible    6               -   42.00000      -   674   15s
    47    12 infeasible    9               -   42.00000      -   754   20s
    89    16   42.00000   12  968          -   42.00000      -   713   25s
   133    30   42.00000   15  972          -   42.00000      -   795   31s
   219    40   42.00000   18  654          -   42.00000      -   819   35s
   349    46 infeasible   21               -   42.00000      -   743   40s
   563     9 infeasible   29               -   42.00000      -   740   45s

Cutting planes:
  Lift-and-project: 2
  Flow cover: 1
  Zero half: 730
  RLT: 57

Explored 597 nodes (453200 simplex iterations) in 46.87 seconds (33.07 work units)
Thread count was 64 (of 64 available processors)

Solution count 0
No other solutions better than -1e+100

Model is infeasible
Best objective -, best bound -, gap -
      174.32 - 	Solution num 0:
      174.38 - increase high_eq_constraint to 2

Set parameter Username
Academic license - for non-commercial use only - expires 2022-06-20
Set parameter Threads to value 64
Set parameter MIPFocus to value 3
      174.42 - there are 137 short nonlinear (11) polynomial
Set parameter TimeLimit to value 1800
Gurobi Optimizer version 9.5.0 build v9.5.0rc5 (linux64)
Thread count: 32 physical cores, 64 logical processors, using up to 64 threads
Optimize a model with 5105 rows, 2496 columns and 15967 nonzeros
Model fingerprint: 0x4d502dd6
Variable types: 0 continuous, 2496 integer (2496 binary)
Coefficient statistics:
  Matrix range     [1e+00, 1e+00]
  Objective range  [1e+00, 1e+00]
  Bounds range     [1e+00, 1e+00]
  RHS range        [2e+00, 2e+02]
Presolve removed 977 rows and 977 columns
Presolve time: 0.01s
Presolved: 4128 rows, 1519 columns, 13894 nonzeros
Variable types: 0 continuous, 1519 integer (1519 binary)
Root relaxation presolved: 4128 rows, 1519 columns, 13894 nonzeros


Root relaxation: objective 4.200000e+01, 2556 iterations, 0.33 seconds (0.38 work units)

    Nodes    |    Current Node    |     Objective Bounds      |     Work
 Expl Unexpl |  Obj  Depth IntInf | Incumbent    BestBd   Gap | It/Node Time

     0     0   42.00000    0  359          -   42.00000      -     -    2s
     0     0   42.00000    0  520          -   42.00000      -     -    4s
     0     0   42.00000    0  399          -   42.00000      -     -    7s
     0     0   42.00000    0  399          -   42.00000      -     -    8s
     0     2   42.00000    0  399          -   42.00000      -     -   11s
    15    32   42.00000    4  631          -   42.00000      -   792   16s
    63    66 infeasible    6               -   42.00000      -   794   20s
   301   332   42.00000    9  718          -   42.00000      -   703   29s
   423   373   42.00000   10  525          -   42.00000      -   695   34s
   692   369   42.00000   12  616          -   42.00000      -   681   38s
   910   379 infeasible   11               -   42.00000      -   768   40s
  1208   371   42.00000   11  722          -   42.00000      -   689   48s
  1564   398 infeasible   12               -   42.00000      -   653   54s
  1895   447 infeasible   17               -   42.00000      -   639   59s
  2300   456   42.00000   15  903          -   42.00000      -   629   63s
  2735   417   42.00000   15  704          -   42.00000      -   617   67s
  3246   390 infeasible   14               -   42.00000      -   606   70s
  3695   354 infeasible   16               -   42.00000      -   602   75s
  4577   298   42.00000   14  782          -   42.00000      -   597   82s
  5432   273 infeasible   13               -   42.00000      -   588   86s
  6641   177 infeasible   17               -   42.00000      -   578   90s
  7608    37 infeasible   16               -   42.00000      -   572   95s

Cutting planes:
  Zero half: 789
  RLT: 29

Explored 7879 nodes (4508254 simplex iterations) in 96.02 seconds (99.95 work units)
Thread count was 64 (of 64 available processors)

Solution count 0
No other solutions better than -1e+100

Model is infeasible
Best objective -, best bound -, gap -
      270.45 - 	Solution num 0:
      270.48 - increase high_eq_constraint to 3

Set parameter Username
Academic license - for non-commercial use only - expires 2022-06-20
Set parameter Threads to value 64
Set parameter MIPFocus to value 3
      270.52 - there are 137 short nonlinear (11) polynomial
Set parameter TimeLimit to value 1800
Gurobi Optimizer version 9.5.0 build v9.5.0rc5 (linux64)
Thread count: 32 physical cores, 64 logical processors, using up to 64 threads
Optimize a model with 5105 rows, 2496 columns and 15967 nonzeros
Model fingerprint: 0xf574206c
Variable types: 0 continuous, 2496 integer (2496 binary)
Coefficient statistics:
  Matrix range     [1e+00, 1e+00]
  Objective range  [1e+00, 1e+00]
  Bounds range     [1e+00, 1e+00]
  RHS range        [3e+00, 2e+02]
Presolve removed 977 rows and 977 columns
Presolve time: 0.01s
Presolved: 4128 rows, 1519 columns, 13894 nonzeros
Variable types: 0 continuous, 1519 integer (1519 binary)
Root relaxation presolved: 4128 rows, 1519 columns, 13894 nonzeros


Root relaxation: objective 4.200000e+01, 2383 iterations, 0.22 seconds (0.32 work units)

    Nodes    |    Current Node    |     Objective Bounds      |     Work
 Expl Unexpl |  Obj  Depth IntInf | Incumbent    BestBd   Gap | It/Node Time

     0     0   42.00000    0  762          -   42.00000      -     -    1s
     0     0   42.00000    0  650          -   42.00000      -     -    3s
     0     0   42.00000    0  639          -   42.00000      -     -    3s
     0     0   42.00000    0  465          -   42.00000      -     -    5s
     0     0   42.00000    0  711          -   42.00000      -     -    5s
     0     0   42.00000    0  670          -   42.00000      -     -    7s
     0     0   42.00000    0  384          -   42.00000      -     -    9s
     0     2   42.00000    0  247          -   42.00000      -     -   12s
     9    16   42.00000    3  943          -   42.00000      -  1305   15s
   191   190 infeasible    7               -   42.00000      -   857   22s
   465   360   42.00000    9  676          -   42.00000      -   815   25s
  1414   518 infeasible   11               -   42.00000      -   674   31s
  2336   560   42.00000   13  726          -   42.00000      -   690   37s
  2919   544 infeasible   17               -   42.00000      -   670   40s
  4133   504   42.00000   15  907          -   42.00000      -   649   48s
  4713   455   42.00000   16  905          -   42.00000      -   643   52s
  5274   424 infeasible   21               -   42.00000      -   643   56s
  5867   459   42.00000   21  955          -   42.00000      -   640   61s
  6450   529   42.00000   19  859          -   42.00000      -   635   66s
  7124   676   42.00000   16  795          -   42.00000      -   629   76s
  7887   855   42.00000   22  929          -   42.00000      -   624   84s
  8788  1009   42.00000   17  693          -   42.00000      -   620   97s
  9940  1116   42.00000   19  798          -   42.00000      -   615  109s
 11243  1217   42.00000   16  666          -   42.00000      -   612  128s
 12682  1292 infeasible   20               -   42.00000      -   611  138s
 14347  1317   42.00000   18  739          -   42.00000      -   610  149s
 16088  1348 infeasible   23               -   42.00000      -   610  158s
 17963  1250 infeasible   18               -   42.00000      -   608  173s
 19943  1287   42.00000   23  706          -   42.00000      -   607  186s
 21796  1294   42.00000   22  721          -   42.00000      -   606  202s
 23867  1267   42.00000   16  750          -   42.00000      -   606  216s
 26036  1175   42.00000   16  720          -   42.00000      -   606  231s
 28206  1158 infeasible   19               -   42.00000      -   606  247s
 30387  1094 infeasible   19               -   42.00000      -   607  267s
 32695  1039   42.00000   23  773          -   42.00000      -   607  286s
 35016   922   42.00000   15  951          -   42.00000      -   608  306s
 37271   860   42.00000   17  837          -   42.00000      -   610  327s
 39557   864   42.00000   19  728          -   42.00000      -   611  348s
 41918   865   42.00000   18  384          -   42.00000      -   611  350s
 41923   868   42.00000    7  456          -   42.00000      -   611  359s
 41924   869   42.00000   19  430          -   42.00000      -   611  363s
 41925   870   42.00000   17  449          -   42.00000      -   611  373s
 41926   870   42.00000   17  453          -   42.00000      -   611  376s
 41927   871   42.00000   22  453          -   42.00000      -   611  380s
 41928   872   42.00000   20  453          -   42.00000      -   611  389s
 41929   872   42.00000   21  453          -   42.00000      -   611  391s
 41930   876   42.00000   11  723          -   42.00000      -   1.1  408s
 41932   879   42.00000   12  657          -   42.00000      -   1.1  424s
 41936   886   42.00000   13  643          -   42.00000      -   1.2  443s
 41944   899   42.00000   14  604          -   42.00000      -   1.3  453s
 41960   924   42.00000   15  593          -   42.00000      -   1.6  465s
 41992   973   42.00000   16  489          -   42.00000      -   1.9  471s
 42054  1009   42.00000   17  700          -   42.00000      -   2.8  479s
 42080  1000   42.00000   17  914          -   42.00000      -   3.8  480s
 42118  1047   42.00000   18  635          -   42.00000      -   5.4  489s
 42182  1167   42.00000   19  708          -   42.00000      -   6.4  500s
 42397  1246   42.00000   21  799          -   42.00000      -  10.6  515s
 42740  1312   42.00000   25  682          -   42.00000      -  15.2  549s
 44110   943 infeasible   26               -   42.00000      -  34.2  562s
 44948   904   42.00000   25  908          -   42.00000      -  52.6  605s
 46132   991 infeasible   29               -   42.00000      -  67.4  620s
 47361  1032   42.00000   29  650          -   42.00000      -  82.8  643s
 48720  1146 infeasible   28               -   42.00000      -  98.2  693s
 49236  1232 infeasible   28               -   42.00000      -   104  731s
 50880  1227   42.00000   30  636          -   42.00000      -   121  760s
 52667  1246   42.00000   34  859          -   42.00000      -   139  838s
 54436  1319   42.00000   31  779          -   42.00000      -   156  885s
 56297  1427 infeasible   26               -   42.00000      -   173  925s
 58325  1411 infeasible   34               -   42.00000      -   189 1032s
 60649  1411 infeasible   34               -   42.00000      -   205 1085s
 62949  1436 infeasible   30               -   42.00000      -   220 1149s
 65266  1341   42.00000   39  878          -   42.00000      -   235 1263s
 67713  1238 infeasible   33               -   42.00000      -   249 1292s
 70148  1217 infeasible   25               -   42.00000      -   261 1323s
 72501  1063   42.00000   35  608          -   42.00000      -   273 1373s
 74845  1024   42.00000   34  669          -   42.00000      -   285 1403s
 77128  1074 infeasible   39               -   42.00000      -   296 1451s
 77764   867 infeasible   37               -   42.00000      -   298 1569s
 80595   734 infeasible   32               -   42.00000      -   310 1616s
 82764   651   42.00000   35  619          -   42.00000      -   319 1662s
 84859   546 infeasible   37               -   42.00000      -   328 1745s
 87024   525   42.00000   40  775          -   42.00000      -   336 1800s

Cutting planes:
  Gomory: 3
  Lift-and-project: 3
  Flow cover: 30
  Zero half: 1686
  RLT: 416

Explored 88091 nodes (55526799 simplex iterations) in 1800.24 seconds (1248.52 work units)
Thread count was 64 (of 64 available processors)

Solution count 0

Time limit reached
Best objective -, best bound 4.200000000000e+01, gap -
     2071.30 - best linearization 41


