
# variables: 2240
# non-linear: 256

        0.00 - Start computation

        0.00 - target guess 160
Set parameter Username
Academic license - for non-commercial use only - expires 2022-06-20
Set parameter Threads to value 64
Set parameter MIPFocus to value 3
        0.06 - there are 133 short nonlinear (11) polynomial
Set parameter TimeLimit to value 1800
Gurobi Optimizer version 9.5.0 build v9.5.0rc5 (linux64)
Thread count: 32 physical cores, 64 logical processors, using up to 64 threads
Optimize a model with 5145 rows, 2496 columns and 16099 nonzeros
Model fingerprint: 0x4fbd119c
Variable types: 0 continuous, 2496 integer (2496 binary)
Coefficient statistics:
  Matrix range     [1e+00, 1e+00]
  Objective range  [1e+00, 1e+00]
  Bounds range     [1e+00, 1e+00]
  RHS range        [3e+01, 2e+02]
Presolve removed 3680 rows and 1241 columns
Presolve time: 0.01s
Presolved: 1465 rows, 1255 columns, 5605 nonzeros
Variable types: 0 continuous, 1255 integer (1219 binary)
Root relaxation presolved: 1465 rows, 1255 columns, 5605 nonzeros


Root relaxation: objective 3.400000e+01, 1766 iterations, 0.06 seconds (0.07 work units)

    Nodes    |    Current Node    |     Objective Bounds      |     Work
 Expl Unexpl |  Obj  Depth IntInf | Incumbent    BestBd   Gap | It/Node Time

*    0     0               0      34.0000000   34.00000  0.00%     -    0s

Explored 1 nodes (2696 simplex iterations) in 0.35 seconds (0.29 work units)
Thread count was 64 (of 64 available processors)

Solution count 1: 34 

Optimal solution found (tolerance 1.00e-04)
Best objective 3.400000000000e+01, best bound 3.400000000000e+01, gap 0.0000%
        0.40 - 	Solution num 1:
guessed:  x652 x662 x668 x732 x777 x778 x782 x783 x786 x789 x792 x798 x799 x881 x887 x890 x898 x940 x941 x945 x1001 x1007 x1012 x1028 x1051 x1052 x1053 x1057 x1060 x1063 x1068 x1073 x1090 x1091 x1093 x1095 x1098 x1106 x1130 x1185 x1209 x1224 x1225 x1244 x1268 x1269 x1272 x1276 x1284 x1286 x1288 x1289 x1292 x1336 x1345 x1346 x1349 x1352 x1355 x1357 x1368 x1405 x1443 x1450 x1451 x1457 x1475 x1481 x1490 x1515 x1518 x1523 x1526 x1529 x1532 x1568 x1572 x1573 x1576 x1579 x1582 x1584 x1589 x1595 x1606 x1615 x1618 x1629 x1631 x1637 x1644 x1650 x1667 x1668 x1689 x1691 x1697 x1703 x1706 x1710 x1711 x1746 x1783 x1785 x1791 x1794 x1798 x1818 x1820 x1841 x1842 x1843 x1877 x1897 x1918 x1920 x1935 x1936 x1948 x1976 x1979 x1983 x1990 x1992 x1995 x1999 x2002 x2005 x2011 x2015 x2028 x2031 x2060 x2061 x2062 x2064 x2068 x2080 x2081 x2084 x2087 x2098 x2130 x2133 x2134 x2137 x2140 x2169 x2176 x2179 x2182 x2188 x2191 x2195 x2208 x2215 x2233 x2235 x2236 x2239[160]
linearized equations:  7 8 9 12 13 16 19 22 24 28 29 48 65 72 78 92 115 117 119 123 126 130 141 154 179 182 185 189 198 223 226 227 233 242
        0.40 - target guess 159
Set parameter Username
Academic license - for non-commercial use only - expires 2022-06-20
Set parameter Threads to value 64
Set parameter MIPFocus to value 3
        0.44 - there are 133 short nonlinear (11) polynomial
Set parameter TimeLimit to value 1800
Gurobi Optimizer version 9.5.0 build v9.5.0rc5 (linux64)
Thread count: 32 physical cores, 64 logical processors, using up to 64 threads
Optimize a model with 5145 rows, 2496 columns and 16099 nonzeros
Model fingerprint: 0xf0cc4dd0
Variable types: 0 continuous, 2496 integer (2496 binary)
Coefficient statistics:
  Matrix range     [1e+00, 1e+00]
  Objective range  [1e+00, 1e+00]
  Bounds range     [1e+00, 1e+00]
  RHS range        [4e+01, 2e+02]
Presolve removed 3680 rows and 1241 columns
Presolve time: 0.01s
Presolved: 1465 rows, 1255 columns, 5605 nonzeros
Variable types: 0 continuous, 1255 integer (1219 binary)
Root relaxation presolved: 1465 rows, 1255 columns, 5605 nonzeros


Root relaxation: objective 3.500000e+01, 1676 iterations, 0.05 seconds (0.07 work units)

    Nodes    |    Current Node    |     Objective Bounds      |     Work
 Expl Unexpl |  Obj  Depth IntInf | Incumbent    BestBd   Gap | It/Node Time

     0     0   35.00000    0  254          -   35.00000      -     -    0s
H    0     0                      35.0000000   35.00000  0.00%     -    0s

Cutting planes:
  Gomory: 16
  Zero half: 60
  RLT: 4

Explored 1 nodes (4212 simplex iterations) in 0.46 seconds (0.40 work units)
Thread count was 64 (of 64 available processors)

Solution count 1: 35 

Optimal solution found (tolerance 1.00e-04)
Best objective 3.500000000000e+01, best bound 3.500000000000e+01, gap 0.0000%
        0.91 - 	Solution num 1:
guessed:  x650 x652 x668 x670 x777 x782 x783 x786 x789 x807 x881 x884 x887 x898 x908 x940 x945 x1001 x1007 x1020 x1028 x1051 x1053 x1057 x1060 x1063 x1076 x1081 x1091 x1093 x1095 x1098 x1110 x1114 x1130 x1193 x1209 x1224 x1228 x1244 x1269 x1272 x1278 x1284 x1286 x1288 x1289 x1292 x1336 x1345 x1346 x1349 x1352 x1368 x1405 x1443 x1457 x1481 x1483 x1490 x1509 x1515 x1518 x1520 x1523 x1526 x1529 x1568 x1572 x1573 x1576 x1579 x1595 x1599 x1606 x1629 x1631 x1637 x1644 x1650 x1654 x1667 x1668 x1689 x1691 x1697 x1701 x1703 x1710 x1711 x1714 x1721 x1746 x1783 x1785 x1791 x1798 x1802 x1809 x1818 x1820 x1841 x1843 x1845 x1877 x1897 x1918 x1922 x1932 x1935 x1936 x1948 x1976 x1979 x1983 x1990 x1992 x1995 x1999 x2002 x2011 x2012 x2015 x2020 x2022 x2028 x2031 x2043 x2060 x2061 x2062 x2064 x2068 x2071 x2080 x2081 x2084 x2087 x2098 x2130 x2133 x2134 x2137 x2140 x2150 x2158 x2169 x2176 x2179 x2182 x2186 x2191 x2195 x2199 x2206 x2208 x2215 x2233 x2239[159]
linearized equations:  7 9 12 13 16 19 28 32 39 48 72 76 78 92 115 117 119 123 126 138 141 145 154 179 182 185 189 198 223 226 227 233 242 246 251
        0.91 - target guess 158
Set parameter Username
Academic license - for non-commercial use only - expires 2022-06-20
Set parameter Threads to value 64
Set parameter MIPFocus to value 3
        0.96 - there are 133 short nonlinear (11) polynomial
Set parameter TimeLimit to value 1800
Gurobi Optimizer version 9.5.0 build v9.5.0rc5 (linux64)
Thread count: 32 physical cores, 64 logical processors, using up to 64 threads
Optimize a model with 5145 rows, 2496 columns and 16099 nonzeros
Model fingerprint: 0xdc8723ce
Variable types: 0 continuous, 2496 integer (2496 binary)
Coefficient statistics:
  Matrix range     [1e+00, 1e+00]
  Objective range  [1e+00, 1e+00]
  Bounds range     [1e+00, 1e+00]
  RHS range        [4e+01, 2e+02]
Presolve removed 3680 rows and 1241 columns
Presolve time: 0.01s
Presolved: 1465 rows, 1255 columns, 5605 nonzeros
Variable types: 0 continuous, 1255 integer (1219 binary)
Root relaxation presolved: 1465 rows, 1255 columns, 5605 nonzeros


Root relaxation: objective 3.600000e+01, 1737 iterations, 0.05 seconds (0.07 work units)

    Nodes    |    Current Node    |     Objective Bounds      |     Work
 Expl Unexpl |  Obj  Depth IntInf | Incumbent    BestBd   Gap | It/Node Time

     0     0   36.00000    0  121          -   36.00000      -     -    0s
H    0     0                      36.0000000   36.00000  0.00%     -    0s

Cutting planes:
  Gomory: 9
  Zero half: 6

Explored 1 nodes (4142 simplex iterations) in 0.43 seconds (0.37 work units)
Thread count was 64 (of 64 available processors)

Solution count 1: 36 

Optimal solution found (tolerance 1.00e-04)
Best objective 3.600000000000e+01, best bound 3.600000000000e+01, gap 0.0000%
        1.40 - 	Solution num 1:
guessed:  x652 x670 x698 x733 x777 x778 x782 x783 x789 x800 x828 x868 x881 x887 x899 x940 x941 x945 x1001 x1007 x1020 x1028 x1040 x1051 x1052 x1053 x1057 x1063 x1076 x1081 x1090 x1091 x1093 x1095 x1101 x1114 x1130 x1142 x1146 x1156 x1157 x1182 x1193 x1209 x1244 x1256 x1269 x1272 x1284 x1286 x1288 x1289 x1292 x1345 x1346 x1352 x1368 x1405 x1443 x1481 x1490 x1515 x1516 x1518 x1523 x1526 x1529 x1568 x1572 x1573 x1576 x1579 x1592 x1606 x1615 x1618 x1622 x1624 x1628 x1629 x1631 x1637 x1643 x1644 x1657 x1661 x1667 x1668 x1678 x1682 x1689 x1691 x1697 x1714 x1746 x1776 x1783 x1785 x1791 x1802 x1818 x1820 x1830 x1841 x1842 x1843 x1888 x1897 x1918 x1920 x1922 x1935 x1936 x1948 x1976 x1979 x1983 x1990 x1992 x1995 x1999 x2004 x2013 x2015 x2028 x2031 x2052 x2061 x2064 x2068 x2071 x2080 x2081 x2084 x2087 x2092 x2098 x2121 x2130 x2133 x2134 x2137 x2140 x2169 x2176 x2179 x2182 x2195 x2199 x2207 x2208 x2215 x2225 x2227 x2231 x2233 x2236 x2239[158]
linearized equations:  0 7 8 9 12 13 19 32 48 60 76 78 92 104 108 115 117 119 123 126 138 141 154 166 179 182 185 189 198 208 214 223 226 227 233 246
        1.40 - target guess 157
Set parameter Username
Academic license - for non-commercial use only - expires 2022-06-20
Set parameter Threads to value 64
Set parameter MIPFocus to value 3
        1.43 - there are 133 short nonlinear (11) polynomial
Set parameter TimeLimit to value 1800
Gurobi Optimizer version 9.5.0 build v9.5.0rc5 (linux64)
Thread count: 32 physical cores, 64 logical processors, using up to 64 threads
Optimize a model with 5145 rows, 2496 columns and 16099 nonzeros
Model fingerprint: 0xd5ef981d
Variable types: 0 continuous, 2496 integer (2496 binary)
Coefficient statistics:
  Matrix range     [1e+00, 1e+00]
  Objective range  [1e+00, 1e+00]
  Bounds range     [1e+00, 1e+00]
  RHS range        [4e+01, 2e+02]
Presolve removed 3680 rows and 1241 columns
Presolve time: 0.01s
Presolved: 1465 rows, 1255 columns, 5605 nonzeros
Variable types: 0 continuous, 1255 integer (1219 binary)
Root relaxation presolved: 1465 rows, 1255 columns, 5605 nonzeros


Root relaxation: objective 3.700000e+01, 1776 iterations, 0.05 seconds (0.07 work units)

    Nodes    |    Current Node    |     Objective Bounds      |     Work
 Expl Unexpl |  Obj  Depth IntInf | Incumbent    BestBd   Gap | It/Node Time

     0     0   37.00000    0  262          -   37.00000      -     -    0s
H    0     0                      37.0000000   37.00000  0.00%     -    0s
     0     0   37.00000    0   32   37.00000   37.00000  0.00%     -    0s

Cutting planes:
  Gomory: 7
  Zero half: 99

Explored 1 nodes (4971 simplex iterations) in 0.59 seconds (0.50 work units)
Thread count was 64 (of 64 available processors)

Solution count 1: 37 

Optimal solution found (tolerance 1.00e-04)
Best objective 3.700000000000e+01, best bound 3.700000000000e+01, gap 0.0000%
        2.02 - 	Solution num 1:
guessed:  x645 x647 x651 x719 x775 x777 x781 x782 x789 x873 x881 x884 x887 x938 x940 x944 x945 x969 x1001 x1007 x1020 x1028 x1053 x1056 x1057 x1060 x1063 x1075 x1076 x1093 x1095 x1114 x1127 x1130 x1156 x1174 x1193 x1199 x1206 x1209 x1241 x1244 x1269 x1272 x1281 x1284 x1288 x1290 x1292 x1322 x1345 x1348 x1349 x1352 x1368 x1402 x1405 x1434 x1478 x1481 x1488 x1490 x1497 x1515 x1518 x1520 x1526 x1529 x1565 x1572 x1576 x1579 x1592 x1603 x1606 x1608 x1615 x1628 x1629 x1631 x1635 x1637 x1654 x1657 x1659 x1666 x1667 x1689 x1691 x1692 x1695 x1697 x1727 x1746 x1753 x1783 x1785 x1802 x1815 x1818 x1841 x1843 x1849 x1860 x1881 x1918 x1932 x1936 x1951 x1969 x1976 x1977 x1979 x1983 x1985 x1988 x1990 x1992 x1995 x1999 x2002 x2012 x2015 x2054 x2061 x2064 x2068 x2076 x2077 x2080 x2081 x2082 x2084 x2087 x2100 x2109 x2123 x2130 x2133 x2134 x2137 x2150 x2169 x2176 x2179 x2182 x2186 x2192 x2195 x2199 x2211 x2212 x2215 x2229 x2236 x2238 x2239[157]
linearized equations:  5 7 9 12 13 16 19 32 45 48 75 76 78 89 92 112 115 117 119 121 123 126 138 141 175 177 179 182 183 185 189 198 223 225 226 227 246
        2.03 - target guess 156
Set parameter Username
Academic license - for non-commercial use only - expires 2022-06-20
Set parameter Threads to value 64
Set parameter MIPFocus to value 3
        2.06 - there are 133 short nonlinear (11) polynomial
Set parameter TimeLimit to value 1800
Gurobi Optimizer version 9.5.0 build v9.5.0rc5 (linux64)
Thread count: 32 physical cores, 64 logical processors, using up to 64 threads
Optimize a model with 5145 rows, 2496 columns and 16099 nonzeros
Model fingerprint: 0xe816055a
Variable types: 0 continuous, 2496 integer (2496 binary)
Coefficient statistics:
  Matrix range     [1e+00, 1e+00]
  Objective range  [1e+00, 1e+00]
  Bounds range     [1e+00, 1e+00]
  RHS range        [4e+01, 2e+02]
Presolve removed 3680 rows and 1241 columns
Presolve time: 0.01s
Presolved: 1465 rows, 1255 columns, 5605 nonzeros
Variable types: 0 continuous, 1255 integer (1219 binary)
Root relaxation presolved: 1465 rows, 1255 columns, 5605 nonzeros


Root relaxation: objective 3.800000e+01, 1832 iterations, 0.05 seconds (0.08 work units)

    Nodes    |    Current Node    |     Objective Bounds      |     Work
 Expl Unexpl |  Obj  Depth IntInf | Incumbent    BestBd   Gap | It/Node Time

     0     0   38.00000    0  265          -   38.00000      -     -    0s
H    0     0                      38.0000000   38.00000  0.00%     -    0s
     0     0   38.00000    0  123   38.00000   38.00000  0.00%     -    0s

Cutting planes:
  Gomory: 7
  Zero half: 86

Explored 1 nodes (7330 simplex iterations) in 0.64 seconds (0.62 work units)
Thread count was 64 (of 64 available processors)

Solution count 1: 38 

Optimal solution found (tolerance 1.00e-04)
Best objective 3.800000000000e+01, best bound 3.800000000000e+01, gap 0.0000%
        2.70 - 	Solution num 1:
guessed:  x642 x647 x651 x678 x698 x714 x775 x777 x781 x807 x828 x873 x908 x938 x940 x944 x945 x1001 x1020 x1028 x1040 x1049 x1051 x1053 x1057 x1065 x1076 x1081 x1085 x1095 x1114 x1130 x1142 x1157 x1174 x1182 x1193 x1199 x1209 x1228 x1244 x1256 x1269 x1273 x1281 x1286 x1288 x1292 x1345 x1368 x1402 x1437 x1481 x1482 x1483 x1485 x1490 x1510 x1515 x1520 x1522 x1529 x1537 x1565 x1572 x1606 x1618 x1624 x1629 x1631 x1635 x1637 x1654 x1657 x1661 x1662 x1666 x1667 x1668 x1678 x1689 x1691 x1695 x1696 x1697 x1714 x1721 x1722 x1723 x1746 x1752 x1753 x1783 x1785 x1788 x1802 x1809 x1811 x1818 x1820 x1841 x1847 x1860 x1870 x1888 x1897 x1918 x1935 x1936 x1969 x1976 x1977 x1985 x1988 x1990 x1992 x2004 x2015 x2020 x2021 x2022 x2024 x2031 x2043 x2054 x2061 x2064 x2071 x2073 x2080 x2084 x2092 x2109 x2123 x2130 x2134 x2142 x2169 x2176 x2182 x2184 x2186 x2187 x2189 x2195 x2199 x2201 x2206 x2207 x2215 x2221 x2227 x2229 x2231 x2234 x2236[156]
linearized equations:  5 7 9 13 32 39 41 48 60 76 78 92 104 112 117 119 121 141 145 146 147 166 175 177 179 182 183 198 208 216 223 225 227 235 246 251 252 253
        2.70 - target guess 155
Set parameter Username
Academic license - for non-commercial use only - expires 2022-06-20
Set parameter Threads to value 64
Set parameter MIPFocus to value 3
        2.74 - there are 133 short nonlinear (11) polynomial
Set parameter TimeLimit to value 1800
Gurobi Optimizer version 9.5.0 build v9.5.0rc5 (linux64)
Thread count: 32 physical cores, 64 logical processors, using up to 64 threads
Optimize a model with 5145 rows, 2496 columns and 16099 nonzeros
Model fingerprint: 0x29ad0b93
Variable types: 0 continuous, 2496 integer (2496 binary)
Coefficient statistics:
  Matrix range     [1e+00, 1e+00]
  Objective range  [1e+00, 1e+00]
  Bounds range     [1e+00, 1e+00]
  RHS range        [4e+01, 2e+02]
Presolve removed 3680 rows and 1241 columns
Presolve time: 0.01s
Presolved: 1465 rows, 1255 columns, 5605 nonzeros
Variable types: 0 continuous, 1255 integer (1219 binary)
Root relaxation presolved: 1465 rows, 1255 columns, 5605 nonzeros


Root relaxation: objective 3.900000e+01, 1933 iterations, 0.06 seconds (0.09 work units)

    Nodes    |    Current Node    |     Objective Bounds      |     Work
 Expl Unexpl |  Obj  Depth IntInf | Incumbent    BestBd   Gap | It/Node Time

     0     0   39.00000    0  359          -   39.00000      -     -    0s
     0     0   39.00000    0  303          -   39.00000      -     -    0s
H    0     0                      39.0000000   39.00000  0.00%     -    0s

Cutting planes:
  Gomory: 10
  Flow cover: 1
  Zero half: 188
  RLT: 1

Explored 1 nodes (7179 simplex iterations) in 0.93 seconds (0.94 work units)
Thread count was 64 (of 64 available processors)

Solution count 1: 39 

Optimal solution found (tolerance 1.00e-04)
Best objective 3.900000000000e+01, best bound 3.900000000000e+01, gap 0.0000%
        3.66 - 	Solution num 1:
guessed:  x641 x642 x678 x679 x749 x771 x807 x810 x814 x816 x908 x914 x934 x1020 x1026 x1050 x1053 x1056 x1076 x1081 x1084 x1085 x1114 x1122 x1193 x1199 x1228 x1234 x1269 x1272 x1281 x1286 x1288 x1315 x1345 x1368 x1371 x1377 x1401 x1402 x1408 x1481 x1483 x1484 x1485 x1487 x1488 x1490 x1492 x1493 x1509 x1510 x1514 x1515 x1520 x1522 x1537 x1540 x1598 x1600 x1602 x1604 x1625 x1626 x1627 x1631 x1634 x1637 x1640 x1654 x1657 x1659 x1660 x1661 x1662 x1664 x1685 x1691 x1714 x1715 x1719 x1722 x1723 x1749 x1752 x1753 x1758 x1783 x1785 x1802 x1808 x1810 x1811 x1816 x1843 x1870 x1935 x1936 x1939 x1942 x1969 x1973 x1976 x1979 x1984 x1985 x1989 x1992 x1995 x2015 x2020 x2021 x2022 x2024 x2027 x2054 x2058 x2061 x2064 x2071 x2080 x2084 x2088 x2089 x2093 x2099 x2107 x2123 x2127 x2130 x2133 x2153 x2157 x2158 x2162 x2164 x2176 x2179 x2189 x2195 x2198 x2199 x2200 x2204 x2206 x2207 x2210 x2213 x2215 x2228 x2229 x2233 x2234 x2236 x2239[155]
linearized equations:  9 12 32 37 38 40 41 44 46 76 78 81 82 87 111 112 117 119 141 145 146 147 152 173 174 175 179 182 194 215 216 220 223 226 246 251 252 253 255
        3.67 - target guess 154
Set parameter Username
Academic license - for non-commercial use only - expires 2022-06-20
Set parameter Threads to value 64
Set parameter MIPFocus to value 3
        3.70 - there are 133 short nonlinear (11) polynomial
Set parameter TimeLimit to value 1800
Gurobi Optimizer version 9.5.0 build v9.5.0rc5 (linux64)
Thread count: 32 physical cores, 64 logical processors, using up to 64 threads
Optimize a model with 5145 rows, 2496 columns and 16099 nonzeros
Model fingerprint: 0xdf2885b8
Variable types: 0 continuous, 2496 integer (2496 binary)
Coefficient statistics:
  Matrix range     [1e+00, 1e+00]
  Objective range  [1e+00, 1e+00]
  Bounds range     [1e+00, 1e+00]
  RHS range        [4e+01, 2e+02]
Presolve removed 3680 rows and 1241 columns
Presolve time: 0.01s
Presolved: 1465 rows, 1255 columns, 5605 nonzeros
Variable types: 0 continuous, 1255 integer (1219 binary)
Root relaxation presolved: 1465 rows, 1255 columns, 5605 nonzeros


Root relaxation: objective 4.000000e+01, 1953 iterations, 0.07 seconds (0.10 work units)

    Nodes    |    Current Node    |     Objective Bounds      |     Work
 Expl Unexpl |  Obj  Depth IntInf | Incumbent    BestBd   Gap | It/Node Time

     0     0   40.00000    0  420          -   40.00000      -     -    0s
H    0     0                      40.0000000   40.00000  0.00%     -    0s
     0     0   40.00000    0  253   40.00000   40.00000  0.00%     -    0s

Cutting planes:
  Gomory: 19
  Flow cover: 2
  Zero half: 74

Explored 1 nodes (6219 simplex iterations) in 0.76 seconds (0.72 work units)
Thread count was 64 (of 64 available processors)

Solution count 1: 40 

Optimal solution found (tolerance 1.00e-04)
Best objective 4.000000000000e+01, best bound 4.000000000000e+01, gap 0.0000%
        4.46 - 	Solution num 1:
guessed:  x641 x642 x645 x678 x679 x686 x749 x775 x807 x810 x814 x816 x873 x908 x914 x938 x995 x1020 x1028 x1049 x1051 x1053 x1076 x1081 x1084 x1085 x1089 x1114 x1122 x1130 x1193 x1199 x1209 x1228 x1244 x1269 x1281 x1284 x1286 x1288 x1292 x1313 x1345 x1368 x1370 x1377 x1401 x1402 x1408 x1481 x1482 x1483 x1484 x1485 x1488 x1490 x1509 x1510 x1514 x1515 x1520 x1522 x1537 x1540 x1564 x1565 x1572 x1600 x1604 x1606 x1625 x1629 x1631 x1637 x1640 x1654 x1657 x1659 x1661 x1662 x1664 x1666 x1667 x1685 x1689 x1691 x1714 x1721 x1722 x1725 x1731 x1752 x1753 x1758 x1783 x1785 x1802 x1809 x1810 x1811 x1816 x1818 x1837 x1841 x1843 x1870 x1888 x1918 x1935 x1936 x1969 x1976 x1984 x1985 x1988 x1992 x2015 x2020 x2021 x2022 x2024 x2027 x2043 x2047 x2054 x2061 x2064 x2071 x2080 x2084 x2091 x2099 x2121 x2123 x2130 x2153 x2157 x2162 x2164 x2176 x2179 x2187 x2189 x2195 x2199 x2204 x2206 x2207 x2210 x2213 x2215 x2229 x2234 x2236[154]
linearized equations:  5 7 9 32 37 39 40 41 44 46 48 76 78 87 92 111 112 115 117 119 141 145 146 147 152 154 173 174 175 177 182 194 215 216 223 246 251 252 253 255
        4.46 - target guess 153
Set parameter Username
Academic license - for non-commercial use only - expires 2022-06-20
Set parameter Threads to value 64
Set parameter MIPFocus to value 3
        4.50 - there are 133 short nonlinear (11) polynomial
Set parameter TimeLimit to value 1800
Gurobi Optimizer version 9.5.0 build v9.5.0rc5 (linux64)
Thread count: 32 physical cores, 64 logical processors, using up to 64 threads
Optimize a model with 5145 rows, 2496 columns and 16099 nonzeros
Model fingerprint: 0xe1ffcbb7
Variable types: 0 continuous, 2496 integer (2496 binary)
Coefficient statistics:
  Matrix range     [1e+00, 1e+00]
  Objective range  [1e+00, 1e+00]
  Bounds range     [1e+00, 1e+00]
  RHS range        [4e+01, 2e+02]
Presolve removed 3680 rows and 1241 columns
Presolve time: 0.01s
Presolved: 1465 rows, 1255 columns, 5605 nonzeros
Variable types: 0 continuous, 1255 integer (1219 binary)
Root relaxation presolved: 1465 rows, 1255 columns, 5605 nonzeros


Root relaxation: objective 4.100000e+01, 2037 iterations, 0.07 seconds (0.10 work units)

    Nodes    |    Current Node    |     Objective Bounds      |     Work
 Expl Unexpl |  Obj  Depth IntInf | Incumbent    BestBd   Gap | It/Node Time

     0     0   41.00000    0  334          -   41.00000      -     -    0s
     0     0   41.00000    0  285          -   41.00000      -     -    0s
     0     0   41.00000    0  284          -   41.00000      -     -    0s
     0     0   41.00000    0  294          -   41.00000      -     -    1s
     0     0   41.00000    0  173          -   41.00000      -     -    2s
     0     2   41.00000    0  173          -   41.00000      -     -    3s
    63   124   41.00000    6  374          -   41.00000      -   276    6s
   255   301   41.00000    9  362          -   41.00000      -   364   11s
  1525   451 infeasible   11               -   41.00000      -   390   15s
  3988   327 infeasible   15               -   41.00000      -   386   20s
  6145     1 infeasible   21               -   41.00000      -   387   25s

Cutting planes:
  Gomory: 4
  Flow cover: 6
  Zero half: 465
  RLT: 1

Explored 6191 nodes (2409299 simplex iterations) in 25.30 seconds (16.19 work units)
Thread count was 64 (of 64 available processors)

Solution count 0
No other solutions better than -1e+100

Model is infeasible
Best objective -, best bound -, gap -
       30.03 - 	Solution num 0:
       30.08 - increase high_eq_constraint to 1

Set parameter Username
Academic license - for non-commercial use only - expires 2022-06-20
Set parameter Threads to value 64
Set parameter MIPFocus to value 3
       30.12 - there are 133 short nonlinear (11) polynomial
Set parameter TimeLimit to value 1800
Gurobi Optimizer version 9.5.0 build v9.5.0rc5 (linux64)
Thread count: 32 physical cores, 64 logical processors, using up to 64 threads
Optimize a model with 5145 rows, 2496 columns and 16099 nonzeros
Model fingerprint: 0x6bff9e52
Variable types: 0 continuous, 2496 integer (2496 binary)
Coefficient statistics:
  Matrix range     [1e+00, 1e+00]
  Objective range  [1e+00, 1e+00]
  Bounds range     [1e+00, 1e+00]
  RHS range        [1e+00, 2e+02]
Presolve removed 973 rows and 973 columns
Presolve time: 0.02s
Presolved: 4172 rows, 1523 columns, 14030 nonzeros
Variable types: 0 continuous, 1523 integer (1523 binary)
Root relaxation presolved: 4172 rows, 1523 columns, 14030 nonzeros


Root relaxation: objective 4.100000e+01, 2303 iterations, 0.21 seconds (0.28 work units)

    Nodes    |    Current Node    |     Objective Bounds      |     Work
 Expl Unexpl |  Obj  Depth IntInf | Incumbent    BestBd   Gap | It/Node Time

     0     0   41.00000    0  349          -   41.00000      -     -    1s
     0     0   41.00000    0  357          -   41.00000      -     -    2s
     0     0   41.00000    0  357          -   41.00000      -     -    2s
     0     0   41.00000    0  349          -   41.00000      -     -    3s
     0     0   41.00000    0  349          -   41.00000      -     -    4s
     0     2   41.00000    0  349          -   41.00000      -     -    5s
    63    88   41.00000    6  289          -   41.00000      -   439   10s
   497   323   41.00000   12  389          -   41.00000      -   513   16s
   883   498   41.00000   12  457          -   41.00000      -   544   20s
  2169   901   41.00000   21  349          -   41.00000      -   571   31s
  2950  1009 infeasible   20               -   41.00000      -   563   39s
  3872  1099   41.00000   16  617          -   41.00000      -   563   49s
  4918  1102 infeasible   24               -   41.00000      -   562   60s
  6077  1143   41.00000   19  843          -   41.00000      -   571   71s
  7330  1161 infeasible   25               -   41.00000      -   573   83s
  8686  1081 infeasible   27               -   41.00000      -   570   92s
* 9222  1081              28      41.0000000   41.00000  0.00%   570   92s

Cutting planes:
  Gomory: 3
  Flow cover: 7
  Zero half: 1231
  RLT: 115

Explored 10124 nodes (5792758 simplex iterations) in 92.81 seconds (116.97 work units)
Thread count was 64 (of 64 available processors)

Solution count 1: 41 

Optimal solution found (tolerance 1.00e-04)
Best objective 4.100000000000e+01, best bound 4.100000000000e+01, gap 0.0000%
      122.94 - 	Solution num 1:
guessed:  x641 x642 x678 x686 x743 x749 x808 x810 x811 x814 x816 x824 x832 x908 x914 x916 x924 x934 x1028 x1034 x1072 x1084 x1085 x1130 x1138 x1153 x1178 x1209 x1244 x1281 x1292 x1315 x1336 x1364 x1372 x1377 x1387 x1401 x1402 x1466 x1475 x1482 x1483 x1484 x1485 x1488 x1490 x1500 x1509 x1510 x1514 x1515 x1520 x1540 x1542 x1550 x1598 x1599 x1600 x1601 x1606 x1614 x1620 x1625 x1626 x1627 x1634 x1640 x1645 x1650 x1653 x1662 x1663 x1664 x1666 x1674 x1685 x1710 x1722 x1723 x1725 x1731 x1752 x1753 x1755 x1758 x1768 x1776 x1810 x1811 x1813 x1814 x1816 x1818 x1837 x1870 x1873 x1888 x1931 x1938 x1939 x1954 x1955 x1969 x1984 x1985 x1996 x2011 x2018 x2019 x2021 x2022 x2024 x2027 x2034 x2037 x2043 x2047 x2054 x2058 x2060 x2070 x2080 x2087 x2088 x2099 x2103 x2107 x2123 x2149 x2156 x2172 x2186 x2187 x2189 x2191 x2195 x2198 x2199 x2201 x2203 x2206 x2207 x2210 x2213 x2214 x2215 x2216 x2217 x2223 x2229 x2234 x2236[153]
linearized equations:  28 38 39 40 41 44 46 48 54 56 72 81 82 87 92 97 100 111 112 137 144 145 146 147 149 152 154 160 162 173 174 175 194 196 204 215 216 242 252 253 255
      122.97 - target guess 152
Set parameter Username
Academic license - for non-commercial use only - expires 2022-06-20
Set parameter Threads to value 64
Set parameter MIPFocus to value 3
      123.03 - there are 133 short nonlinear (11) polynomial
Set parameter TimeLimit to value 1800
Gurobi Optimizer version 9.5.0 build v9.5.0rc5 (linux64)
Thread count: 32 physical cores, 64 logical processors, using up to 64 threads
Optimize a model with 5145 rows, 2496 columns and 16099 nonzeros
Model fingerprint: 0xa938a450
Variable types: 0 continuous, 2496 integer (2496 binary)
Coefficient statistics:
  Matrix range     [1e+00, 1e+00]
  Objective range  [1e+00, 1e+00]
  Bounds range     [1e+00, 1e+00]
  RHS range        [4e+01, 2e+02]
Presolve removed 3680 rows and 1241 columns
Presolve time: 0.01s
Presolved: 1465 rows, 1255 columns, 5605 nonzeros
Variable types: 0 continuous, 1255 integer (1219 binary)
Root relaxation presolved: 1465 rows, 1255 columns, 5605 nonzeros


Root relaxation: objective 4.200000e+01, 2112 iterations, 0.08 seconds (0.12 work units)

    Nodes    |    Current Node    |     Objective Bounds      |     Work
 Expl Unexpl |  Obj  Depth IntInf | Incumbent    BestBd   Gap | It/Node Time

     0     0   42.00000    0  386          -   42.00000      -     -    0s
     0     0   42.00000    0  396          -   42.00000      -     -    1s
     0     0   42.00000    0  401          -   42.00000      -     -    1s
     0     0   42.00000    0  385          -   42.00000      -     -    1s
     0     2   42.00000    0  385          -   42.00000      -     -    2s

Cutting planes:
  Gomory: 11
  Flow cover: 14
  Zero half: 567
  RLT: 3

Explored 129 nodes (83456 simplex iterations) in 3.95 seconds (5.18 work units)
Thread count was 64 (of 64 available processors)

Solution count 0
No other solutions better than -1e+100

Model is infeasible
Best objective -, best bound -, gap -
      126.99 - 	Solution num 0:
      127.00 - increase high_eq_constraint to 1

Set parameter Username
Academic license - for non-commercial use only - expires 2022-06-20
Set parameter Threads to value 64
Set parameter MIPFocus to value 3
      127.04 - there are 133 short nonlinear (11) polynomial
Set parameter TimeLimit to value 1800
Gurobi Optimizer version 9.5.0 build v9.5.0rc5 (linux64)
Thread count: 32 physical cores, 64 logical processors, using up to 64 threads
Optimize a model with 5145 rows, 2496 columns and 16099 nonzeros
Model fingerprint: 0x47bfa4e3
Variable types: 0 continuous, 2496 integer (2496 binary)
Coefficient statistics:
  Matrix range     [1e+00, 1e+00]
  Objective range  [1e+00, 1e+00]
  Bounds range     [1e+00, 1e+00]
  RHS range        [1e+00, 2e+02]
Presolve removed 973 rows and 973 columns
Presolve time: 0.01s
Presolved: 4172 rows, 1523 columns, 14030 nonzeros
Variable types: 0 continuous, 1523 integer (1523 binary)
Root relaxation presolved: 4172 rows, 1523 columns, 14030 nonzeros


Root relaxation: objective 4.200000e+01, 2637 iterations, 0.18 seconds (0.33 work units)

    Nodes    |    Current Node    |     Objective Bounds      |     Work
 Expl Unexpl |  Obj  Depth IntInf | Incumbent    BestBd   Gap | It/Node Time

     0     0   42.00000    0  388          -   42.00000      -     -    1s
     0     0   42.00000    0  425          -   42.00000      -     -    2s
     0     0   42.00000    0  480          -   42.00000      -     -    3s
     0     0   42.00000    0  471          -   42.00000      -     -    3s
     0     0   42.00000    0  471          -   42.00000      -     -    4s
     0     2   42.00000    0  431          -   42.00000      -     -    5s
   149    44 infeasible   11               -   42.00000      -   683   10s
   761    53 infeasible   25               -   42.00000      -   686   15s

Cutting planes:
  Gomory: 5
  Lift-and-project: 2
  Flow cover: 11
  Zero half: 1139
  RLT: 381

Explored 1009 nodes (674081 simplex iterations) in 19.41 seconds (34.63 work units)
Thread count was 64 (of 64 available processors)

Solution count 0
No other solutions better than -1e+100

Model is infeasible
Best objective -, best bound -, gap -
      146.56 - 	Solution num 0:
      146.58 - increase high_eq_constraint to 2

Set parameter Username
Academic license - for non-commercial use only - expires 2022-06-20
Set parameter Threads to value 64
Set parameter MIPFocus to value 3
      146.62 - there are 133 short nonlinear (11) polynomial
Set parameter TimeLimit to value 1800
Gurobi Optimizer version 9.5.0 build v9.5.0rc5 (linux64)
Thread count: 32 physical cores, 64 logical processors, using up to 64 threads
Optimize a model with 5145 rows, 2496 columns and 16099 nonzeros
Model fingerprint: 0x5420defb
Variable types: 0 continuous, 2496 integer (2496 binary)
Coefficient statistics:
  Matrix range     [1e+00, 1e+00]
  Objective range  [1e+00, 1e+00]
  Bounds range     [1e+00, 1e+00]
  RHS range        [2e+00, 2e+02]
Presolve removed 973 rows and 973 columns
Presolve time: 0.01s
Presolved: 4172 rows, 1523 columns, 14030 nonzeros
Variable types: 0 continuous, 1523 integer (1523 binary)
Root relaxation presolved: 4172 rows, 1523 columns, 14030 nonzeros


Root relaxation: objective 4.200000e+01, 2607 iterations, 0.32 seconds (0.37 work units)

    Nodes    |    Current Node    |     Objective Bounds      |     Work
 Expl Unexpl |  Obj  Depth IntInf | Incumbent    BestBd   Gap | It/Node Time

     0     0   42.00000    0  547          -   42.00000      -     -    1s
     0     0   42.00000    0  535          -   42.00000      -     -    3s
     0     0   42.00000    0  534          -   42.00000      -     -    3s
     0     0   42.00000    0  568          -   42.00000      -     -    5s
     0     0   42.00000    0  568          -   42.00000      -     -    6s
     0     2   42.00000    0  486          -   42.00000      -     -   10s
    63    90   42.00000    6  696          -   42.00000      -   772   16s
   127   122   42.00000    7  417          -   42.00000      -   837   20s
   319   336   42.00000   10  526          -   42.00000      -   970   26s
   469   424 infeasible   14               -   42.00000      -   866   30s
  1167   488   42.00000   12  601          -   42.00000      -   726   38s
  1665   517   42.00000   14  550          -   42.00000      -   680   42s
  2148   526   42.00000   12  715          -   42.00000      -   658   45s
  3928   431   42.00000   12  569          -   42.00000      -   611   51s
  5028   337 infeasible   14               -   42.00000      -   596   55s
  6687   223   42.00000   13  598          -   42.00000      -   584   61s
  8050    32 infeasible   17               -   42.00000      -   571   65s

Cutting planes:
  Gomory: 3
  Lift-and-project: 1
  Flow cover: 5
  Zero half: 1500
  RLT: 213

Explored 8393 nodes (4781639 simplex iterations) in 67.10 seconds (99.06 work units)
Thread count was 64 (of 64 available processors)

Solution count 0
No other solutions better than -1e+100

Model is infeasible
Best objective -, best bound -, gap -
      213.72 - 	Solution num 0:
      213.77 - increase high_eq_constraint to 3

Set parameter Username
Academic license - for non-commercial use only - expires 2022-06-20
Set parameter Threads to value 64
Set parameter MIPFocus to value 3
      213.82 - there are 133 short nonlinear (11) polynomial
Set parameter TimeLimit to value 1800
Gurobi Optimizer version 9.5.0 build v9.5.0rc5 (linux64)
Thread count: 32 physical cores, 64 logical processors, using up to 64 threads
Optimize a model with 5145 rows, 2496 columns and 16099 nonzeros
Model fingerprint: 0x7427650c
Variable types: 0 continuous, 2496 integer (2496 binary)
Coefficient statistics:
  Matrix range     [1e+00, 1e+00]
  Objective range  [1e+00, 1e+00]
  Bounds range     [1e+00, 1e+00]
  RHS range        [3e+00, 2e+02]
Presolve removed 973 rows and 973 columns
Presolve time: 0.01s
Presolved: 4172 rows, 1523 columns, 14030 nonzeros
Variable types: 0 continuous, 1523 integer (1523 binary)
Root relaxation presolved: 4172 rows, 1523 columns, 14030 nonzeros


Root relaxation: objective 4.200000e+01, 2707 iterations, 0.22 seconds (0.41 work units)

    Nodes    |    Current Node    |     Objective Bounds      |     Work
 Expl Unexpl |  Obj  Depth IntInf | Incumbent    BestBd   Gap | It/Node Time

     0     0   42.00000    0  770          -   42.00000      -     -    0s
     0     0   42.00000    0  700          -   42.00000      -     -    2s
     0     0   42.00000    0  699          -   42.00000      -     -    2s
     0     0   42.00000    0  539          -   42.00000      -     -    3s
     0     0   42.00000    0  762          -   42.00000      -     -    3s
     0     0   42.00000    0  560          -   42.00000      -     -    5s
     0     0   42.00000    0  560          -   42.00000      -     -    6s
     0     2   42.00000    0  560          -   42.00000      -     -    7s
    31    48 infeasible    5               -   42.00000      -   861   10s
   107   134   42.00000    7  556          -   42.00000      -   737   16s
   299   281   42.00000   10  599          -   42.00000      -   809   20s
   661   594   42.00000   14  505          -   42.00000      -   725   26s
  1019   788   42.00000   16  724          -   42.00000      -   688   32s
  1595   933   42.00000   14  766          -   42.00000      -   676   38s
  2212  1088   42.00000   15  726          -   42.00000      -   782   48s
  3259  1249   42.00000   15  762          -   42.00000      -   730   59s
  4412  1347   42.00000   17  686          -   42.00000      -   703   71s
  5820  1455 infeasible   18               -   42.00000      -   682   80s
  7388  1528   42.00000   17  783          -   42.00000      -   669   86s
  9039  1602   42.00000   13  500          -   42.00000      -   663   93s
 10795  1606 infeasible   18               -   42.00000      -   659  100s
 12797  1620   42.00000   17  816          -   42.00000      -   652  108s
 14833  1517   42.00000   12  484          -   42.00000      -   649  116s
 16954  1473 infeasible   16               -   42.00000      -   647  123s
 18994  1398 infeasible   16               -   42.00000      -   646  143s
 21134  1342   42.00000   16  814          -   42.00000      -   645  164s
 23212  1255   42.00000   19  726          -   42.00000      -   644  184s
 25337  1210   42.00000   17  701          -   42.00000      -   643  204s
 27568  1153   42.00000   15  668          -   42.00000      -   641  216s
 29817  1061   42.00000   18  613          -   42.00000      -   639  224s
 32117  1004   42.00000   13  483          -   42.00000      -   637  232s
 34366   988   42.00000   19  729          -   42.00000      -   636  241s
 36638   846   42.00000   18  634          -   42.00000      -   635  249s
 39024   692   42.00000   16  508          -   42.00000      -   634  259s
 41324   532   42.00000   19  547          -   42.00000      -   634  279s
 43382   412   42.00000   13  546          -   42.00000      -   634  297s
 45234   395 infeasible   14               -   42.00000      -   635  315s
 46855   384 infeasible   16               -   42.00000      -   637  332s
 48566   392   42.00000   13  761          -   42.00000      -   638  342s
 50222   251   42.00000   12  583          -   42.00000      -   641  349s
 51999   128   42.00000   13  835          -   42.00000      -   643  355s
 53352    63 infeasible   26               -   42.00000      -   644  360s
 54704     4 infeasible   25               -   42.00000      -   644  368s

Cutting planes:
  Gomory: 4
  Flow cover: 6
  Zero half: 806
  RLT: 94

Explored 54842 nodes (35367289 simplex iterations) in 369.74 seconds (490.89 work units)
Thread count was 64 (of 64 available processors)

Solution count 0
No other solutions better than -1e+100

Model is infeasible
Best objective -, best bound -, gap -
      583.86 - 	Solution num 0:
      584.04 - increase high_eq_constraint to 4

Set parameter Username
Academic license - for non-commercial use only - expires 2022-06-20
Set parameter Threads to value 64
Set parameter MIPFocus to value 3
      584.08 - there are 133 short nonlinear (11) polynomial
Set parameter TimeLimit to value 1800
Gurobi Optimizer version 9.5.0 build v9.5.0rc5 (linux64)
Thread count: 32 physical cores, 64 logical processors, using up to 64 threads
Optimize a model with 5145 rows, 2496 columns and 16099 nonzeros
Model fingerprint: 0x12fc49f5
Variable types: 0 continuous, 2496 integer (2496 binary)
Coefficient statistics:
  Matrix range     [1e+00, 1e+00]
  Objective range  [1e+00, 1e+00]
  Bounds range     [1e+00, 1e+00]
  RHS range        [4e+00, 2e+02]
Presolve removed 973 rows and 973 columns
Presolve time: 0.01s
Presolved: 4172 rows, 1523 columns, 14030 nonzeros
Variable types: 0 continuous, 1523 integer (1523 binary)
Root relaxation presolved: 4172 rows, 1523 columns, 14030 nonzeros


Root relaxation: objective 4.200000e+01, 2816 iterations, 0.38 seconds (0.44 work units)

    Nodes    |    Current Node    |     Objective Bounds      |     Work
 Expl Unexpl |  Obj  Depth IntInf | Incumbent    BestBd   Gap | It/Node Time

     0     0   42.00000    0  850          -   42.00000      -     -    1s
     0     0   42.00000    0  885          -   42.00000      -     -    4s
     0     0   42.00000    0  903          -   42.00000      -     -    4s
     0     0   42.00000    0  833          -   42.00000      -     -    7s
     0     0   42.00000    0  833          -   42.00000      -     -    9s
     0     2   42.00000    0  833          -   42.00000      -     -   11s
    31    64   42.00000    5  567          -   42.00000      -   605   15s
   191   256   42.00000    8  541          -   42.00000      -   691   22s
   255   403   42.00000    9  586          -   42.00000      -   637   25s
   633   796   42.00000   11  477          -   42.00000      -   555   30s
   811  1146 infeasible   20               -   42.00000      -   546   36s
  1321  1478   42.00000   15  712          -   42.00000      -   690   44s
  2233  1964   42.00000   14  561          -   42.00000      -   658   51s
  3859  2589   42.00000   22  810          -   42.00000      -   644   59s
  6026  3398 infeasible   17               -   42.00000      -   631   70s
  8919  4150   42.00000   17  967          -   42.00000      -   620   83s
 12597  5163   42.00000   16  473          -   42.00000      -   610   96s
 16410  5166   42.00000   16  822          -   42.00000      -   604  101s
 16413  5168   42.00000   14  792          -   42.00000      -   604  106s
 16415  5169   42.00000   21  390          -   42.00000      -   604  111s
 16417  5171   42.00000   20  705          -   42.00000      -   604  117s
 16419  5175   42.00000   11  658          -   42.00000      -   2.6  127s
 16421  5178   42.00000   12  677          -   42.00000      -   2.6  137s
 16425  5185   42.00000   13  481          -   42.00000      -   2.6  148s
 16433  5198   42.00000   14  559          -   42.00000      -   2.7  150s
 16481  5278   42.00000   16  734          -   42.00000      -   3.8  158s
 16545  5321   42.00000   17  800          -   42.00000      -   6.3  168s
 16609  5364   42.00000   18  656          -   42.00000      -  15.0  173s
 16673  5610   42.00000   19  716          -   42.00000      -  17.8  186s
 16941  6168   42.00000   21  484          -   42.00000      -  26.7  211s
 17812  6684   42.00000   22  500          -   42.00000      -  65.3  232s
 19507  6496   42.00000   25  467          -   42.00000      -  98.5  275s
 20360  7271   42.00000   34  802          -   42.00000      -   122  327s
 24788  6759   42.00000   28  567          -   42.00000      -   217  402s
 28695  6743   42.00000   21  493          -   42.00000      -   276  495s
 34105  6563   42.00000   29  631          -   42.00000      -   322  574s
 38791  8147   42.00000   25  503          -   42.00000      -   351  620s
 44311  9879   42.00000   28  882          -   42.00000      -   369  670s
 50473 11337   42.00000   30  555          -   42.00000      -   385  713s
 54813 12656 infeasible   25               -   42.00000      -   396  782s
 59452 14027   42.00000   36  884          -   42.00000      -   405  864s
 64197 15416   42.00000   32  612          -   42.00000      -   413  940s
 69324 16685   42.00000   36  523          -   42.00000      -   420 1028s
 74509 17987   42.00000   37  545          -   42.00000      -   426 1127s
 79889 18381   42.00000   32  689          -   42.00000      -   431 1186s
 80777 19807   42.00000   30  577          -   42.00000      -   433 1299s
 87633 21340   42.00000   41  677          -   42.00000      -   438 1427s
 95184 22353   42.00000   33  528          -   42.00000      -   443 1525s
 101317 23460   42.00000   31  681          -   42.00000      -   446 1631s
 108082 24540   42.00000   32  530          -   42.00000      -   449 1748s
 114928 25246   42.00000   34  665          -   42.00000      -   451 1800s

Cutting planes:
  Gomory: 1
  Lift-and-project: 1
  Flow cover: 14
  Zero half: 1817
  RLT: 122

Explored 117650 nodes (63132996 simplex iterations) in 1800.13 seconds (1460.26 work units)
Thread count was 64 (of 64 available processors)

Solution count 0

Time limit reached
Best objective -, best bound 4.200000000000e+01, gap -
     2384.86 - best linearization 41


