
# variables: 2240
# non-linear: 256

        0.00 - Start computation

        0.00 - target guess 160
Set parameter Username
Academic license - for non-commercial use only - expires 2022-06-20
Set parameter Threads to value 64
Set parameter MIPFocus to value 3
        0.05 - there are 131 short nonlinear (11) polynomial
Set parameter TimeLimit to value 1800
Gurobi Optimizer version 9.5.0 build v9.5.0rc5 (linux64)
Thread count: 32 physical cores, 64 logical processors, using up to 64 threads
Optimize a model with 5168 rows, 2496 columns and 16168 nonzeros
Model fingerprint: 0xdb5de772
Variable types: 0 continuous, 2496 integer (2496 binary)
Coefficient statistics:
  Matrix range     [1e+00, 1e+00]
  Objective range  [1e+00, 1e+00]
  Bounds range     [1e+00, 1e+00]
  RHS range        [3e+01, 2e+02]
Presolve removed 3725 rows and 1246 columns
Presolve time: 0.01s
Presolved: 1443 rows, 1250 columns, 5519 nonzeros
Variable types: 0 continuous, 1250 integer (1205 binary)
Root relaxation presolved: 1443 rows, 1250 columns, 5519 nonzeros


Root relaxation: objective 3.400000e+01, 1399 iterations, 0.05 seconds (0.04 work units)

    Nodes    |    Current Node    |     Objective Bounds      |     Work
 Expl Unexpl |  Obj  Depth IntInf | Incumbent    BestBd   Gap | It/Node Time

H    0     0                      34.0000000  131.00000   285%     -    0s
     0     0          -    0        34.00000   34.00000  0.00%     -    0s

Explored 1 nodes (2985 simplex iterations) in 0.27 seconds (0.15 work units)
Thread count was 64 (of 64 available processors)

Solution count 1: 34 

Optimal solution found (tolerance 1.00e-04)
Best objective 3.400000000000e+01, best bound 3.400000000000e+01, gap 0.0000%
        0.32 - 	Solution num 1:
guessed:  x649 x651 x654 x661 x662 x664 x666 x699 x711 x777 x779 x781 x784 x791 x793 x796 x798 x829 x890 x947 x956 x999 x1004 x1041 x1045 x1052 x1053 x1060 x1067 x1072 x1091 x1098 x1106 x1112 x1143 x1158 x1169 x1171 x1177 x1183 x1195 x1196 x1209 x1219 x1220 x1222 x1224 x1269 x1270 x1271 x1274 x1275 x1276 x1307 x1332 x1338 x1344 x1347 x1349 x1354 x1356 x1359 x1406 x1407 x1439 x1440 x1443 x1444 x1449 x1450 x1455 x1505 x1507 x1517 x1521 x1526 x1557 x1569 x1570 x1574 x1576 x1581 x1583 x1588 x1591 x1610 x1621 x1624 x1625 x1632 x1633 x1637 x1646 x1648 x1657 x1691 x1692 x1693 x1698 x1703 x1705 x1706 x1708 x1712 x1740 x1773 x1793 x1794 x1796 x1798 x1831 x1844 x1848 x1861 x1873 x1931 x1962 x1975 x1976 x1978 x1980 x1981 x1990 x1994 x1997 x2004 x2006 x2009 x2011 x2042 x2056 x2063 x2065 x2077 x2099 x2110 x2111 x2128 x2129 x2130 x2132 x2135 x2142 x2145 x2149 x2176 x2177 x2188 x2190 x2191 x2195 x2208 x2209 x2220 x2221 x2233 x2234 x2236 x2238 x2239[160]
linearized equations:  9 11 14 16 21 23 24 26 28 61 68 74 105 117 118 123 129 130 134 167 179 180 181 184 186 209 221 222 223 225 228 235 238 242
        0.32 - target guess 159
Set parameter Username
Academic license - for non-commercial use only - expires 2022-06-20
Set parameter Threads to value 64
Set parameter MIPFocus to value 3
        0.35 - there are 131 short nonlinear (11) polynomial
Set parameter TimeLimit to value 1800
Gurobi Optimizer version 9.5.0 build v9.5.0rc5 (linux64)
Thread count: 32 physical cores, 64 logical processors, using up to 64 threads
Optimize a model with 5168 rows, 2496 columns and 16168 nonzeros
Model fingerprint: 0x7c619a22
Variable types: 0 continuous, 2496 integer (2496 binary)
Coefficient statistics:
  Matrix range     [1e+00, 1e+00]
  Objective range  [1e+00, 1e+00]
  Bounds range     [1e+00, 1e+00]
  RHS range        [4e+01, 2e+02]
Presolve removed 3725 rows and 1246 columns
Presolve time: 0.01s
Presolved: 1443 rows, 1250 columns, 5519 nonzeros
Variable types: 0 continuous, 1250 integer (1205 binary)
Root relaxation presolved: 1443 rows, 1250 columns, 5519 nonzeros


Root relaxation: objective 3.500000e+01, 1488 iterations, 0.05 seconds (0.05 work units)

    Nodes    |    Current Node    |     Objective Bounds      |     Work
 Expl Unexpl |  Obj  Depth IntInf | Incumbent    BestBd   Gap | It/Node Time

*    0     0               0      35.0000000   35.00000  0.00%     -    0s

Explored 1 nodes (3048 simplex iterations) in 0.24 seconds (0.14 work units)
Thread count was 64 (of 64 available processors)

Solution count 1: 35 

Optimal solution found (tolerance 1.00e-04)
Best objective 3.500000000000e+01, best bound 3.500000000000e+01, gap 0.0000%
        0.59 - 	Solution num 1:
guessed:  x654 x661 x662 x664 x666 x667 x711 x777 x781 x784 x791 x793 x796 x797 x798 x829 x892 x947 x999 x1004 x1041 x1045 x1052 x1053 x1055 x1060 x1067 x1072 x1074 x1091 x1098 x1105 x1106 x1112 x1143 x1158 x1169 x1170 x1177 x1196 x1209 x1211 x1215 x1222 x1224 x1226 x1267 x1269 x1271 x1274 x1275 x1276 x1306 x1307 x1332 x1338 x1344 x1347 x1349 x1354 x1356 x1359 x1363 x1439 x1443 x1444 x1449 x1450 x1455 x1476 x1505 x1507 x1511 x1521 x1526 x1531 x1569 x1571 x1574 x1576 x1581 x1583 x1588 x1590 x1607 x1610 x1619 x1621 x1625 x1632 x1637 x1646 x1648 x1651 x1657 x1691 x1692 x1698 x1703 x1706 x1708 x1710 x1712 x1740 x1773 x1778 x1785 x1786 x1793 x1794 x1796 x1798 x1799 x1844 x1848 x1861 x1873 x1931 x1962 x1978 x1981 x1990 x1994 x1997 x2004 x2009 x2010 x2011 x2042 x2056 x2058 x2061 x2063 x2065 x2073 x2077 x2079 x2110 x2111 x2132 x2135 x2142 x2145 x2149 x2176 x2177 x2182 x2190 x2191 x2195 x2196 x2208 x2220 x2221 x2222 x2233 x2234 x2238 x2239[159]
linearized equations:  9 11 14 16 21 23 24 26 28 30 61 68 73 74 105 117 118 123 129 130 134 135 167 179 180 184 186 221 222 225 228 235 238 241 242
        0.59 - target guess 158
Set parameter Username
Academic license - for non-commercial use only - expires 2022-06-20
Set parameter Threads to value 64
Set parameter MIPFocus to value 3
        0.62 - there are 131 short nonlinear (11) polynomial
Set parameter TimeLimit to value 1800
Gurobi Optimizer version 9.5.0 build v9.5.0rc5 (linux64)
Thread count: 32 physical cores, 64 logical processors, using up to 64 threads
Optimize a model with 5168 rows, 2496 columns and 16168 nonzeros
Model fingerprint: 0x39132237
Variable types: 0 continuous, 2496 integer (2496 binary)
Coefficient statistics:
  Matrix range     [1e+00, 1e+00]
  Objective range  [1e+00, 1e+00]
  Bounds range     [1e+00, 1e+00]
  RHS range        [4e+01, 2e+02]
Presolve removed 3725 rows and 1246 columns
Presolve time: 0.01s
Presolved: 1443 rows, 1250 columns, 5519 nonzeros
Variable types: 0 continuous, 1250 integer (1205 binary)
Root relaxation presolved: 1443 rows, 1250 columns, 5519 nonzeros


Root relaxation: objective 3.600000e+01, 1583 iterations, 0.06 seconds (0.06 work units)

    Nodes    |    Current Node    |     Objective Bounds      |     Work
 Expl Unexpl |  Obj  Depth IntInf | Incumbent    BestBd   Gap | It/Node Time

H    0     0                      36.0000000  131.00000   264%     -    0s
     0     0          -    0        36.00000   36.00000  0.00%     -    0s

Explored 1 nodes (4052 simplex iterations) in 0.51 seconds (0.30 work units)
Thread count was 64 (of 64 available processors)

Solution count 1: 36 

Optimal solution found (tolerance 1.00e-04)
Best objective 3.600000000000e+01, best bound 3.600000000000e+01, gap 0.0000%
        1.13 - 	Solution num 1:
guessed:  x647 x649 x661 x662 x664 x666 x667 x711 x777 x779 x781 x784 x791 x793 x796 x797 x798 x829 x892 x947 x999 x1004 x1039 x1041 x1052 x1053 x1055 x1060 x1067 x1072 x1074 x1091 x1098 x1105 x1106 x1112 x1143 x1158 x1169 x1177 x1183 x1195 x1196 x1209 x1215 x1219 x1222 x1224 x1271 x1274 x1275 x1276 x1286 x1306 x1307 x1332 x1338 x1344 x1347 x1349 x1356 x1359 x1363 x1439 x1444 x1455 x1474 x1476 x1505 x1511 x1517 x1526 x1569 x1570 x1574 x1576 x1583 x1588 x1590 x1607 x1610 x1619 x1621 x1625 x1632 x1633 x1637 x1646 x1648 x1651 x1679 x1691 x1692 x1698 x1706 x1708 x1710 x1711 x1712 x1740 x1773 x1778 x1785 x1786 x1793 x1794 x1796 x1798 x1799 x1844 x1845 x1848 x1858 x1861 x1873 x1924 x1931 x1975 x1978 x1980 x1981 x1990 x1994 x1997 x2004 x2009 x2010 x2011 x2018 x2042 x2056 x2061 x2063 x2065 x2073 x2077 x2116 x2130 x2132 x2134 x2135 x2142 x2145 x2149 x2176 x2177 x2190 x2191 x2195 x2196 x2208 x2220 x2221 x2222 x2228 x2234 x2238 x2239[158]
linearized equations:  9 11 14 16 23 24 26 28 30 61 68 73 74 105 117 123 129 130 134 135 167 179 180 181 184 186 209 221 222 223 225 228 235 238 241 242
        1.13 - target guess 157
Set parameter Username
Academic license - for non-commercial use only - expires 2022-06-20
Set parameter Threads to value 64
Set parameter MIPFocus to value 3
        1.16 - there are 131 short nonlinear (11) polynomial
Set parameter TimeLimit to value 1800
Gurobi Optimizer version 9.5.0 build v9.5.0rc5 (linux64)
Thread count: 32 physical cores, 64 logical processors, using up to 64 threads
Optimize a model with 5168 rows, 2496 columns and 16168 nonzeros
Model fingerprint: 0x46c031e6
Variable types: 0 continuous, 2496 integer (2496 binary)
Coefficient statistics:
  Matrix range     [1e+00, 1e+00]
  Objective range  [1e+00, 1e+00]
  Bounds range     [1e+00, 1e+00]
  RHS range        [4e+01, 2e+02]
Presolve removed 3725 rows and 1246 columns
Presolve time: 0.01s
Presolved: 1443 rows, 1250 columns, 5519 nonzeros
Variable types: 0 continuous, 1250 integer (1205 binary)
Root relaxation presolved: 1443 rows, 1250 columns, 5519 nonzeros


Root relaxation: objective 3.700000e+01, 1650 iterations, 0.08 seconds (0.06 work units)

    Nodes    |    Current Node    |     Objective Bounds      |     Work
 Expl Unexpl |  Obj  Depth IntInf | Incumbent    BestBd   Gap | It/Node Time

H    0     0                      37.0000000  131.00000   254%     -    0s
     0     0          -    0        37.00000   37.00000  0.00%     -    0s

Explored 1 nodes (3922 simplex iterations) in 0.55 seconds (0.29 work units)
Thread count was 64 (of 64 available processors)

Solution count 1: 37 

Optimal solution found (tolerance 1.00e-04)
Best objective 3.700000000000e+01, best bound 3.700000000000e+01, gap 0.0000%
        1.71 - 	Solution num 1:
guessed:  x647 x649 x661 x667 x711 x733 x755 x777 x779 x791 x797 x798 x800 x803 x947 x999 x1032 x1052 x1053 x1055 x1072 x1074 x1077 x1109 x1111 x1117 x1132 x1133 x1157 x1169 x1195 x1196 x1209 x1212 x1214 x1215 x1224 x1225 x1226 x1231 x1271 x1274 x1307 x1327 x1338 x1344 x1347 x1354 x1384 x1387 x1406 x1418 x1439 x1449 x1450 x1477 x1492 x1495 x1500 x1517 x1521 x1547 x1569 x1571 x1574 x1581 x1583 x1588 x1589 x1590 x1591 x1607 x1610 x1612 x1624 x1629 x1632 x1633 x1650 x1655 x1657 x1663 x1691 x1692 x1698 x1703 x1705 x1711 x1712 x1717 x1735 x1740 x1747 x1778 x1786 x1793 x1798 x1799 x1800 x1803 x1844 x1845 x1848 x1858 x1861 x1877 x1898 x1928 x1951 x1978 x1988 x1990 x1991 x1994 x1997 x2004 x2008 x2010 x2011 x2016 x2018 x2031 x2034 x2039 x2061 x2062 x2063 x2065 x2077 x2100 x2103 x2128 x2130 x2132 x2135 x2142 x2146 x2169 x2172 x2176 x2177 x2178 x2182 x2183 x2188 x2190 x2195 x2196 x2200 x2202 x2211 x2214 x2220 x2221 x2222 x2234 x2238[157]
linearized equations:  9 11 14 21 28 30 33 35 51 71 73 74 79 94 97 118 129 134 135 141 157 160 179 180 181 184 198 201 221 222 223 225 228 235 241 242 247
        1.72 - target guess 156
Set parameter Username
Academic license - for non-commercial use only - expires 2022-06-20
Set parameter Threads to value 64
Set parameter MIPFocus to value 3
        1.74 - there are 131 short nonlinear (11) polynomial
Set parameter TimeLimit to value 1800
Gurobi Optimizer version 9.5.0 build v9.5.0rc5 (linux64)
Thread count: 32 physical cores, 64 logical processors, using up to 64 threads
Optimize a model with 5168 rows, 2496 columns and 16168 nonzeros
Model fingerprint: 0xe3f726d8
Variable types: 0 continuous, 2496 integer (2496 binary)
Coefficient statistics:
  Matrix range     [1e+00, 1e+00]
  Objective range  [1e+00, 1e+00]
  Bounds range     [1e+00, 1e+00]
  RHS range        [4e+01, 2e+02]
Presolve removed 3725 rows and 1246 columns
Presolve time: 0.01s
Presolved: 1443 rows, 1250 columns, 5519 nonzeros
Variable types: 0 continuous, 1250 integer (1205 binary)
Root relaxation presolved: 1443 rows, 1250 columns, 5519 nonzeros


Root relaxation: objective 3.800000e+01, 1748 iterations, 0.08 seconds (0.07 work units)

    Nodes    |    Current Node    |     Objective Bounds      |     Work
 Expl Unexpl |  Obj  Depth IntInf | Incumbent    BestBd   Gap | It/Node Time

*    0     0               0      38.0000000   38.00000  0.00%     -    0s

Explored 1 nodes (3495 simplex iterations) in 0.60 seconds (0.33 work units)
Thread count was 64 (of 64 available processors)

Solution count 1: 38 

Optimal solution found (tolerance 1.00e-04)
Best objective 3.800000000000e+01, best bound 3.800000000000e+01, gap 0.0000%
        2.35 - 	Solution num 1:
guessed:  x647 x667 x711 x777 x779 x781 x784 x791 x797 x798 x800 x803 x947 x999 x1032 x1041 x1052 x1053 x1055 x1065 x1067 x1072 x1074 x1077 x1091 x1092 x1105 x1112 x1143 x1157 x1158 x1169 x1171 x1195 x1196 x1209 x1215 x1219 x1224 x1225 x1269 x1270 x1271 x1274 x1297 x1307 x1338 x1344 x1347 x1349 x1354 x1356 x1361 x1439 x1444 x1449 x1474 x1476 x1479 x1482 x1504 x1505 x1507 x1517 x1526 x1569 x1570 x1574 x1576 x1581 x1583 x1588 x1590 x1591 x1610 x1612 x1619 x1624 x1625 x1629 x1632 x1633 x1637 x1651 x1655 x1657 x1663 x1691 x1692 x1693 x1698 x1705 x1711 x1712 x1717 x1747 x1758 x1773 x1778 x1785 x1786 x1793 x1805 x1845 x1848 x1858 x1861 x1928 x1931 x1961 x1962 x1978 x1990 x1994 x1997 x2004 x2008 x2010 x2011 x2016 x2018 x2039 x2041 x2061 x2062 x2063 x2065 x2077 x2096 x2097 x2101 x2110 x2111 x2115 x2130 x2132 x2135 x2142 x2146 x2149 x2176 x2177 x2182 x2183 x2188 x2190 x2191 x2195 x2196 x2202 x2220 x2221 x2222 x2234 x2235 x2238[156]
linearized equations:  9 11 14 21 23 28 30 33 35 61 71 73 74 79 104 105 117 118 123 129 134 135 141 167 179 180 181 184 186 221 222 223 225 228 235 241 242 247
        2.35 - target guess 155
Set parameter Username
Academic license - for non-commercial use only - expires 2022-06-20
Set parameter Threads to value 64
Set parameter MIPFocus to value 3
        2.37 - there are 131 short nonlinear (11) polynomial
Set parameter TimeLimit to value 1800
Gurobi Optimizer version 9.5.0 build v9.5.0rc5 (linux64)
Thread count: 32 physical cores, 64 logical processors, using up to 64 threads
Optimize a model with 5168 rows, 2496 columns and 16168 nonzeros
Model fingerprint: 0xd86ee80d
Variable types: 0 continuous, 2496 integer (2496 binary)
Coefficient statistics:
  Matrix range     [1e+00, 1e+00]
  Objective range  [1e+00, 1e+00]
  Bounds range     [1e+00, 1e+00]
  RHS range        [4e+01, 2e+02]
Presolve removed 3725 rows and 1246 columns
Presolve time: 0.01s
Presolved: 1443 rows, 1250 columns, 5519 nonzeros
Variable types: 0 continuous, 1250 integer (1205 binary)
Root relaxation presolved: 1443 rows, 1250 columns, 5519 nonzeros


Root relaxation: objective 3.900000e+01, 1787 iterations, 0.08 seconds (0.08 work units)

    Nodes    |    Current Node    |     Objective Bounds      |     Work
 Expl Unexpl |  Obj  Depth IntInf | Incumbent    BestBd   Gap | It/Node Time

     0     0   39.00000    0   19          -   39.00000      -     -    0s
H    0     0                      39.0000000   39.00000  0.00%     -    0s

Cutting planes:
  Gomory: 1
  Cover: 2
  Zero half: 9
  RLT: 2

Explored 1 nodes (5107 simplex iterations) in 0.70 seconds (0.42 work units)
Thread count was 64 (of 64 available processors)

Solution count 1: 39 

Optimal solution found (tolerance 1.00e-04)
Best objective 3.900000000000e+01, best bound 3.900000000000e+01, gap 0.0000%
        3.08 - 	Solution num 1:
guessed:  x647 x648 x679 x688 x700 x711 x777 x778 x784 x798 x803 x809 x818 x829 x930 x947 x999 x1030 x1039 x1041 x1053 x1055 x1072 x1074 x1077 x1091 x1109 x1110 x1112 x1132 x1143 x1157 x1158 x1170 x1183 x1195 x1196 x1211 x1224 x1226 x1246 x1256 x1269 x1271 x1274 x1294 x1338 x1344 x1349 x1439 x1444 x1479 x1482 x1483 x1492 x1505 x1507 x1511 x1521 x1526 x1546 x1558 x1569 x1571 x1574 x1576 x1588 x1607 x1610 x1612 x1618 x1619 x1624 x1625 x1632 x1637 x1652 x1655 x1657 x1663 x1668 x1669 x1678 x1680 x1691 x1692 x1698 x1712 x1713 x1715 x1717 x1740 x1747 x1772 x1773 x1785 x1786 x1790 x1798 x1800 x1805 x1811 x1820 x1832 x1844 x1861 x1877 x1897 x1907 x1928 x1962 x1978 x1990 x1994 x1997 x2008 x2016 x2018 x2022 x2031 x2039 x2042 x2043 x2062 x2063 x2064 x2065 x2073 x2077 x2082 x2091 x2094 x2101 x2111 x2132 x2135 x2146 x2169 x2176 x2177 x2178 x2182 x2183 x2188 x2189 x2195 x2202 x2208 x2209 x2220 x2221 x2222 x2229 x2234 x2238[155]
linearized equations:  9 11 14 28 30 33 35 50 60 61 71 74 79 94 104 105 117 118 123 134 141 147 156 167 168 179 180 184 186 198 209 210 221 222 225 228 242 247 253
        3.08 - target guess 154
Set parameter Username
Academic license - for non-commercial use only - expires 2022-06-20
Set parameter Threads to value 64
Set parameter MIPFocus to value 3
        3.10 - there are 131 short nonlinear (11) polynomial
Set parameter TimeLimit to value 1800
Gurobi Optimizer version 9.5.0 build v9.5.0rc5 (linux64)
Thread count: 32 physical cores, 64 logical processors, using up to 64 threads
Optimize a model with 5168 rows, 2496 columns and 16168 nonzeros
Model fingerprint: 0x3d2007b1
Variable types: 0 continuous, 2496 integer (2496 binary)
Coefficient statistics:
  Matrix range     [1e+00, 1e+00]
  Objective range  [1e+00, 1e+00]
  Bounds range     [1e+00, 1e+00]
  RHS range        [4e+01, 2e+02]
Presolve removed 3725 rows and 1246 columns
Presolve time: 0.01s
Presolved: 1443 rows, 1250 columns, 5519 nonzeros
Variable types: 0 continuous, 1250 integer (1205 binary)
Root relaxation presolved: 1443 rows, 1250 columns, 5519 nonzeros


Root relaxation: objective 4.000000e+01, 1889 iterations, 0.09 seconds (0.09 work units)

    Nodes    |    Current Node    |     Objective Bounds      |     Work
 Expl Unexpl |  Obj  Depth IntInf | Incumbent    BestBd   Gap | It/Node Time

     0     0   40.00000    0  235          -   40.00000      -     -    0s
     0     0   40.00000    0  253          -   40.00000      -     -    1s
H    0     0                      40.0000000   40.00000  0.00%     -    1s
     0     0   40.00000    0  247   40.00000   40.00000  0.00%     -    1s

Cutting planes:
  Gomory: 17
  Zero half: 257
  RLT: 2

Explored 1 nodes (7585 simplex iterations) in 1.65 seconds (1.11 work units)
Thread count was 64 (of 64 available processors)

Solution count 1: 40 

Optimal solution found (tolerance 1.00e-04)
Best objective 4.000000000000e+01, best bound 4.000000000000e+01, gap 0.0000%
        4.76 - 	Solution num 1:
guessed:  x647 x648 x673 x686 x699 x711 x741 x777 x778 x782 x797 x803 x816 x829 x880 x915 x945 x947 x962 x1041 x1053 x1077 x1091 x1132 x1133 x1143 x1157 x1158 x1170 x1183 x1195 x1196 x1199 x1201 x1209 x1212 x1215 x1231 x1257 x1269 x1314 x1325 x1327 x1349 x1371 x1374 x1384 x1387 x1418 x1444 x1469 x1482 x1484 x1487 x1492 x1494 x1495 x1500 x1522 x1526 x1547 x1550 x1557 x1569 x1576 x1598 x1606 x1612 x1625 x1632 x1636 x1637 x1650 x1651 x1655 x1657 x1663 x1666 x1680 x1691 x1692 x1696 x1698 x1711 x1715 x1717 x1719 x1735 x1747 x1760 x1773 x1785 x1786 x1790 x1799 x1843 x1844 x1848 x1861 x1898 x1938 x1941 x1949 x1951 x1954 x1988 x1990 x1991 x1995 x1996 x1997 x2010 x2016 x2017 x2018 x2021 x2029 x2031 x2034 x2039 x2042 x2052 x2061 x2065 x2090 x2100 x2101 x2103 x2111 x2135 x2156 x2159 x2169 x2172 x2176 x2177 x2182 x2183 x2189 x2196 x2198 x2200 x2201 x2202 x2208 x2209 x2211 x2214 x2220 x2221 x2222 x2226 x2228 x2238[154]
linearized equations:  9 14 33 35 38 51 61 79 81 84 92 94 97 105 117 123 135 141 147 154 157 160 167 179 180 184 186 196 198 201 209 221 222 226 227 228 241 247 249 252
        4.76 - target guess 153
Set parameter Username
Academic license - for non-commercial use only - expires 2022-06-20
Set parameter Threads to value 64
Set parameter MIPFocus to value 3
        4.81 - there are 131 short nonlinear (11) polynomial
Set parameter TimeLimit to value 1800
Gurobi Optimizer version 9.5.0 build v9.5.0rc5 (linux64)
Thread count: 32 physical cores, 64 logical processors, using up to 64 threads
Optimize a model with 5168 rows, 2496 columns and 16168 nonzeros
Model fingerprint: 0x8017adf9
Variable types: 0 continuous, 2496 integer (2496 binary)
Coefficient statistics:
  Matrix range     [1e+00, 1e+00]
  Objective range  [1e+00, 1e+00]
  Bounds range     [1e+00, 1e+00]
  RHS range        [4e+01, 2e+02]
Presolve removed 3725 rows and 1246 columns
Presolve time: 0.01s
Presolved: 1443 rows, 1250 columns, 5519 nonzeros
Variable types: 0 continuous, 1250 integer (1205 binary)
Root relaxation presolved: 1443 rows, 1250 columns, 5519 nonzeros


Root relaxation: objective 4.100000e+01, 2021 iterations, 0.12 seconds (0.11 work units)

    Nodes    |    Current Node    |     Objective Bounds      |     Work
 Expl Unexpl |  Obj  Depth IntInf | Incumbent    BestBd   Gap | It/Node Time

     0     0   41.00000    0  347          -   41.00000      -     -    0s
     0     0   41.00000    0  360          -   41.00000      -     -    1s
     0     0   41.00000    0  360          -   41.00000      -     -    1s
     0     0   41.00000    0  316          -   41.00000      -     -    2s
     0     0   41.00000    0  316          -   41.00000      -     -    2s
     0     2   41.00000    0  316          -   41.00000      -     -    3s
    15    28   41.00000    4  480          -   41.00000      -   383    5s

Cutting planes:
  Gomory: 4
  Flow cover: 10
  Zero half: 542
  RLT: 2

Explored 145 nodes (100615 simplex iterations) in 9.00 seconds (3.88 work units)
Thread count was 64 (of 64 available processors)

Solution count 0
No other solutions better than -1e+100

Model is infeasible
Best objective -, best bound -, gap -
       13.91 - 	Solution num 0:
       13.94 - increase high_eq_constraint to 1

Set parameter Username
Academic license - for non-commercial use only - expires 2022-06-20
Set parameter Threads to value 64
Set parameter MIPFocus to value 3
       13.99 - there are 131 short nonlinear (11) polynomial
Set parameter TimeLimit to value 1800
Gurobi Optimizer version 9.5.0 build v9.5.0rc5 (linux64)
Thread count: 32 physical cores, 64 logical processors, using up to 64 threads
Optimize a model with 5168 rows, 2496 columns and 16168 nonzeros
Model fingerprint: 0x50f418e7
Variable types: 0 continuous, 2496 integer (2496 binary)
Coefficient statistics:
  Matrix range     [1e+00, 1e+00]
  Objective range  [1e+00, 1e+00]
  Bounds range     [1e+00, 1e+00]
  RHS range        [1e+00, 2e+02]
Presolve removed 974 rows and 974 columns
Presolve time: 0.02s
Presolved: 4194 rows, 1522 columns, 14095 nonzeros
Variable types: 0 continuous, 1522 integer (1522 binary)
Root relaxation presolved: 4194 rows, 1522 columns, 14095 nonzeros


Root relaxation: objective 4.100000e+01, 2346 iterations, 0.25 seconds (0.26 work units)

    Nodes    |    Current Node    |     Objective Bounds      |     Work
 Expl Unexpl |  Obj  Depth IntInf | Incumbent    BestBd   Gap | It/Node Time

     0     0   41.00000    0  611          -   41.00000      -     -    1s
     0     0   41.00000    0  529          -   41.00000      -     -    3s
     0     0   41.00000    0  529          -   41.00000      -     -    4s
     0     0   41.00000    0  408          -   41.00000      -     -    5s
     0     0   41.00000    0  445          -   41.00000      -     -    5s
     0     0   41.00000    0  376          -   41.00000      -     -    7s
     0     0   41.00000    0  376          -   41.00000      -     -    8s
     0     2   41.00000    0  376          -   41.00000      -     -   11s
    31    28 infeasible    5               -   41.00000      -   638   17s
   107    34 infeasible    8               -   41.00000      -   599   20s
   225   178 infeasible   11               -   41.00000      -   609   25s
   477   232   41.00000   13  549          -   41.00000      -   521   30s
   878   221   41.00000   15  486          -   41.00000      -   522   36s
  1264   158   41.00000   16  577          -   41.00000      -   504   40s
  1633    76 infeasible   20               -   41.00000      -   493   45s

Cutting planes:
  Gomory: 2
  Flow cover: 7
  Zero half: 1374
  RLT: 29

Explored 1947 nodes (980576 simplex iterations) in 48.33 seconds (29.92 work units)
Thread count was 64 (of 64 available processors)

Solution count 0
No other solutions better than -1e+100

Model is infeasible
Best objective -, best bound -, gap -
       62.33 - 	Solution num 0:
       62.34 - increase high_eq_constraint to 2

Set parameter Username
Academic license - for non-commercial use only - expires 2022-06-20
Set parameter Threads to value 64
Set parameter MIPFocus to value 3
       62.38 - there are 131 short nonlinear (11) polynomial
Set parameter TimeLimit to value 1800
Gurobi Optimizer version 9.5.0 build v9.5.0rc5 (linux64)
Thread count: 32 physical cores, 64 logical processors, using up to 64 threads
Optimize a model with 5168 rows, 2496 columns and 16168 nonzeros
Model fingerprint: 0xe510ffe3
Variable types: 0 continuous, 2496 integer (2496 binary)
Coefficient statistics:
  Matrix range     [1e+00, 1e+00]
  Objective range  [1e+00, 1e+00]
  Bounds range     [1e+00, 1e+00]
  RHS range        [2e+00, 2e+02]
Presolve removed 974 rows and 974 columns
Presolve time: 0.01s
Presolved: 4194 rows, 1522 columns, 14095 nonzeros
Variable types: 0 continuous, 1522 integer (1522 binary)
Root relaxation presolved: 4194 rows, 1522 columns, 14095 nonzeros


Root relaxation: objective 4.100000e+01, 2729 iterations, 0.21 seconds (0.34 work units)

    Nodes    |    Current Node    |     Objective Bounds      |     Work
 Expl Unexpl |  Obj  Depth IntInf | Incumbent    BestBd   Gap | It/Node Time

     0     0   41.00000    0  418          -   41.00000      -     -    1s
     0     0   41.00000    0  522          -   41.00000      -     -    3s
     0     0   41.00000    0  522          -   41.00000      -     -    3s
     0     0   41.00000    0  520          -   41.00000      -     -    5s
     0     0   41.00000    0  413          -   41.00000      -     -    6s
     0     2   41.00000    0  413          -   41.00000      -     -    9s
     1     4   41.00000    1  777          -   41.00000      -  4170   10s
    31    64   41.00000    5  477          -   41.00000      -   587   15s
   127   184   41.00000    7  414          -   41.00000      -   682   21s
   191   234   41.00000    8  618          -   41.00000      -   823   30s
   418   506   41.00000   12  922          -   41.00000      -   697   38s
   741   660   41.00000   12  312          -   41.00000      -   666   43s
  1147   827   41.00000   14  791          -   41.00000      -   723   47s
  1838   903   41.00000   12  373          -   41.00000      -   677   55s
  2684   953   41.00000   10   18          -   41.00000      -   649   68s
* 2750   953              15      41.0000000   41.00000  0.00%   652   68s

Cutting planes:
  Flow cover: 10
  Zero half: 1023
  RLT: 106

Explored 3676 nodes (2355718 simplex iterations) in 68.92 seconds (58.80 work units)
Thread count was 64 (of 64 available processors)

Solution count 1: 41 

Optimal solution found (tolerance 1.00e-04)
Best objective 4.100000000000e+01, best bound 4.100000000000e+01, gap 0.0000%
      131.58 - 	Solution num 1:
guessed:  x645 x647 x648 x667 x699 x711 x741 x775 x777 x778 x781 x797 x803 x816 x829 x873 x879 x880 x915 x938 x944 x945 x947 x962 x1026 x1053 x1055 x1077 x1091 x1157 x1170 x1171 x1183 x1195 x1196 x1199 x1201 x1209 x1215 x1269 x1314 x1325 x1344 x1349 x1371 x1374 x1439 x1444 x1469 x1479 x1482 x1484 x1487 x1493 x1494 x1495 x1521 x1522 x1526 x1576 x1598 x1606 x1607 x1612 x1619 x1629 x1631 x1632 x1633 x1635 x1636 x1637 x1651 x1655 x1657 x1663 x1666 x1689 x1691 x1692 x1695 x1696 x1698 x1711 x1719 x1733 x1747 x1760 x1773 x1785 x1786 x1789 x1790 x1799 x1841 x1843 x1844 x1845 x1848 x1861 x1884 x1941 x1949 x1950 x1976 x1988 x1990 x1994 x1995 x1996 x1997 x2010 x2011 x2016 x2017 x2018 x2021 x2029 x2039 x2042 x2052 x2061 x2065 x2081 x2085 x2090 x2101 x2103 x2111 x2130 x2135 x2156 x2159 x2176 x2177 x2180 x2182 x2183 x2195 x2196 x2198 x2201 x2202 x2208 x2209 x2219 x2220 x2221 x2222 x2226 x2228 x2237 x2238[153]
linearized equations:  7 9 11 13 14 33 35 38 79 81 84 92 117 118 123 135 141 147 154 155 167 177 179 180 183 184 186 196 209 219 221 222 223 225 226 227 228 241 247 249 252
      131.68 - target guess 152
Set parameter Username
Academic license - for non-commercial use only - expires 2022-06-20
Set parameter Threads to value 64
Set parameter MIPFocus to value 3
      131.73 - there are 131 short nonlinear (11) polynomial
Set parameter TimeLimit to value 1800
Gurobi Optimizer version 9.5.0 build v9.5.0rc5 (linux64)
Thread count: 32 physical cores, 64 logical processors, using up to 64 threads
Optimize a model with 5168 rows, 2496 columns and 16168 nonzeros
Model fingerprint: 0xb0f66574
Variable types: 0 continuous, 2496 integer (2496 binary)
Coefficient statistics:
  Matrix range     [1e+00, 1e+00]
  Objective range  [1e+00, 1e+00]
  Bounds range     [1e+00, 1e+00]
  RHS range        [4e+01, 2e+02]
Presolve removed 3725 rows and 1246 columns
Presolve time: 0.01s
Presolved: 1443 rows, 1250 columns, 5519 nonzeros
Variable types: 0 continuous, 1250 integer (1205 binary)
Root relaxation presolved: 1443 rows, 1250 columns, 5519 nonzeros


Root relaxation: objective 4.200000e+01, 2202 iterations, 0.12 seconds (0.12 work units)

    Nodes    |    Current Node    |     Objective Bounds      |     Work
 Expl Unexpl |  Obj  Depth IntInf | Incumbent    BestBd   Gap | It/Node Time

     0     0   42.00000    0  421          -   42.00000      -     -    0s
     0     0 -1.000e+100    0  388          - infeasible      -     -    1s

Cutting planes:
  Gomory: 16
  Zero half: 215

Explored 1 nodes (9584 simplex iterations) in 1.57 seconds (1.02 work units)
Thread count was 64 (of 64 available processors)

Solution count 0
No other solutions better than -1e+100

Model is infeasible
Best objective -, best bound -, gap -
      133.30 - 	Solution num 0:
      133.31 - increase high_eq_constraint to 1

Set parameter Username
Academic license - for non-commercial use only - expires 2022-06-20
Set parameter Threads to value 64
Set parameter MIPFocus to value 3
      133.36 - there are 131 short nonlinear (11) polynomial
Set parameter TimeLimit to value 1800
Gurobi Optimizer version 9.5.0 build v9.5.0rc5 (linux64)
Thread count: 32 physical cores, 64 logical processors, using up to 64 threads
Optimize a model with 5168 rows, 2496 columns and 16168 nonzeros
Model fingerprint: 0x269d7878
Variable types: 0 continuous, 2496 integer (2496 binary)
Coefficient statistics:
  Matrix range     [1e+00, 1e+00]
  Objective range  [1e+00, 1e+00]
  Bounds range     [1e+00, 1e+00]
  RHS range        [1e+00, 2e+02]
Presolve removed 974 rows and 974 columns
Presolve time: 0.02s
Presolved: 4194 rows, 1522 columns, 14095 nonzeros
Variable types: 0 continuous, 1522 integer (1522 binary)
Root relaxation presolved: 4194 rows, 1522 columns, 14095 nonzeros


Root relaxation: objective 4.200000e+01, 2357 iterations, 0.30 seconds (0.31 work units)

    Nodes    |    Current Node    |     Objective Bounds      |     Work
 Expl Unexpl |  Obj  Depth IntInf | Incumbent    BestBd   Gap | It/Node Time

     0     0   42.00000    0  519          -   42.00000      -     -    1s
     0     0   42.00000    0  436          -   42.00000      -     -    3s
     0     0   42.00000    0  590          -   42.00000      -     -    3s
     0     0   42.00000    0  616          -   42.00000      -     -    5s
     0     0   42.00000    0  600          -   42.00000      -     -    6s
     0     2   42.00000    0  497          -   42.00000      -     -    8s
     3     2 infeasible    2               -   42.00000      -   853   10s
    17     4   42.00000    8  566          -   42.00000      -   867   15s
    29    18   42.00000   11  620          -   42.00000      -   837   21s

Cutting planes:
  Gomory: 1
  Flow cover: 6
  Zero half: 710
  RLT: 197

Explored 71 nodes (81350 simplex iterations) in 24.29 seconds (17.76 work units)
Thread count was 64 (of 64 available processors)

Solution count 0
No other solutions better than -1e+100

Model is infeasible
Best objective -, best bound -, gap -
      157.68 - 	Solution num 0:
      157.69 - increase high_eq_constraint to 2

Set parameter Username
Academic license - for non-commercial use only - expires 2022-06-20
Set parameter Threads to value 64
Set parameter MIPFocus to value 3
      157.73 - there are 131 short nonlinear (11) polynomial
Set parameter TimeLimit to value 1800
Gurobi Optimizer version 9.5.0 build v9.5.0rc5 (linux64)
Thread count: 32 physical cores, 64 logical processors, using up to 64 threads
Optimize a model with 5168 rows, 2496 columns and 16168 nonzeros
Model fingerprint: 0x4f541e41
Variable types: 0 continuous, 2496 integer (2496 binary)
Coefficient statistics:
  Matrix range     [1e+00, 1e+00]
  Objective range  [1e+00, 1e+00]
  Bounds range     [1e+00, 1e+00]
  RHS range        [2e+00, 2e+02]
Presolve removed 974 rows and 974 columns
Presolve time: 0.02s
Presolved: 4194 rows, 1522 columns, 14095 nonzeros
Variable types: 0 continuous, 1522 integer (1522 binary)
Root relaxation presolved: 4194 rows, 1522 columns, 14095 nonzeros


Root relaxation: objective 4.200000e+01, 2961 iterations, 0.36 seconds (0.38 work units)

    Nodes    |    Current Node    |     Objective Bounds      |     Work
 Expl Unexpl |  Obj  Depth IntInf | Incumbent    BestBd   Gap | It/Node Time

     0     0   42.00000    0  410          -   42.00000      -     -    2s
     0     0   42.00000    0  486          -   42.00000      -     -    3s
     0     0   42.00000    0  533          -   42.00000      -     -    3s
     0     0   42.00000    0  516          -   42.00000      -     -    5s
     0     0   42.00000    0  458          -   42.00000      -     -    6s
     0     2   42.00000    0  458          -   42.00000      -     -    9s
     3     8   42.00000    2  406          -   42.00000      -  1184   10s
    31    64   42.00000    5  459          -   42.00000      -   521   15s
   127   176   42.00000    7  458          -   42.00000      -   820   21s
   255   158   42.00000    9  581          -   42.00000      -   905   26s
   514   111 infeasible   12               -   42.00000      -   789   30s
   715    61 infeasible   11               -   42.00000      -   778   35s
   921     0 infeasible   11               -   42.00000      -   756   40s

Cutting planes:
  Flow cover: 2
  Zero half: 1070
  RLT: 37

Explored 931 nodes (722478 simplex iterations) in 40.85 seconds (26.77 work units)
Thread count was 64 (of 64 available processors)

Solution count 0
No other solutions better than -1e+100

Model is infeasible
Best objective -, best bound -, gap -
      198.84 - 	Solution num 0:
      198.91 - increase high_eq_constraint to 3

Set parameter Username
Academic license - for non-commercial use only - expires 2022-06-20
Set parameter Threads to value 64
Set parameter MIPFocus to value 3
      198.96 - there are 131 short nonlinear (11) polynomial
Set parameter TimeLimit to value 1800
Gurobi Optimizer version 9.5.0 build v9.5.0rc5 (linux64)
Thread count: 32 physical cores, 64 logical processors, using up to 64 threads
Optimize a model with 5168 rows, 2496 columns and 16168 nonzeros
Model fingerprint: 0x8e100fec
Variable types: 0 continuous, 2496 integer (2496 binary)
Coefficient statistics:
  Matrix range     [1e+00, 1e+00]
  Objective range  [1e+00, 1e+00]
  Bounds range     [1e+00, 1e+00]
  RHS range        [3e+00, 2e+02]
Presolve removed 974 rows and 974 columns
Presolve time: 0.01s
Presolved: 4194 rows, 1522 columns, 14095 nonzeros
Variable types: 0 continuous, 1522 integer (1522 binary)
Root relaxation presolved: 4194 rows, 1522 columns, 14095 nonzeros


Root relaxation: objective 4.200000e+01, 2745 iterations, 0.34 seconds (0.39 work units)

    Nodes    |    Current Node    |     Objective Bounds      |     Work
 Expl Unexpl |  Obj  Depth IntInf | Incumbent    BestBd   Gap | It/Node Time

     0     0   42.00000    0  707          -   42.00000      -     -    1s
     0     0   42.00000    0  748          -   42.00000      -     -    3s
     0     0   42.00000    0  792          -   42.00000      -     -    3s
     0     0   42.00000    0  567          -   42.00000      -     -    6s
     0     0   42.00000    0  890          -   42.00000      -     -    9s
     0     0   42.00000    0  890          -   42.00000      -     -   10s
     0     2   42.00000    0  672          -   42.00000      -     -   14s
     2     4   42.00000    1  684          -   42.00000      -  2630   15s
    31    64   42.00000    5  554          -   42.00000      -   534   22s
    63   128   42.00000    6  948          -   42.00000      -   656   25s
   191   254   42.00000    8  511          -   42.00000      -   849   30s
   630   607 infeasible   13               -   42.00000      -   911   41s
  1100   696   42.00000   11  435          -   42.00000      -   817   50s
  1703   787   42.00000   13  974          -   42.00000      -   768   58s
  2398   934 infeasible    9               -   42.00000      -   736   68s
  3213   991   42.00000    8  560          -   42.00000      -   721   84s
  4192   978   42.00000    9  985          -   42.00000      -   710   98s
  5243   959   42.00000    9  567          -   42.00000      -   705  115s
  6358   979 infeasible   12               -   42.00000      -   699  135s
  7450   917   42.00000   10  456          -   42.00000      -   694  149s
  8656   951   42.00000   10  602          -   42.00000      -   688  169s
  9806   976   42.00000   12  561          -   42.00000      -   686  186s
 10991   943   42.00000    9  513          -   42.00000      -   685  200s
 12284   868   42.00000   10  415          -   42.00000      -   685  222s
 13521   768   42.00000   10  470          -   42.00000      -   686  248s
 14791   652   42.00000   12  897          -   42.00000      -   685  263s
 15977   621   42.00000   12  574          -   42.00000      -   684  274s
 17154   587 infeasible   14               -   42.00000      -   684  298s
 18258   496   42.00000   10  401          -   42.00000      -   685  320s
 19439   354   42.00000   11  609          -   42.00000      -   685  334s
 20511   262   42.00000   11  913          -   42.00000      -   685  351s
 21493   167 infeasible   14               -   42.00000      -   686  364s
 22380   115   42.00000   10  936          -   42.00000      -   685  376s
 22962    62 infeasible   16               -   42.00000      -   685  384s
 23421     4   42.00000   16  912          -   42.00000      -   685  395s

Cutting planes:
  Gomory: 3
  Flow cover: 4
  Zero half: 527
  RLT: 69

Explored 23635 nodes (16215192 simplex iterations) in 399.59 seconds (220.71 work units)
Thread count was 64 (of 64 available processors)

Solution count 0
No other solutions better than -1e+100

Model is infeasible
Best objective -, best bound -, gap -
      598.79 - 	Solution num 0:
      598.88 - increase high_eq_constraint to 4

Set parameter Username
Academic license - for non-commercial use only - expires 2022-06-20
Set parameter Threads to value 64
Set parameter MIPFocus to value 3
      598.92 - there are 131 short nonlinear (11) polynomial
Set parameter TimeLimit to value 1800
Gurobi Optimizer version 9.5.0 build v9.5.0rc5 (linux64)
Thread count: 32 physical cores, 64 logical processors, using up to 64 threads
Optimize a model with 5168 rows, 2496 columns and 16168 nonzeros
Model fingerprint: 0x9cf8ac91
Variable types: 0 continuous, 2496 integer (2496 binary)
Coefficient statistics:
  Matrix range     [1e+00, 1e+00]
  Objective range  [1e+00, 1e+00]
  Bounds range     [1e+00, 1e+00]
  RHS range        [4e+00, 2e+02]
Presolve removed 974 rows and 974 columns
Presolve time: 0.01s
Presolved: 4194 rows, 1522 columns, 14095 nonzeros
Variable types: 0 continuous, 1522 integer (1522 binary)
Root relaxation presolved: 4194 rows, 1522 columns, 14095 nonzeros


Root relaxation: objective 4.200000e+01, 2393 iterations, 0.29 seconds (0.33 work units)

    Nodes    |    Current Node    |     Objective Bounds      |     Work
 Expl Unexpl |  Obj  Depth IntInf | Incumbent    BestBd   Gap | It/Node Time

     0     0   42.00000    0  620          -   42.00000      -     -    1s
     0     0   42.00000    0  738          -   42.00000      -     -    3s
     0     0   42.00000    0  767          -   42.00000      -     -    3s
     0     0   42.00000    0  742          -   42.00000      -     -    5s
     0     0   42.00000    0  742          -   42.00000      -     -    7s
     0     2   42.00000    0  742          -   42.00000      -     -   10s
    31    48 infeasible    5               -   42.00000      -   663   16s
   105   144   42.00000    7  594          -   42.00000      -   763   24s
   169   198   42.00000    8  477          -   42.00000      -   943   27s
   233   316   42.00000    9  847          -   42.00000      -   862   31s
   387   439   42.00000   10  839          -   42.00000      -   767   35s
   598   658   42.00000   11  483          -   42.00000      -   722   43s
   967   802   42.00000   12  495          -   42.00000      -   683   53s
  1435   917   42.00000   15  833          -   42.00000      -   805   68s
  2318  1090   42.00000   13  513          -   42.00000      -   729   78s
  3309  1290   42.00000   16  797          -   42.00000      -   694   91s
  4499  1541   42.00000   14  645          -   42.00000      -   673  117s
  5938  1823   42.00000   13  856          -   42.00000      -   658  143s
  7658  2066   42.00000   17  568          -   42.00000      -   649  167s
  9719  2304   42.00000   14  715          -   42.00000      -   641  203s
 12075  2520   42.00000   18  878          -   42.00000      -   636  228s
 14733  2706   42.00000   12  454          -   42.00000      -   631  245s
 17697  2850   42.00000   18  531          -   42.00000      -   628  274s
 20811  2992 infeasible   15               -   42.00000      -   630  298s
 24235  3052   42.00000   18  832          -   42.00000      -   630  319s
 27897  3115   42.00000   21  749          -   42.00000      -   632  352s
 31752  3186 infeasible   24               -   42.00000      -   634  385s
 35935  3290 infeasible   24               -   42.00000      -   635  423s
 40503  3326   42.00000   21  620          -   42.00000      -   634  445s
 45337  3348   42.00000   17  570          -   42.00000      -   634  471s
 50319  3351   42.00000   22  774          -   42.00000      -   633  476s
 50322  3353   42.00000    9  758          -   42.00000      -   633  482s
 50323  3354   42.00000   20  710          -   42.00000      -   633  485s
 50326  3359   42.00000   10  409          -   42.00000      -   0.7  495s
 50328  3362   42.00000   11  408          -   42.00000      -   0.7  502s
 50332  3367 infeasible   12               -   42.00000      -   0.8  510s
 50340  3376   42.00000   13  417          -   42.00000      -   0.9  515s
 50354  3397   42.00000   14  469          -   42.00000      -   1.1  523s
 50380  3421 infeasible   15               -   42.00000      -   1.3  532s
 50432  3447   42.00000   16  546          -   42.00000      -   2.2  539s
 50490  3428   42.00000   16  900          -   42.00000      -   3.7  541s
 50496  3462   42.00000   17  606          -   42.00000      -   3.9  548s
 50560  3487 infeasible   18               -   42.00000      -   4.9  557s
 50624  3566   42.00000   18  572          -   42.00000      -   6.1  576s
 50775  3670   42.00000   19  617          -   42.00000      -  13.4  595s
 51077  3774 infeasible   20               -   42.00000      -  22.1  647s
 51955  3829 infeasible   21               -   42.00000      -  41.3  677s
 53047  3790   42.00000   23  929          -   42.00000      -  54.4  738s
 54516  3678 infeasible   26               -   42.00000      -  77.7  800s
 56220  3280   42.00000   27  681          -   42.00000      -   104  867s
 57080  3167 infeasible   28               -   42.00000      -   117 1004s
 59894  2280   42.00000   31  830          -   42.00000      -   154 1100s
 62949  2144   42.00000   30  833          -   42.00000      -   189 1190s
 65946  2289   42.00000   27  636          -   42.00000      -   221 1293s
 69107  2393   42.00000   30  595          -   42.00000      -   250 1380s
 72411  2503   42.00000   33  896          -   42.00000      -   278 1473s
 75887  2450   42.00000   33  836          -   42.00000      -   305 1635s
 79788  2529   42.00000   33  816          -   42.00000      -   330 1800s

Cutting planes:
  MIR: 1
  Flow cover: 16
  Zero half: 1869
  RLT: 265

Explored 82971 nodes (60913883 simplex iterations) in 1800.27 seconds (1204.66 work units)
Thread count was 64 (of 64 available processors)

Solution count 0

Time limit reached
Best objective -, best bound 4.200000000000e+01, gap -
     2399.51 - best linearization 41


