
# variables: 2240
# non-linear: 256

        0.00 - Start computation

        0.00 - target guess 160
Set parameter Username
Academic license - for non-commercial use only - expires 2022-06-20
Set parameter Threads to value 64
Set parameter MIPFocus to value 3
        0.06 - there are 129 short nonlinear (11) polynomial
Set parameter TimeLimit to value 1800
Gurobi Optimizer version 9.5.0 build v9.5.0rc5 (linux64)
Thread count: 32 physical cores, 64 logical processors, using up to 64 threads
Optimize a model with 5187 rows, 2496 columns and 16233 nonzeros
Model fingerprint: 0x211764b6
Variable types: 0 continuous, 2496 integer (2496 binary)
Coefficient statistics:
  Matrix range     [1e+00, 1e+00]
  Objective range  [1e+00, 1e+00]
  Bounds range     [1e+00, 1e+00]
  RHS range        [3e+01, 2e+02]
Presolve removed 3766 rows and 1246 columns
Presolve time: 0.01s
Presolved: 1421 rows, 1250 columns, 5476 nonzeros
Variable types: 0 continuous, 1250 integer (1223 binary)
Root relaxation presolved: 1421 rows, 1250 columns, 5476 nonzeros


Root relaxation: objective 3.400000e+01, 1530 iterations, 0.04 seconds (0.06 work units)

    Nodes    |    Current Node    |     Objective Bounds      |     Work
 Expl Unexpl |  Obj  Depth IntInf | Incumbent    BestBd   Gap | It/Node Time

     0     0   34.00000    0  169          -   34.00000      -     -    0s
H    0     0                      34.0000000   34.00000  0.00%     -    0s

Cutting planes:
  Gomory: 7
  Zero half: 54
  RLT: 1

Explored 1 nodes (4237 simplex iterations) in 0.39 seconds (0.34 work units)
Thread count was 64 (of 64 available processors)

Solution count 1: 34 

Optimal solution found (tolerance 1.00e-04)
Best objective 3.400000000000e+01, best bound 3.400000000000e+01, gap 0.0000%
        0.45 - 	Solution num 1:
guessed:  x645 x646 x652 x653 x656 x660 x670 x723 x775 x777 x782 x790 x822 x875 x884 x888 x915 x946 x947 x955 x969 x993 x995 x1000 x1025 x1027 x1028 x1052 x1058 x1088 x1090 x1096 x1098 x1104 x1127 x1128 x1132 x1169 x1177 x1183 x1211 x1218 x1241 x1242 x1266 x1272 x1284 x1293 x1348 x1349 x1383 x1402 x1403 x1404 x1434 x1435 x1436 x1445 x1487 x1491 x1494 x1496 x1513 x1515 x1516 x1517 x1518 x1521 x1526 x1527 x1528 x1546 x1565 x1566 x1567 x1568 x1569 x1575 x1576 x1603 x1604 x1605 x1610 x1611 x1612 x1644 x1646 x1664 x1665 x1670 x1672 x1687 x1688 x1691 x1696 x1697 x1698 x1704 x1736 x1759 x1784 x1785 x1790 x1792 x1816 x1817 x1824 x1839 x1841 x1843 x1850 x1861 x1863 x1869 x1879 x1899 x1901 x1914 x1946 x1950 x1972 x1986 x1988 x1990 x1992 x1995 x1996 x1997 x2011 x2019 x2026 x2030 x2035 x2054 x2057 x2078 x2083 x2084 x2086 x2095 x2099 x2125 x2126 x2127 x2134 x2135 x2164 x2168 x2171 x2173 x2176 x2182 x2201 x2206 x2210 x2213 x2214 x2221 x2233 x2239[160]
linearized equations:  5 6 7 8 16 22 46 47 50 52 89 90 91 93 115 122 123 124 128 152 160 177 178 179 185 195 197 200 202 219 221 226 227 234
        0.45 - target guess 159
Set parameter Username
Academic license - for non-commercial use only - expires 2022-06-20
Set parameter Threads to value 64
Set parameter MIPFocus to value 3
        0.48 - there are 129 short nonlinear (11) polynomial
Set parameter TimeLimit to value 1800
Gurobi Optimizer version 9.5.0 build v9.5.0rc5 (linux64)
Thread count: 32 physical cores, 64 logical processors, using up to 64 threads
Optimize a model with 5187 rows, 2496 columns and 16233 nonzeros
Model fingerprint: 0x99a30bfb
Variable types: 0 continuous, 2496 integer (2496 binary)
Coefficient statistics:
  Matrix range     [1e+00, 1e+00]
  Objective range  [1e+00, 1e+00]
  Bounds range     [1e+00, 1e+00]
  RHS range        [4e+01, 2e+02]
Presolve removed 3766 rows and 1246 columns
Presolve time: 0.01s
Presolved: 1421 rows, 1250 columns, 5476 nonzeros
Variable types: 0 continuous, 1250 integer (1223 binary)
Root relaxation presolved: 1421 rows, 1250 columns, 5476 nonzeros


Root relaxation: objective 3.500000e+01, 1604 iterations, 0.04 seconds (0.06 work units)

    Nodes    |    Current Node    |     Objective Bounds      |     Work
 Expl Unexpl |  Obj  Depth IntInf | Incumbent    BestBd   Gap | It/Node Time

     0     0   35.00000    0   26          -   35.00000      -     -    0s
H    0     0                      35.0000000   35.00000  0.00%     -    0s

Cutting planes:
  Gomory: 3
  Cover: 1
  MIR: 2
  StrongCG: 1
  Zero half: 6
  RLT: 3

Explored 1 nodes (4529 simplex iterations) in 0.35 seconds (0.34 work units)
Thread count was 64 (of 64 available processors)

Solution count 1: 35 

Optimal solution found (tolerance 1.00e-04)
Best objective 3.500000000000e+01, best bound 3.500000000000e+01, gap 0.0000%
        0.83 - 	Solution num 1:
guessed:  x644 x645 x646 x647 x656 x711 x723 x775 x776 x777 x778 x784 x790 x822 x849 x872 x874 x875 x888 x915 x946 x955 x969 x993 x995 x1025 x1027 x1028 x1034 x1052 x1057 x1058 x1064 x1088 x1089 x1096 x1098 x1104 x1127 x1128 x1136 x1183 x1211 x1215 x1218 x1242 x1268 x1274 x1284 x1349 x1383 x1385 x1402 x1403 x1404 x1434 x1435 x1436 x1444 x1491 x1494 x1496 x1498 x1513 x1515 x1517 x1521 x1526 x1527 x1528 x1546 x1565 x1566 x1568 x1569 x1575 x1576 x1603 x1604 x1605 x1610 x1611 x1612 x1618 x1629 x1636 x1642 x1644 x1646 x1651 x1664 x1665 x1670 x1672 x1687 x1688 x1691 x1696 x1697 x1704 x1759 x1784 x1785 x1790 x1792 x1816 x1817 x1822 x1824 x1839 x1841 x1843 x1848 x1861 x1869 x1879 x1899 x1901 x1946 x1950 x1972 x1986 x1990 x1992 x1995 x1996 x2026 x2030 x2033 x2035 x2054 x2057 x2078 x2083 x2086 x2095 x2099 x2111 x2126 x2127 x2134 x2141 x2164 x2168 x2171 x2173 x2176 x2182 x2201 x2206 x2210 x2213 x2214 x2217 x2218 x2221 x2233 x2237 x2239[159]
linearized equations:  5 6 7 8 14 22 46 47 50 52 54 89 90 91 93 98 115 122 123 128 152 160 176 177 178 179 185 195 197 200 202 219 221 227 234
        0.83 - target guess 158
Set parameter Username
Academic license - for non-commercial use only - expires 2022-06-20
Set parameter Threads to value 64
Set parameter MIPFocus to value 3
        0.85 - there are 129 short nonlinear (11) polynomial
Set parameter TimeLimit to value 1800
Gurobi Optimizer version 9.5.0 build v9.5.0rc5 (linux64)
Thread count: 32 physical cores, 64 logical processors, using up to 64 threads
Optimize a model with 5187 rows, 2496 columns and 16233 nonzeros
Model fingerprint: 0x031878a3
Variable types: 0 continuous, 2496 integer (2496 binary)
Coefficient statistics:
  Matrix range     [1e+00, 1e+00]
  Objective range  [1e+00, 1e+00]
  Bounds range     [1e+00, 1e+00]
  RHS range        [4e+01, 2e+02]
Presolve removed 3766 rows and 1246 columns
Presolve time: 0.01s
Presolved: 1421 rows, 1250 columns, 5476 nonzeros
Variable types: 0 continuous, 1250 integer (1223 binary)
Root relaxation presolved: 1421 rows, 1250 columns, 5476 nonzeros


Root relaxation: objective 3.600000e+01, 1523 iterations, 0.04 seconds (0.06 work units)

    Nodes    |    Current Node    |     Objective Bounds      |     Work
 Expl Unexpl |  Obj  Depth IntInf | Incumbent    BestBd   Gap | It/Node Time

     0     0   36.00000    0  177          -   36.00000      -     -    0s
H    0     0                      36.0000000   36.00000  0.00%     -    0s
     0     0   36.00000    0  203   36.00000   36.00000  0.00%     -    0s

Cutting planes:
  Gomory: 11
  Flow cover: 1
  Zero half: 112

Explored 1 nodes (5422 simplex iterations) in 0.47 seconds (0.44 work units)
Thread count was 64 (of 64 available processors)

Solution count 1: 36 

Optimal solution found (tolerance 1.00e-04)
Best objective 3.600000000000e+01, best bound 3.600000000000e+01, gap 0.0000%
        1.32 - 	Solution num 1:
guessed:  x645 x653 x660 x723 x775 x777 x784 x786 x790 x875 x882 x884 x888 x915 x946 x947 x969 x995 x1012 x1018 x1021 x1025 x1027 x1028 x1058 x1074 x1077 x1089 x1096 x1115 x1127 x1128 x1191 x1211 x1220 x1226 x1241 x1242 x1284 x1303 x1348 x1349 x1360 x1366 x1380 x1383 x1404 x1444 x1461 x1473 x1477 x1479 x1491 x1494 x1496 x1505 x1513 x1514 x1521 x1526 x1527 x1528 x1535 x1546 x1568 x1574 x1575 x1576 x1587 x1593 x1603 x1604 x1605 x1611 x1612 x1629 x1630 x1644 x1646 x1652 x1664 x1665 x1670 x1691 x1696 x1697 x1704 x1706 x1707 x1712 x1713 x1736 x1742 x1759 x1790 x1792 x1794 x1800 x1816 x1817 x1841 x1848 x1861 x1869 x1877 x1879 x1899 x1927 x1934 x1946 x1950 x1986 x1990 x1995 x1996 x1999 x2007 x2011 x2013 x2014 x2020 x2026 x2028 x2030 x2033 x2054 x2057 x2068 x2076 x2078 x2082 x2083 x2095 x2099 x2111 x2126 x2128 x2141 x2145 x2151 x2152 x2164 x2168 x2171 x2176 x2182 x2187 x2191 x2193 x2194 x2206 x2210 x2213 x2214 x2218 x2233 x2234 x2238[158]
linearized equations:  7 14 16 24 30 33 46 47 50 68 70 74 76 77 89 90 91 93 115 122 123 128 133 139 152 177 185 195 197 200 219 221 227 234 238 244
        1.32 - target guess 157
Set parameter Username
Academic license - for non-commercial use only - expires 2022-06-20
Set parameter Threads to value 64
Set parameter MIPFocus to value 3
        1.33 - there are 129 short nonlinear (11) polynomial
Set parameter TimeLimit to value 1800
Gurobi Optimizer version 9.5.0 build v9.5.0rc5 (linux64)
Thread count: 32 physical cores, 64 logical processors, using up to 64 threads
Optimize a model with 5187 rows, 2496 columns and 16233 nonzeros
Model fingerprint: 0x2d2f1fb6
Variable types: 0 continuous, 2496 integer (2496 binary)
Coefficient statistics:
  Matrix range     [1e+00, 1e+00]
  Objective range  [1e+00, 1e+00]
  Bounds range     [1e+00, 1e+00]
  RHS range        [4e+01, 2e+02]
Presolve removed 3766 rows and 1246 columns
Presolve time: 0.01s
Presolved: 1421 rows, 1250 columns, 5476 nonzeros
Variable types: 0 continuous, 1250 integer (1223 binary)
Root relaxation presolved: 1421 rows, 1250 columns, 5476 nonzeros


Root relaxation: objective 3.700000e+01, 1668 iterations, 0.05 seconds (0.07 work units)

    Nodes    |    Current Node    |     Objective Bounds      |     Work
 Expl Unexpl |  Obj  Depth IntInf | Incumbent    BestBd   Gap | It/Node Time

     0     0   37.00000    0   97          -   37.00000      -     -    0s
H    0     0                      37.0000000   37.00000  0.00%     -    0s
     0     0   37.00000    0   13   37.00000   37.00000  0.00%     -    0s

Cutting planes:
  Gomory: 9
  Zero half: 86

Explored 1 nodes (6578 simplex iterations) in 0.49 seconds (0.51 work units)
Thread count was 64 (of 64 available processors)

Solution count 1: 37 

Optimal solution found (tolerance 1.00e-04)
Best objective 3.700000000000e+01, best bound 3.700000000000e+01, gap 0.0000%
        1.82 - 	Solution num 1:
guessed:  x645 x667 x732 x735 x775 x777 x797 x822 x875 x895 x902 x923 x995 x1012 x1018 x1020 x1021 x1027 x1028 x1034 x1052 x1074 x1076 x1077 x1090 x1114 x1115 x1136 x1169 x1190 x1191 x1211 x1215 x1220 x1226 x1228 x1250 x1268 x1284 x1303 x1364 x1367 x1383 x1388 x1436 x1457 x1458 x1472 x1473 x1477 x1491 x1494 x1496 x1505 x1513 x1514 x1518 x1528 x1546 x1568 x1587 x1593 x1605 x1610 x1611 x1612 x1629 x1630 x1631 x1644 x1646 x1650 x1651 x1652 x1653 x1654 x1656 x1665 x1670 x1689 x1691 x1706 x1711 x1712 x1713 x1714 x1736 x1742 x1745 x1746 x1759 x1783 x1784 x1785 x1794 x1801 x1802 x1803 x1804 x1817 x1822 x1824 x1841 x1843 x1876 x1877 x1879 x1880 x1882 x1899 x1901 x1932 x1950 x1990 x1992 x1996 x2007 x2010 x2011 x2013 x2014 x2028 x2030 x2033 x2035 x2054 x2058 x2061 x2064 x2076 x2082 x2083 x2084 x2086 x2090 x2099 x2104 x2127 x2148 x2150 x2151 x2152 x2168 x2176 x2178 x2187 x2190 x2191 x2193 x2194 x2201 x2210 x2214 x2218 x2221 x2233 x2238[157]
linearized equations:  7 8 24 29 30 32 33 47 50 52 54 70 74 76 77 91 93 98 115 135 136 137 139 140 160 177 179 197 200 202 219 221 238 241 243 244 246
        1.83 - target guess 156
Set parameter Username
Academic license - for non-commercial use only - expires 2022-06-20
Set parameter Threads to value 64
Set parameter MIPFocus to value 3
        1.86 - there are 129 short nonlinear (11) polynomial
Set parameter TimeLimit to value 1800
Gurobi Optimizer version 9.5.0 build v9.5.0rc5 (linux64)
Thread count: 32 physical cores, 64 logical processors, using up to 64 threads
Optimize a model with 5187 rows, 2496 columns and 16233 nonzeros
Model fingerprint: 0x3c0f85e7
Variable types: 0 continuous, 2496 integer (2496 binary)
Coefficient statistics:
  Matrix range     [1e+00, 1e+00]
  Objective range  [1e+00, 1e+00]
  Bounds range     [1e+00, 1e+00]
  RHS range        [4e+01, 2e+02]
Presolve removed 3766 rows and 1246 columns
Presolve time: 0.01s
Presolved: 1421 rows, 1250 columns, 5476 nonzeros
Variable types: 0 continuous, 1250 integer (1223 binary)
Root relaxation presolved: 1421 rows, 1250 columns, 5476 nonzeros


Root relaxation: objective 3.800000e+01, 1725 iterations, 0.05 seconds (0.07 work units)

    Nodes    |    Current Node    |     Objective Bounds      |     Work
 Expl Unexpl |  Obj  Depth IntInf | Incumbent    BestBd   Gap | It/Node Time

     0     0   38.00000    0  155          -   38.00000      -     -    0s
H    0     0                      38.0000000   38.00000  0.00%     -    0s
     0     0   38.00000    0  163   38.00000   38.00000  0.00%     -    0s

Cutting planes:
  Gomory: 5
  Zero half: 1

Explored 1 nodes (5705 simplex iterations) in 0.43 seconds (0.43 work units)
Thread count was 64 (of 64 available processors)

Solution count 1: 38 

Optimal solution found (tolerance 1.00e-04)
Best objective 3.800000000000e+01, best bound 3.800000000000e+01, gap 0.0000%
        2.29 - 	Solution num 1:
guessed:  x645 x667 x732 x735 x758 x775 x797 x799 x820 x822 x859 x875 x892 x895 x897 x902 x1012 x1018 x1027 x1028 x1074 x1076 x1077 x1096 x1106 x1115 x1168 x1191 x1226 x1228 x1284 x1301 x1303 x1348 x1366 x1367 x1383 x1388 x1405 x1457 x1461 x1472 x1473 x1477 x1479 x1491 x1494 x1496 x1501 x1505 x1513 x1514 x1518 x1528 x1543 x1546 x1551 x1575 x1587 x1610 x1611 x1612 x1629 x1630 x1631 x1644 x1646 x1648 x1651 x1652 x1653 x1654 x1655 x1656 x1665 x1670 x1672 x1689 x1691 x1706 x1711 x1712 x1713 x1736 x1739 x1742 x1743 x1745 x1746 x1759 x1783 x1785 x1794 x1800 x1801 x1804 x1817 x1824 x1841 x1843 x1876 x1877 x1879 x1880 x1899 x1900 x1901 x1932 x1950 x1979 x1989 x1990 x1992 x1995 x2010 x2011 x2013 x2014 x2028 x2030 x2033 x2035 x2054 x2058 x2061 x2064 x2076 x2082 x2083 x2084 x2086 x2099 x2133 x2150 x2151 x2168 x2173 x2176 x2178 x2181 x2182 x2187 x2190 x2191 x2193 x2194 x2201 x2204 x2210 x2213 x2214 x2218 x2221 x2233 x2238 x2239[156]
linearized equations:  7 24 29 30 33 47 50 52 55 68 70 74 76 77 91 93 98 115 122 135 136 137 139 140 160 177 179 185 197 200 202 219 221 238 241 243 244 246
        2.29 - target guess 155
Set parameter Username
Academic license - for non-commercial use only - expires 2022-06-20
Set parameter Threads to value 64
Set parameter MIPFocus to value 3
        2.32 - there are 129 short nonlinear (11) polynomial
Set parameter TimeLimit to value 1800
Gurobi Optimizer version 9.5.0 build v9.5.0rc5 (linux64)
Thread count: 32 physical cores, 64 logical processors, using up to 64 threads
Optimize a model with 5187 rows, 2496 columns and 16233 nonzeros
Model fingerprint: 0x549a8060
Variable types: 0 continuous, 2496 integer (2496 binary)
Coefficient statistics:
  Matrix range     [1e+00, 1e+00]
  Objective range  [1e+00, 1e+00]
  Bounds range     [1e+00, 1e+00]
  RHS range        [4e+01, 2e+02]
Presolve removed 3766 rows and 1246 columns
Presolve time: 0.01s
Presolved: 1421 rows, 1250 columns, 5476 nonzeros
Variable types: 0 continuous, 1250 integer (1223 binary)
Root relaxation presolved: 1421 rows, 1250 columns, 5476 nonzeros


Root relaxation: objective 3.900000e+01, 1868 iterations, 0.06 seconds (0.08 work units)

    Nodes    |    Current Node    |     Objective Bounds      |     Work
 Expl Unexpl |  Obj  Depth IntInf | Incumbent    BestBd   Gap | It/Node Time

     0     0   39.00000    0  259          -   39.00000      -     -    0s
     0     0   39.00000    0  258          -   39.00000      -     -    0s
     0     0   39.00000    0  241          -   39.00000      -     -    1s
H    0     0                      39.0000000   39.00000  0.00%     -    1s

Cutting planes:
  Gomory: 12
  Zero half: 25

Explored 1 nodes (9120 simplex iterations) in 1.05 seconds (1.12 work units)
Thread count was 64 (of 64 available processors)

Solution count 1: 39 

Optimal solution found (tolerance 1.00e-04)
Best objective 3.900000000000e+01, best bound 3.900000000000e+01, gap 0.0000%
        3.37 - 	Solution num 1:
guessed:  x645 x667 x732 x775 x797 x799 x816 x820 x822 x895 x969 x972 x995 x1012 x1018 x1020 x1025 x1027 x1028 x1074 x1076 x1106 x1112 x1114 x1127 x1128 x1168 x1191 x1220 x1226 x1228 x1241 x1242 x1243 x1267 x1301 x1303 x1362 x1364 x1383 x1388 x1458 x1473 x1492 x1494 x1496 x1497 x1501 x1505 x1513 x1518 x1526 x1528 x1543 x1546 x1551 x1587 x1590 x1604 x1606 x1610 x1611 x1612 x1627 x1629 x1646 x1651 x1653 x1654 x1656 x1664 x1665 x1666 x1670 x1672 x1689 x1690 x1691 x1706 x1711 x1712 x1714 x1736 x1739 x1742 x1759 x1783 x1794 x1799 x1801 x1802 x1804 x1816 x1817 x1818 x1819 x1841 x1843 x1876 x1877 x1878 x1879 x1882 x1896 x1899 x1901 x1902 x1927 x1946 x1955 x1986 x1990 x1992 x2007 x2010 x2011 x2026 x2028 x2030 x2033 x2035 x2054 x2058 x2064 x2076 x2078 x2079 x2080 x2081 x2084 x2086 x2095 x2099 x2128 x2148 x2150 x2153 x2164 x2166 x2168 x2171 x2176 x2178 x2180 x2187 x2190 x2191 x2194 x2201 x2206 x2213 x2214 x2215 x2218 x2238[155]
linearized equations:  7 24 29 30 32 46 47 50 52 68 70 74 76 89 90 91 93 98 115 133 135 136 137 152 160 161 177 195 196 197 200 202 219 221 238 241 243 244 246
        3.37 - target guess 154
Set parameter Username
Academic license - for non-commercial use only - expires 2022-06-20
Set parameter Threads to value 64
Set parameter MIPFocus to value 3
        3.41 - there are 129 short nonlinear (11) polynomial
Set parameter TimeLimit to value 1800
Gurobi Optimizer version 9.5.0 build v9.5.0rc5 (linux64)
Thread count: 32 physical cores, 64 logical processors, using up to 64 threads
Optimize a model with 5187 rows, 2496 columns and 16233 nonzeros
Model fingerprint: 0xb9bf6272
Variable types: 0 continuous, 2496 integer (2496 binary)
Coefficient statistics:
  Matrix range     [1e+00, 1e+00]
  Objective range  [1e+00, 1e+00]
  Bounds range     [1e+00, 1e+00]
  RHS range        [4e+01, 2e+02]
Presolve removed 3766 rows and 1246 columns
Presolve time: 0.01s
Presolved: 1421 rows, 1250 columns, 5476 nonzeros
Variable types: 0 continuous, 1250 integer (1223 binary)
Root relaxation presolved: 1421 rows, 1250 columns, 5476 nonzeros


Root relaxation: objective 4.000000e+01, 1902 iterations, 0.06 seconds (0.10 work units)

    Nodes    |    Current Node    |     Objective Bounds      |     Work
 Expl Unexpl |  Obj  Depth IntInf | Incumbent    BestBd   Gap | It/Node Time

     0     0   40.00000    0  289          -   40.00000      -     -    0s
     0     0   40.00000    0  302          -   40.00000      -     -    0s
     0     0   40.00000    0  318          -   40.00000      -     -    1s
     0     0   40.00000    0  318          -   40.00000      -     -    1s
     0     2   40.00000    0  318          -   40.00000      -     -    1s

Cutting planes:
  Flow cover: 15
  Zero half: 597
  RLT: 3

Explored 569 nodes (222710 simplex iterations) in 3.04 seconds (4.63 work units)
Thread count was 64 (of 64 available processors)

Solution count 0
No other solutions better than -1e+100

Model is infeasible
Best objective -, best bound -, gap -
        6.45 - 	Solution num 0:
        6.47 - increase high_eq_constraint to 1

Set parameter Username
Academic license - for non-commercial use only - expires 2022-06-20
Set parameter Threads to value 64
Set parameter MIPFocus to value 3
        6.51 - there are 129 short nonlinear (11) polynomial
Set parameter TimeLimit to value 1800
Gurobi Optimizer version 9.5.0 build v9.5.0rc5 (linux64)
Thread count: 32 physical cores, 64 logical processors, using up to 64 threads
Optimize a model with 5187 rows, 2496 columns and 16233 nonzeros
Model fingerprint: 0xbdff14fc
Variable types: 0 continuous, 2496 integer (2496 binary)
Coefficient statistics:
  Matrix range     [1e+00, 1e+00]
  Objective range  [1e+00, 1e+00]
  Bounds range     [1e+00, 1e+00]
  RHS range        [1e+00, 2e+02]
Presolve removed 971 rows and 971 columns
Presolve time: 0.01s
Presolved: 4216 rows, 1525 columns, 14164 nonzeros
Variable types: 0 continuous, 1525 integer (1525 binary)
Root relaxation presolved: 4216 rows, 1525 columns, 14164 nonzeros


Root relaxation: objective 4.000000e+01, 2114 iterations, 0.13 seconds (0.24 work units)

    Nodes    |    Current Node    |     Objective Bounds      |     Work
 Expl Unexpl |  Obj  Depth IntInf | Incumbent    BestBd   Gap | It/Node Time

     0     0   40.00000    0  270          -   40.00000      -     -    1s
     0     0   40.00000    0  276          -   40.00000      -     -    2s
     0     0   40.00000    0  276          -   40.00000      -     -    2s
     0     0   40.00000    0  401          -   40.00000      -     -    2s
     0     0   40.00000    0  401          -   40.00000      -     -    3s
     0     2   40.00000    0  401          -   40.00000      -     -    4s
     3     8   40.00000    2  312          -   40.00000      -  1619    5s
   245   114 infeasible    9               -   40.00000      -   618   10s
*  698   310              13      40.0000000   40.00000  0.00%   529   14s

Cutting planes:
  Gomory: 2
  Lift-and-project: 1
  Flow cover: 7
  Zero half: 1326
  RLT: 220

Explored 821 nodes (454448 simplex iterations) in 14.53 seconds (24.49 work units)
Thread count was 64 (of 64 available processors)

Solution count 1: 40 

Optimal solution found (tolerance 1.00e-04)
Best objective 4.000000000000e+01, best bound 4.000000000000e+01, gap 0.0000%
       21.06 - 	Solution num 1:
guessed:  x645 x660 x667 x723 x725 x732 x775 x777 x790 x792 x797 x799 x822 x875 x888 x890 x895 x897 x955 x973 x1012 x1021 x1027 x1028 x1034 x1074 x1077 x1114 x1115 x1136 x1191 x1211 x1215 x1220 x1226 x1243 x1303 x1360 x1364 x1366 x1406 x1457 x1458 x1461 x1473 x1477 x1490 x1494 x1496 x1498 x1505 x1513 x1514 x1517 x1528 x1535 x1543 x1546 x1587 x1590 x1610 x1611 x1612 x1618 x1629 x1630 x1631 x1644 x1646 x1651 x1653 x1655 x1665 x1667 x1670 x1672 x1689 x1691 x1706 x1707 x1711 x1712 x1713 x1736 x1742 x1743 x1759 x1783 x1792 x1794 x1801 x1817 x1841 x1843 x1845 x1869 x1876 x1877 x1878 x1879 x1880 x1882 x1896 x1899 x1900 x1901 x1914 x1927 x1990 x1992 x2007 x2010 x2011 x2013 x2014 x2026 x2028 x2030 x2033 x2035 x2054 x2058 x2061 x2072 x2076 x2079 x2082 x2083 x2084 x2086 x2095 x2128 x2130 x2151 x2152 x2168 x2176 x2178 x2179 x2184 x2187 x2190 x2191 x2193 x2194 x2201 x2210 x2213 x2214 x2215 x2218 x2222 x2233 x2238[154]
linearized equations:  7 9 22 24 29 30 33 47 50 52 54 68 70 74 76 77 91 93 98 128 130 133 135 136 137 139 160 177 179 197 200 202 219 221 223 234 238 241 243 244
       21.11 - target guess 153
Set parameter Username
Academic license - for non-commercial use only - expires 2022-06-20
Set parameter Threads to value 64
Set parameter MIPFocus to value 3
       21.16 - there are 129 short nonlinear (11) polynomial
Set parameter TimeLimit to value 1800
Gurobi Optimizer version 9.5.0 build v9.5.0rc5 (linux64)
Thread count: 32 physical cores, 64 logical processors, using up to 64 threads
Optimize a model with 5187 rows, 2496 columns and 16233 nonzeros
Model fingerprint: 0x4b9f4328
Variable types: 0 continuous, 2496 integer (2496 binary)
Coefficient statistics:
  Matrix range     [1e+00, 1e+00]
  Objective range  [1e+00, 1e+00]
  Bounds range     [1e+00, 1e+00]
  RHS range        [4e+01, 2e+02]
Presolve removed 3766 rows and 1246 columns
Presolve time: 0.01s
Presolved: 1421 rows, 1250 columns, 5476 nonzeros
Variable types: 0 continuous, 1250 integer (1223 binary)
Root relaxation presolved: 1421 rows, 1250 columns, 5476 nonzeros


Root relaxation: objective 4.100000e+01, 2050 iterations, 0.08 seconds (0.11 work units)

    Nodes    |    Current Node    |     Objective Bounds      |     Work
 Expl Unexpl |  Obj  Depth IntInf | Incumbent    BestBd   Gap | It/Node Time

     0     0   41.00000    0  491          -   41.00000      -     -    0s
     0     0   41.00000    0  511          -   41.00000      -     -    1s
     0     0   41.00000    0  506          -   41.00000      -     -    1s
     0     0 -1.000e+100    0  503          - infeasible      -     -    1s

Cutting planes:
  Gomory: 37
  Flow cover: 7
  Zero half: 90
  RLT: 2

Explored 1 nodes (12092 simplex iterations) in 1.91 seconds (1.82 work units)
Thread count was 64 (of 64 available processors)

Solution count 0
No other solutions better than -1e+100

Model is infeasible
Best objective -, best bound -, gap -
       23.08 - 	Solution num 0:
       23.08 - increase high_eq_constraint to 1

Set parameter Username
Academic license - for non-commercial use only - expires 2022-06-20
Set parameter Threads to value 64
Set parameter MIPFocus to value 3
       23.12 - there are 129 short nonlinear (11) polynomial
Set parameter TimeLimit to value 1800
Gurobi Optimizer version 9.5.0 build v9.5.0rc5 (linux64)
Thread count: 32 physical cores, 64 logical processors, using up to 64 threads
Optimize a model with 5187 rows, 2496 columns and 16233 nonzeros
Model fingerprint: 0x320ac8b4
Variable types: 0 continuous, 2496 integer (2496 binary)
Coefficient statistics:
  Matrix range     [1e+00, 1e+00]
  Objective range  [1e+00, 1e+00]
  Bounds range     [1e+00, 1e+00]
  RHS range        [1e+00, 2e+02]
Presolve removed 971 rows and 971 columns
Presolve time: 0.02s
Presolved: 4216 rows, 1525 columns, 14164 nonzeros
Variable types: 0 continuous, 1525 integer (1525 binary)
Root relaxation presolved: 4216 rows, 1525 columns, 14164 nonzeros


Root relaxation: objective 4.100000e+01, 2325 iterations, 0.17 seconds (0.26 work units)

    Nodes    |    Current Node    |     Objective Bounds      |     Work
 Expl Unexpl |  Obj  Depth IntInf | Incumbent    BestBd   Gap | It/Node Time

     0     0   41.00000    0  317          -   41.00000      -     -    0s
     0     0   41.00000    0  338          -   41.00000      -     -    1s
     0     0   41.00000    0  338          -   41.00000      -     -    1s
     0     0   41.00000    0  497          -   41.00000      -     -    2s
     0     0   41.00000    0  497          -   41.00000      -     -    3s
     0     2   41.00000    0  497          -   41.00000      -     -    5s
    65    12   41.00000    9  651          -   41.00000      -   704   10s
   159    32 infeasible   14               -   41.00000      -   813   15s
   353     4 infeasible   24               -   41.00000      -   798   20s

Cutting planes:
  Gomory: 11
  Lift-and-project: 3
  Flow cover: 7
  Zero half: 1062
  RLT: 367

Explored 363 nodes (304211 simplex iterations) in 21.10 seconds (30.90 work units)
Thread count was 64 (of 64 available processors)

Solution count 0
No other solutions better than -1e+100

Model is infeasible
Best objective -, best bound -, gap -
       44.22 - 	Solution num 0:
       44.23 - increase high_eq_constraint to 2

Set parameter Username
Academic license - for non-commercial use only - expires 2022-06-20
Set parameter Threads to value 64
Set parameter MIPFocus to value 3
       44.28 - there are 129 short nonlinear (11) polynomial
Set parameter TimeLimit to value 1800
Gurobi Optimizer version 9.5.0 build v9.5.0rc5 (linux64)
Thread count: 32 physical cores, 64 logical processors, using up to 64 threads
Optimize a model with 5187 rows, 2496 columns and 16233 nonzeros
Model fingerprint: 0xa317edc2
Variable types: 0 continuous, 2496 integer (2496 binary)
Coefficient statistics:
  Matrix range     [1e+00, 1e+00]
  Objective range  [1e+00, 1e+00]
  Bounds range     [1e+00, 1e+00]
  RHS range        [2e+00, 2e+02]
Presolve removed 971 rows and 971 columns
Presolve time: 0.01s
Presolved: 4216 rows, 1525 columns, 14164 nonzeros
Variable types: 0 continuous, 1525 integer (1525 binary)
Root relaxation presolved: 4216 rows, 1525 columns, 14164 nonzeros


Root relaxation: objective 4.100000e+01, 2632 iterations, 0.21 seconds (0.35 work units)

    Nodes    |    Current Node    |     Objective Bounds      |     Work
 Expl Unexpl |  Obj  Depth IntInf | Incumbent    BestBd   Gap | It/Node Time

     0     0   41.00000    0  463          -   41.00000      -     -    1s
     0     0   41.00000    0  308          -   41.00000      -     -    2s
     0     0   41.00000    0  616          -   41.00000      -     -    4s
     0     0   41.00000    0  616          -   41.00000      -     -    4s
     0     2   41.00000    0  393          -   41.00000      -     -    7s
    15    32   41.00000    4  575          -   41.00000      -   742   10s
    63   102   41.00000    6  948          -   41.00000      -   955   15s
   185   202   41.00000    8  660          -   41.00000      -  1123   20s
   635   430 infeasible   10               -   41.00000      -   820   26s
  1495   435   41.00000   15  992          -   41.00000      -   713   33s
  1990   405   41.00000   14  934          -   41.00000      -   690   36s
  2380   338   41.00000   12  943          -   41.00000      -   685   40s
  3220   316 infeasible   12               -   41.00000      -   661   47s
  3631   283 infeasible   10               -   41.00000      -   653   50s
  4315   169 infeasible   13               -   41.00000      -   644   55s
  5024    16 infeasible   11               -   41.00000      -   637   60s

Cutting planes:
  Lift-and-project: 2
  Flow cover: 4
  Zero half: 1245
  RLT: 182

Explored 5239 nodes (3341934 simplex iterations) in 62.68 seconds (71.80 work units)
Thread count was 64 (of 64 available processors)

Solution count 0
No other solutions better than -1e+100

Model is infeasible
Best objective -, best bound -, gap -
      106.97 - 	Solution num 0:
      107.01 - increase high_eq_constraint to 3

Set parameter Username
Academic license - for non-commercial use only - expires 2022-06-20
Set parameter Threads to value 64
Set parameter MIPFocus to value 3
      107.05 - there are 129 short nonlinear (11) polynomial
Set parameter TimeLimit to value 1800
Gurobi Optimizer version 9.5.0 build v9.5.0rc5 (linux64)
Thread count: 32 physical cores, 64 logical processors, using up to 64 threads
Optimize a model with 5187 rows, 2496 columns and 16233 nonzeros
Model fingerprint: 0x73ffd60b
Variable types: 0 continuous, 2496 integer (2496 binary)
Coefficient statistics:
  Matrix range     [1e+00, 1e+00]
  Objective range  [1e+00, 1e+00]
  Bounds range     [1e+00, 1e+00]
  RHS range        [3e+00, 2e+02]
Presolve removed 971 rows and 971 columns
Presolve time: 0.01s
Presolved: 4216 rows, 1525 columns, 14164 nonzeros
Variable types: 0 continuous, 1525 integer (1525 binary)
Root relaxation presolved: 4216 rows, 1525 columns, 14164 nonzeros


Root relaxation: objective 4.100000e+01, 2668 iterations, 0.22 seconds (0.41 work units)

    Nodes    |    Current Node    |     Objective Bounds      |     Work
 Expl Unexpl |  Obj  Depth IntInf | Incumbent    BestBd   Gap | It/Node Time

     0     0   41.00000    0  303          -   41.00000      -     -    2s
     0     0   41.00000    0  940          -   41.00000      -     -    3s
     0     0   41.00000    0  917          -   41.00000      -     -    3s
     0     0   41.00000    0  614          -   41.00000      -     -    6s
     0     0   41.00000    0  614          -   41.00000      -     -    7s
     0     2   41.00000    0  490          -   41.00000      -     -    9s
     1     4   41.00000    1  414          -   41.00000      -  4795   10s
    31    64   41.00000    5  388          -   41.00000      -   561   15s
    91   128   41.00000    6 1001          -   41.00000      -   728   21s
   127   192   41.00000    7 1017          -   41.00000      -   807   25s
   255   439   41.00000    9  572          -   41.00000      -  1044   32s
   446   675   41.00000   10  628          -   41.00000      -   854   36s
   866   876   41.00000   14  635          -   41.00000      -   750   45s
  1539  1044   41.00000   13  912          -   41.00000      -   704   56s
  2381  1159   41.00000   10  690          -   41.00000      -   686   62s
  3470  1255   41.00000   16  578          -   41.00000      -   671   79s
  4706  1358   41.00000   13  628          -   41.00000      -   664   90s
  6015  1400 infeasible   15               -   41.00000      -   661  113s
  7497  1430 infeasible   10               -   41.00000      -   661  128s
  9053  1430 infeasible   15               -   41.00000      -   658  149s
 10737  1453 infeasible   18               -   41.00000      -   657  172s
 12474  1533   41.00000   17  734          -   41.00000      -   656  189s
 14304  1580   41.00000   11  601          -   41.00000      -   656  212s
 16307  1600   41.00000   11  826          -   41.00000      -   653  241s
 18431  1653   41.00000   15  748          -   41.00000      -   652  266s
 20588  1636 infeasible   14               -   41.00000      -   652  289s
 22857  1611 infeasible   16               -   41.00000      -   653  320s
 25188  1581   41.00000   13  718          -   41.00000      -   655  340s
 27540  1588   41.00000   18  768          -   41.00000      -   658  357s
 30005  1590 infeasible   20               -   41.00000      -   659  379s
 32663  1571   41.00000   10  717          -   41.00000      -   659  405s
 35520  1631 infeasible   19               -   41.00000      -   658  436s
 38552  1582   41.00000   16  646          -   41.00000      -   656  462s
 41637  1566   41.00000   16  603          -   41.00000      -   655  500s
 44867  1568   41.00000    8  303          -   41.00000      -   653  505s
 44869  1570   41.00000   18  897          -   41.00000      -   653  512s
 44870  1570   41.00000   19  885          -   41.00000      -   653  523s
 44871  1571   41.00000   25  792          -   41.00000      -   653  526s
 44872  1572   41.00000   11  843          -   41.00000      -   653  532s
 44873  1572   41.00000   16  843          -   41.00000      -   653  537s
 44875  1577   41.00000   10  493          -   41.00000      -   1.0  552s
 44877  1580   41.00000   11  311          -   41.00000      -   1.0  560s
 44881  1587   41.00000   12  598          -   41.00000      -   1.0  567s
 44889  1596   41.00000   13  586          -   41.00000      -   1.1  574s
 44905  1617   41.00000   14  428          -   41.00000      -   1.4  578s
 44933  1643   41.00000   15  730          -   41.00000      -   1.7  582s
 44987  1661   41.00000   16  672          -   41.00000      -   2.9  585s
 45115  1681 infeasible   18               -   41.00000      -   6.4  591s
 45179  1693   41.00000   19  861          -   41.00000      -   7.8  595s
 45243  1782   41.00000   20  770          -   41.00000      -   9.6  601s
 45491  1883   41.00000   21  855          -   41.00000      -  15.9  611s
 46035  1867 infeasible   22               -   41.00000      -  25.8  618s
 46781  1749   41.00000   27  605          -   41.00000      -  33.8  632s
 47306  1775   41.00000   29  869          -   41.00000      -  43.5  653s
 48642  1459   41.00000   34  580          -   41.00000      -  68.9  696s
 50037  1318   41.00000   24  565          -   41.00000      -  94.4  769s
 51557  1410   41.00000   26  595          -   41.00000      -   122  857s
 53273  1433 infeasible   25               -   41.00000      -   151  971s
 55700  1541 infeasible   23               -   41.00000      -   169 1064s
 58120  1641 infeasible   33               -   41.00000      -   186 1168s
 60680  1667   41.00000   37  716          -   41.00000      -   201 1272s
 63344  1684   41.00000   29  746          -   41.00000      -   216 1342s
 64045  1612   41.00000   31  805          -   41.00000      -   220 1495s
 66971  1525   41.00000   24  540          -   41.00000      -   235 1572s
 69824  1657 infeasible   41               -   41.00000      -   249 1672s
 72562  1591 infeasible   35               -   41.00000      -   261 1782s
 75464  1597   41.00000   32  516          -   41.00000      -   274 1800s

Cutting planes:
  Lift-and-project: 6
  MIR: 1
  Flow cover: 22
  Zero half: 1270
  RLT: 228

Explored 75728 nodes (50118373 simplex iterations) in 1800.16 seconds (983.25 work units)
Thread count was 64 (of 64 available processors)

Solution count 0

Time limit reached
Best objective -, best bound 4.100000000000e+01, gap -
     1907.58 - best linearization 40


