
# variables: 2240
# non-linear: 256

        0.00 - Start computation

        0.00 - target guess 160
Set parameter Username
Academic license - for non-commercial use only - expires 2022-06-20
Set parameter Threads to value 64
Set parameter MIPFocus to value 3
        0.04 - there are 129 short nonlinear (11) polynomial
Set parameter TimeLimit to value 1800
Gurobi Optimizer version 9.5.0 build v9.5.0rc5 (linux64)
Thread count: 32 physical cores, 64 logical processors, using up to 64 threads
Optimize a model with 5189 rows, 2496 columns and 16235 nonzeros
Model fingerprint: 0xbee4565a
Variable types: 0 continuous, 2496 integer (2496 binary)
Coefficient statistics:
  Matrix range     [1e+00, 1e+00]
  Objective range  [1e+00, 1e+00]
  Bounds range     [1e+00, 1e+00]
  RHS range        [3e+01, 2e+02]
Presolve removed 3768 rows and 1239 columns
Presolve time: 0.01s
Presolved: 1421 rows, 1257 columns, 5477 nonzeros
Variable types: 0 continuous, 1257 integer (1228 binary)
Root relaxation presolved: 1421 rows, 1257 columns, 5477 nonzeros


Root relaxation: objective 3.400000e+01, 1605 iterations, 0.07 seconds (0.06 work units)

    Nodes    |    Current Node    |     Objective Bounds      |     Work
 Expl Unexpl |  Obj  Depth IntInf | Incumbent    BestBd   Gap | It/Node Time

*    0     0               0      34.0000000   34.00000  0.00%     -    0s

Explored 1 nodes (5424 simplex iterations) in 0.86 seconds (0.46 work units)
Thread count was 64 (of 64 available processors)

Solution count 1: 34 

Optimal solution found (tolerance 1.00e-04)
Best objective 3.400000000000e+01, best bound 3.400000000000e+01, gap 0.0000%
        0.90 - 	Solution num 1:
guessed:  x649 x651 x652 x658 x660 x661 x714 x716 x717 x723 x724 x739 x781 x782 x783 x784 x785 x788 x790 x791 x792 x804 x880 x881 x883 x943 x944 x948 x951 x953 x1009 x1010 x1032 x1057 x1058 x1066 x1078 x1092 x1104 x1170 x1171 x1197 x1216 x1217 x1218 x1270 x1271 x1273 x1274 x1278 x1294 x1310 x1315 x1321 x1344 x1347 x1348 x1351 x1353 x1354 x1366 x1367 x1372 x1406 x1442 x1446 x1449 x1450 x1462 x1478 x1480 x1485 x1524 x1525 x1528 x1531 x1569 x1570 x1574 x1575 x1578 x1580 x1581 x1582 x1594 x1599 x1600 x1633 x1635 x1658 x1691 x1692 x1693 x1695 x1696 x1697 x1699 x1702 x1703 x1704 x1718 x1734 x1748 x1786 x1789 x1806 x1843 x1844 x1845 x1847 x1854 x1857 x1860 x1867 x1869 x1870 x1902 x1905 x1909 x1934 x1935 x1939 x1940 x1979 x1980 x1991 x1995 x1998 x2001 x2004 x2013 x2014 x2017 x2019 x2040 x2062 x2067 x2069 x2071 x2073 x2083 x2087 x2088 x2107 x2133 x2136 x2139 x2142 x2152 x2157 x2176 x2178 x2183 x2184 x2194 x2196 x2199 x2203 x2227 x2239[160]
linearized equations:  9 10 13 14 15 18 20 21 22 34 36 64 77 82 118 121 122 125 128 140 142 145 181 183 184 185 190 223 225 226 229 235 248 250
        0.91 - target guess 159
Set parameter Username
Academic license - for non-commercial use only - expires 2022-06-20
Set parameter Threads to value 64
Set parameter MIPFocus to value 3
        0.95 - there are 129 short nonlinear (11) polynomial
Set parameter TimeLimit to value 1800
Gurobi Optimizer version 9.5.0 build v9.5.0rc5 (linux64)
Thread count: 32 physical cores, 64 logical processors, using up to 64 threads
Optimize a model with 5189 rows, 2496 columns and 16235 nonzeros
Model fingerprint: 0x49e49fe5
Variable types: 0 continuous, 2496 integer (2496 binary)
Coefficient statistics:
  Matrix range     [1e+00, 1e+00]
  Objective range  [1e+00, 1e+00]
  Bounds range     [1e+00, 1e+00]
  RHS range        [4e+01, 2e+02]
Presolve removed 3768 rows and 1239 columns
Presolve time: 0.01s
Presolved: 1421 rows, 1257 columns, 5477 nonzeros
Variable types: 0 continuous, 1257 integer (1228 binary)
Root relaxation presolved: 1421 rows, 1257 columns, 5477 nonzeros


Root relaxation: objective 3.500000e+01, 1637 iterations, 0.07 seconds (0.06 work units)

    Nodes    |    Current Node    |     Objective Bounds      |     Work
 Expl Unexpl |  Obj  Depth IntInf | Incumbent    BestBd   Gap | It/Node Time

     0     0   35.00000    0  162          -   35.00000      -     -    0s
H    0     0                      35.0000000   35.00000  0.00%     -    0s

Cutting planes:
  Gomory: 9
  Zero half: 22
  RLT: 1

Explored 1 nodes (5228 simplex iterations) in 0.77 seconds (0.46 work units)
Thread count was 64 (of 64 available processors)

Solution count 1: 35 

Optimal solution found (tolerance 1.00e-04)
Best objective 3.500000000000e+01, best bound 3.500000000000e+01, gap 0.0000%
        1.72 - 	Solution num 1:
guessed:  x649 x651 x652 x653 x654 x660 x683 x714 x716 x717 x723 x724 x739 x779 x781 x782 x791 x804 x823 x880 x881 x883 x922 x944 x1008 x1009 x1025 x1032 x1033 x1076 x1078 x1174 x1175 x1181 x1197 x1216 x1217 x1271 x1273 x1274 x1297 x1310 x1315 x1321 x1353 x1367 x1372 x1379 x1442 x1449 x1450 x1462 x1478 x1480 x1485 x1487 x1492 x1496 x1497 x1524 x1525 x1526 x1530 x1531 x1537 x1574 x1594 x1596 x1599 x1600 x1603 x1604 x1612 x1613 x1633 x1635 x1637 x1642 x1643 x1645 x1673 x1693 x1695 x1696 x1697 x1702 x1718 x1733 x1748 x1767 x1789 x1791 x1806 x1816 x1825 x1845 x1847 x1849 x1854 x1860 x1867 x1869 x1870 x1902 x1905 x1934 x1939 x1941 x1942 x1946 x1947 x1979 x1980 x1995 x1998 x2001 x2014 x2017 x2019 x2021 x2025 x2026 x2040 x2049 x2062 x2067 x2071 x2073 x2077 x2083 x2087 x2088 x2090 x2095 x2107 x2109 x2110 x2130 x2133 x2136 x2139 x2142 x2152 x2157 x2159 x2178 x2183 x2184 x2192 x2193 x2194 x2196 x2199 x2201 x2203 x2206 x2212 x2215 x2239[159]
linearized equations:  13 14 15 20 21 34 36 64 77 82 84 89 121 122 123 140 142 145 147 151 152 161 181 183 184 185 193 203 223 225 226 229 235 248 250
        1.72 - target guess 158
Set parameter Username
Academic license - for non-commercial use only - expires 2022-06-20
Set parameter Threads to value 64
Set parameter MIPFocus to value 3
        1.74 - there are 129 short nonlinear (11) polynomial
Set parameter TimeLimit to value 1800
Gurobi Optimizer version 9.5.0 build v9.5.0rc5 (linux64)
Thread count: 32 physical cores, 64 logical processors, using up to 64 threads
Optimize a model with 5189 rows, 2496 columns and 16235 nonzeros
Model fingerprint: 0x74acce5f
Variable types: 0 continuous, 2496 integer (2496 binary)
Coefficient statistics:
  Matrix range     [1e+00, 1e+00]
  Objective range  [1e+00, 1e+00]
  Bounds range     [1e+00, 1e+00]
  RHS range        [4e+01, 2e+02]
Presolve removed 3768 rows and 1239 columns
Presolve time: 0.01s
Presolved: 1421 rows, 1257 columns, 5477 nonzeros
Variable types: 0 continuous, 1257 integer (1228 binary)
Root relaxation presolved: 1421 rows, 1257 columns, 5477 nonzeros


Root relaxation: objective 3.600000e+01, 1771 iterations, 0.08 seconds (0.08 work units)

    Nodes    |    Current Node    |     Objective Bounds      |     Work
 Expl Unexpl |  Obj  Depth IntInf | Incumbent    BestBd   Gap | It/Node Time

     0     0   36.00000    0  204          -   36.00000      -     -    0s
H    0     0                      36.0000000   36.00000  0.00%     -    0s

Cutting planes:
  Gomory: 7
  Zero half: 107

Explored 1 nodes (5199 simplex iterations) in 0.81 seconds (0.49 work units)
Thread count was 64 (of 64 available processors)

Solution count 1: 36 

Optimal solution found (tolerance 1.00e-04)
Best objective 3.600000000000e+01, best bound 3.600000000000e+01, gap 0.0000%
        2.55 - 	Solution num 1:
guessed:  x651 x652 x658 x660 x661 x683 x714 x716 x723 x724 x779 x781 x782 x783 x788 x790 x791 x813 x849 x879 x880 x881 x883 x944 x951 x953 x1009 x1025 x1029 x1032 x1057 x1058 x1096 x1127 x1134 x1142 x1143 x1158 x1175 x1197 x1216 x1217 x1274 x1294 x1321 x1329 x1334 x1351 x1354 x1391 x1394 x1442 x1446 x1449 x1450 x1475 x1487 x1493 x1496 x1502 x1505 x1523 x1524 x1525 x1526 x1528 x1530 x1531 x1533 x1541 x1557 x1574 x1578 x1581 x1582 x1605 x1607 x1609 x1610 x1612 x1613 x1616 x1631 x1635 x1637 x1642 x1643 x1645 x1646 x1657 x1667 x1670 x1695 x1696 x1697 x1702 x1703 x1704 x1734 x1761 x1785 x1789 x1791 x1815 x1822 x1828 x1845 x1847 x1854 x1867 x1869 x1870 x1896 x1899 x1905 x1952 x1961 x1978 x1979 x1980 x1995 x1998 x2001 x2013 x2019 x2026 x2032 x2041 x2052 x2053 x2065 x2067 x2071 x2073 x2077 x2083 x2084 x2087 x2095 x2101 x2110 x2115 x2133 x2136 x2142 x2176 x2178 x2184 x2192 x2193 x2199 x2203 x2207 x2210 x2212 x2221 x2228 x2239[158]
linearized equations:  9 13 14 15 18 20 21 45 49 52 58 61 64 89 93 96 104 121 122 123 125 128 151 158 167 183 184 185 190 193 199 208 225 226 229 235
        2.56 - target guess 157
Set parameter Username
Academic license - for non-commercial use only - expires 2022-06-20
Set parameter Threads to value 64
Set parameter MIPFocus to value 3
        2.62 - there are 129 short nonlinear (11) polynomial
Set parameter TimeLimit to value 1800
Gurobi Optimizer version 9.5.0 build v9.5.0rc5 (linux64)
Thread count: 32 physical cores, 64 logical processors, using up to 64 threads
Optimize a model with 5189 rows, 2496 columns and 16235 nonzeros
Model fingerprint: 0x42f1d2d5
Variable types: 0 continuous, 2496 integer (2496 binary)
Coefficient statistics:
  Matrix range     [1e+00, 1e+00]
  Objective range  [1e+00, 1e+00]
  Bounds range     [1e+00, 1e+00]
  RHS range        [4e+01, 2e+02]
Presolve removed 3768 rows and 1239 columns
Presolve time: 0.01s
Presolved: 1421 rows, 1257 columns, 5477 nonzeros
Variable types: 0 continuous, 1257 integer (1228 binary)
Root relaxation presolved: 1421 rows, 1257 columns, 5477 nonzeros


Root relaxation: objective 3.700000e+01, 1908 iterations, 0.09 seconds (0.09 work units)

    Nodes    |    Current Node    |     Objective Bounds      |     Work
 Expl Unexpl |  Obj  Depth IntInf | Incumbent    BestBd   Gap | It/Node Time

     0     0   37.00000    0  252          -   37.00000      -     -    0s
H    0     0                      37.0000000   37.00000  0.00%     -    1s
     0     0   37.00000    0  284   37.00000   37.00000  0.00%     -    1s

Cutting planes:
  Gomory: 9
  Flow cover: 3
  Zero half: 130
  RLT: 1

Explored 1 nodes (7540 simplex iterations) in 1.47 seconds (0.91 work units)
Thread count was 64 (of 64 available processors)

Solution count 1: 37 

Optimal solution found (tolerance 1.00e-04)
Best objective 3.700000000000e+01, best bound 3.700000000000e+01, gap 0.0000%
        4.09 - 	Solution num 1:
guessed:  x651 x652 x658 x674 x683 x714 x716 x724 x739 x781 x782 x783 x788 x791 x804 x849 x879 x880 x881 x883 x914 x944 x951 x1009 x1025 x1029 x1032 x1057 x1058 x1096 x1127 x1134 x1175 x1181 x1197 x1205 x1216 x1217 x1274 x1294 x1315 x1321 x1329 x1347 x1348 x1351 x1353 x1354 x1372 x1379 x1442 x1446 x1449 x1478 x1480 x1485 x1487 x1488 x1493 x1496 x1523 x1524 x1526 x1527 x1528 x1530 x1531 x1533 x1574 x1578 x1599 x1600 x1603 x1604 x1607 x1610 x1612 x1613 x1616 x1635 x1637 x1642 x1643 x1646 x1658 x1664 x1667 x1670 x1695 x1696 x1697 x1702 x1703 x1718 x1748 x1761 x1789 x1815 x1816 x1819 x1822 x1847 x1849 x1854 x1867 x1870 x1893 x1896 x1899 x1905 x1939 x1952 x1978 x1979 x1984 x1986 x1995 x1998 x2001 x2004 x2017 x2019 x2025 x2026 x2027 x2032 x2040 x2067 x2073 x2077 x2078 x2084 x2087 x2088 x2095 x2101 x2104 x2107 x2133 x2134 x2136 x2139 x2142 x2157 x2170 x2178 x2182 x2183 x2184 x2192 x2193 x2197 x2199 x2203 x2206 x2212 x2239[157]
linearized equations:  13 14 15 18 21 36 45 49 52 64 82 89 90 93 96 121 122 123 125 142 145 151 152 158 183 184 185 190 193 194 199 225 226 229 235 248 250
        4.10 - target guess 156
Set parameter Username
Academic license - for non-commercial use only - expires 2022-06-20
Set parameter Threads to value 64
Set parameter MIPFocus to value 3
        4.15 - there are 129 short nonlinear (11) polynomial
Set parameter TimeLimit to value 1800
Gurobi Optimizer version 9.5.0 build v9.5.0rc5 (linux64)
Thread count: 32 physical cores, 64 logical processors, using up to 64 threads
Optimize a model with 5189 rows, 2496 columns and 16235 nonzeros
Model fingerprint: 0x5708ed91
Variable types: 0 continuous, 2496 integer (2496 binary)
Coefficient statistics:
  Matrix range     [1e+00, 1e+00]
  Objective range  [1e+00, 1e+00]
  Bounds range     [1e+00, 1e+00]
  RHS range        [4e+01, 2e+02]
Presolve removed 3768 rows and 1239 columns
Presolve time: 0.01s
Presolved: 1421 rows, 1257 columns, 5477 nonzeros
Variable types: 0 continuous, 1257 integer (1228 binary)
Root relaxation presolved: 1421 rows, 1257 columns, 5477 nonzeros


Root relaxation: objective 3.800000e+01, 1932 iterations, 0.10 seconds (0.10 work units)

    Nodes    |    Current Node    |     Objective Bounds      |     Work
 Expl Unexpl |  Obj  Depth IntInf | Incumbent    BestBd   Gap | It/Node Time

     0     0   38.00000    0  332          -   38.00000      -     -    0s
H    0     0                      38.0000000   38.00000  0.00%     -    1s
     0     0   38.00000    0  362   38.00000   38.00000  0.00%     -    1s

Cutting planes:
  Gomory: 18
  Flow cover: 4
  Zero half: 112
  RLT: 1

Explored 1 nodes (8002 simplex iterations) in 1.22 seconds (0.88 work units)
Thread count was 64 (of 64 available processors)

Solution count 1: 38 

Optimal solution found (tolerance 1.00e-04)
Best objective 3.800000000000e+01, best bound 3.800000000000e+01, gap 0.0000%
        5.38 - 	Solution num 1:
guessed:  x651 x652 x678 x683 x714 x716 x781 x782 x783 x808 x813 x824 x842 x849 x860 x879 x880 x881 x907 x944 x980 x1008 x1025 x1029 x1032 x1033 x1036 x1057 x1058 x1062 x1096 x1102 x1127 x1134 x1135 x1138 x1142 x1175 x1181 x1214 x1216 x1249 x1254 x1274 x1275 x1316 x1329 x1334 x1347 x1374 x1394 x1422 x1442 x1468 x1473 x1475 x1487 x1493 x1496 x1524 x1526 x1530 x1533 x1536 x1537 x1557 x1574 x1603 x1607 x1609 x1610 x1611 x1613 x1614 x1616 x1617 x1635 x1637 x1642 x1643 x1646 x1650 x1653 x1657 x1667 x1670 x1674 x1695 x1696 x1698 x1702 x1703 x1727 x1752 x1761 x1765 x1768 x1789 x1791 x1815 x1819 x1822 x1823 x1826 x1847 x1849 x1854 x1860 x1861 x1867 x1896 x1899 x1900 x1903 x1905 x1906 x1952 x1956 x1961 x1995 x1998 x2019 x2021 x2024 x2026 x2032 x2041 x2052 x2065 x2067 x2077 x2084 x2090 x2101 x2103 x2105 x2109 x2110 x2115 x2136 x2159 x2170 x2174 x2178 x2182 x2184 x2192 x2193 x2201 x2207 x2208 x2212 x2216 x2221 x2228 x2239[156]
linearized equations:  13 14 15 20 45 49 52 53 56 58 64 84 89 93 96 97 100 104 121 122 123 146 147 151 158 162 167 183 184 185 193 199 203 208 225 226 229 252
        5.38 - target guess 155
Set parameter Username
Academic license - for non-commercial use only - expires 2022-06-20
Set parameter Threads to value 64
Set parameter MIPFocus to value 3
        5.41 - there are 129 short nonlinear (11) polynomial
Set parameter TimeLimit to value 1800
Gurobi Optimizer version 9.5.0 build v9.5.0rc5 (linux64)
Thread count: 32 physical cores, 64 logical processors, using up to 64 threads
Optimize a model with 5189 rows, 2496 columns and 16235 nonzeros
Model fingerprint: 0x9b4fc9c9
Variable types: 0 continuous, 2496 integer (2496 binary)
Coefficient statistics:
  Matrix range     [1e+00, 1e+00]
  Objective range  [1e+00, 1e+00]
  Bounds range     [1e+00, 1e+00]
  RHS range        [4e+01, 2e+02]
Presolve removed 3768 rows and 1239 columns
Presolve time: 0.01s
Presolved: 1421 rows, 1257 columns, 5477 nonzeros
Variable types: 0 continuous, 1257 integer (1228 binary)
Root relaxation presolved: 1421 rows, 1257 columns, 5477 nonzeros


Root relaxation: objective 3.900000e+01, 1980 iterations, 0.07 seconds (0.10 work units)

    Nodes    |    Current Node    |     Objective Bounds      |     Work
 Expl Unexpl |  Obj  Depth IntInf | Incumbent    BestBd   Gap | It/Node Time

     0     0   39.00000    0  250          -   39.00000      -     -    0s
H    0     0                      39.0000000   39.00000  0.00%     -    0s
     0     0   39.00000    0  259   39.00000   39.00000  0.00%     -    0s

Cutting planes:
  Gomory: 9
  Lift-and-project: 1
  Flow cover: 4
  Zero half: 100

Explored 1 nodes (6315 simplex iterations) in 0.80 seconds (0.75 work units)
Thread count was 64 (of 64 available processors)

Solution count 1: 39 

Optimal solution found (tolerance 1.00e-04)
Best objective 3.900000000000e+01, best bound 3.900000000000e+01, gap 0.0000%
        6.21 - 	Solution num 1:
guessed:  x652 x674 x683 x685 x716 x739 x748 x782 x804 x813 x814 x849 x880 x883 x1029 x1032 x1058 x1096 x1127 x1134 x1175 x1197 x1233 x1274 x1281 x1310 x1315 x1316 x1329 x1334 x1367 x1372 x1379 x1380 x1411 x1422 x1462 x1468 x1475 x1478 x1480 x1485 x1486 x1487 x1488 x1493 x1496 x1502 x1518 x1526 x1530 x1533 x1536 x1537 x1543 x1574 x1594 x1599 x1603 x1604 x1607 x1609 x1610 x1612 x1613 x1616 x1637 x1642 x1643 x1646 x1658 x1664 x1667 x1670 x1697 x1718 x1727 x1748 x1752 x1761 x1791 x1806 x1815 x1819 x1822 x1848 x1849 x1851 x1861 x1893 x1896 x1899 x1905 x1906 x1934 x1939 x1941 x1948 x1952 x1961 x1984 x1995 x1998 x2014 x2017 x2019 x2020 x2021 x2026 x2027 x2032 x2040 x2041 x2050 x2064 x2067 x2073 x2077 x2083 x2084 x2088 x2089 x2090 x2101 x2103 x2104 x2107 x2109 x2110 x2115 x2136 x2152 x2157 x2158 x2159 x2165 x2173 x2182 x2183 x2184 x2185 x2192 x2193 x2194 x2199 x2200 x2201 x2203 x2206 x2207 x2208 x2212 x2215 x2221 x2239[155]
linearized equations:  14 15 34 36 45 49 52 58 77 82 83 84 89 90 93 96 122 123 140 142 145 146 147 151 152 153 158 184 185 193 194 199 202 208 226 229 248 250 251
        6.21 - target guess 154
Set parameter Username
Academic license - for non-commercial use only - expires 2022-06-20
Set parameter Threads to value 64
Set parameter MIPFocus to value 3
        6.25 - there are 129 short nonlinear (11) polynomial
Set parameter TimeLimit to value 1800
Gurobi Optimizer version 9.5.0 build v9.5.0rc5 (linux64)
Thread count: 32 physical cores, 64 logical processors, using up to 64 threads
Optimize a model with 5189 rows, 2496 columns and 16235 nonzeros
Model fingerprint: 0xf9c44ded
Variable types: 0 continuous, 2496 integer (2496 binary)
Coefficient statistics:
  Matrix range     [1e+00, 1e+00]
  Objective range  [1e+00, 1e+00]
  Bounds range     [1e+00, 1e+00]
  RHS range        [4e+01, 2e+02]
Presolve removed 3768 rows and 1239 columns
Presolve time: 0.01s
Presolved: 1421 rows, 1257 columns, 5477 nonzeros
Variable types: 0 continuous, 1257 integer (1228 binary)
Root relaxation presolved: 1421 rows, 1257 columns, 5477 nonzeros


Root relaxation: objective 4.000000e+01, 2045 iterations, 0.07 seconds (0.11 work units)

    Nodes    |    Current Node    |     Objective Bounds      |     Work
 Expl Unexpl |  Obj  Depth IntInf | Incumbent    BestBd   Gap | It/Node Time

     0     0   40.00000    0  392          -   40.00000      -     -    0s
H    0     0                      40.0000000   40.00000  0.00%     -    0s
     0     0   40.00000    0  350   40.00000   40.00000  0.00%     -    0s

Cutting planes:
  Gomory: 27
  Lift-and-project: 1
  Flow cover: 5
  Zero half: 75
  RLT: 2

Explored 1 nodes (6200 simplex iterations) in 0.70 seconds (0.71 work units)
Thread count was 64 (of 64 available processors)

Solution count 1: 40 

Optimal solution found (tolerance 1.00e-04)
Best objective 4.000000000000e+01, best bound 4.000000000000e+01, gap 0.0000%
        6.94 - 	Solution num 1:
guessed:  x649 x652 x653 x674 x683 x689 x716 x739 x779 x782 x804 x813 x819 x823 x880 x883 x918 x922 x1013 x1025 x1032 x1033 x1058 x1069 x1076 x1096 x1107 x1127 x1134 x1175 x1197 x1241 x1274 x1310 x1315 x1329 x1334 x1367 x1372 x1374 x1394 x1462 x1475 x1478 x1480 x1485 x1487 x1493 x1496 x1497 x1502 x1506 x1507 x1526 x1533 x1537 x1541 x1557 x1594 x1596 x1599 x1609 x1610 x1611 x1612 x1613 x1616 x1622 x1633 x1636 x1637 x1642 x1643 x1647 x1657 x1670 x1673 x1693 x1707 x1718 x1727 x1748 x1765 x1767 x1791 x1795 x1806 x1815 x1821 x1822 x1825 x1828 x1845 x1848 x1861 x1899 x1900 x1902 x1905 x1906 x1934 x1939 x1941 x1952 x1961 x1995 x1998 x2014 x2017 x2019 x2021 x2026 x2032 x2040 x2041 x2057 x2064 x2065 x2067 x2077 x2083 x2084 x2088 x2090 x2101 x2103 x2104 x2107 x2109 x2110 x2115 x2130 x2136 x2157 x2159 x2173 x2176 x2178 x2182 x2183 x2184 x2185 x2192 x2193 x2194 x2199 x2201 x2203 x2206 x2208 x2212 x2215 x2221 x2228[154]
linearized equations:  14 15 25 34 36 45 52 53 58 69 77 82 84 89 96 104 122 123 140 142 145 147 151 157 158 161 167 181 184 185 193 199 202 203 208 223 226 229 248 250
        6.95 - target guess 153
Set parameter Username
Academic license - for non-commercial use only - expires 2022-06-20
Set parameter Threads to value 64
Set parameter MIPFocus to value 3
        6.98 - there are 129 short nonlinear (11) polynomial
Set parameter TimeLimit to value 1800
Gurobi Optimizer version 9.5.0 build v9.5.0rc5 (linux64)
Thread count: 32 physical cores, 64 logical processors, using up to 64 threads
Optimize a model with 5189 rows, 2496 columns and 16235 nonzeros
Model fingerprint: 0x3377df65
Variable types: 0 continuous, 2496 integer (2496 binary)
Coefficient statistics:
  Matrix range     [1e+00, 1e+00]
  Objective range  [1e+00, 1e+00]
  Bounds range     [1e+00, 1e+00]
  RHS range        [4e+01, 2e+02]
Presolve removed 3768 rows and 1239 columns
Presolve time: 0.01s
Presolved: 1421 rows, 1257 columns, 5477 nonzeros
Variable types: 0 continuous, 1257 integer (1228 binary)
Root relaxation presolved: 1421 rows, 1257 columns, 5477 nonzeros


Root relaxation: objective 4.100000e+01, 2103 iterations, 0.08 seconds (0.12 work units)

    Nodes    |    Current Node    |     Objective Bounds      |     Work
 Expl Unexpl |  Obj  Depth IntInf | Incumbent    BestBd   Gap | It/Node Time

     0     0   41.00000    0  364          -   41.00000      -     -    0s
     0     0   41.00000    0  421          -   41.00000      -     -    1s
     0     0   41.00000    0  462          -   41.00000      -     -    2s
     0     0   41.00000    0  462          -   41.00000      -     -    2s
     0     2   41.00000    0  445          -   41.00000      -     -    3s
    15     8 infeasible    4               -   41.00000      -   429    5s

Cutting planes:
  Gomory: 7
  Flow cover: 25
  Zero half: 522
  RLT: 2

Explored 35 nodes (28422 simplex iterations) in 5.70 seconds (3.42 work units)
Thread count was 64 (of 64 available processors)

Solution count 0
No other solutions better than -1e+100

Model is infeasible
Best objective -, best bound -, gap -
       12.89 - 	Solution num 0:
       12.90 - increase high_eq_constraint to 1

Set parameter Username
Academic license - for non-commercial use only - expires 2022-06-20
Set parameter Threads to value 64
Set parameter MIPFocus to value 3
       12.95 - there are 129 short nonlinear (11) polynomial
Set parameter TimeLimit to value 1800
Gurobi Optimizer version 9.5.0 build v9.5.0rc5 (linux64)
Thread count: 32 physical cores, 64 logical processors, using up to 64 threads
Optimize a model with 5189 rows, 2496 columns and 16235 nonzeros
Model fingerprint: 0xd25b200e
Variable types: 0 continuous, 2496 integer (2496 binary)
Coefficient statistics:
  Matrix range     [1e+00, 1e+00]
  Objective range  [1e+00, 1e+00]
  Bounds range     [1e+00, 1e+00]
  RHS range        [1e+00, 2e+02]
Presolve removed 973 rows and 973 columns
Presolve time: 0.02s
Presolved: 4216 rows, 1523 columns, 14162 nonzeros
Variable types: 0 continuous, 1523 integer (1523 binary)
Root relaxation presolved: 4216 rows, 1523 columns, 14162 nonzeros


Root relaxation: objective 4.100000e+01, 2552 iterations, 0.31 seconds (0.30 work units)

    Nodes    |    Current Node    |     Objective Bounds      |     Work
 Expl Unexpl |  Obj  Depth IntInf | Incumbent    BestBd   Gap | It/Node Time

     0     0   41.00000    0  717          -   41.00000      -     -    2s
     0     0   41.00000    0  666          -   41.00000      -     -    4s
     0     0   41.00000    0  558          -   41.00000      -     -    4s
     0     0   41.00000    0  485          -   41.00000      -     -    6s
     0     0   41.00000    0  397          -   41.00000      -     -    8s
     0     0   41.00000    0  399          -   41.00000      -     -    8s
     0     0   41.00000    0  438          -   41.00000      -     -   11s
     0     0   41.00000    0  438          -   41.00000      -     -   12s
     0     2   41.00000    0  379          -   41.00000      -     -   15s
    35    12   41.00000    6  846          -   41.00000      -   723   22s
    49    16   41.00000    7  751          -   41.00000      -   729   25s
   197    84   41.00000   12  660          -   41.00000      -   751   31s
   525    71 infeasible   15               -   41.00000      -   748   35s
   737    25 infeasible   18               -   41.00000      -   701   40s

Cutting planes:
  Gomory: 1
  Flow cover: 6
  Zero half: 984
  RLT: 263

Explored 819 nodes (600780 simplex iterations) in 43.25 seconds (40.77 work units)
Thread count was 64 (of 64 available processors)

Solution count 0
No other solutions better than -1e+100

Model is infeasible
Best objective -, best bound -, gap -
       56.45 - 	Solution num 0:
       56.46 - increase high_eq_constraint to 2

Set parameter Username
Academic license - for non-commercial use only - expires 2022-06-20
Set parameter Threads to value 64
Set parameter MIPFocus to value 3
       56.50 - there are 129 short nonlinear (11) polynomial
Set parameter TimeLimit to value 1800
Gurobi Optimizer version 9.5.0 build v9.5.0rc5 (linux64)
Thread count: 32 physical cores, 64 logical processors, using up to 64 threads
Optimize a model with 5189 rows, 2496 columns and 16235 nonzeros
Model fingerprint: 0x0d9dd1f0
Variable types: 0 continuous, 2496 integer (2496 binary)
Coefficient statistics:
  Matrix range     [1e+00, 1e+00]
  Objective range  [1e+00, 1e+00]
  Bounds range     [1e+00, 1e+00]
  RHS range        [2e+00, 2e+02]
Presolve removed 973 rows and 973 columns
Presolve time: 0.01s
Presolved: 4216 rows, 1523 columns, 14162 nonzeros
Variable types: 0 continuous, 1523 integer (1523 binary)
Root relaxation presolved: 4216 rows, 1523 columns, 14162 nonzeros


Root relaxation: objective 4.100000e+01, 2407 iterations, 0.26 seconds (0.33 work units)

    Nodes    |    Current Node    |     Objective Bounds      |     Work
 Expl Unexpl |  Obj  Depth IntInf | Incumbent    BestBd   Gap | It/Node Time

     0     0   41.00000    0  732          -   41.00000      -     -    1s
     0     0   41.00000    0  405          -   41.00000      -     -    4s
     0     0   41.00000    0  479          -   41.00000      -     -    4s
     0     0   41.00000    0  438          -   41.00000      -     -    5s
     0     0   41.00000    0  438          -   41.00000      -     -    6s
     0     2   41.00000    0  282          -   41.00000      -     -    9s
     3     8   41.00000    2  689          -   41.00000      -  3198   10s
   191   250   41.00000    8  677          -   41.00000      -   938   15s
   386   447   41.00000    8  696          -   41.00000      -   864   23s
   718   568   41.00000    8  648          -   41.00000      -   779   28s
  1105   600   41.00000   11  632          -   41.00000      -   660   36s
  1707   630   41.00000   10  566          -   41.00000      -   634   47s
  2305   675   41.00000   11  846          -   41.00000      -   641   57s
  2934   681   41.00000   13  651          -   41.00000      -   639   66s
  3620   669 infeasible   15               -   41.00000      -   649   74s
  4372   693 infeasible   15               -   41.00000      -   642   81s
  5128   681   41.00000   12  639          -   41.00000      -   640   86s
  5848   645 infeasible   13               -   41.00000      -   647   94s
  6594   636 infeasible   22               -   41.00000      -   653  106s
  7337   526   41.00000   15  894          -   41.00000      -   659  117s
  8081   436 infeasible   21               -   41.00000      -   664  128s
  8757   335 infeasible   19               -   41.00000      -   668  137s
  9346   261 infeasible   19               -   41.00000      -   669  145s
  9904   186 infeasible   20               -   41.00000      -   670  152s
 10433   147 infeasible   22               -   41.00000      -   668  157s
 10826   114 infeasible   18               -   41.00000      -   667  163s
 11185    54 infeasible   20               -   41.00000      -   667  167s
 11614     0 infeasible   19               -   41.00000      -   667  173s

Cutting planes:
  Gomory: 2
  Lift-and-project: 1
  Flow cover: 12
  Zero half: 849
  RLT: 137

Explored 11625 nodes (7777313 simplex iterations) in 173.68 seconds (156.07 work units)
Thread count was 64 (of 64 available processors)

Solution count 0
No other solutions better than -1e+100

Model is infeasible
Best objective -, best bound -, gap -
      230.43 - 	Solution num 0:
      230.52 - increase high_eq_constraint to 3

Set parameter Username
Academic license - for non-commercial use only - expires 2022-06-20
Set parameter Threads to value 64
Set parameter MIPFocus to value 3
      230.57 - there are 129 short nonlinear (11) polynomial
Set parameter TimeLimit to value 1800
Gurobi Optimizer version 9.5.0 build v9.5.0rc5 (linux64)
Thread count: 32 physical cores, 64 logical processors, using up to 64 threads
Optimize a model with 5189 rows, 2496 columns and 16235 nonzeros
Model fingerprint: 0x167a0179
Variable types: 0 continuous, 2496 integer (2496 binary)
Coefficient statistics:
  Matrix range     [1e+00, 1e+00]
  Objective range  [1e+00, 1e+00]
  Bounds range     [1e+00, 1e+00]
  RHS range        [3e+00, 2e+02]
Presolve removed 973 rows and 973 columns
Presolve time: 0.02s
Presolved: 4216 rows, 1523 columns, 14162 nonzeros
Variable types: 0 continuous, 1523 integer (1523 binary)
Root relaxation presolved: 4216 rows, 1523 columns, 14162 nonzeros


Root relaxation: objective 4.100000e+01, 2851 iterations, 0.40 seconds (0.42 work units)

    Nodes    |    Current Node    |     Objective Bounds      |     Work
 Expl Unexpl |  Obj  Depth IntInf | Incumbent    BestBd   Gap | It/Node Time

     0     0   41.00000    0  777          -   41.00000      -     -    1s
     0     0   41.00000    0  689          -   41.00000      -     -    4s
     0     0   41.00000    0  689          -   41.00000      -     -    5s
     0     0   41.00000    0  666          -   41.00000      -     -    7s
     0     0   41.00000    0  666          -   41.00000      -     -    8s
     0     2   41.00000    0  666          -   41.00000      -     -   12s
    18    32   41.00000    4  559          -   41.00000      -   454   15s
    63   128   41.00000    6  623          -   41.00000      -   503   21s
   127   192   41.00000    7  780          -   41.00000      -   692   25s
   255   415   41.00000    9  439          -   41.00000      -   855   30s
   414   681   41.00000   11  466          -   41.00000      -   785   35s
   770   873   41.00000   13  986          -   41.00000      -   766   42s
  1212  1139 infeasible   15               -   41.00000      -   970   56s
  2208  1389   41.00000   11  979          -   41.00000      -   850   72s
  3408  1676   41.00000   13  613          -   41.00000      -   809   85s
  4963  1930 infeasible   20               -   41.00000      -   774  111s
  6757  2288 infeasible   21               -   41.00000      -   762  142s
  8841  2554   41.00000   11  687          -   41.00000      -   757  166s
 11219  2844   41.00000   14  889          -   41.00000      -   759  212s
 13859  2989   41.00000   15 1003          -   41.00000      -   765  252s
 16886  3191   41.00000   12  666          -   41.00000      -   771  307s
 20182  3433   41.00000   15  457          -   41.00000      -   777  342s
 23936  3680   41.00000   17  904          -   41.00000      -   779  406s
 28009  4004   41.00000   14  955          -   41.00000      -   779  451s
 32168  4006   41.00000   23  777          -   41.00000      -   780  458s
 32169  4007   41.00000   16  727          -   41.00000      -   780  460s
 32171  4008   41.00000   12  675          -   41.00000      -   780  466s
 32172  4009   41.00000   14  677          -   41.00000      -   780  470s
 32174  4010   41.00000   19  672          -   41.00000      -   780  476s
 32175  4011   41.00000   17  630          -   41.00000      -   780  481s
 32176  4012   41.00000   21  630          -   41.00000      -   780  486s
 32178  4016   41.00000   14  747          -   41.00000      -   1.4  501s
 32180  4019   41.00000   15  630          -   41.00000      -   1.4  511s
 32184  4026   41.00000   16  493          -   41.00000      -   1.4  522s
 32192  4039   41.00000   17  472          -   41.00000      -   1.5  530s
 32208  4066   41.00000   18  816          -   41.00000      -   1.8  545s
 32240  4119   41.00000   19  856          -   41.00000      -   2.8  560s
 32304  4152   41.00000   20 1003          -   41.00000      -   5.2  572s
 32368  4179   41.00000   21  660          -   41.00000      -  10.0  575s
 32432  4365   41.00000   22  644          -   41.00000      -  11.4  590s
 32748  4599 infeasible   24               -   41.00000      -  16.7  636s
 33571  4658 infeasible   26               -   41.00000      -  32.6  668s
 34798  4335   41.00000   32  469          -   41.00000      -  53.8  704s
H35344  3952                      41.0000000   41.00000  0.00%  63.1  704s

Cutting planes:
  Gomory: 3
  MIR: 1
  Flow cover: 43
  Zero half: 1308
  RLT: 360

Explored 35466 nodes (27437341 simplex iterations) in 704.42 seconds (610.45 work units)
Thread count was 64 (of 64 available processors)

Solution count 1: 41 

Optimal solution found (tolerance 1.00e-04)
Best objective 4.100000000000e+01, best bound 4.100000000000e+01, gap 0.0000%
      935.22 - 	Solution num 1:
guessed:  x651 x652 x674 x683 x714 x779 x781 x782 x804 x823 x849 x879 x880 x883 x944 x1025 x1029 x1032 x1033 x1058 x1076 x1096 x1118 x1127 x1175 x1197 x1245 x1249 x1288 x1310 x1315 x1329 x1345 x1347 x1367 x1372 x1386 x1440 x1442 x1462 x1475 x1478 x1479 x1480 x1485 x1487 x1496 x1499 x1522 x1524 x1526 x1530 x1533 x1572 x1574 x1594 x1599 x1603 x1605 x1607 x1609 x1610 x1611 x1612 x1613 x1617 x1629 x1631 x1633 x1635 x1637 x1642 x1643 x1655 x1658 x1667 x1668 x1670 x1673 x1693 x1699 x1718 x1727 x1748 x1761 x1767 x1785 x1789 x1791 x1815 x1819 x1822 x1825 x1845 x1847 x1860 x1861 x1896 x1899 x1902 x1905 x1934 x1939 x1952 x1955 x1979 x1995 x1998 x2013 x2014 x2017 x2019 x2025 x2026 x2032 x2035 x2040 x2057 x2063 x2064 x2065 x2077 x2083 x2084 x2088 x2101 x2103 x2104 x2107 x2130 x2133 x2136 x2151 x2157 x2173 x2176 x2178 x2182 x2183 x2184 x2185 x2192 x2193 x2194 x2197 x2199 x2201 x2203 x2206 x2212 x2215 x2235 x2239[153]
linearized equations:  9 11 12 14 15 34 36 45 49 52 53 77 82 89 93 96 119 121 122 123 139 140 142 145 151 158 161 181 183 184 185 193 199 202 203 223 225 226 229 248 250
      935.46 - target guess 152
Set parameter Username
Academic license - for non-commercial use only - expires 2022-06-20
Set parameter Threads to value 64
Set parameter MIPFocus to value 3
      935.51 - there are 129 short nonlinear (11) polynomial
Set parameter TimeLimit to value 1800
Gurobi Optimizer version 9.5.0 build v9.5.0rc5 (linux64)
Thread count: 32 physical cores, 64 logical processors, using up to 64 threads
Optimize a model with 5189 rows, 2496 columns and 16235 nonzeros
Model fingerprint: 0x5dfbe035
Variable types: 0 continuous, 2496 integer (2496 binary)
Coefficient statistics:
  Matrix range     [1e+00, 1e+00]
  Objective range  [1e+00, 1e+00]
  Bounds range     [1e+00, 1e+00]
  RHS range        [4e+01, 2e+02]
Presolve removed 3768 rows and 1239 columns
Presolve time: 0.01s
Presolved: 1421 rows, 1257 columns, 5477 nonzeros
Variable types: 0 continuous, 1257 integer (1228 binary)
Root relaxation presolved: 1421 rows, 1257 columns, 5477 nonzeros


Root relaxation: objective 4.200000e+01, 2392 iterations, 0.16 seconds (0.16 work units)

    Nodes    |    Current Node    |     Objective Bounds      |     Work
 Expl Unexpl |  Obj  Depth IntInf | Incumbent    BestBd   Gap | It/Node Time

     0     0   42.00000    0  559          -   42.00000      -     -    1s

Cutting planes:
  Gomory: 39
  Lift-and-project: 15
  Zero half: 2

Explored 1 nodes (6115 simplex iterations) in 1.25 seconds (0.72 work units)
Thread count was 64 (of 64 available processors)

Solution count 0
No other solutions better than -1e+100

Model is infeasible
Best objective -, best bound -, gap -
      936.76 - 	Solution num 0:
      936.76 - increase high_eq_constraint to 1

Set parameter Username
Academic license - for non-commercial use only - expires 2022-06-20
Set parameter Threads to value 64
Set parameter MIPFocus to value 3
      936.81 - there are 129 short nonlinear (11) polynomial
Set parameter TimeLimit to value 1800
Gurobi Optimizer version 9.5.0 build v9.5.0rc5 (linux64)
Thread count: 32 physical cores, 64 logical processors, using up to 64 threads
Optimize a model with 5189 rows, 2496 columns and 16235 nonzeros
Model fingerprint: 0x861755ad
Variable types: 0 continuous, 2496 integer (2496 binary)
Coefficient statistics:
  Matrix range     [1e+00, 1e+00]
  Objective range  [1e+00, 1e+00]
  Bounds range     [1e+00, 1e+00]
  RHS range        [1e+00, 2e+02]
Presolve removed 973 rows and 973 columns
Presolve time: 0.02s
Presolved: 4216 rows, 1523 columns, 14162 nonzeros
Variable types: 0 continuous, 1523 integer (1523 binary)
Root relaxation presolved: 4216 rows, 1523 columns, 14162 nonzeros


Root relaxation: objective 4.200000e+01, 2605 iterations, 0.37 seconds (0.37 work units)

    Nodes    |    Current Node    |     Objective Bounds      |     Work
 Expl Unexpl |  Obj  Depth IntInf | Incumbent    BestBd   Gap | It/Node Time

     0     0   42.00000    0  501          -   42.00000      -     -    1s
     0     0   42.00000    0  500          -   42.00000      -     -    5s
     0     0   42.00000    0  483          -   42.00000      -     -    5s
     0     0   42.00000    0  492          -   42.00000      -     -    8s
     0     0   42.00000    0  492          -   42.00000      -     -    9s
     0     2   42.00000    0  440          -   42.00000      -     -   12s
    13     6   42.00000    7  754          -   42.00000      -   965   15s

Cutting planes:
  Gomory: 6
  Lift-and-project: 3
  Flow cover: 1
  Zero half: 379
  RLT: 208

Explored 43 nodes (63426 simplex iterations) in 19.35 seconds (24.13 work units)
Thread count was 64 (of 64 available processors)

Solution count 0
No other solutions better than -1e+100

Model is infeasible
Best objective -, best bound -, gap -
      956.42 - 	Solution num 0:
      956.43 - increase high_eq_constraint to 2

Set parameter Username
Academic license - for non-commercial use only - expires 2022-06-20
Set parameter Threads to value 64
Set parameter MIPFocus to value 3
      956.48 - there are 129 short nonlinear (11) polynomial
Set parameter TimeLimit to value 1800
Gurobi Optimizer version 9.5.0 build v9.5.0rc5 (linux64)
Thread count: 32 physical cores, 64 logical processors, using up to 64 threads
Optimize a model with 5189 rows, 2496 columns and 16235 nonzeros
Model fingerprint: 0x47a350f7
Variable types: 0 continuous, 2496 integer (2496 binary)
Coefficient statistics:
  Matrix range     [1e+00, 1e+00]
  Objective range  [1e+00, 1e+00]
  Bounds range     [1e+00, 1e+00]
  RHS range        [2e+00, 2e+02]
Presolve removed 973 rows and 973 columns
Presolve time: 0.02s
Presolved: 4216 rows, 1523 columns, 14162 nonzeros
Variable types: 0 continuous, 1523 integer (1523 binary)
Root relaxation presolved: 4216 rows, 1523 columns, 14162 nonzeros


Root relaxation: objective 4.200000e+01, 2772 iterations, 0.40 seconds (0.44 work units)

    Nodes    |    Current Node    |     Objective Bounds      |     Work
 Expl Unexpl |  Obj  Depth IntInf | Incumbent    BestBd   Gap | It/Node Time

     0     0   42.00000    0  696          -   42.00000      -     -    2s
     0     0   42.00000    0  662          -   42.00000      -     -    4s
     0     0   42.00000    0  673          -   42.00000      -     -    4s
     0     0   42.00000    0  639          -   42.00000      -     -    5s
     0     0   42.00000    0  639          -   42.00000      -     -    7s
     0     2   42.00000    0  639          -   42.00000      -     -   10s
    33    14   42.00000    7  685          -   42.00000      -   818   15s
   115    50 infeasible   11               -   42.00000      -   733   21s
   233    12 infeasible   14               -   42.00000      -   829   26s

Cutting planes:
  Gomory: 5
  Lift-and-project: 1
  Flow cover: 15
  Zero half: 853
  RLT: 97

Explored 269 nodes (234759 simplex iterations) in 27.79 seconds (25.17 work units)
Thread count was 64 (of 64 available processors)

Solution count 0
No other solutions better than -1e+100

Model is infeasible
Best objective -, best bound -, gap -
      984.35 - 	Solution num 0:
      984.37 - increase high_eq_constraint to 3

Set parameter Username
Academic license - for non-commercial use only - expires 2022-06-20
Set parameter Threads to value 64
Set parameter MIPFocus to value 3
      984.42 - there are 129 short nonlinear (11) polynomial
Set parameter TimeLimit to value 1800
Gurobi Optimizer version 9.5.0 build v9.5.0rc5 (linux64)
Thread count: 32 physical cores, 64 logical processors, using up to 64 threads
Optimize a model with 5189 rows, 2496 columns and 16235 nonzeros
Model fingerprint: 0xa17038db
Variable types: 0 continuous, 2496 integer (2496 binary)
Coefficient statistics:
  Matrix range     [1e+00, 1e+00]
  Objective range  [1e+00, 1e+00]
  Bounds range     [1e+00, 1e+00]
  RHS range        [3e+00, 2e+02]
Presolve removed 973 rows and 973 columns
Presolve time: 0.02s
Presolved: 4216 rows, 1523 columns, 14162 nonzeros
Variable types: 0 continuous, 1523 integer (1523 binary)
Root relaxation presolved: 4216 rows, 1523 columns, 14162 nonzeros


Root relaxation: objective 4.200000e+01, 2845 iterations, 0.41 seconds (0.44 work units)

    Nodes    |    Current Node    |     Objective Bounds      |     Work
 Expl Unexpl |  Obj  Depth IntInf | Incumbent    BestBd   Gap | It/Node Time

     0     0   42.00000    0  716          -   42.00000      -     -    2s
     0     0   42.00000    0  715          -   42.00000      -     -    4s
     0     0   42.00000    0  709          -   42.00000      -     -    4s
     0     0   42.00000    0  594          -   42.00000      -     -    6s
     0     0   42.00000    0  606          -   42.00000      -     -    6s
     0     0   42.00000    0  590          -   42.00000      -     -    9s
     0     0   42.00000    0  590          -   42.00000      -     -   10s
     0     2   42.00000    0  590          -   42.00000      -     -   13s
     7    16   42.00000    3  466          -   42.00000      -   971   15s
    55    68   42.00000    6  769          -   42.00000      -  1101   21s
   155   184   42.00000    8  892          -   42.00000      -   922   25s
   400   378   42.00000   10  853          -   42.00000      -   891   30s
   975   483   42.00000   12  888          -   42.00000      -   701   36s
  1214   474   42.00000    9  865          -   42.00000      -   839   41s
  2144   308 infeasible   13               -   42.00000      -   735   48s
  2459   254 infeasible   12               -   42.00000      -   738   50s
  3172   171 infeasible   14               -   42.00000      -   735   56s
  3885    56 infeasible   17               -   42.00000      -   735   60s

Cutting planes:
  Gomory: 2
  Lift-and-project: 2
  Flow cover: 14
  Zero half: 729
  RLT: 113

Explored 4181 nodes (3083517 simplex iterations) in 62.46 seconds (74.95 work units)
Thread count was 64 (of 64 available processors)

Solution count 0
No other solutions better than -1e+100

Model is infeasible
Best objective -, best bound -, gap -
     1046.88 - 	Solution num 0:
     1046.93 - increase high_eq_constraint to 4

Set parameter Username
Academic license - for non-commercial use only - expires 2022-06-20
Set parameter Threads to value 64
Set parameter MIPFocus to value 3
     1046.96 - there are 129 short nonlinear (11) polynomial
Set parameter TimeLimit to value 1800
Gurobi Optimizer version 9.5.0 build v9.5.0rc5 (linux64)
Thread count: 32 physical cores, 64 logical processors, using up to 64 threads
Optimize a model with 5189 rows, 2496 columns and 16235 nonzeros
Model fingerprint: 0xe7b4f92d
Variable types: 0 continuous, 2496 integer (2496 binary)
Coefficient statistics:
  Matrix range     [1e+00, 1e+00]
  Objective range  [1e+00, 1e+00]
  Bounds range     [1e+00, 1e+00]
  RHS range        [4e+00, 2e+02]
Presolve removed 973 rows and 973 columns
Presolve time: 0.01s
Presolved: 4216 rows, 1523 columns, 14162 nonzeros
Variable types: 0 continuous, 1523 integer (1523 binary)
Root relaxation presolved: 4216 rows, 1523 columns, 14162 nonzeros


Root relaxation: objective 4.200000e+01, 2814 iterations, 0.23 seconds (0.43 work units)

    Nodes    |    Current Node    |     Objective Bounds      |     Work
 Expl Unexpl |  Obj  Depth IntInf | Incumbent    BestBd   Gap | It/Node Time

     0     0   42.00000    0  915          -   42.00000      -     -    1s
     0     0   42.00000    0  878          -   42.00000      -     -    2s
     0     0   42.00000    0  876          -   42.00000      -     -    2s
     0     0   42.00000    0  832          -   42.00000      -     -    5s
     0     0   42.00000    0  832          -   42.00000      -     -    7s
     0     2   42.00000    0  720          -   42.00000      -     -   10s
    31    64   42.00000    5  738          -   42.00000      -   653   15s
   127   192   42.00000    7  576          -   42.00000      -   677   21s
   191   256   42.00000    8  914          -   42.00000      -   962   25s
   420   683   42.00000   10  751          -   42.00000      -   809   35s
   828   862   42.00000   15  967          -   42.00000      -   751   45s
  1431  1048   42.00000   17  789          -   42.00000      -   763   53s
  2321  1206   42.00000   19  646          -   42.00000      -   723   69s
  3343  1325   42.00000   14  552          -   42.00000      -   727   78s
  4792  1483   42.00000   16  752          -   42.00000      -   636   87s
  6142  1599 infeasible   18               -   42.00000      -   651  109s
  7760  1663   42.00000   16  576          -   42.00000      -   660  134s
  9470  1686   42.00000   11  814          -   42.00000      -   669  160s
 11281  1651 infeasible   13               -   42.00000      -   677  181s
 13684  1566   42.00000   22  988          -   42.00000      -   636  197s
 16101  1482 infeasible   11               -   42.00000      -   602  209s
 18483  1372   42.00000   14  893          -   42.00000      -   577  214s
 20801  1291 infeasible   16               -   42.00000      -   559  219s
 22992  1195   42.00000   15  992          -   42.00000      -   546  225s
 25240  1083 infeasible   12               -   42.00000      -   534  230s
 27444  1050 infeasible   14               -   42.00000      -   525  236s
 29539   886   42.00000   15  875          -   42.00000      -   517  241s
 31603   846 infeasible   19               -   42.00000      -   512  250s
 33213   690   42.00000   12 1019          -   42.00000      -   524  257s
 35323   579   42.00000   12  715          -   42.00000      -   519  262s
 37312   404 infeasible   18               -   42.00000      -   514  268s
 39213   285 infeasible   10               -   42.00000      -   511  276s
 40574   149   42.00000   15  930          -   42.00000      -   519  281s
 41908    29 infeasible   17               -   42.00000      -   517  286s

Cutting planes:
  Gomory: 2
  Flow cover: 31
  Zero half: 825
  RLT: 109

Explored 42693 nodes (22093413 simplex iterations) in 289.61 seconds (422.02 work units)
Thread count was 64 (of 64 available processors)

Solution count 0
No other solutions better than -1e+100

Model is infeasible
Best objective -, best bound -, gap -
     1336.58 - 	Solution num 0:
     1336.61 - increase high_eq_constraint to 5

Set parameter Username
Academic license - for non-commercial use only - expires 2022-06-20
Set parameter Threads to value 64
Set parameter MIPFocus to value 3
     1336.65 - there are 129 short nonlinear (11) polynomial
Set parameter TimeLimit to value 1800
Gurobi Optimizer version 9.5.0 build v9.5.0rc5 (linux64)
Thread count: 32 physical cores, 64 logical processors, using up to 64 threads
Optimize a model with 5189 rows, 2496 columns and 16235 nonzeros
Model fingerprint: 0x1441bf5c
Variable types: 0 continuous, 2496 integer (2496 binary)
Coefficient statistics:
  Matrix range     [1e+00, 1e+00]
  Objective range  [1e+00, 1e+00]
  Bounds range     [1e+00, 1e+00]
  RHS range        [5e+00, 2e+02]
Presolve removed 973 rows and 973 columns
Presolve time: 0.01s
Presolved: 4216 rows, 1523 columns, 14162 nonzeros
Variable types: 0 continuous, 1523 integer (1523 binary)
Root relaxation presolved: 4216 rows, 1523 columns, 14162 nonzeros


Root relaxation: objective 4.200000e+01, 2947 iterations, 0.25 seconds (0.48 work units)

    Nodes    |    Current Node    |     Objective Bounds      |     Work
 Expl Unexpl |  Obj  Depth IntInf | Incumbent    BestBd   Gap | It/Node Time

     0     0   42.00000    0  868          -   42.00000      -     -    1s
     0     0   42.00000    0  878          -   42.00000      -     -    3s
     0     0   42.00000    0  889          -   42.00000      -     -    3s
     0     0   42.00000    0  870          -   42.00000      -     -    5s
     0     0   42.00000    0  870          -   42.00000      -     -    7s
     0     2   42.00000    0  870          -   42.00000      -     -   10s
    31    44   42.00000    5  770          -   42.00000      -  1310   16s
   107   100   42.00000    7  895          -   42.00000      -   963   21s
   299   184 infeasible   10               -   42.00000      -  1025   25s
   855   580 infeasible   16               -   42.00000      -   781   30s
  1976  1683 infeasible   11               -   42.00000      -   644   36s
  3042  2417   42.00000   30  936          -   42.00000      -   615   43s
  4716  3369   42.00000   36  885          -   42.00000      -   614   59s
  7110  4440 infeasible   44               -   42.00000      -   615   86s
 10382  4442   42.00000   37  868          -   42.00000      -   620   92s
 10384  4444   42.00000   16  931          -   42.00000      -   620   96s
 10385  4444   42.00000   39  941          -   42.00000      -   620  102s
 10386  4445   42.00000   28  933          -   42.00000      -   620  107s
 10387  4446   42.00000   31  425          -   42.00000      -   620  112s
 10388  4446   42.00000   44  430          -   42.00000      -   619  116s
 10389  4447   42.00000   32  590          -   42.00000      -   619  121s
 10391  4448   42.00000   36  590          -   42.00000      -   619  125s
 10392  4452   42.00000   14  419          -   42.00000      -   5.3  137s
 10394  4455   42.00000   15  758          -   42.00000      -   5.4  150s
 10398  4462   42.00000   16  858          -   42.00000      -   5.6  167s
 10406  4475   42.00000   17  406          -   42.00000      -   6.2  176s
 10422  4502   42.00000   18  836          -   42.00000      -   7.5  181s
 10454  4555   42.00000   19  695          -   42.00000      -   9.2  185s
 10518  4582   42.00000   20  817          -   42.00000      -  13.6  191s
 10582  4599   42.00000   21  905          -   42.00000      -  24.5  201s
 10646  4686   42.00000   20  708          -   42.00000      -  32.1  213s
 10825  4799   42.00000   22  943          -   42.00000      -  42.5  235s
 11197  4921 infeasible   23               -   42.00000      -  70.8  253s
 11933  5009   42.00000   36  917          -   42.00000      -   147  293s
 12939  5111 infeasible   39               -   42.00000      -   193  340s
 14648  5052 infeasible   33               -   42.00000      -   254  377s
 16352  5086   42.00000   55  661          -   42.00000      -   296  426s
 19360  4215   42.00000   66  623          -   42.00000      -   355  482s
 20241  4709   42.00000   29  716          -   42.00000      -   371  599s
 24771  4161   42.00000   77  513          -   42.00000      -   423  691s
 28135  5080   42.00000   57  615          -   42.00000      -   453  871s
 33344  6092   42.00000   58  831          -   42.00000      -   483 1055s
 38422  6878   42.00000   71  766          -   42.00000      -   502 1213s
 42525  8151 infeasible   45               -   42.00000      -   514 1426s
 48384  9559   42.00000   36  848          -   42.00000      -   529 1615s
 53216 10647   42.00000   88  689          -   42.00000      -   536 1800s

Cutting planes:
  Gomory: 4
  Lift-and-project: 3
  Flow cover: 99
  Zero half: 1329
  RLT: 191

Explored 58320 nodes (38023563 simplex iterations) in 1800.27 seconds (910.34 work units)
Thread count was 64 (of 64 available processors)

Solution count 0

Time limit reached
Best objective -, best bound 4.200000000000e+01, gap -
     3137.37 - best linearization 41


