
# variables: 2240
# non-linear: 256

        0.00 - Start computation

        0.00 - target guess 160
Set parameter Username
Academic license - for non-commercial use only - expires 2022-06-20
Set parameter Threads to value 64
Set parameter MIPFocus to value 3
        0.04 - there are 136 short nonlinear (11) polynomial
Set parameter TimeLimit to value 1800
Gurobi Optimizer version 9.5.0 build v9.5.0rc5 (linux64)
Thread count: 32 physical cores, 64 logical processors, using up to 64 threads
Optimize a model with 5111 rows, 2496 columns and 15996 nonzeros
Model fingerprint: 0x4d71b3e7
Variable types: 0 continuous, 2496 integer (2496 binary)
Coefficient statistics:
  Matrix range     [1e+00, 1e+00]
  Objective range  [1e+00, 1e+00]
  Bounds range     [1e+00, 1e+00]
  RHS range        [3e+01, 2e+02]
Presolve removed 3613 rows and 1237 columns
Presolve time: 0.01s
Presolved: 1498 rows, 1259 columns, 5672 nonzeros
Variable types: 0 continuous, 1259 integer (1199 binary)
Root relaxation presolved: 1498 rows, 1259 columns, 5672 nonzeros


Root relaxation: objective 3.400000e+01, 1491 iterations, 0.03 seconds (0.05 work units)

    Nodes    |    Current Node    |     Objective Bounds      |     Work
 Expl Unexpl |  Obj  Depth IntInf | Incumbent    BestBd   Gap | It/Node Time

     0     0   34.00000    0  275          -   34.00000      -     -    0s
H    0     0                      34.0000000   34.00000  0.00%     -    0s

Cutting planes:
  Gomory: 13
  Lift-and-project: 6
  Zero half: 46

Explored 1 nodes (3699 simplex iterations) in 0.48 seconds (0.41 work units)
Thread count was 64 (of 64 available processors)

Solution count 1: 34 

Optimal solution found (tolerance 1.00e-04)
Best objective 3.400000000000e+01, best bound 3.400000000000e+01, gap 0.0000%
        0.52 - 	Solution num 1:
guessed:  x649 x651 x657 x658 x660 x661 x664 x691 x693 x717 x781 x787 x789 x792 x793 x794 x887 x889 x921 x952 x954 x977 x1008 x1010 x1044 x1058 x1063 x1065 x1066 x1093 x1099 x1101 x1104 x1105 x1106 x1133 x1135 x1137 x1182 x1214 x1216 x1219 x1248 x1277 x1290 x1296 x1299 x1322 x1345 x1346 x1347 x1352 x1353 x1354 x1356 x1388 x1418 x1442 x1446 x1451 x1453 x1472 x1490 x1495 x1497 x1499 x1501 x1517 x1519 x1522 x1524 x1529 x1530 x1532 x1533 x1535 x1568 x1572 x1574 x1577 x1579 x1581 x1582 x1583 x1584 x1608 x1611 x1613 x1615 x1617 x1619 x1635 x1637 x1642 x1646 x1651 x1652 x1671 x1672 x1695 x1704 x1705 x1706 x1729 x1736 x1765 x1792 x1794 x1823 x1847 x1851 x1853 x1854 x1860 x1864 x1867 x1868 x1869 x1920 x1924 x1955 x1956 x1976 x1977 x1992 x1995 x2000 x2002 x2003 x2004 x2027 x2035 x2054 x2059 x2061 x2069 x2071 x2080 x2087 x2089 x2105 x2107 x2112 x2132 x2138 x2140 x2142 x2173 x2182 x2184 x2191 x2203 x2215 x2216 x2218 x2220 x2223 x2224 x2230 x2236[160]
linearized equations:  14 17 19 20 21 22 23 24 53 55 66 67 98 99 119 121 128 129 130 161 182 183 190 201 202 203 205 223 225 231 233 234 235 236
        0.52 - target guess 159
Set parameter Username
Academic license - for non-commercial use only - expires 2022-06-20
Set parameter Threads to value 64
Set parameter MIPFocus to value 3
        0.56 - there are 136 short nonlinear (11) polynomial
Set parameter TimeLimit to value 1800
Gurobi Optimizer version 9.5.0 build v9.5.0rc5 (linux64)
Thread count: 32 physical cores, 64 logical processors, using up to 64 threads
Optimize a model with 5111 rows, 2496 columns and 15996 nonzeros
Model fingerprint: 0x7e48d5a3
Variable types: 0 continuous, 2496 integer (2496 binary)
Coefficient statistics:
  Matrix range     [1e+00, 1e+00]
  Objective range  [1e+00, 1e+00]
  Bounds range     [1e+00, 1e+00]
  RHS range        [4e+01, 2e+02]
Presolve removed 3613 rows and 1237 columns
Presolve time: 0.01s
Presolved: 1498 rows, 1259 columns, 5672 nonzeros
Variable types: 0 continuous, 1259 integer (1199 binary)
Root relaxation presolved: 1498 rows, 1259 columns, 5672 nonzeros


Root relaxation: objective 3.500000e+01, 1485 iterations, 0.04 seconds (0.05 work units)

    Nodes    |    Current Node    |     Objective Bounds      |     Work
 Expl Unexpl |  Obj  Depth IntInf | Incumbent    BestBd   Gap | It/Node Time

     0     0   35.00000    0  287          -   35.00000      -     -    0s
H    0     0                      35.0000000   35.00000  0.00%     -    0s
     0     0   35.00000    0   28   35.00000   35.00000  0.00%     -    0s

Cutting planes:
  Gomory: 18
  Lift-and-project: 11
  Flow cover: 1
  Zero half: 50

Explored 1 nodes (5324 simplex iterations) in 0.48 seconds (0.47 work units)
Thread count was 64 (of 64 available processors)

Solution count 1: 35 

Optimal solution found (tolerance 1.00e-04)
Best objective 3.500000000000e+01, best bound 3.500000000000e+01, gap 0.0000%
        1.04 - 	Solution num 1:
guessed:  x660 x672 x687 x693 x698 x750 x773 x787 x790 x802 x823 x871 x888 x937 x953 x954 x982 x1010 x1018 x1029 x1055 x1057 x1058 x1066 x1093 x1096 x1099 x1104 x1114 x1131 x1151 x1155 x1172 x1191 x1195 x1226 x1230 x1245 x1254 x1277 x1296 x1299 x1309 x1322 x1350 x1353 x1472 x1476 x1495 x1497 x1499 x1502 x1503 x1505 x1513 x1519 x1522 x1527 x1530 x1566 x1574 x1592 x1602 x1607 x1608 x1611 x1613 x1616 x1619 x1626 x1633 x1639 x1642 x1644 x1652 x1656 x1660 x1667 x1668 x1673 x1676 x1677 x1693 x1696 x1704 x1714 x1716 x1742 x1744 x1761 x1781 x1800 x1802 x1819 x1828 x1830 x1845 x1848 x1851 x1854 x1860 x1861 x1863 x1869 x1902 x1905 x1920 x1921 x1934 x1958 x1970 x1986 x1994 x1995 x2000 x2003 x2007 x2013 x2021 x2024 x2029 x2034 x2036 x2038 x2041 x2054 x2055 x2059 x2063 x2066 x2069 x2074 x2087 x2090 x2098 x2102 x2107 x2110 x2112 x2115 x2132 x2138 x2152 x2153 x2167 x2178 x2180 x2183 x2195 x2199 x2201 x2202 x2203 x2216 x2218 x2227 x2230 x2237 x2238[159]
linearized equations:  11 14 17 20 22 30 32 34 49 55 66 76 93 99 102 113 119 122 128 140 155 161 164 176 184 190 203 205 208 217 225 231 234 244 246
        1.04 - target guess 158
Set parameter Username
Academic license - for non-commercial use only - expires 2022-06-20
Set parameter Threads to value 64
Set parameter MIPFocus to value 3
        1.05 - there are 136 short nonlinear (11) polynomial
Set parameter TimeLimit to value 1800
Gurobi Optimizer version 9.5.0 build v9.5.0rc5 (linux64)
Thread count: 32 physical cores, 64 logical processors, using up to 64 threads
Optimize a model with 5111 rows, 2496 columns and 15996 nonzeros
Model fingerprint: 0xb807ebd5
Variable types: 0 continuous, 2496 integer (2496 binary)
Coefficient statistics:
  Matrix range     [1e+00, 1e+00]
  Objective range  [1e+00, 1e+00]
  Bounds range     [1e+00, 1e+00]
  RHS range        [4e+01, 2e+02]
Presolve removed 3613 rows and 1237 columns
Presolve time: 0.01s
Presolved: 1498 rows, 1259 columns, 5672 nonzeros
Variable types: 0 continuous, 1259 integer (1199 binary)
Root relaxation presolved: 1498 rows, 1259 columns, 5672 nonzeros


Root relaxation: objective 3.600000e+01, 1563 iterations, 0.04 seconds (0.06 work units)

    Nodes    |    Current Node    |     Objective Bounds      |     Work
 Expl Unexpl |  Obj  Depth IntInf | Incumbent    BestBd   Gap | It/Node Time

     0     0   36.00000    0  286          -   36.00000      -     -    0s
     0     0   36.00000    0  391          -   36.00000      -     -    0s
H    0     0                      36.0000000   36.00000  0.00%     -    0s
     0     0   36.00000    0  388   36.00000   36.00000  0.00%     -    0s

Cutting planes:
  Gomory: 17
  Lift-and-project: 1
  Flow cover: 1
  Zero half: 43
  RLT: 1

Explored 1 nodes (9184 simplex iterations) in 0.93 seconds (1.04 work units)
Thread count was 64 (of 64 available processors)

Solution count 1: 36 

Optimal solution found (tolerance 1.00e-04)
Best objective 3.600000000000e+01, best bound 3.600000000000e+01, gap 0.0000%
        1.99 - 	Solution num 1:
guessed:  x642 x643 x652 x660 x673 x689 x707 x773 x789 x790 x791 x792 x803 x816 x823 x837 x887 x889 x902 x937 x952 x953 x954 x1010 x1034 x1044 x1055 x1063 x1065 x1066 x1095 x1101 x1104 x1105 x1131 x1137 x1172 x1184 x1216 x1219 x1263 x1290 x1299 x1325 x1343 x1345 x1347 x1357 x1401 x1432 x1439 x1442 x1451 x1472 x1490 x1493 x1497 x1499 x1516 x1519 x1520 x1522 x1530 x1563 x1564 x1565 x1566 x1574 x1582 x1583 x1602 x1607 x1608 x1613 x1615 x1617 x1619 x1620 x1633 x1635 x1643 x1646 x1652 x1657 x1673 x1686 x1687 x1693 x1695 x1696 x1704 x1717 x1735 x1736 x1761 x1781 x1794 x1805 x1819 x1827 x1847 x1855 x1860 x1861 x1863 x1868 x1869 x1870 x1902 x1905 x1915 x1924 x1949 x1984 x1985 x1986 x1993 x1994 x1995 x2003 x2004 x2016 x2027 x2029 x2036 x2053 x2054 x2055 x2059 x2067 x2071 x2073 x2074 x2087 x2090 x2098 x2099 x2102 x2107 x2109 x2112 x2133 x2167 x2178 x2183 x2184 x2191 x2202 x2203 x2209 x2215 x2216 x2224 x2230 x2234 x2236 x2237 x2239[158]
linearized equations:  3 11 21 22 23 49 55 66 67 93 99 113 119 121 128 129 130 141 155 161 174 175 176 183 184 196 203 205 217 225 226 233 234 235 236 247
        1.99 - target guess 157
Set parameter Username
Academic license - for non-commercial use only - expires 2022-06-20
Set parameter Threads to value 64
Set parameter MIPFocus to value 3
        2.02 - there are 136 short nonlinear (11) polynomial
Set parameter TimeLimit to value 1800
Gurobi Optimizer version 9.5.0 build v9.5.0rc5 (linux64)
Thread count: 32 physical cores, 64 logical processors, using up to 64 threads
Optimize a model with 5111 rows, 2496 columns and 15996 nonzeros
Model fingerprint: 0x9164c98f
Variable types: 0 continuous, 2496 integer (2496 binary)
Coefficient statistics:
  Matrix range     [1e+00, 1e+00]
  Objective range  [1e+00, 1e+00]
  Bounds range     [1e+00, 1e+00]
  RHS range        [4e+01, 2e+02]
Presolve removed 3613 rows and 1237 columns
Presolve time: 0.01s
Presolved: 1498 rows, 1259 columns, 5672 nonzeros
Variable types: 0 continuous, 1259 integer (1199 binary)
Root relaxation presolved: 1498 rows, 1259 columns, 5672 nonzeros


Root relaxation: objective 3.700000e+01, 1565 iterations, 0.04 seconds (0.05 work units)

    Nodes    |    Current Node    |     Objective Bounds      |     Work
 Expl Unexpl |  Obj  Depth IntInf | Incumbent    BestBd   Gap | It/Node Time

     0     0   37.00000    0   20          -   37.00000      -     -    0s
H    0     0                      37.0000000   37.00000  0.00%     -    0s

Cutting planes:
  Gomory: 1
  Cover: 2
  Zero half: 1
  RLT: 1

Explored 1 nodes (3694 simplex iterations) in 0.21 seconds (0.22 work units)
Thread count was 64 (of 64 available processors)

Solution count 1: 37 

Optimal solution found (tolerance 1.00e-04)
Best objective 3.700000000000e+01, best bound 3.700000000000e+01, gap 0.0000%
        2.23 - 	Solution num 1:
guessed:  x643 x651 x652 x660 x661 x687 x689 x750 x773 x781 x791 x792 x794 x816 x889 x937 x954 x976 x977 x1044 x1058 x1066 x1068 x1093 x1095 x1096 x1104 x1105 x1106 x1131 x1135 x1137 x1184 x1214 x1218 x1219 x1220 x1243 x1248 x1263 x1290 x1322 x1325 x1343 x1345 x1346 x1347 x1356 x1382 x1388 x1432 x1442 x1451 x1472 x1490 x1493 x1495 x1497 x1499 x1501 x1517 x1519 x1520 x1522 x1528 x1530 x1533 x1535 x1563 x1565 x1572 x1574 x1583 x1606 x1607 x1608 x1611 x1613 x1615 x1619 x1635 x1637 x1640 x1644 x1646 x1651 x1652 x1671 x1672 x1687 x1695 x1696 x1704 x1705 x1706 x1736 x1765 x1781 x1792 x1794 x1818 x1819 x1847 x1860 x1861 x1869 x1876 x1915 x1922 x1924 x1955 x1956 x1974 x1977 x1986 x1990 x1992 x1993 x1994 x1995 x2002 x2004 x2013 x2027 x2029 x2035 x2054 x2057 x2059 x2061 x2071 x2073 x2080 x2098 x2099 x2105 x2107 x2112 x2132 x2133 x2140 x2142 x2168 x2173 x2174 x2178 x2184 x2191 x2215 x2216 x2218 x2223 x2224 x2230 x2234 x2236 x2239[157]
linearized equations:  3 14 22 23 24 49 53 55 66 67 93 98 99 117 119 121 122 128 129 130 155 161 175 182 183 184 196 197 202 203 205 217 223 225 226 235 236
        2.24 - target guess 156
Set parameter Username
Academic license - for non-commercial use only - expires 2022-06-20
Set parameter Threads to value 64
Set parameter MIPFocus to value 3
        2.25 - there are 136 short nonlinear (11) polynomial
Set parameter TimeLimit to value 1800
Gurobi Optimizer version 9.5.0 build v9.5.0rc5 (linux64)
Thread count: 32 physical cores, 64 logical processors, using up to 64 threads
Optimize a model with 5111 rows, 2496 columns and 15996 nonzeros
Model fingerprint: 0xb149feac
Variable types: 0 continuous, 2496 integer (2496 binary)
Coefficient statistics:
  Matrix range     [1e+00, 1e+00]
  Objective range  [1e+00, 1e+00]
  Bounds range     [1e+00, 1e+00]
  RHS range        [4e+01, 2e+02]
Presolve removed 3613 rows and 1237 columns
Presolve time: 0.01s
Presolved: 1498 rows, 1259 columns, 5672 nonzeros
Variable types: 0 continuous, 1259 integer (1199 binary)
Root relaxation presolved: 1498 rows, 1259 columns, 5672 nonzeros


Root relaxation: objective 3.800000e+01, 1788 iterations, 0.06 seconds (0.08 work units)

    Nodes    |    Current Node    |     Objective Bounds      |     Work
 Expl Unexpl |  Obj  Depth IntInf | Incumbent    BestBd   Gap | It/Node Time

     0     0   38.00000    0  374          -   38.00000      -     -    0s
H    0     0                      38.0000000   38.00000  0.00%     -    0s
     0     0   38.00000    0  341   38.00000   38.00000  0.00%     -    0s

Cutting planes:
  Gomory: 24
  Zero half: 9

Explored 1 nodes (7747 simplex iterations) in 0.78 seconds (0.85 work units)
Thread count was 64 (of 64 available processors)

Solution count 1: 38 

Optimal solution found (tolerance 1.00e-04)
Best objective 3.800000000000e+01, best bound 3.800000000000e+01, gap 0.0000%
        3.03 - 	Solution num 1:
guessed:  x675 x693 x698 x699 x700 x763 x767 x773 x789 x805 x823 x828 x830 x862 x864 x887 x927 x929 x933 x937 x1010 x1040 x1042 x1044 x1063 x1066 x1069 x1101 x1107 x1114 x1137 x1144 x1159 x1186 x1221 x1260 x1263 x1309 x1325 x1343 x1368 x1382 x1413 x1463 x1472 x1476 x1481 x1495 x1497 x1499 x1503 x1513 x1529 x1530 x1545 x1551 x1563 x1565 x1579 x1582 x1595 x1615 x1618 x1619 x1620 x1622 x1626 x1631 x1633 x1647 x1652 x1653 x1654 x1659 x1660 x1673 x1678 x1679 x1680 x1687 x1707 x1708 x1714 x1736 x1744 x1749 x1781 x1795 x1802 x1807 x1830 x1831 x1832 x1834 x1839 x1869 x1872 x1902 x1908 x1911 x1922 x1925 x1935 x1949 x1967 x1986 x1995 x2002 x2005 x2007 x2015 x2018 x2029 x2036 x2041 x2042 x2047 x2050 x2051 x2052 x2054 x2057 x2059 x2071 x2074 x2084 x2087 x2090 x2092 x2093 x2094 x2096 x2098 x2099 x2104 x2119 x2121 x2140 x2153 x2167 x2182 x2184 x2185 x2195 x2199 x2202 x2203 x2204 x2208 x2209 x2210 x2216 x2227 x2229 x2234 x2236[156]
linearized equations:  0 3 19 22 25 32 35 55 60 62 69 76 78 92 99 106 128 131 141 143 155 161 166 167 168 173 175 203 208 209 210 212 214 217 233 236 246 249
        3.03 - target guess 155
Set parameter Username
Academic license - for non-commercial use only - expires 2022-06-20
Set parameter Threads to value 64
Set parameter MIPFocus to value 3
        3.04 - there are 136 short nonlinear (11) polynomial
Set parameter TimeLimit to value 1800
Gurobi Optimizer version 9.5.0 build v9.5.0rc5 (linux64)
Thread count: 32 physical cores, 64 logical processors, using up to 64 threads
Optimize a model with 5111 rows, 2496 columns and 15996 nonzeros
Model fingerprint: 0x03e1d4bf
Variable types: 0 continuous, 2496 integer (2496 binary)
Coefficient statistics:
  Matrix range     [1e+00, 1e+00]
  Objective range  [1e+00, 1e+00]
  Bounds range     [1e+00, 1e+00]
  RHS range        [4e+01, 2e+02]
Presolve removed 3613 rows and 1237 columns
Presolve time: 0.01s
Presolved: 1498 rows, 1259 columns, 5672 nonzeros
Variable types: 0 continuous, 1259 integer (1199 binary)
Root relaxation presolved: 1498 rows, 1259 columns, 5672 nonzeros


Root relaxation: objective 3.900000e+01, 1799 iterations, 0.06 seconds (0.08 work units)

    Nodes    |    Current Node    |     Objective Bounds      |     Work
 Expl Unexpl |  Obj  Depth IntInf | Incumbent    BestBd   Gap | It/Node Time

     0     0   39.00000    0  374          -   39.00000      -     -    0s
     0     0   39.00000    0  264          -   39.00000      -     -    0s
H    0     0                      39.0000000   39.00000  0.00%     -    0s

Cutting planes:
  Gomory: 13
  Flow cover: 2
  Zero half: 242
  RLT: 1

Explored 1 nodes (8922 simplex iterations) in 1.04 seconds (1.17 work units)
Thread count was 64 (of 64 available processors)

Solution count 1: 39 

Optimal solution found (tolerance 1.00e-04)
Best objective 3.900000000000e+01, best bound 3.900000000000e+01, gap 0.0000%
        4.08 - 	Solution num 1:
guessed:  x660 x661 x675 x689 x700 x750 x763 x767 x773 x790 x791 x803 x805 x830 x851 x864 x888 x889 x921 x929 x933 x937 x953 x954 x971 x1010 x1027 x1040 x1042 x1044 x1066 x1105 x1131 x1136 x1137 x1144 x1159 x1184 x1186 x1218 x1219 x1245 x1248 x1260 x1263 x1325 x1343 x1368 x1382 x1397 x1413 x1451 x1463 x1472 x1481 x1490 x1495 x1499 x1503 x1516 x1527 x1528 x1530 x1533 x1535 x1545 x1565 x1566 x1582 x1583 x1595 x1602 x1613 x1618 x1619 x1620 x1622 x1625 x1626 x1631 x1633 x1646 x1651 x1652 x1656 x1659 x1666 x1680 x1682 x1687 x1704 x1705 x1735 x1736 x1749 x1766 x1781 x1792 x1807 x1830 x1832 x1834 x1839 x1869 x1870 x1902 x1911 x1935 x1955 x1967 x1986 x1992 x1995 x2003 x2004 x2005 x2007 x2018 x2027 x2029 x2030 x2035 x2047 x2052 x2054 x2059 x2071 x2074 x2084 x2087 x2092 x2094 x2099 x2104 x2105 x2119 x2121 x2142 x2153 x2167 x2168 x2184 x2185 x2191 x2195 x2202 x2204 x2209 x2210 x2215 x2216 x2227 x2229 x2234 x2236[155]
linearized equations:  0 3 22 23 35 49 55 60 62 66 67 78 92 93 98 99 106 113 128 129 130 141 143 155 161 168 173 175 196 197 202 210 212 214 217 234 235 236 249
        4.09 - target guess 154
Set parameter Username
Academic license - for non-commercial use only - expires 2022-06-20
Set parameter Threads to value 64
Set parameter MIPFocus to value 3
        4.12 - there are 136 short nonlinear (11) polynomial
Set parameter TimeLimit to value 1800
Gurobi Optimizer version 9.5.0 build v9.5.0rc5 (linux64)
Thread count: 32 physical cores, 64 logical processors, using up to 64 threads
Optimize a model with 5111 rows, 2496 columns and 15996 nonzeros
Model fingerprint: 0xa1b68a63
Variable types: 0 continuous, 2496 integer (2496 binary)
Coefficient statistics:
  Matrix range     [1e+00, 1e+00]
  Objective range  [1e+00, 1e+00]
  Bounds range     [1e+00, 1e+00]
  RHS range        [4e+01, 2e+02]
Presolve removed 3613 rows and 1237 columns
Presolve time: 0.01s
Presolved: 1498 rows, 1259 columns, 5672 nonzeros
Variable types: 0 continuous, 1259 integer (1199 binary)
Root relaxation presolved: 1498 rows, 1259 columns, 5672 nonzeros


Root relaxation: objective 4.000000e+01, 1921 iterations, 0.07 seconds (0.10 work units)

    Nodes    |    Current Node    |     Objective Bounds      |     Work
 Expl Unexpl |  Obj  Depth IntInf | Incumbent    BestBd   Gap | It/Node Time

     0     0   40.00000    0  473          -   40.00000      -     -    0s
     0     0   40.00000    0  417          -   40.00000      -     -    0s
     0     0   40.00000    0  421          -   40.00000      -     -    1s
     0     0   40.00000    0  421          -   40.00000      -     -    1s
     0     2   40.00000    0  421          -   40.00000      -     -    1s
*  153   190               7      40.0000000   40.00000  0.00%   334    2s

Cutting planes:
  Gomory: 9
  Lift-and-project: 1
  Flow cover: 21
  Zero half: 586
  RLT: 1

Explored 191 nodes (77144 simplex iterations) in 2.85 seconds (3.78 work units)
Thread count was 64 (of 64 available processors)

Solution count 1: 40 

Optimal solution found (tolerance 1.00e-04)
Best objective 4.000000000000e+01, best bound 4.000000000000e+01, gap 0.0000%
        6.98 - 	Solution num 1:
guessed:  x660 x661 x665 x687 x689 x693 x698 x699 x700 x750 x763 x790 x805 x817 x823 x828 x831 x851 x862 x864 x888 x889 x927 x929 x953 x954 x1010 x1041 x1042 x1044 x1046 x1048 x1066 x1068 x1079 x1104 x1105 x1106 x1114 x1131 x1137 x1144 x1159 x1182 x1184 x1185 x1186 x1218 x1219 x1220 x1221 x1251 x1309 x1357 x1368 x1451 x1454 x1463 x1472 x1476 x1477 x1481 x1493 x1497 x1503 x1513 x1530 x1535 x1582 x1583 x1595 x1607 x1613 x1618 x1619 x1620 x1626 x1631 x1633 x1646 x1647 x1651 x1652 x1653 x1654 x1659 x1660 x1667 x1673 x1678 x1679 x1680 x1704 x1705 x1707 x1708 x1714 x1735 x1744 x1749 x1761 x1792 x1795 x1802 x1807 x1819 x1825 x1830 x1832 x1869 x1870 x1876 x1902 x1908 x1915 x1926 x1935 x1995 x2003 x2004 x2005 x2015 x2018 x2027 x2036 x2041 x2042 x2044 x2054 x2057 x2065 x2074 x2084 x2087 x2092 x2093 x2094 x2143 x2153 x2174 x2184 x2185 x2191 x2195 x2197 x2199 x2202 x2204 x2208 x2210 x2216 x2222 x2227 x2229[154]
linearized equations:  22 23 24 25 32 35 49 55 60 61 62 66 67 69 76 78 93 99 106 128 129 130 131 141 143 155 161 166 167 168 197 203 208 209 210 234 235 236 246 249
        6.99 - target guess 153
Set parameter Username
Academic license - for non-commercial use only - expires 2022-06-20
Set parameter Threads to value 64
Set parameter MIPFocus to value 3
        7.03 - there are 136 short nonlinear (11) polynomial
Set parameter TimeLimit to value 1800
Gurobi Optimizer version 9.5.0 build v9.5.0rc5 (linux64)
Thread count: 32 physical cores, 64 logical processors, using up to 64 threads
Optimize a model with 5111 rows, 2496 columns and 15996 nonzeros
Model fingerprint: 0x67546df2
Variable types: 0 continuous, 2496 integer (2496 binary)
Coefficient statistics:
  Matrix range     [1e+00, 1e+00]
  Objective range  [1e+00, 1e+00]
  Bounds range     [1e+00, 1e+00]
  RHS range        [4e+01, 2e+02]
Presolve removed 3613 rows and 1237 columns
Presolve time: 0.01s
Presolved: 1498 rows, 1259 columns, 5672 nonzeros
Variable types: 0 continuous, 1259 integer (1199 binary)
Root relaxation presolved: 1498 rows, 1259 columns, 5672 nonzeros


Root relaxation: objective 4.100000e+01, 2090 iterations, 0.08 seconds (0.12 work units)

    Nodes    |    Current Node    |     Objective Bounds      |     Work
 Expl Unexpl |  Obj  Depth IntInf | Incumbent    BestBd   Gap | It/Node Time

     0     0   41.00000    0  399          -   41.00000      -     -    0s
     0     0   41.00000    0  306          -   41.00000      -     -    0s
     0     0   41.00000    0  319          -   41.00000      -     -    1s
     0     0   41.00000    0  319          -   41.00000      -     -    1s
     0     2   41.00000    0  319          -   41.00000      -     -    1s

Cutting planes:
  Gomory: 3
  Flow cover: 11
  Zero half: 692

Explored 1461 nodes (425394 simplex iterations) in 4.77 seconds (8.81 work units)
Thread count was 64 (of 64 available processors)

Solution count 0
No other solutions better than -1e+100

Model is infeasible
Best objective -, best bound -, gap -
       11.80 - 	Solution num 0:
       11.81 - increase high_eq_constraint to 1

Set parameter Username
Academic license - for non-commercial use only - expires 2022-06-20
Set parameter Threads to value 64
Set parameter MIPFocus to value 3
       11.83 - there are 136 short nonlinear (11) polynomial
Set parameter TimeLimit to value 1800
Gurobi Optimizer version 9.5.0 build v9.5.0rc5 (linux64)
Thread count: 32 physical cores, 64 logical processors, using up to 64 threads
Optimize a model with 5111 rows, 2496 columns and 15996 nonzeros
Model fingerprint: 0x728891f6
Variable types: 0 continuous, 2496 integer (2496 binary)
Coefficient statistics:
  Matrix range     [1e+00, 1e+00]
  Objective range  [1e+00, 1e+00]
  Bounds range     [1e+00, 1e+00]
  RHS range        [1e+00, 2e+02]
Presolve removed 972 rows and 972 columns
Presolve time: 0.01s
Presolved: 4139 rows, 1524 columns, 13932 nonzeros
Variable types: 0 continuous, 1524 integer (1524 binary)
Root relaxation presolved: 4139 rows, 1524 columns, 13932 nonzeros


Root relaxation: objective 4.100000e+01, 2376 iterations, 0.15 seconds (0.29 work units)

    Nodes    |    Current Node    |     Objective Bounds      |     Work
 Expl Unexpl |  Obj  Depth IntInf | Incumbent    BestBd   Gap | It/Node Time

     0     0   41.00000    0  592          -   41.00000      -     -    0s
     0     0   41.00000    0  538          -   41.00000      -     -    1s
     0     0   41.00000    0  596          -   41.00000      -     -    1s
     0     0   41.00000    0  244          -   41.00000      -     -    3s
     0     0   41.00000    0  995          -   41.00000      -     -    6s
     0     0   41.00000    0  995          -   41.00000      -     -    7s
     0     2   41.00000    0  995          -   41.00000      -     -    9s
     2     4   41.00000    1  798          -   41.00000      -  3828   10s
   548   452 infeasible   12               -   41.00000      -   584   15s
  1691   546   41.00000   16  437          -   41.00000      -   478   20s
  2696   970   41.00000   17  231          -   41.00000      -   472   28s
  3317  1127 infeasible   17               -   41.00000      -   486   33s
  4016  1225 infeasible   15               -   41.00000      -   548   42s
  5112  1141   41.00000   17  870          -   41.00000      -   548   51s
  6396  1074   41.00000   13  466          -   41.00000      -   547   59s
  7603   953   41.00000   17  601          -   41.00000      -   547   66s
  8796   921   41.00000   16  403          -   41.00000      -   548   73s
  9904  1064   41.00000   19  924          -   41.00000      -   549   78s
 11047  1110   41.00000   20  948          -   41.00000      -   550   84s
 12317  1179   41.00000   10  454          -   41.00000      -   552   93s
 13702  1252   41.00000   14  475          -   41.00000      -   554  107s
 15133  1393 infeasible   18               -   41.00000      -   558  124s
 16707  1394   41.00000   23  995          -   41.00000      -   561  126s
 16710  1396   41.00000   24  364          -   41.00000      -   561  131s
 16713  1398   41.00000   16  517          -   41.00000      -   561  136s
 16715  1399   41.00000   26  553          -   41.00000      -   561  140s
 16717  1404   41.00000   10  433          -   41.00000      -   1.9  149s
 16719  1407   41.00000   11  416          -   41.00000      -   1.9  156s
 16723  1414   41.00000   12  549          -   41.00000      -   1.9  162s
 16731  1427   41.00000   13  509          -   41.00000      -   2.0  165s
 16747  1447   41.00000   14  401          -   41.00000      -   2.4  172s
 16779  1479   41.00000   15  592          -   41.00000      -   3.2  181s
 16836  1524   41.00000   16  512          -   41.00000      -   5.0  190s
 16964  1781   41.00000   18  387          -   41.00000      -  10.1  197s
 17211  2264   41.00000   20  354          -   41.00000      -  14.9  203s
 18085  2433   41.00000   22  333          -   41.00000      -  33.7  217s
 18878  3951   41.00000   23  546          -   41.00000      -  39.0  237s
 23756  4964 infeasible   27               -   41.00000      -  58.8  260s
 28778  6135   41.00000   26  415          -   41.00000      -  73.0  286s
 33349  7526 infeasible   30               -   41.00000      -  82.5  313s
 38204  8869   41.00000   21  353          -   41.00000      -  89.2  340s
 42833  9955 infeasible   26               -   41.00000      -  94.4  370s
 48489 10512   41.00000   31  523          -   41.00000      -  99.0  392s
 53086 10902   41.00000   26  511          -   41.00000      -   102  413s
 57861 11198 infeasible   25               -   41.00000      -   104  438s
 62465 11374   41.00000   35  501          -   41.00000      -   106  464s
 63243 11949 infeasible   32               -   41.00000      -   107  474s
 69182 12209   41.00000   34  613          -   41.00000      -   109  483s
 74972 12537 infeasible   43               -   41.00000      -   110  492s
 80422 13024   41.00000   28  528          -   41.00000      -   112  503s
 86733 13330 infeasible   32               -   41.00000      -   113  515s
 94255 13560   41.00000   23  542          -   41.00000      -   115  524s
 99771 13862   41.00000   26  571          -   41.00000      -   116  536s
 105853 14142   41.00000   27  486          -   41.00000      -   118  552s
 112779 14403   41.00000   24  568          -   41.00000      -   119  569s
 119370 14770   41.00000   27  463          -   41.00000      -   120  597s
 127075 15018   41.00000   27  514          -   41.00000      -   121  638s
 134181 15225   41.00000   24  641          -   41.00000      -   122  664s
 142419 15506 infeasible   33               -   41.00000      -   123  725s
 150670 15620 infeasible   37               -   41.00000      -   124  788s
 159506 16115   41.00000   26  489          -   41.00000      -   124  871s
 165936 16411   41.00000   44  479          -   41.00000      -   126  939s
 166828 17376   41.00000   46  563          -   41.00000      -   126 1023s
 174689 18378   41.00000   43  630          -   41.00000      -   129 1091s
 183393 19143   41.00000   49  376          -   41.00000      -   132 1176s
 189454 20277   41.00000   48  651          -   41.00000      -   134 1286s
 198970 21294   41.00000   44  649          -   41.00000      -   138 1394s
 207632 22235 infeasible   35               -   41.00000      -   142 1518s
 216993 23465 infeasible   30               -   41.00000      -   146 1641s
 226435 24605   41.00000   47  630          -   41.00000      -   149 1730s
 233009 25421   41.00000   51  524          -   41.00000      -   151 1800s

Cutting planes:
  Gomory: 8
  Lift-and-project: 10
  Flow cover: 8
  Zero half: 1969
  RLT: 230

Explored 238751 nodes (46592568 simplex iterations) in 1800.10 seconds (1362.50 work units)
Thread count was 64 (of 64 available processors)

Solution count 0

Time limit reached
Best objective -, best bound 4.100000000000e+01, gap -
     1812.18 - best linearization 40


