
# variables: 2240
# non-linear: 256

        0.00 - Start computation

        0.00 - target guess 160
Set parameter Username
Academic license - for non-commercial use only - expires 2022-06-20
Set parameter Threads to value 64
Set parameter MIPFocus to value 3
        0.06 - there are 125 short nonlinear (11) polynomial
Set parameter TimeLimit to value 1800
Gurobi Optimizer version 9.5.0 build v9.5.0rc5 (linux64)
Thread count: 32 physical cores, 64 logical processors, using up to 64 threads
Optimize a model with 5233 rows, 2496 columns and 16371 nonzeros
Model fingerprint: 0x4a56d4b0
Variable types: 0 continuous, 2496 integer (2496 binary)
Coefficient statistics:
  Matrix range     [1e+00, 1e+00]
  Objective range  [1e+00, 1e+00]
  Bounds range     [1e+00, 1e+00]
  RHS range        [3e+01, 2e+02]
Presolve removed 3856 rows and 1267 columns
Presolve time: 0.01s
Presolved: 1377 rows, 1229 columns, 5295 nonzeros
Variable types: 0 continuous, 1229 integer (1179 binary)
Root relaxation presolved: 1377 rows, 1229 columns, 5295 nonzeros


Root relaxation: objective 3.400000e+01, 1524 iterations, 0.04 seconds (0.05 work units)

    Nodes    |    Current Node    |     Objective Bounds      |     Work
 Expl Unexpl |  Obj  Depth IntInf | Incumbent    BestBd   Gap | It/Node Time

     0     0   34.00000    0   54          -   34.00000      -     -    0s
H    0     0                      34.0000000   34.00000  0.00%     -    0s

Cutting planes:
  Gomory: 5
  Cover: 1
  Zero half: 45
  RLT: 1

Explored 1 nodes (4270 simplex iterations) in 0.33 seconds (0.33 work units)
Thread count was 64 (of 64 available processors)

Solution count 1: 34 

Optimal solution found (tolerance 1.00e-04)
Best objective 3.400000000000e+01, best bound 3.400000000000e+01, gap 0.0000%
        0.39 - 	Solution num 1:
guessed:  x653 x659 x661 x686 x690 x693 x716 x718 x782 x784 x785 x789 x791 x792 x793 x795 x816 x820 x850 x856 x881 x882 x883 x893 x919 x946 x948 x955 x972 x976 x978 x1002 x1006 x1007 x1012 x1028 x1032 x1034 x1057 x1058 x1059 x1062 x1066 x1067 x1068 x1073 x1096 x1100 x1103 x1104 x1105 x1106 x1107 x1130 x1134 x1136 x1179 x1185 x1206 x1209 x1213 x1215 x1219 x1220 x1244 x1279 x1295 x1298 x1329 x1347 x1348 x1355 x1381 x1387 x1450 x1451 x1494 x1498 x1524 x1529 x1530 x1532 x1533 x1534 x1574 x1575 x1584 x1606 x1610 x1611 x1612 x1635 x1640 x1644 x1645 x1646 x1647 x1651 x1667 x1670 x1672 x1695 x1696 x1700 x1705 x1706 x1707 x1709 x1730 x1735 x1736 x1737 x1790 x1794 x1795 x1797 x1818 x1822 x1824 x1847 x1848 x1849 x1852 x1860 x1861 x1862 x1865 x1922 x1923 x1924 x1925 x1928 x1949 x1953 x1995 x2002 x2008 x2029 x2063 x2071 x2074 x2084 x2098 x2109 x2132 x2140 x2144 x2146 x2166 x2167 x2173 x2182 x2184 x2185 x2192 x2200 x2221 x2234 x2236 x2238[160]
linearized equations:  13 14 15 18 22 23 24 25 48 52 54 67 68 92 96 98 121 122 126 128 129 130 131 154 158 184 185 196 200 202 233 235 237 239
        0.39 - target guess 159
Set parameter Username
Academic license - for non-commercial use only - expires 2022-06-20
Set parameter Threads to value 64
Set parameter MIPFocus to value 3
        0.43 - there are 125 short nonlinear (11) polynomial
Set parameter TimeLimit to value 1800
Gurobi Optimizer version 9.5.0 build v9.5.0rc5 (linux64)
Thread count: 32 physical cores, 64 logical processors, using up to 64 threads
Optimize a model with 5233 rows, 2496 columns and 16371 nonzeros
Model fingerprint: 0x6814c31b
Variable types: 0 continuous, 2496 integer (2496 binary)
Coefficient statistics:
  Matrix range     [1e+00, 1e+00]
  Objective range  [1e+00, 1e+00]
  Bounds range     [1e+00, 1e+00]
  RHS range        [4e+01, 2e+02]
Presolve removed 3856 rows and 1267 columns
Presolve time: 0.01s
Presolved: 1377 rows, 1229 columns, 5295 nonzeros
Variable types: 0 continuous, 1229 integer (1179 binary)
Root relaxation presolved: 1377 rows, 1229 columns, 5295 nonzeros


Root relaxation: objective 3.500000e+01, 1574 iterations, 0.04 seconds (0.05 work units)

    Nodes    |    Current Node    |     Objective Bounds      |     Work
 Expl Unexpl |  Obj  Depth IntInf | Incumbent    BestBd   Gap | It/Node Time

     0     0   35.00000    0  104          -   35.00000      -     -    0s
H    0     0                      35.0000000   35.00000  0.00%     -    0s

Cutting planes:
  Gomory: 8
  Lift-and-project: 1
  Flow cover: 3
  Zero half: 35

Explored 1 nodes (4485 simplex iterations) in 0.38 seconds (0.31 work units)
Thread count was 64 (of 64 available processors)

Solution count 1: 35 

Optimal solution found (tolerance 1.00e-04)
Best objective 3.500000000000e+01, best bound 3.500000000000e+01, gap 0.0000%
        0.81 - 	Solution num 1:
guessed:  x653 x659 x661 x690 x716 x784 x789 x791 x792 x820 x822 x850 x856 x881 x882 x919 x946 x947 x955 x972 x978 x1006 x1007 x1012 x1026 x1028 x1032 x1034 x1057 x1058 x1062 x1066 x1067 x1068 x1073 x1096 x1100 x1103 x1104 x1105 x1106 x1130 x1131 x1136 x1179 x1185 x1206 x1209 x1215 x1219 x1220 x1244 x1279 x1295 x1298 x1346 x1347 x1348 x1355 x1381 x1385 x1387 x1412 x1448 x1450 x1451 x1493 x1494 x1498 x1504 x1524 x1527 x1529 x1530 x1532 x1533 x1534 x1544 x1550 x1573 x1574 x1575 x1583 x1607 x1609 x1610 x1611 x1613 x1640 x1641 x1644 x1646 x1647 x1651 x1665 x1667 x1670 x1672 x1696 x1700 x1705 x1706 x1707 x1730 x1731 x1735 x1736 x1761 x1775 x1790 x1794 x1795 x1819 x1822 x1824 x1848 x1849 x1852 x1853 x1860 x1862 x1865 x1881 x1922 x1923 x1924 x1925 x1949 x1953 x1979 x1989 x1994 x1995 x2002 x2004 x2028 x2029 x2035 x2063 x2071 x2081 x2098 x2132 x2140 x2144 x2166 x2167 x2171 x2173 x2182 x2184 x2192 x2208 x2209 x2214 x2216 x2221 x2234 x2238[159]
linearized equations:  13 14 18 19 22 23 24 48 49 52 54 67 68 91 92 93 98 121 122 126 128 129 130 154 155 158 160 184 185 196 200 202 233 235 237
        0.81 - target guess 158
Set parameter Username
Academic license - for non-commercial use only - expires 2022-06-20
Set parameter Threads to value 64
Set parameter MIPFocus to value 3
        0.87 - there are 125 short nonlinear (11) polynomial
Set parameter TimeLimit to value 1800
Gurobi Optimizer version 9.5.0 build v9.5.0rc5 (linux64)
Thread count: 32 physical cores, 64 logical processors, using up to 64 threads
Optimize a model with 5233 rows, 2496 columns and 16371 nonzeros
Model fingerprint: 0xc379717c
Variable types: 0 continuous, 2496 integer (2496 binary)
Coefficient statistics:
  Matrix range     [1e+00, 1e+00]
  Objective range  [1e+00, 1e+00]
  Bounds range     [1e+00, 1e+00]
  RHS range        [4e+01, 2e+02]
Presolve removed 3856 rows and 1267 columns
Presolve time: 0.01s
Presolved: 1377 rows, 1229 columns, 5295 nonzeros
Variable types: 0 continuous, 1229 integer (1179 binary)
Root relaxation presolved: 1377 rows, 1229 columns, 5295 nonzeros


Root relaxation: objective 3.600000e+01, 1726 iterations, 0.04 seconds (0.06 work units)

    Nodes    |    Current Node    |     Objective Bounds      |     Work
 Expl Unexpl |  Obj  Depth IntInf | Incumbent    BestBd   Gap | It/Node Time

     0     0   36.00000    0  135          -   36.00000      -     -    0s
H    0     0                      36.0000000   36.00000  0.00%     -    0s
     0     0   36.00000    0  110   36.00000   36.00000  0.00%     -    0s

Cutting planes:
  Gomory: 9
  Lift-and-project: 1
  Flow cover: 4
  Zero half: 8
  RLT: 1

Explored 1 nodes (5360 simplex iterations) in 0.43 seconds (0.37 work units)
Thread count was 64 (of 64 available processors)

Solution count 1: 36 

Optimal solution found (tolerance 1.00e-04)
Best objective 3.600000000000e+01, best bound 3.600000000000e+01, gap 0.0000%
        1.29 - 	Solution num 1:
guessed:  x646 x661 x663 x685 x686 x724 x748 x776 x782 x789 x791 x792 x793 x795 x815 x816 x850 x883 x893 x914 x915 x946 x947 x955 x972 x1007 x1012 x1026 x1028 x1045 x1058 x1059 x1066 x1068 x1096 x1097 x1105 x1106 x1107 x1130 x1131 x1175 x1185 x1209 x1219 x1220 x1242 x1244 x1274 x1279 x1292 x1295 x1298 x1348 x1355 x1381 x1412 x1437 x1450 x1451 x1489 x1493 x1494 x1496 x1514 x1519 x1524 x1527 x1529 x1530 x1534 x1544 x1568 x1584 x1604 x1605 x1607 x1610 x1611 x1613 x1636 x1637 x1641 x1643 x1644 x1645 x1646 x1647 x1651 x1664 x1665 x1667 x1705 x1706 x1707 x1709 x1730 x1731 x1735 x1736 x1737 x1759 x1761 x1790 x1794 x1795 x1797 x1816 x1817 x1819 x1842 x1848 x1849 x1853 x1862 x1869 x1870 x1893 x1922 x1925 x1928 x1949 x1979 x1989 x1995 x2002 x2008 x2023 x2029 x2058 x2063 x2064 x2065 x2071 x2074 x2078 x2084 x2092 x2098 x2104 x2127 x2132 x2134 x2140 x2144 x2146 x2167 x2182 x2184 x2192 x2209 x2214 x2216 x2219 x2234 x2236 x2238 x2239[158]
linearized equations:  14 15 19 22 23 24 25 46 48 49 67 68 90 91 92 93 116 122 123 128 129 130 131 153 154 155 178 184 185 195 196 220 233 235 237 239
        1.29 - target guess 157
Set parameter Username
Academic license - for non-commercial use only - expires 2022-06-20
Set parameter Threads to value 64
Set parameter MIPFocus to value 3
        1.35 - there are 125 short nonlinear (11) polynomial
Set parameter TimeLimit to value 1800
Gurobi Optimizer version 9.5.0 build v9.5.0rc5 (linux64)
Thread count: 32 physical cores, 64 logical processors, using up to 64 threads
Optimize a model with 5233 rows, 2496 columns and 16371 nonzeros
Model fingerprint: 0x7cb010b1
Variable types: 0 continuous, 2496 integer (2496 binary)
Coefficient statistics:
  Matrix range     [1e+00, 1e+00]
  Objective range  [1e+00, 1e+00]
  Bounds range     [1e+00, 1e+00]
  RHS range        [4e+01, 2e+02]
Presolve removed 3856 rows and 1267 columns
Presolve time: 0.01s
Presolved: 1377 rows, 1229 columns, 5295 nonzeros
Variable types: 0 continuous, 1229 integer (1179 binary)
Root relaxation presolved: 1377 rows, 1229 columns, 5295 nonzeros


Root relaxation: objective 3.700000e+01, 1671 iterations, 0.05 seconds (0.07 work units)

    Nodes    |    Current Node    |     Objective Bounds      |     Work
 Expl Unexpl |  Obj  Depth IntInf | Incumbent    BestBd   Gap | It/Node Time

     0     0   37.00000    0  133          -   37.00000      -     -    0s
H    0     0                      37.0000000   37.00000  0.00%     -    0s
     0     0   37.00000    0   57   37.00000   37.00000  0.00%     -    0s

Cutting planes:
  Gomory: 10
  Lift-and-project: 2
  Flow cover: 5
  Zero half: 54
  RLT: 1

Explored 1 nodes (6105 simplex iterations) in 0.58 seconds (0.40 work units)
Thread count was 64 (of 64 available processors)

Solution count 1: 37 

Optimal solution found (tolerance 1.00e-04)
Best objective 3.700000000000e+01, best bound 3.700000000000e+01, gap 0.0000%
        1.93 - 	Solution num 1:
guessed:  x661 x662 x663 x685 x686 x690 x724 x748 x776 x789 x791 x792 x793 x795 x815 x820 x850 x891 x893 x914 x919 x955 x972 x1028 x1045 x1062 x1068 x1073 x1105 x1106 x1107 x1130 x1131 x1185 x1190 x1209 x1220 x1244 x1279 x1295 x1298 x1323 x1347 x1352 x1355 x1358 x1365 x1380 x1381 x1385 x1412 x1442 x1450 x1451 x1473 x1478 x1489 x1493 x1494 x1514 x1519 x1524 x1527 x1529 x1530 x1534 x1544 x1584 x1592 x1604 x1605 x1607 x1610 x1613 x1620 x1628 x1630 x1636 x1641 x1644 x1645 x1646 x1647 x1651 x1657 x1664 x1667 x1670 x1700 x1705 x1706 x1707 x1711 x1735 x1736 x1737 x1761 x1780 x1793 x1795 x1799 x1816 x1817 x1819 x1822 x1842 x1853 x1869 x1870 x1876 x1879 x1893 x1922 x1925 x1932 x1948 x1949 x1978 x1979 x1989 x1994 x2002 x2010 x2012 x2023 x2028 x2029 x2051 x2058 x2061 x2063 x2071 x2078 x2081 x2092 x2097 x2098 x2104 x2127 x2132 x2140 x2150 x2166 x2167 x2171 x2182 x2185 x2192 x2209 x2216 x2219 x2232 x2234 x2236 x2237 x2238 x2239[157]
linearized equations:  19 22 23 24 25 29 46 48 49 67 68 75 90 91 92 93 116 121 128 129 130 131 138 153 154 155 158 178 184 195 196 200 220 233 235 237 243
        1.93 - target guess 156
Set parameter Username
Academic license - for non-commercial use only - expires 2022-06-20
Set parameter Threads to value 64
Set parameter MIPFocus to value 3
        1.98 - there are 125 short nonlinear (11) polynomial
Set parameter TimeLimit to value 1800
Gurobi Optimizer version 9.5.0 build v9.5.0rc5 (linux64)
Thread count: 32 physical cores, 64 logical processors, using up to 64 threads
Optimize a model with 5233 rows, 2496 columns and 16371 nonzeros
Model fingerprint: 0x45bdd875
Variable types: 0 continuous, 2496 integer (2496 binary)
Coefficient statistics:
  Matrix range     [1e+00, 1e+00]
  Objective range  [1e+00, 1e+00]
  Bounds range     [1e+00, 1e+00]
  RHS range        [4e+01, 2e+02]
Presolve removed 3856 rows and 1267 columns
Presolve time: 0.01s
Presolved: 1377 rows, 1229 columns, 5295 nonzeros
Variable types: 0 continuous, 1229 integer (1179 binary)
Root relaxation presolved: 1377 rows, 1229 columns, 5295 nonzeros


Root relaxation: objective 3.800000e+01, 1803 iterations, 0.08 seconds (0.07 work units)

    Nodes    |    Current Node    |     Objective Bounds      |     Work
 Expl Unexpl |  Obj  Depth IntInf | Incumbent    BestBd   Gap | It/Node Time

     0     0   38.00000    0  218          -   38.00000      -     -    0s
H    0     0                      38.0000000   38.00000  0.00%     -    0s
     0     0   38.00000    0   24   38.00000   38.00000  0.00%     -    1s

Cutting planes:
  Gomory: 16
  Lift-and-project: 1
  Flow cover: 4
  Zero half: 189

Explored 1 nodes (6966 simplex iterations) in 1.02 seconds (0.63 work units)
Thread count was 64 (of 64 available processors)

Solution count 1: 38 

Optimal solution found (tolerance 1.00e-04)
Best objective 3.800000000000e+01, best bound 3.800000000000e+01, gap 0.0000%
        3.01 - 	Solution num 1:
guessed:  x646 x661 x663 x685 x690 x724 x748 x776 x791 x792 x793 x815 x820 x850 x856 x891 x914 x915 x919 x955 x972 x976 x978 x1025 x1026 x1028 x1032 x1034 x1045 x1073 x1090 x1105 x1111 x1130 x1131 x1134 x1136 x1190 x1209 x1213 x1215 x1244 x1323 x1329 x1347 x1358 x1365 x1381 x1412 x1442 x1473 x1478 x1489 x1493 x1494 x1498 x1514 x1524 x1527 x1529 x1530 x1534 x1544 x1564 x1568 x1584 x1592 x1600 x1604 x1605 x1607 x1610 x1612 x1613 x1620 x1626 x1628 x1631 x1636 x1644 x1645 x1646 x1647 x1651 x1657 x1664 x1665 x1667 x1670 x1672 x1705 x1707 x1711 x1735 x1736 x1752 x1759 x1761 x1780 x1793 x1795 x1799 x1816 x1817 x1819 x1822 x1824 x1842 x1870 x1876 x1893 x1925 x1932 x1933 x1949 x1969 x1978 x1979 x1984 x1989 x1994 x2012 x2028 x2029 x2053 x2058 x2061 x2063 x2078 x2081 x2084 x2086 x2092 x2098 x2104 x2122 x2127 x2132 x2144 x2150 x2167 x2173 x2184 x2192 x2200 x2208 x2209 x2214 x2216 x2219 x2221 x2228 x2234 x2236 x2238 x2239[156]
linearized equations:  23 29 46 48 49 52 54 67 73 75 90 91 92 93 96 98 111 116 121 129 130 131 138 153 154 155 158 174 178 184 195 196 200 202 220 235 237 243
        3.01 - target guess 155
Set parameter Username
Academic license - for non-commercial use only - expires 2022-06-20
Set parameter Threads to value 64
Set parameter MIPFocus to value 3
        3.06 - there are 125 short nonlinear (11) polynomial
Set parameter TimeLimit to value 1800
Gurobi Optimizer version 9.5.0 build v9.5.0rc5 (linux64)
Thread count: 32 physical cores, 64 logical processors, using up to 64 threads
Optimize a model with 5233 rows, 2496 columns and 16371 nonzeros
Model fingerprint: 0x2d8fdd05
Variable types: 0 continuous, 2496 integer (2496 binary)
Coefficient statistics:
  Matrix range     [1e+00, 1e+00]
  Objective range  [1e+00, 1e+00]
  Bounds range     [1e+00, 1e+00]
  RHS range        [4e+01, 2e+02]
Presolve removed 3856 rows and 1267 columns
Presolve time: 0.01s
Presolved: 1377 rows, 1229 columns, 5295 nonzeros
Variable types: 0 continuous, 1229 integer (1179 binary)
Root relaxation presolved: 1377 rows, 1229 columns, 5295 nonzeros


Root relaxation: objective 3.900000e+01, 1802 iterations, 0.09 seconds (0.08 work units)

    Nodes    |    Current Node    |     Objective Bounds      |     Work
 Expl Unexpl |  Obj  Depth IntInf | Incumbent    BestBd   Gap | It/Node Time

     0     0   39.00000    0  223          -   39.00000      -     -    0s
     0     0   39.00000    0  192          -   39.00000      -     -    1s
H    0     0                      39.0000000   39.00000  0.00%     -    1s
     0     0   39.00000    0  184   39.00000   39.00000  0.00%     -    1s

Cutting planes:
  Gomory: 29
  Lift-and-project: 1
  Flow cover: 10
  Zero half: 189
  RLT: 2

Explored 1 nodes (6994 simplex iterations) in 1.59 seconds (0.91 work units)
Thread count was 64 (of 64 available processors)

Solution count 1: 39 

Optimal solution found (tolerance 1.00e-04)
Best objective 3.900000000000e+01, best bound 3.900000000000e+01, gap 0.0000%
        4.65 - 	Solution num 1:
guessed:  x661 x662 x685 x690 x724 x748 x776 x791 x792 x798 x815 x816 x820 x822 x850 x856 x895 x914 x915 x919 x955 x978 x1012 x1026 x1028 x1032 x1034 x1045 x1066 x1067 x1068 x1071 x1073 x1105 x1106 x1111 x1130 x1131 x1136 x1185 x1190 x1209 x1215 x1219 x1220 x1224 x1244 x1298 x1364 x1365 x1381 x1382 x1387 x1406 x1412 x1437 x1450 x1473 x1477 x1478 x1489 x1493 x1494 x1498 x1504 x1508 x1514 x1519 x1529 x1530 x1544 x1569 x1591 x1592 x1605 x1607 x1610 x1612 x1613 x1626 x1627 x1628 x1644 x1645 x1646 x1647 x1649 x1651 x1657 x1665 x1667 x1670 x1672 x1705 x1706 x1707 x1709 x1711 x1735 x1736 x1759 x1761 x1779 x1780 x1793 x1794 x1795 x1799 x1819 x1822 x1824 x1856 x1857 x1869 x1870 x1876 x1881 x1932 x1933 x1949 x1973 x1989 x2010 x2011 x2012 x2029 x2032 x2035 x2051 x2054 x2058 x2059 x2061 x2080 x2081 x2084 x2095 x2098 x2127 x2144 x2149 x2150 x2171 x2173 x2191 x2192 x2197 x2208 x2209 x2214 x2216 x2219 x2221 x2233 x2234[155]
linearized equations:  22 23 24 27 29 48 49 52 54 67 68 73 74 75 91 92 93 98 116 129 130 137 138 153 154 155 158 160 179 195 196 200 202 220 235 237 241 242 243
        4.65 - target guess 154
Set parameter Username
Academic license - for non-commercial use only - expires 2022-06-20
Set parameter Threads to value 64
Set parameter MIPFocus to value 3
        4.69 - there are 125 short nonlinear (11) polynomial
Set parameter TimeLimit to value 1800
Gurobi Optimizer version 9.5.0 build v9.5.0rc5 (linux64)
Thread count: 32 physical cores, 64 logical processors, using up to 64 threads
Optimize a model with 5233 rows, 2496 columns and 16371 nonzeros
Model fingerprint: 0x7a5a78c2
Variable types: 0 continuous, 2496 integer (2496 binary)
Coefficient statistics:
  Matrix range     [1e+00, 1e+00]
  Objective range  [1e+00, 1e+00]
  Bounds range     [1e+00, 1e+00]
  RHS range        [4e+01, 2e+02]
Presolve removed 3856 rows and 1267 columns
Presolve time: 0.01s
Presolved: 1377 rows, 1229 columns, 5295 nonzeros
Variable types: 0 continuous, 1229 integer (1179 binary)
Root relaxation presolved: 1377 rows, 1229 columns, 5295 nonzeros


Root relaxation: objective 4.000000e+01, 1751 iterations, 0.08 seconds (0.08 work units)

    Nodes    |    Current Node    |     Objective Bounds      |     Work
 Expl Unexpl |  Obj  Depth IntInf | Incumbent    BestBd   Gap | It/Node Time

     0     0   40.00000    0   47          -   40.00000      -     -    0s
     0     0   40.00000    0  320          -   40.00000      -     -    1s
     0     0   40.00000    0  324          -   40.00000      -     -    1s
     0     0   40.00000    0  303          -   40.00000      -     -    1s
     0     0   40.00000    0  303          -   40.00000      -     -    2s
     0     2   40.00000    0  303          -   40.00000      -     -    3s
    24    30   40.00000    4  505          -   40.00000      -   583    5s

Cutting planes:
  Gomory: 11
  Flow cover: 32
  Zero half: 549
  RLT: 2

Explored 135 nodes (94997 simplex iterations) in 7.77 seconds (3.76 work units)
Thread count was 64 (of 64 available processors)

Solution count 0
No other solutions better than -1e+100

Model is infeasible
Best objective -, best bound -, gap -
       12.69 - 	Solution num 0:
       12.71 - increase high_eq_constraint to 1

Set parameter Username
Academic license - for non-commercial use only - expires 2022-06-20
Set parameter Threads to value 64
Set parameter MIPFocus to value 3
       12.75 - there are 125 short nonlinear (11) polynomial
Set parameter TimeLimit to value 1800
Gurobi Optimizer version 9.5.0 build v9.5.0rc5 (linux64)
Thread count: 32 physical cores, 64 logical processors, using up to 64 threads
Optimize a model with 5233 rows, 2496 columns and 16371 nonzeros
Model fingerprint: 0xf7e7e969
Variable types: 0 continuous, 2496 integer (2496 binary)
Coefficient statistics:
  Matrix range     [1e+00, 1e+00]
  Objective range  [1e+00, 1e+00]
  Bounds range     [1e+00, 1e+00]
  RHS range        [1e+00, 2e+02]
Presolve removed 973 rows and 973 columns
Presolve time: 0.02s
Presolved: 4260 rows, 1523 columns, 14294 nonzeros
Variable types: 0 continuous, 1523 integer (1523 binary)
Root relaxation presolved: 4260 rows, 1523 columns, 14294 nonzeros


Root relaxation: objective 4.000000e+01, 2465 iterations, 0.26 seconds (0.30 work units)

    Nodes    |    Current Node    |     Objective Bounds      |     Work
 Expl Unexpl |  Obj  Depth IntInf | Incumbent    BestBd   Gap | It/Node Time

     0     0   40.00000    0  141          -   40.00000      -     -    2s
H    0     0                      40.0000000   40.00000  0.00%     -    5s
     0     0   40.00000    0  872   40.00000   40.00000  0.00%     -    5s

Cutting planes:
  Gomory: 11
  Lift-and-project: 12
  Flow cover: 2
  Zero half: 53
  RLT: 4

Explored 1 nodes (21873 simplex iterations) in 5.24 seconds (5.58 work units)
Thread count was 64 (of 64 available processors)

Solution count 1: 40 

Optimal solution found (tolerance 1.00e-04)
Best objective 4.000000000000e+01, best bound 4.000000000000e+01, gap 0.0000%
       17.99 - 	Solution num 1:
guessed:  x646 x688 x690 x745 x747 x748 x776 x812 x815 x816 x818 x820 x914 x919 x976 x1025 x1026 x1032 x1073 x1091 x1111 x1166 x1189 x1190 x1203 x1205 x1213 x1215 x1225 x1240 x1242 x1248 x1286 x1319 x1323 x1325 x1364 x1365 x1381 x1382 x1385 x1388 x1406 x1407 x1412 x1437 x1472 x1477 x1478 x1489 x1492 x1493 x1494 x1495 x1499 x1501 x1514 x1519 x1527 x1530 x1544 x1545 x1564 x1570 x1591 x1592 x1600 x1602 x1604 x1605 x1608 x1610 x1613 x1627 x1628 x1630 x1631 x1644 x1646 x1651 x1657 x1664 x1670 x1671 x1711 x1712 x1724 x1726 x1752 x1754 x1762 x1779 x1780 x1799 x1812 x1814 x1816 x1822 x1857 x1876 x1893 x1915 x1932 x1933 x1949 x1974 x1984 x1989 x1990 x1995 x2011 x2012 x2029 x2031 x2032 x2035 x2038 x2046 x2053 x2054 x2058 x2059 x2061 x2076 x2078 x2080 x2081 x2097 x2098 x2104 x2128 x2149 x2150 x2166 x2171 x2173 x2191 x2192 x2197 x2204 x2208 x2209 x2211 x2214 x2215 x2216 x2217 x2219 x2220 x2221 x2228 x2233 x2234 x2239[154]
linearized equations:  29 42 44 46 48 49 50 52 55 73 74 75 86 90 91 92 96 98 111 116 117 137 138 150 154 155 156 158 174 178 179 180 192 195 196 200 202 220 242 243
       17.99 - target guess 153
Set parameter Username
Academic license - for non-commercial use only - expires 2022-06-20
Set parameter Threads to value 64
Set parameter MIPFocus to value 3
       18.04 - there are 125 short nonlinear (11) polynomial
Set parameter TimeLimit to value 1800
Gurobi Optimizer version 9.5.0 build v9.5.0rc5 (linux64)
Thread count: 32 physical cores, 64 logical processors, using up to 64 threads
Optimize a model with 5233 rows, 2496 columns and 16371 nonzeros
Model fingerprint: 0xc3749c7b
Variable types: 0 continuous, 2496 integer (2496 binary)
Coefficient statistics:
  Matrix range     [1e+00, 1e+00]
  Objective range  [1e+00, 1e+00]
  Bounds range     [1e+00, 1e+00]
  RHS range        [4e+01, 2e+02]
Presolve removed 3856 rows and 1267 columns
Presolve time: 0.01s
Presolved: 1377 rows, 1229 columns, 5295 nonzeros
Variable types: 0 continuous, 1229 integer (1179 binary)
Root relaxation presolved: 1377 rows, 1229 columns, 5295 nonzeros


Root relaxation: objective 4.100000e+01, 2032 iterations, 0.11 seconds (0.12 work units)

    Nodes    |    Current Node    |     Objective Bounds      |     Work
 Expl Unexpl |  Obj  Depth IntInf | Incumbent    BestBd   Gap | It/Node Time

     0     0   41.00000    0  417          -   41.00000      -     -    0s
     0     0 -1.000e+100    0  403          - infeasible      -     -    1s

Cutting planes:
  Gomory: 38
  Flow cover: 6
  Zero half: 66
  RLT: 1

Explored 1 nodes (6704 simplex iterations) in 1.20 seconds (0.76 work units)
Thread count was 64 (of 64 available processors)

Solution count 0
No other solutions better than -1e+100

Model is infeasible
Best objective -, best bound -, gap -
       19.25 - 	Solution num 0:
       19.25 - increase high_eq_constraint to 1

Set parameter Username
Academic license - for non-commercial use only - expires 2022-06-20
Set parameter Threads to value 64
Set parameter MIPFocus to value 3
       19.30 - there are 125 short nonlinear (11) polynomial
Set parameter TimeLimit to value 1800
Gurobi Optimizer version 9.5.0 build v9.5.0rc5 (linux64)
Thread count: 32 physical cores, 64 logical processors, using up to 64 threads
Optimize a model with 5233 rows, 2496 columns and 16371 nonzeros
Model fingerprint: 0x747e4849
Variable types: 0 continuous, 2496 integer (2496 binary)
Coefficient statistics:
  Matrix range     [1e+00, 1e+00]
  Objective range  [1e+00, 1e+00]
  Bounds range     [1e+00, 1e+00]
  RHS range        [1e+00, 2e+02]
Presolve removed 973 rows and 973 columns
Presolve time: 0.02s
Presolved: 4260 rows, 1523 columns, 14294 nonzeros
Variable types: 0 continuous, 1523 integer (1523 binary)
Root relaxation presolved: 4260 rows, 1523 columns, 14294 nonzeros


Root relaxation: objective 4.100000e+01, 2629 iterations, 0.36 seconds (0.37 work units)

    Nodes    |    Current Node    |     Objective Bounds      |     Work
 Expl Unexpl |  Obj  Depth IntInf | Incumbent    BestBd   Gap | It/Node Time

     0     0   41.00000    0  331          -   41.00000      -     -    1s
     0     0   41.00000    0  340          -   41.00000      -     -    3s
     0     0   41.00000    0  418          -   41.00000      -     -    3s
     0     0   41.00000    0  381          -   41.00000      -     -    4s
     0     0   41.00000    0  323          -   41.00000      -     -    4s
     0     2   41.00000    0  300          -   41.00000      -     -    6s
    27     8   41.00000    6  476          -   41.00000      -   633   10s
    91    18 infeasible   11               -   41.00000      -   845   15s
   149     6 infeasible   14               -   41.00000      -   772   23s
   163     4 infeasible   16               -   41.00000      -   783   25s
   177     6 infeasible   20               -   41.00000      -   816   32s
   193     0 infeasible   23               -   41.00000      -   873   35s

Cutting planes:
  Gomory: 1
  Flow cover: 10
  Zero half: 1226
  RLT: 484

Explored 197 nodes (188118 simplex iterations) in 35.19 seconds (33.16 work units)
Thread count was 64 (of 64 available processors)

Solution count 0
No other solutions better than -1e+100

Model is infeasible
Best objective -, best bound -, gap -
       54.66 - 	Solution num 0:
       54.68 - increase high_eq_constraint to 2

Set parameter Username
Academic license - for non-commercial use only - expires 2022-06-20
Set parameter Threads to value 64
Set parameter MIPFocus to value 3
       54.72 - there are 125 short nonlinear (11) polynomial
Set parameter TimeLimit to value 1800
Gurobi Optimizer version 9.5.0 build v9.5.0rc5 (linux64)
Thread count: 32 physical cores, 64 logical processors, using up to 64 threads
Optimize a model with 5233 rows, 2496 columns and 16371 nonzeros
Model fingerprint: 0x00bb9ed2
Variable types: 0 continuous, 2496 integer (2496 binary)
Coefficient statistics:
  Matrix range     [1e+00, 1e+00]
  Objective range  [1e+00, 1e+00]
  Bounds range     [1e+00, 1e+00]
  RHS range        [2e+00, 2e+02]
Presolve removed 973 rows and 973 columns
Presolve time: 0.02s
Presolved: 4260 rows, 1523 columns, 14294 nonzeros
Variable types: 0 continuous, 1523 integer (1523 binary)
Root relaxation presolved: 4260 rows, 1523 columns, 14294 nonzeros


Root relaxation: objective 4.100000e+01, 2334 iterations, 0.27 seconds (0.30 work units)

    Nodes    |    Current Node    |     Objective Bounds      |     Work
 Expl Unexpl |  Obj  Depth IntInf | Incumbent    BestBd   Gap | It/Node Time

     0     0   41.00000    0  493          -   41.00000      -     -    2s
     0     0   41.00000    0  447          -   41.00000      -     -    4s
     0     0   41.00000    0  443          -   41.00000      -     -    4s
     0     0   41.00000    0  455          -   41.00000      -     -    5s
     0     0   41.00000    0  195          -   41.00000      -     -    7s
     0     2   41.00000    0  195          -   41.00000      -     -    9s
     7    16   41.00000    3  373          -   41.00000      -  1225   10s
    91    80 infeasible    7               -   41.00000      -   937   20s
   265   170   41.00000    9  826          -   41.00000      -   856   32s
   329   170 infeasible    9               -   41.00000      -  1212   36s
   472   174   41.00000   11  433          -   41.00000      -  1322   44s
   551   176   41.00000   12  540          -   41.00000      -  1320   51s
   712   139 infeasible   14               -   41.00000      -  1278   57s
   812   110   41.00000   11  485          -   41.00000      -  1215   60s
  1002   100 infeasible   13               -   41.00000      -  1136   67s
  1111   105 infeasible   13               -   41.00000      -  1147   71s
  1210   127 infeasible   14               -   41.00000      -  1249   77s
  1326   124   41.00000   12  425          -   41.00000      -  1236   80s
* 1392   124              13      41.0000000   41.00000  0.00%  1222   80s

Cutting planes:
  Flow cover: 9
  Zero half: 939
  RLT: 138

Explored 1443 nodes (1770580 simplex iterations) in 80.83 seconds (81.77 work units)
Thread count was 64 (of 64 available processors)

Solution count 1: 41 

Optimal solution found (tolerance 1.00e-04)
Best objective 4.100000000000e+01, best bound 4.100000000000e+01, gap 0.0000%
      135.75 - 	Solution num 1:
guessed:  x646 x745 x747 x776 x812 x814 x820 x848 x856 x919 x976 x1025 x1026 x1032 x1073 x1091 x1093 x1131 x1166 x1189 x1190 x1213 x1242 x1269 x1286 x1317 x1319 x1325 x1329 x1345 x1365 x1382 x1383 x1388 x1407 x1437 x1472 x1473 x1476 x1477 x1478 x1489 x1490 x1493 x1494 x1495 x1499 x1501 x1514 x1519 x1527 x1530 x1539 x1545 x1551 x1564 x1568 x1570 x1572 x1591 x1592 x1600 x1602 x1604 x1605 x1608 x1610 x1626 x1627 x1628 x1631 x1636 x1646 x1651 x1657 x1658 x1664 x1665 x1670 x1711 x1724 x1726 x1743 x1752 x1754 x1761 x1779 x1780 x1799 x1812 x1814 x1816 x1822 x1857 x1876 x1893 x1915 x1933 x1950 x1974 x1976 x1984 x1989 x1990 x1992 x1995 x2011 x2012 x2013 x2029 x2030 x2032 x2035 x2038 x2046 x2053 x2054 x2058 x2059 x2061 x2076 x2078 x2080 x2081 x2084 x2098 x2099 x2104 x2105 x2130 x2149 x2173 x2179 x2191 x2192 x2197 x2198 x2200 x2204 x2209 x2210 x2211 x2212 x2215 x2217 x2219 x2220 x2221 x2228 x2233 x2234 x2236 x2239[153]
linearized equations:  9 29 42 44 46 49 50 52 55 73 74 75 86 90 92 93 96 98 111 116 117 119 137 138 150 155 156 158 174 178 179 180 182 192 196 200 202 220 223 242 243
      135.83 - target guess 152
Set parameter Username
Academic license - for non-commercial use only - expires 2022-06-20
Set parameter Threads to value 64
Set parameter MIPFocus to value 3
      135.88 - there are 125 short nonlinear (11) polynomial
Set parameter TimeLimit to value 1800
Gurobi Optimizer version 9.5.0 build v9.5.0rc5 (linux64)
Thread count: 32 physical cores, 64 logical processors, using up to 64 threads
Optimize a model with 5233 rows, 2496 columns and 16371 nonzeros
Model fingerprint: 0x6385d2f9
Variable types: 0 continuous, 2496 integer (2496 binary)
Coefficient statistics:
  Matrix range     [1e+00, 1e+00]
  Objective range  [1e+00, 1e+00]
  Bounds range     [1e+00, 1e+00]
  RHS range        [4e+01, 2e+02]
Presolve removed 3856 rows and 1267 columns
Presolve time: 0.01s
Presolved: 1377 rows, 1229 columns, 5295 nonzeros
Variable types: 0 continuous, 1229 integer (1179 binary)
Root relaxation presolved: 1377 rows, 1229 columns, 5295 nonzeros


Root relaxation: infeasible, 2161 iterations, 0.12 seconds (0.12 work units)

    Nodes    |    Current Node    |     Objective Bounds      |     Work
 Expl Unexpl |  Obj  Depth IntInf | Incumbent    BestBd   Gap | It/Node Time

     0     0 infeasible    0               - infeasible      -     -    0s

Explored 1 nodes (2161 simplex iterations) in 0.15 seconds (0.14 work units)
Thread count was 64 (of 64 available processors)

Solution count 0
No other solutions better than -1e+100

Model is infeasible
Best objective -, best bound -, gap -
      136.03 - 	Solution num 0:
      136.03 - increase high_eq_constraint to 1

Set parameter Username
Academic license - for non-commercial use only - expires 2022-06-20
Set parameter Threads to value 64
Set parameter MIPFocus to value 3
      136.06 - there are 125 short nonlinear (11) polynomial
Set parameter TimeLimit to value 1800
Gurobi Optimizer version 9.5.0 build v9.5.0rc5 (linux64)
Thread count: 32 physical cores, 64 logical processors, using up to 64 threads
Optimize a model with 5233 rows, 2496 columns and 16371 nonzeros
Model fingerprint: 0x3834b049
Variable types: 0 continuous, 2496 integer (2496 binary)
Coefficient statistics:
  Matrix range     [1e+00, 1e+00]
  Objective range  [1e+00, 1e+00]
  Bounds range     [1e+00, 1e+00]
  RHS range        [1e+00, 2e+02]
Presolve removed 973 rows and 973 columns
Presolve time: 0.02s
Presolved: 4260 rows, 1523 columns, 14294 nonzeros
Variable types: 0 continuous, 1523 integer (1523 binary)
Root relaxation presolved: 4260 rows, 1523 columns, 14294 nonzeros


Root relaxation: objective 4.200000e+01, 2689 iterations, 0.33 seconds (0.39 work units)

    Nodes    |    Current Node    |     Objective Bounds      |     Work
 Expl Unexpl |  Obj  Depth IntInf | Incumbent    BestBd   Gap | It/Node Time

     0     0   42.00000    0  415          -   42.00000      -     -    1s
     0     0 infeasible    0               - infeasible      -     -    1s

Cutting planes:
  Gomory: 34
  Zero half: 79
  RLT: 1

Explored 1 nodes (6908 simplex iterations) in 1.71 seconds (1.26 work units)
Thread count was 64 (of 64 available processors)

Solution count 0
No other solutions better than -1e+100

Model is infeasible
Best objective -, best bound -, gap -
      137.76 - 	Solution num 0:
      137.77 - increase high_eq_constraint to 2

Set parameter Username
Academic license - for non-commercial use only - expires 2022-06-20
Set parameter Threads to value 64
Set parameter MIPFocus to value 3
      137.82 - there are 125 short nonlinear (11) polynomial
Set parameter TimeLimit to value 1800
Gurobi Optimizer version 9.5.0 build v9.5.0rc5 (linux64)
Thread count: 32 physical cores, 64 logical processors, using up to 64 threads
Optimize a model with 5233 rows, 2496 columns and 16371 nonzeros
Model fingerprint: 0x6efeeaac
Variable types: 0 continuous, 2496 integer (2496 binary)
Coefficient statistics:
  Matrix range     [1e+00, 1e+00]
  Objective range  [1e+00, 1e+00]
  Bounds range     [1e+00, 1e+00]
  RHS range        [2e+00, 2e+02]
Presolve removed 973 rows and 973 columns
Presolve time: 0.02s
Presolved: 4260 rows, 1523 columns, 14294 nonzeros
Variable types: 0 continuous, 1523 integer (1523 binary)
Root relaxation presolved: 4260 rows, 1523 columns, 14294 nonzeros


Root relaxation: objective 4.200000e+01, 2559 iterations, 0.29 seconds (0.33 work units)

    Nodes    |    Current Node    |     Objective Bounds      |     Work
 Expl Unexpl |  Obj  Depth IntInf | Incumbent    BestBd   Gap | It/Node Time

     0     0   42.00000    0  362          -   42.00000      -     -    1s
     0     0   42.00000    0  318          -   42.00000      -     -    5s
     0     0   42.00000    0  348          -   42.00000      -     -    5s
     0     0   42.00000    0  309          -   42.00000      -     -    7s
     0     0   42.00000    0  309          -   42.00000      -     -    8s
     0     2   42.00000    0  309          -   42.00000      -     -   10s
    27     8 infeasible    5               -   42.00000      -   791   15s

Cutting planes:
  Gomory: 4
  Lift-and-project: 1
  Flow cover: 3
  Zero half: 678
  RLT: 16

Explored 45 nodes (56916 simplex iterations) in 16.71 seconds (12.33 work units)
Thread count was 64 (of 64 available processors)

Solution count 0
No other solutions better than -1e+100

Model is infeasible
Best objective -, best bound -, gap -
      154.71 - 	Solution num 0:
      154.72 - increase high_eq_constraint to 3

Set parameter Username
Academic license - for non-commercial use only - expires 2022-06-20
Set parameter Threads to value 64
Set parameter MIPFocus to value 3
      154.76 - there are 125 short nonlinear (11) polynomial
Set parameter TimeLimit to value 1800
Gurobi Optimizer version 9.5.0 build v9.5.0rc5 (linux64)
Thread count: 32 physical cores, 64 logical processors, using up to 64 threads
Optimize a model with 5233 rows, 2496 columns and 16371 nonzeros
Model fingerprint: 0x643b9209
Variable types: 0 continuous, 2496 integer (2496 binary)
Coefficient statistics:
  Matrix range     [1e+00, 1e+00]
  Objective range  [1e+00, 1e+00]
  Bounds range     [1e+00, 1e+00]
  RHS range        [3e+00, 2e+02]
Presolve removed 973 rows and 973 columns
Presolve time: 0.02s
Presolved: 4260 rows, 1523 columns, 14294 nonzeros
Variable types: 0 continuous, 1523 integer (1523 binary)
Root relaxation presolved: 4260 rows, 1523 columns, 14294 nonzeros


Root relaxation: objective 4.200000e+01, 2691 iterations, 0.37 seconds (0.41 work units)

    Nodes    |    Current Node    |     Objective Bounds      |     Work
 Expl Unexpl |  Obj  Depth IntInf | Incumbent    BestBd   Gap | It/Node Time

     0     0   42.00000    0  513          -   42.00000      -     -    1s
     0     0   42.00000    0  564          -   42.00000      -     -    3s
     0     0   42.00000    0  598          -   42.00000      -     -    3s
     0     0   42.00000    0  653          -   42.00000      -     -    6s
     0     0   42.00000    0  653          -   42.00000      -     -    7s
     0     2   42.00000    0  653          -   42.00000      -     -   11s
    15    16 infeasible    4               -   42.00000      -  1008   15s
    43    48   42.00000    6  480          -   42.00000      -   825   21s
    75    64 infeasible    7               -   42.00000      -   983   25s
   187    54   42.00000    9  855          -   42.00000      -  1145   30s

Cutting planes:
  Gomory: 2
  Lift-and-project: 1
  Flow cover: 11
  Zero half: 832
  RLT: 83

Explored 345 nodes (360084 simplex iterations) in 32.96 seconds (23.65 work units)
Thread count was 64 (of 64 available processors)

Solution count 0
No other solutions better than -1e+100

Model is infeasible
Best objective -, best bound -, gap -
      187.85 - 	Solution num 0:
      187.93 - increase high_eq_constraint to 4

Set parameter Username
Academic license - for non-commercial use only - expires 2022-06-20
Set parameter Threads to value 64
Set parameter MIPFocus to value 3
      187.98 - there are 125 short nonlinear (11) polynomial
Set parameter TimeLimit to value 1800
Gurobi Optimizer version 9.5.0 build v9.5.0rc5 (linux64)
Thread count: 32 physical cores, 64 logical processors, using up to 64 threads
Optimize a model with 5233 rows, 2496 columns and 16371 nonzeros
Model fingerprint: 0x97d67cdb
Variable types: 0 continuous, 2496 integer (2496 binary)
Coefficient statistics:
  Matrix range     [1e+00, 1e+00]
  Objective range  [1e+00, 1e+00]
  Bounds range     [1e+00, 1e+00]
  RHS range        [4e+00, 2e+02]
Presolve removed 973 rows and 973 columns
Presolve time: 0.02s
Presolved: 4260 rows, 1523 columns, 14294 nonzeros
Variable types: 0 continuous, 1523 integer (1523 binary)
Root relaxation presolved: 4260 rows, 1523 columns, 14294 nonzeros


Root relaxation: objective 4.200000e+01, 2811 iterations, 0.40 seconds (0.41 work units)

    Nodes    |    Current Node    |     Objective Bounds      |     Work
 Expl Unexpl |  Obj  Depth IntInf | Incumbent    BestBd   Gap | It/Node Time

     0     0   42.00000    0  844          -   42.00000      -     -    2s
     0     0   42.00000    0  882          -   42.00000      -     -    4s
     0     0   42.00000    0  825          -   42.00000      -     -    4s
     0     0   42.00000    0  765          -   42.00000      -     -    7s
     0     0   42.00000    0  765          -   42.00000      -     -    9s
     0     2   42.00000    0  765          -   42.00000      -     -   12s
     7    16   42.00000    3  785          -   42.00000      -  1190   15s
    31    64   42.00000    5  769          -   42.00000      -  1031   20s
    63   128   42.00000    6  542          -   42.00000      -   697   25s
   127   192   42.00000    7  872          -   42.00000      -   681   32s
   191   256   42.00000    8  471          -   42.00000      -   660   36s
   361   431   42.00000   11  928          -   42.00000      -   916   42s
   636   480   42.00000   12  433          -   42.00000      -   904   46s
   907   526   42.00000   11  574          -   42.00000      -   813   53s
  1243   552   42.00000   10  855          -   42.00000      -   989   63s
  1797   542 infeasible   11               -   42.00000      -   949   71s
  2345   545 infeasible   12               -   42.00000      -   930   78s
  2920   507   42.00000   10  857          -   42.00000      -   913   89s
  3518   470   42.00000   11  509          -   42.00000      -   899   98s
  4053   449   42.00000   11  454          -   42.00000      -   891  104s
  4624   423   42.00000   10  942          -   42.00000      -   882  114s
  5232   378 infeasible   13               -   42.00000      -   872  133s
  5803   325   42.00000   12  938          -   42.00000      -   862  144s
  6328   288   42.00000   15  590          -   42.00000      -   853  152s
  6857   243 infeasible   12               -   42.00000      -   848  160s
  7330   215 infeasible   14               -   42.00000      -   844  173s
  7734   197   42.00000   13  625          -   42.00000      -   841  181s
  8148   169 infeasible   12               -   42.00000      -   841  187s
  8558   178 infeasible   11               -   42.00000      -   839  193s
  8907   103   42.00000   12  812          -   42.00000      -   838  198s
  9228    45 infeasible   13               -   42.00000      -   837  217s
  9438    23   42.00000   13  934          -   42.00000      -   837  223s
  9546    12   42.00000   14  989          -   42.00000      -   837  231s
  9595     0 infeasible   16               -   42.00000      -   837  235s

Cutting planes:
  Gomory: 2
  Lift-and-project: 5
  Flow cover: 32
  Zero half: 915
  RLT: 82

Explored 9617 nodes (8071473 simplex iterations) in 235.31 seconds (155.69 work units)
Thread count was 64 (of 64 available processors)

Solution count 0
No other solutions better than -1e+100

Model is infeasible
Best objective -, best bound -, gap -
      423.41 - 	Solution num 0:
      423.50 - increase high_eq_constraint to 5

Set parameter Username
Academic license - for non-commercial use only - expires 2022-06-20
Set parameter Threads to value 64
Set parameter MIPFocus to value 3
      423.54 - there are 125 short nonlinear (11) polynomial
Set parameter TimeLimit to value 1800
Gurobi Optimizer version 9.5.0 build v9.5.0rc5 (linux64)
Thread count: 32 physical cores, 64 logical processors, using up to 64 threads
Optimize a model with 5233 rows, 2496 columns and 16371 nonzeros
Model fingerprint: 0x8a134369
Variable types: 0 continuous, 2496 integer (2496 binary)
Coefficient statistics:
  Matrix range     [1e+00, 1e+00]
  Objective range  [1e+00, 1e+00]
  Bounds range     [1e+00, 1e+00]
  RHS range        [5e+00, 2e+02]
Presolve removed 973 rows and 973 columns
Presolve time: 0.01s
Presolved: 4260 rows, 1523 columns, 14294 nonzeros
Variable types: 0 continuous, 1523 integer (1523 binary)
Root relaxation presolved: 4260 rows, 1523 columns, 14294 nonzeros


Root relaxation: objective 4.200000e+01, 3040 iterations, 0.38 seconds (0.50 work units)

    Nodes    |    Current Node    |     Objective Bounds      |     Work
 Expl Unexpl |  Obj  Depth IntInf | Incumbent    BestBd   Gap | It/Node Time

     0     0   42.00000    0  856          -   42.00000      -     -    2s
     0     0   42.00000    0  871          -   42.00000      -     -    4s
     0     0   42.00000    0  901          -   42.00000      -     -    5s
     0     0   42.00000    0  916          -   42.00000      -     -    8s
     0     0   42.00000    0  916          -   42.00000      -     -   10s
     0     2   42.00000    0  916          -   42.00000      -     -   14s
     1     4   42.00000    1  865          -   42.00000      -  6444   16s
    15    32   42.00000    4  790          -   42.00000      -   984   20s
    55    56   42.00000    5  945          -   42.00000      -  1025   25s
   183   180   42.00000    8  694          -   42.00000      -  1105   31s
   311   350   42.00000   10  494          -   42.00000      -   972   38s
   495   556   42.00000   11  751          -   42.00000      -   752   45s
   809   850   42.00000   12  957          -   42.00000      -   702   56s
  1425  1150   42.00000   20  827          -   42.00000      -   628   68s
  2337  1515   42.00000   25  896          -   42.00000      -   600   90s
  3516  1921   42.00000   11  871          -   42.00000      -   587  116s
  5196  2454   42.00000   12  901          -   42.00000      -   572  142s
  7357  2924   42.00000   11  590          -   42.00000      -   564  170s
 10031  3594 infeasible   16               -   42.00000      -   562  220s
 13321  4197 infeasible   17               -   42.00000      -   558  269s
 16929  4198   42.00000   12  916          -   42.00000      -   559  277s
 16931  4199   42.00000   17  856          -   42.00000      -   559  281s
 16933  4201   42.00000   24  870          -   42.00000      -   559  285s
 16934  4201   42.00000   24  831          -   42.00000      -   558  292s
 16935  4202   42.00000   27  823          -   42.00000      -   558  299s
 16936  4203   42.00000   33  795          -   42.00000      -   558  311s
 16937  4203   42.00000   29  795          -   42.00000      -   558  318s
 16938  4204   42.00000   35  795          -   42.00000      -   558  320s
 16939  4208   42.00000   11  747          -   42.00000      -   2.3  342s
 16941  4211   42.00000   12  790          -   42.00000      -   2.4  361s
 16945  4218   42.00000   13  734          -   42.00000      -   2.6  388s
 16953  4229   42.00000   14  938          -   42.00000      -   3.2  400s
 16969  4238   42.00000   15  933          -   42.00000      -   4.8  407s
 16999  4242   42.00000   16  951          -   42.00000      -   6.1  411s
 17101  4252 infeasible   18               -   42.00000      -  11.5  421s
 17165  4262   42.00000   19  466          -   42.00000      -  17.4  430s
 17229  4263 infeasible   20               -   42.00000      -  21.2  450s
 17293  4269 infeasible   21               -   42.00000      -  24.7  468s
 17366  4289 infeasible   21               -   42.00000      -  30.2  479s
 17445  4366   42.00000   23  961          -   42.00000      -  39.0  503s
 17616  4566 infeasible   21               -   42.00000      -  47.8  521s
 18191  4734   42.00000   28  774          -   42.00000      -  70.8  578s
 19095  4994 infeasible   29               -   42.00000      -   104  631s
 20508  4683   42.00000   32  879          -   42.00000      -   143  667s
 21203  5024 infeasible   29               -   42.00000      -   164  755s
 23862  4721   42.00000   51  592          -   42.00000      -   224  818s
 26566  4760 infeasible   39               -   42.00000      -   271  895s
 30606  4478   42.00000   43  818          -   42.00000      -   324 1056s
 34314  5853 infeasible   33               -   42.00000      -   366 1312s
 38761  7132   42.00000   30  768          -   42.00000      -   396 1504s
 43582  8517 infeasible   53               -   42.00000      -   422 1636s
 48999  9382 infeasible   43               -   42.00000      -   445 1765s
 53348  9668 infeasible   40               -   42.00000      -   461 1800s

Cutting planes:
  Gomory: 4
  Lift-and-project: 5
  Flow cover: 97
  Zero half: 1466
  RLT: 311

Explored 54010 nodes (34479953 simplex iterations) in 1800.22 seconds (895.98 work units)
Thread count was 64 (of 64 available processors)

Solution count 0

Time limit reached
Best objective -, best bound 4.200000000000e+01, gap -
     2224.04 - best linearization 41


