
# variables: 2240
# non-linear: 256

        0.00 - Start computation

        0.00 - target guess 160
Set parameter Username
Academic license - for non-commercial use only - expires 2022-06-20
Set parameter Threads to value 64
Set parameter MIPFocus to value 3
        0.05 - there are 132 short nonlinear (11) polynomial
Set parameter TimeLimit to value 1800
Gurobi Optimizer version 9.5.0 build v9.5.0rc5 (linux64)
Thread count: 32 physical cores, 64 logical processors, using up to 64 threads
Optimize a model with 5162 rows, 2496 columns and 16139 nonzeros
Model fingerprint: 0x4ed0f559
Variable types: 0 continuous, 2496 integer (2496 binary)
Coefficient statistics:
  Matrix range     [1e+00, 1e+00]
  Objective range  [1e+00, 1e+00]
  Bounds range     [1e+00, 1e+00]
  RHS range        [3e+01, 2e+02]
Presolve removed 3708 rows and 1244 columns
Presolve time: 0.01s
Presolved: 1454 rows, 1252 columns, 5568 nonzeros
Variable types: 0 continuous, 1252 integer (1220 binary)
Root relaxation presolved: 1454 rows, 1252 columns, 5568 nonzeros


Root relaxation: objective 3.400000e+01, 1615 iterations, 0.07 seconds (0.06 work units)

    Nodes    |    Current Node    |     Objective Bounds      |     Work
 Expl Unexpl |  Obj  Depth IntInf | Incumbent    BestBd   Gap | It/Node Time

     0     0   34.00000    0  489          -   34.00000      -     -    0s
H    0     0                      34.0000000   34.00000  0.00%     -    0s

Cutting planes:
  Gomory: 5
  Lift-and-project: 7
  Zero half: 143
  RLT: 3

Explored 1 nodes (3187 simplex iterations) in 0.74 seconds (0.36 work units)
Thread count was 64 (of 64 available processors)

Solution count 1: 34 

Optimal solution found (tolerance 1.00e-04)
Best objective 3.400000000000e+01, best bound 3.400000000000e+01, gap 0.0000%
        0.80 - 	Solution num 1:
guessed:  x643 x649 x666 x672 x682 x706 x708 x773 x774 x780 x782 x784 x797 x798 x799 x812 x833 x894 x897 x911 x936 x943 x968 x995 x997 x1024 x1049 x1050 x1051 x1054 x1056 x1071 x1072 x1074 x1089 x1091 x1094 x1096 x1109 x1111 x1150 x1151 x1166 x1191 x1192 x1193 x1205 x1223 x1224 x1228 x1265 x1266 x1267 x1270 x1286 x1288 x1289 x1321 x1345 x1346 x1347 x1360 x1361 x1362 x1364 x1365 x1402 x1404 x1407 x1460 x1461 x1477 x1478 x1488 x1490 x1491 x1517 x1520 x1522 x1540 x1567 x1572 x1573 x1574 x1587 x1588 x1589 x1592 x1610 x1625 x1627 x1628 x1632 x1633 x1652 x1653 x1687 x1688 x1689 x1709 x1710 x1712 x1713 x1726 x1743 x1787 x1797 x1799 x1801 x1814 x1839 x1841 x1844 x1846 x1848 x1861 x1874 x1875 x1876 x1891 x1905 x1927 x1931 x1932 x1947 x1971 x1988 x1993 x1995 x2007 x2008 x2015 x2018 x2025 x2027 x2033 x2061 x2062 x2064 x2076 x2096 x2124 x2125 x2126 x2131 x2133 x2145 x2146 x2149 x2163 x2165 x2176 x2178 x2179 x2191 x2207 x2227 x2231 x2236 x2238[160]
linearized equations:  5 7 10 12 14 27 28 29 32 44 71 74 75 88 113 114 119 120 134 137 150 175 182 184 192 194 217 218 219 223 224 226 242 243
        0.80 - target guess 159
Set parameter Username
Academic license - for non-commercial use only - expires 2022-06-20
Set parameter Threads to value 64
Set parameter MIPFocus to value 3
        0.82 - there are 132 short nonlinear (11) polynomial
Set parameter TimeLimit to value 1800
Gurobi Optimizer version 9.5.0 build v9.5.0rc5 (linux64)
Thread count: 32 physical cores, 64 logical processors, using up to 64 threads
Optimize a model with 5162 rows, 2496 columns and 16139 nonzeros
Model fingerprint: 0x858004c7
Variable types: 0 continuous, 2496 integer (2496 binary)
Coefficient statistics:
  Matrix range     [1e+00, 1e+00]
  Objective range  [1e+00, 1e+00]
  Bounds range     [1e+00, 1e+00]
  RHS range        [4e+01, 2e+02]
Presolve removed 3708 rows and 1244 columns
Presolve time: 0.01s
Presolved: 1454 rows, 1252 columns, 5568 nonzeros
Variable types: 0 continuous, 1252 integer (1220 binary)
Root relaxation presolved: 1454 rows, 1252 columns, 5568 nonzeros


Root relaxation: objective 3.500000e+01, 1725 iterations, 0.08 seconds (0.07 work units)

    Nodes    |    Current Node    |     Objective Bounds      |     Work
 Expl Unexpl |  Obj  Depth IntInf | Incumbent    BestBd   Gap | It/Node Time

     0     0   35.00000    0  264          -   35.00000      -     -    0s
H    0     0                      35.0000000   35.00000  0.00%     -    1s
     0     0   35.00000    0  228   35.00000   35.00000  0.00%     -    1s

Cutting planes:
  Gomory: 21
  Zero half: 48
  RLT: 1

Explored 1 nodes (5582 simplex iterations) in 1.20 seconds (0.67 work units)
Thread count was 64 (of 64 available processors)

Solution count 1: 35 

Optimal solution found (tolerance 1.00e-04)
Best objective 3.500000000000e+01, best bound 3.500000000000e+01, gap 0.0000%
        2.03 - 	Solution num 1:
guessed:  x652 x672 x677 x780 x782 x791 x798 x799 x802 x833 x836 x892 x910 x943 x968 x1024 x1051 x1053 x1054 x1065 x1068 x1071 x1072 x1094 x1103 x1106 x1109 x1112 x1121 x1165 x1188 x1205 x1223 x1224 x1235 x1240 x1283 x1286 x1288 x1289 x1301 x1345 x1347 x1354 x1361 x1364 x1365 x1377 x1407 x1460 x1461 x1467 x1478 x1481 x1490 x1493 x1495 x1505 x1517 x1518 x1520 x1522 x1529 x1540 x1572 x1591 x1592 x1599 x1627 x1628 x1632 x1636 x1640 x1642 x1643 x1646 x1649 x1650 x1652 x1656 x1694 x1696 x1703 x1706 x1709 x1710 x1716 x1721 x1736 x1739 x1742 x1746 x1751 x1787 x1794 x1797 x1804 x1844 x1846 x1848 x1855 x1861 x1868 x1871 x1874 x1875 x1877 x1878 x1881 x1905 x1908 x1933 x1944 x1945 x1977 x1978 x1981 x1992 x1993 x1997 x2012 x2015 x2018 x2019 x2020 x2024 x2027 x2033 x2043 x2045 x2048 x2061 x2066 x2080 x2081 x2093 x2096 x2099 x2131 x2133 x2150 x2153 x2162 x2165 x2176 x2177 x2178 x2186 x2187 x2191 x2192 x2200 x2204 x2206 x2207 x2213 x2222 x2234 x2236[159]
linearized equations:  10 12 14 21 24 27 28 32 39 44 68 71 74 75 83 87 119 120 137 138 140 145 150 182 184 194 223 224 226 228 242 243 246 251 255
        2.03 - target guess 158
Set parameter Username
Academic license - for non-commercial use only - expires 2022-06-20
Set parameter Threads to value 64
Set parameter MIPFocus to value 3
        2.08 - there are 132 short nonlinear (11) polynomial
Set parameter TimeLimit to value 1800
Gurobi Optimizer version 9.5.0 build v9.5.0rc5 (linux64)
Thread count: 32 physical cores, 64 logical processors, using up to 64 threads
Optimize a model with 5162 rows, 2496 columns and 16139 nonzeros
Model fingerprint: 0xd791fd14
Variable types: 0 continuous, 2496 integer (2496 binary)
Coefficient statistics:
  Matrix range     [1e+00, 1e+00]
  Objective range  [1e+00, 1e+00]
  Bounds range     [1e+00, 1e+00]
  RHS range        [4e+01, 2e+02]
Presolve removed 3708 rows and 1244 columns
Presolve time: 0.01s
Presolved: 1454 rows, 1252 columns, 5568 nonzeros
Variable types: 0 continuous, 1252 integer (1220 binary)
Root relaxation presolved: 1454 rows, 1252 columns, 5568 nonzeros


Root relaxation: objective 3.600000e+01, 1735 iterations, 0.09 seconds (0.08 work units)

    Nodes    |    Current Node    |     Objective Bounds      |     Work
 Expl Unexpl |  Obj  Depth IntInf | Incumbent    BestBd   Gap | It/Node Time

     0     0   36.00000    0   35          -   36.00000      -     -    0s
H    0     0                      36.0000000   36.00000  0.00%     -    0s

Cutting planes:
  Gomory: 4
  Cover: 1
  MIR: 25
  StrongCG: 9
  Flow cover: 8
  Zero half: 30
  RLT: 1

Explored 1 nodes (4598 simplex iterations) in 0.80 seconds (0.45 work units)
Thread count was 64 (of 64 available processors)

Solution count 1: 36 

Optimal solution found (tolerance 1.00e-04)
Best objective 3.600000000000e+01, best bound 3.600000000000e+01, gap 0.0000%
        2.88 - 	Solution num 1:
guessed:  x643 x672 x706 x773 x780 x782 x794 x798 x799 x833 x836 x874 x936 x943 x997 x1049 x1050 x1051 x1053 x1054 x1056 x1069 x1071 x1072 x1090 x1094 x1096 x1106 x1151 x1166 x1186 x1188 x1191 x1193 x1213 x1223 x1224 x1265 x1270 x1283 x1286 x1288 x1289 x1301 x1345 x1346 x1360 x1361 x1362 x1364 x1365 x1367 x1402 x1407 x1460 x1461 x1474 x1475 x1477 x1478 x1487 x1490 x1495 x1517 x1520 x1522 x1568 x1569 x1570 x1572 x1573 x1592 x1605 x1610 x1625 x1627 x1628 x1633 x1634 x1636 x1649 x1650 x1651 x1652 x1653 x1656 x1687 x1688 x1690 x1694 x1709 x1710 x1716 x1742 x1782 x1785 x1787 x1790 x1797 x1798 x1799 x1804 x1839 x1840 x1842 x1846 x1848 x1861 x1874 x1875 x1877 x1878 x1881 x1905 x1933 x1977 x1978 x1988 x1989 x1990 x1992 x1993 x2008 x2012 x2014 x2015 x2018 x2033 x2057 x2059 x2061 x2064 x2077 x2078 x2080 x2081 x2099 x2104 x2124 x2126 x2131 x2133 x2146 x2150 x2153 x2176 x2178 x2188 x2191 x2192 x2220 x2227 x2232 x2234 x2236 x2237 x2238 x2239[158]
linearized equations:  5 6 10 12 14 27 28 29 32 71 74 75 113 114 116 117 119 120 134 137 138 140 175 178 182 184 217 219 220 223 224 226 239 242 243 246
        2.89 - target guess 157
Set parameter Username
Academic license - for non-commercial use only - expires 2022-06-20
Set parameter Threads to value 64
Set parameter MIPFocus to value 3
        2.92 - there are 132 short nonlinear (11) polynomial
Set parameter TimeLimit to value 1800
Gurobi Optimizer version 9.5.0 build v9.5.0rc5 (linux64)
Thread count: 32 physical cores, 64 logical processors, using up to 64 threads
Optimize a model with 5162 rows, 2496 columns and 16139 nonzeros
Model fingerprint: 0x9f676ce1
Variable types: 0 continuous, 2496 integer (2496 binary)
Coefficient statistics:
  Matrix range     [1e+00, 1e+00]
  Objective range  [1e+00, 1e+00]
  Bounds range     [1e+00, 1e+00]
  RHS range        [4e+01, 2e+02]
Presolve removed 3708 rows and 1244 columns
Presolve time: 0.01s
Presolved: 1454 rows, 1252 columns, 5568 nonzeros
Variable types: 0 continuous, 1252 integer (1220 binary)
Root relaxation presolved: 1454 rows, 1252 columns, 5568 nonzeros


Root relaxation: objective 3.700000e+01, 1908 iterations, 0.10 seconds (0.09 work units)

    Nodes    |    Current Node    |     Objective Bounds      |     Work
 Expl Unexpl |  Obj  Depth IntInf | Incumbent    BestBd   Gap | It/Node Time

     0     0   37.00000    0  388          -   37.00000      -     -    0s
H    0     0                      37.0000000   37.00000  0.00%     -    1s
     0     0   37.00000    0   60   37.00000   37.00000  0.00%     -    1s

Cutting planes:
  Gomory: 29
  Zero half: 3
  RLT: 1

Explored 1 nodes (7939 simplex iterations) in 1.46 seconds (0.88 work units)
Thread count was 64 (of 64 available processors)

Solution count 1: 37 

Optimal solution found (tolerance 1.00e-04)
Best objective 3.700000000000e+01, best bound 3.700000000000e+01, gap 0.0000%
        4.38 - 	Solution num 1:
guessed:  x649 x652 x672 x677 x681 x780 x782 x784 x799 x807 x814 x833 x836 x913 x914 x943 x1024 x1050 x1054 x1071 x1094 x1109 x1121 x1165 x1188 x1193 x1220 x1223 x1235 x1266 x1268 x1270 x1283 x1288 x1289 x1323 x1345 x1360 x1365 x1372 x1377 x1407 x1460 x1461 x1478 x1481 x1487 x1488 x1489 x1490 x1492 x1493 x1517 x1519 x1520 x1522 x1540 x1542 x1570 x1572 x1592 x1594 x1599 x1603 x1605 x1628 x1633 x1634 x1636 x1640 x1642 x1646 x1649 x1655 x1688 x1690 x1692 x1693 x1694 x1696 x1709 x1710 x1716 x1721 x1727 x1746 x1782 x1787 x1790 x1797 x1804 x1809 x1817 x1840 x1846 x1848 x1861 x1874 x1881 x1891 x1905 x1908 x1932 x1933 x1944 x1946 x1947 x1948 x1977 x1978 x1981 x1989 x1991 x1992 x1993 x1997 x2012 x2014 x2015 x2018 x2020 x2024 x2027 x2033 x2043 x2048 x2050 x2061 x2066 x2078 x2079 x2081 x2093 x2096 x2106 x2127 x2131 x2133 x2146 x2150 x2153 x2158 x2162 x2164 x2177 x2178 x2186 x2192 x2204 x2206 x2207 x2222 x2233 x2235 x2236 x2237 x2239[157]
linearized equations:  6 10 12 14 27 32 39 44 71 75 83 87 89 114 116 119 120 138 140 145 150 152 153 181 182 184 194 220 222 223 224 226 228 243 246 251 255
        4.38 - target guess 156
Set parameter Username
Academic license - for non-commercial use only - expires 2022-06-20
Set parameter Threads to value 64
Set parameter MIPFocus to value 3
        4.43 - there are 132 short nonlinear (11) polynomial
Set parameter TimeLimit to value 1800
Gurobi Optimizer version 9.5.0 build v9.5.0rc5 (linux64)
Thread count: 32 physical cores, 64 logical processors, using up to 64 threads
Optimize a model with 5162 rows, 2496 columns and 16139 nonzeros
Model fingerprint: 0xb4b0a682
Variable types: 0 continuous, 2496 integer (2496 binary)
Coefficient statistics:
  Matrix range     [1e+00, 1e+00]
  Objective range  [1e+00, 1e+00]
  Bounds range     [1e+00, 1e+00]
  RHS range        [4e+01, 2e+02]
Presolve removed 3708 rows and 1244 columns
Presolve time: 0.01s
Presolved: 1454 rows, 1252 columns, 5568 nonzeros
Variable types: 0 continuous, 1252 integer (1220 binary)
Root relaxation presolved: 1454 rows, 1252 columns, 5568 nonzeros


Root relaxation: objective 3.800000e+01, 1980 iterations, 0.09 seconds (0.09 work units)

    Nodes    |    Current Node    |     Objective Bounds      |     Work
 Expl Unexpl |  Obj  Depth IntInf | Incumbent    BestBd   Gap | It/Node Time

     0     0   38.00000    0  352          -   38.00000      -     -    0s
H    0     0                      38.0000000   38.00000  0.00%     -    0s

Cutting planes:
  Gomory: 11
  Flow cover: 1
  Zero half: 39

Explored 1 nodes (4708 simplex iterations) in 1.17 seconds (0.71 work units)
Thread count was 64 (of 64 available processors)

Solution count 1: 38 

Optimal solution found (tolerance 1.00e-04)
Best objective 3.800000000000e+01, best bound 3.800000000000e+01, gap 0.0000%
        5.60 - 	Solution num 1:
guessed:  x643 x649 x652 x677 x706 x773 x780 x782 x784 x799 x802 x807 x814 x833 x836 x913 x914 x936 x939 x943 x1024 x1049 x1050 x1054 x1071 x1078 x1094 x1096 x1109 x1121 x1151 x1165 x1166 x1188 x1191 x1223 x1265 x1266 x1283 x1286 x1288 x1289 x1311 x1342 x1345 x1347 x1365 x1367 x1372 x1377 x1407 x1460 x1478 x1481 x1483 x1487 x1488 x1489 x1490 x1515 x1517 x1518 x1519 x1520 x1522 x1540 x1542 x1570 x1572 x1573 x1592 x1605 x1610 x1627 x1628 x1633 x1634 x1636 x1640 x1642 x1649 x1655 x1656 x1661 x1687 x1688 x1690 x1693 x1694 x1709 x1710 x1716 x1721 x1739 x1781 x1782 x1787 x1797 x1804 x1809 x1816 x1839 x1840 x1845 x1846 x1848 x1861 x1874 x1881 x1891 x1905 x1932 x1933 x1944 x1989 x1991 x1992 x1993 x1995 x2012 x2015 x2018 x2020 x2024 x2027 x2033 x2036 x2043 x2045 x2048 x2064 x2078 x2081 x2093 x2096 x2127 x2131 x2133 x2150 x2153 x2158 x2162 x2178 x2179 x2186 x2192 x2194 x2204 x2206 x2213 x2217 x2222 x2233 x2236 x2237 x2239[156]
linearized equations:  5 6 10 12 14 27 32 39 44 71 75 78 83 87 113 114 116 119 120 138 140 145 150 152 175 181 182 184 194 217 220 223 224 226 243 246 251 255
        5.60 - target guess 155
Set parameter Username
Academic license - for non-commercial use only - expires 2022-06-20
Set parameter Threads to value 64
Set parameter MIPFocus to value 3
        5.65 - there are 132 short nonlinear (11) polynomial
Set parameter TimeLimit to value 1800
Gurobi Optimizer version 9.5.0 build v9.5.0rc5 (linux64)
Thread count: 32 physical cores, 64 logical processors, using up to 64 threads
Optimize a model with 5162 rows, 2496 columns and 16139 nonzeros
Model fingerprint: 0xcd43e650
Variable types: 0 continuous, 2496 integer (2496 binary)
Coefficient statistics:
  Matrix range     [1e+00, 1e+00]
  Objective range  [1e+00, 1e+00]
  Bounds range     [1e+00, 1e+00]
  RHS range        [4e+01, 2e+02]
Presolve removed 3708 rows and 1244 columns
Presolve time: 0.01s
Presolved: 1454 rows, 1252 columns, 5568 nonzeros
Variable types: 0 continuous, 1252 integer (1220 binary)
Root relaxation presolved: 1454 rows, 1252 columns, 5568 nonzeros


Root relaxation: objective 3.900000e+01, 2006 iterations, 0.11 seconds (0.10 work units)

    Nodes    |    Current Node    |     Objective Bounds      |     Work
 Expl Unexpl |  Obj  Depth IntInf | Incumbent    BestBd   Gap | It/Node Time

     0     0   39.00000    0  372          -   39.00000      -     -    0s
H    0     0                      39.0000000   39.00000  0.00%     -    1s
     0     0   39.00000    0  373   39.00000   39.00000  0.00%     -    1s

Cutting planes:
  Gomory: 10
  Flow cover: 1
  Zero half: 131

Explored 1 nodes (6083 simplex iterations) in 1.25 seconds (0.78 work units)
Thread count was 64 (of 64 available processors)

Solution count 1: 39 

Optimal solution found (tolerance 1.00e-04)
Best objective 3.900000000000e+01, best bound 3.900000000000e+01, gap 0.0000%
        6.90 - 	Solution num 1:
guessed:  x643 x649 x677 x681 x694 x706 x773 x782 x785 x826 x874 x936 x943 x1049 x1050 x1054 x1056 x1071 x1090 x1099 x1109 x1121 x1151 x1165 x1166 x1188 x1191 x1192 x1265 x1283 x1288 x1289 x1304 x1345 x1347 x1351 x1377 x1440 x1481 x1483 x1487 x1489 x1490 x1491 x1493 x1498 x1500 x1516 x1517 x1518 x1520 x1522 x1523 x1535 x1540 x1554 x1572 x1599 x1605 x1614 x1627 x1628 x1630 x1632 x1633 x1634 x1636 x1640 x1649 x1655 x1674 x1676 x1687 x1688 x1689 x1690 x1692 x1693 x1694 x1696 x1709 x1721 x1739 x1751 x1766 x1768 x1770 x1781 x1782 x1787 x1797 x1809 x1828 x1839 x1840 x1842 x1844 x1848 x1861 x1865 x1874 x1905 x1908 x1944 x1945 x1982 x1987 x1988 x1989 x1991 x1992 x1993 x1995 x1996 x1998 x2008 x2012 x2019 x2020 x2024 x2036 x2037 x2039 x2043 x2048 x2060 x2067 x2079 x2093 x2104 x2106 x2126 x2127 x2131 x2133 x2136 x2162 x2177 x2178 x2179 x2186 x2187 x2203 x2204 x2205 x2206 x2217 x2218 x2222 x2223 x2232 x2236 x2237 x2238 x2239[155]
linearized equations:  5 6 10 12 27 39 56 71 83 87 113 114 116 119 120 125 145 150 162 164 175 178 181 182 184 188 204 206 217 218 219 220 222 223 224 226 229 251 255
        6.90 - target guess 154
Set parameter Username
Academic license - for non-commercial use only - expires 2022-06-20
Set parameter Threads to value 64
Set parameter MIPFocus to value 3
        6.94 - there are 132 short nonlinear (11) polynomial
Set parameter TimeLimit to value 1800
Gurobi Optimizer version 9.5.0 build v9.5.0rc5 (linux64)
Thread count: 32 physical cores, 64 logical processors, using up to 64 threads
Optimize a model with 5162 rows, 2496 columns and 16139 nonzeros
Model fingerprint: 0x9e50285e
Variable types: 0 continuous, 2496 integer (2496 binary)
Coefficient statistics:
  Matrix range     [1e+00, 1e+00]
  Objective range  [1e+00, 1e+00]
  Bounds range     [1e+00, 1e+00]
  RHS range        [4e+01, 2e+02]
Presolve removed 3708 rows and 1244 columns
Presolve time: 0.01s
Presolved: 1454 rows, 1252 columns, 5568 nonzeros
Variable types: 0 continuous, 1252 integer (1220 binary)
Root relaxation presolved: 1454 rows, 1252 columns, 5568 nonzeros


Root relaxation: objective 4.000000e+01, 1966 iterations, 0.09 seconds (0.10 work units)

    Nodes    |    Current Node    |     Objective Bounds      |     Work
 Expl Unexpl |  Obj  Depth IntInf | Incumbent    BestBd   Gap | It/Node Time

     0     0   40.00000    0  259          -   40.00000      -     -    0s
H    0     0                      40.0000000   40.00000  0.00%     -    1s
     0     0   40.00000    0  224   40.00000   40.00000  0.00%     -    1s

Cutting planes:
  Gomory: 8
  Zero half: 5
  RLT: 1

Explored 1 nodes (8215 simplex iterations) in 1.16 seconds (0.70 work units)
Thread count was 64 (of 64 available processors)

Solution count 1: 40 

Optimal solution found (tolerance 1.00e-04)
Best objective 4.000000000000e+01, best bound 4.000000000000e+01, gap 0.0000%
        8.11 - 	Solution num 1:
guessed:  x643 x650 x669 x681 x706 x773 x799 x814 x833 x913 x936 x943 x1024 x1049 x1050 x1053 x1056 x1081 x1090 x1113 x1121 x1151 x1165 x1166 x1191 x1265 x1266 x1283 x1288 x1289 x1345 x1351 x1365 x1377 x1402 x1440 x1460 x1481 x1483 x1487 x1488 x1489 x1490 x1491 x1493 x1495 x1496 x1498 x1516 x1517 x1518 x1520 x1522 x1523 x1528 x1540 x1542 x1568 x1572 x1591 x1592 x1605 x1614 x1627 x1628 x1632 x1633 x1634 x1636 x1640 x1642 x1661 x1664 x1687 x1688 x1690 x1692 x1693 x1694 x1696 x1721 x1725 x1743 x1751 x1766 x1782 x1787 x1790 x1809 x1816 x1839 x1840 x1842 x1861 x1878 x1905 x1908 x1944 x1945 x1981 x1982 x1983 x1988 x1989 x1991 x1992 x1993 x1994 x1995 x1997 x1998 x2012 x2018 x2019 x2020 x2024 x2027 x2043 x2048 x2057 x2066 x2067 x2078 x2079 x2081 x2082 x2099 x2104 x2106 x2124 x2126 x2131 x2133 x2136 x2162 x2165 x2177 x2178 x2179 x2186 x2187 x2192 x2199 x2204 x2206 x2213 x2220 x2222 x2232 x2235 x2236 x2237 x2238 x2239[154]
linearized equations:  5 6 10 12 14 39 44 75 83 87 113 114 116 119 120 125 137 138 145 150 152 175 178 181 182 184 188 194 217 219 220 222 223 224 226 228 229 243 251 255
        8.11 - target guess 153
Set parameter Username
Academic license - for non-commercial use only - expires 2022-06-20
Set parameter Threads to value 64
Set parameter MIPFocus to value 3
        8.16 - there are 132 short nonlinear (11) polynomial
Set parameter TimeLimit to value 1800
Gurobi Optimizer version 9.5.0 build v9.5.0rc5 (linux64)
Thread count: 32 physical cores, 64 logical processors, using up to 64 threads
Optimize a model with 5162 rows, 2496 columns and 16139 nonzeros
Model fingerprint: 0xafcf95d7
Variable types: 0 continuous, 2496 integer (2496 binary)
Coefficient statistics:
  Matrix range     [1e+00, 1e+00]
  Objective range  [1e+00, 1e+00]
  Bounds range     [1e+00, 1e+00]
  RHS range        [4e+01, 2e+02]
Presolve removed 3708 rows and 1244 columns
Presolve time: 0.01s
Presolved: 1454 rows, 1252 columns, 5568 nonzeros
Variable types: 0 continuous, 1252 integer (1220 binary)
Root relaxation presolved: 1454 rows, 1252 columns, 5568 nonzeros


Root relaxation: objective 4.100000e+01, 2202 iterations, 0.13 seconds (0.12 work units)

    Nodes    |    Current Node    |     Objective Bounds      |     Work
 Expl Unexpl |  Obj  Depth IntInf | Incumbent    BestBd   Gap | It/Node Time

     0     0   41.00000    0  426          -   41.00000      -     -    0s
     0     0   41.00000    0  462          -   41.00000      -     -    1s
     0     0   41.00000    0  466          -   41.00000      -     -    1s
     0     0   41.00000    0  426          -   41.00000      -     -    3s
     0     0   41.00000    0  426          -   41.00000      -     -    3s
     0     2   41.00000    0  426          -   41.00000      -     -    4s
     2     4   41.00000    1  437          -   41.00000      -   494    5s

Cutting planes:
  Gomory: 1
  Flow cover: 6
  Zero half: 492
  RLT: 5

Explored 79 nodes (64578 simplex iterations) in 9.72 seconds (4.92 work units)
Thread count was 64 (of 64 available processors)

Solution count 0
No other solutions better than -1e+100

Model is infeasible
Best objective -, best bound -, gap -
       18.16 - 	Solution num 0:
       18.17 - increase high_eq_constraint to 1

Set parameter Username
Academic license - for non-commercial use only - expires 2022-06-20
Set parameter Threads to value 64
Set parameter MIPFocus to value 3
       18.22 - there are 132 short nonlinear (11) polynomial
Set parameter TimeLimit to value 1800
Gurobi Optimizer version 9.5.0 build v9.5.0rc5 (linux64)
Thread count: 32 physical cores, 64 logical processors, using up to 64 threads
Optimize a model with 5162 rows, 2496 columns and 16139 nonzeros
Model fingerprint: 0x9da1b5bf
Variable types: 0 continuous, 2496 integer (2496 binary)
Coefficient statistics:
  Matrix range     [1e+00, 1e+00]
  Objective range  [1e+00, 1e+00]
  Bounds range     [1e+00, 1e+00]
  RHS range        [1e+00, 2e+02]
Presolve removed 979 rows and 979 columns
Presolve time: 0.02s
Presolved: 4183 rows, 1517 columns, 14057 nonzeros
Variable types: 0 continuous, 1517 integer (1517 binary)
Root relaxation presolved: 4183 rows, 1517 columns, 14057 nonzeros


Root relaxation: objective 4.100000e+01, 2590 iterations, 0.30 seconds (0.32 work units)

    Nodes    |    Current Node    |     Objective Bounds      |     Work
 Expl Unexpl |  Obj  Depth IntInf | Incumbent    BestBd   Gap | It/Node Time

     0     0   41.00000    0  458          -   41.00000      -     -    2s
     0     0   41.00000    0  562          -   41.00000      -     -    3s
     0     0   41.00000    0  586          -   41.00000      -     -    3s
     0     0   41.00000    0  458          -   41.00000      -     -    5s
     0     0   41.00000    0  458          -   41.00000      -     -    6s
     0     2   41.00000    0  458          -   41.00000      -     -    9s
     1     4   41.00000    1  381          -   41.00000      -  4101   10s
    31    40   41.00000    5  380          -   41.00000      -   735   15s
    87    62   41.00000    6  548          -   41.00000      -   550   20s
   157    94   41.00000    8   16          -   41.00000      -   686   25s
*  421   144              12      41.0000000   41.00000  0.00%   564   31s

Cutting planes:
  Gomory: 3
  Lift-and-project: 1
  Flow cover: 10
  Zero half: 1273
  RLT: 41

Explored 493 nodes (292826 simplex iterations) in 31.32 seconds (15.87 work units)
Thread count was 64 (of 64 available processors)

Solution count 1: 41 

Optimal solution found (tolerance 1.00e-04)
Best objective 4.100000000000e+01, best bound 4.100000000000e+01, gap 0.0000%
       49.76 - 	Solution num 1:
guessed:  x643 x669 x681 x685 x706 x748 x773 x799 x814 x833 x851 x874 x913 x915 x936 x943 x971 x1024 x1049 x1050 x1053 x1054 x1056 x1081 x1094 x1121 x1129 x1131 x1151 x1165 x1166 x1191 x1206 x1208 x1264 x1265 x1283 x1288 x1289 x1324 x1326 x1345 x1365 x1377 x1383 x1440 x1460 x1478 x1481 x1483 x1487 x1488 x1489 x1490 x1491 x1493 x1516 x1517 x1518 x1519 x1520 x1522 x1540 x1542 x1546 x1572 x1591 x1592 x1605 x1627 x1628 x1630 x1632 x1633 x1634 x1636 x1640 x1661 x1664 x1665 x1687 x1688 x1690 x1692 x1693 x1694 x1721 x1725 x1743 x1751 x1781 x1782 x1787 x1809 x1816 x1817 x1820 x1839 x1840 x1842 x1878 x1891 x1894 x1944 x1950 x1987 x1988 x1989 x1991 x1992 x1993 x2008 x2012 x2019 x2020 x2024 x2027 x2030 x2043 x2048 x2057 x2078 x2079 x2081 x2099 x2104 x2106 x2126 x2131 x2158 x2162 x2165 x2168 x2177 x2178 x2179 x2186 x2192 x2199 x2204 x2206 x2210 x2213 x2217 x2218 x2220 x2222 x2232 x2235 x2236 x2237 x2238 x2239[153]
linearized equations:  5 6 10 12 39 44 47 75 83 87 91 93 113 114 116 119 120 137 138 145 150 152 153 156 175 178 181 182 194 195 197 217 218 219 220 222 223 224 243 251 255
       49.80 - target guess 152
Set parameter Username
Academic license - for non-commercial use only - expires 2022-06-20
Set parameter Threads to value 64
Set parameter MIPFocus to value 3
       49.84 - there are 132 short nonlinear (11) polynomial
Set parameter TimeLimit to value 1800
Gurobi Optimizer version 9.5.0 build v9.5.0rc5 (linux64)
Thread count: 32 physical cores, 64 logical processors, using up to 64 threads
Optimize a model with 5162 rows, 2496 columns and 16139 nonzeros
Model fingerprint: 0xe2da4909
Variable types: 0 continuous, 2496 integer (2496 binary)
Coefficient statistics:
  Matrix range     [1e+00, 1e+00]
  Objective range  [1e+00, 1e+00]
  Bounds range     [1e+00, 1e+00]
  RHS range        [4e+01, 2e+02]
Presolve removed 3708 rows and 1244 columns
Presolve time: 0.01s
Presolved: 1454 rows, 1252 columns, 5568 nonzeros
Variable types: 0 continuous, 1252 integer (1220 binary)
Root relaxation presolved: 1454 rows, 1252 columns, 5568 nonzeros


Root relaxation: objective 4.200000e+01, 2286 iterations, 0.13 seconds (0.15 work units)

    Nodes    |    Current Node    |     Objective Bounds      |     Work
 Expl Unexpl |  Obj  Depth IntInf | Incumbent    BestBd   Gap | It/Node Time

     0     0   42.00000    0  498          -   42.00000      -     -    0s
     0     0 -1.000e+100    0  446          - infeasible      -     -    1s

Cutting planes:
  Gomory: 24
  Flow cover: 3
  Zero half: 54
  RLT: 3

Explored 1 nodes (8986 simplex iterations) in 1.42 seconds (1.12 work units)
Thread count was 64 (of 64 available processors)

Solution count 0
No other solutions better than -1e+100

Model is infeasible
Best objective -, best bound -, gap -
       51.26 - 	Solution num 0:
       51.27 - increase high_eq_constraint to 1

Set parameter Username
Academic license - for non-commercial use only - expires 2022-06-20
Set parameter Threads to value 64
Set parameter MIPFocus to value 3
       51.31 - there are 132 short nonlinear (11) polynomial
Set parameter TimeLimit to value 1800
Gurobi Optimizer version 9.5.0 build v9.5.0rc5 (linux64)
Thread count: 32 physical cores, 64 logical processors, using up to 64 threads
Optimize a model with 5162 rows, 2496 columns and 16139 nonzeros
Model fingerprint: 0x9529a70d
Variable types: 0 continuous, 2496 integer (2496 binary)
Coefficient statistics:
  Matrix range     [1e+00, 1e+00]
  Objective range  [1e+00, 1e+00]
  Bounds range     [1e+00, 1e+00]
  RHS range        [1e+00, 2e+02]
Presolve removed 979 rows and 979 columns
Presolve time: 0.02s
Presolved: 4183 rows, 1517 columns, 14057 nonzeros
Variable types: 0 continuous, 1517 integer (1517 binary)
Root relaxation presolved: 4183 rows, 1517 columns, 14057 nonzeros


Root relaxation: objective 4.200000e+01, 2578 iterations, 0.30 seconds (0.36 work units)

    Nodes    |    Current Node    |     Objective Bounds      |     Work
 Expl Unexpl |  Obj  Depth IntInf | Incumbent    BestBd   Gap | It/Node Time

     0     0   42.00000    0  408          -   42.00000      -     -    1s
     0     0   42.00000    0  490          -   42.00000      -     -    2s
     0     0   42.00000    0  483          -   42.00000      -     -    3s
     0     0   42.00000    0  490          -   42.00000      -     -    4s
     0     0   42.00000    0  490          -   42.00000      -     -    4s
     0     2   42.00000    0  490          -   42.00000      -     -    6s
    19     2 infeasible    7               -   42.00000      -   743   10s
    31     2 infeasible   13               -   42.00000      -   732   15s
    41     4 infeasible   17               -   42.00000      -   742   20s
    55    18   42.00000   20  750          -   42.00000      -   765   26s
    83    18   42.00000   22  785          -   42.00000      -   910   30s

Cutting planes:
  Gomory: 5
  Lift-and-project: 2
  Flow cover: 1
  Zero half: 608
  RLT: 352

Explored 137 nodes (128279 simplex iterations) in 32.90 seconds (24.76 work units)
Thread count was 64 (of 64 available processors)

Solution count 0
No other solutions better than -1e+100

Model is infeasible
Best objective -, best bound -, gap -
       84.40 - 	Solution num 0:
       84.41 - increase high_eq_constraint to 2

Set parameter Username
Academic license - for non-commercial use only - expires 2022-06-20
Set parameter Threads to value 64
Set parameter MIPFocus to value 3
       84.46 - there are 132 short nonlinear (11) polynomial
Set parameter TimeLimit to value 1800
Gurobi Optimizer version 9.5.0 build v9.5.0rc5 (linux64)
Thread count: 32 physical cores, 64 logical processors, using up to 64 threads
Optimize a model with 5162 rows, 2496 columns and 16139 nonzeros
Model fingerprint: 0x90c1bb2c
Variable types: 0 continuous, 2496 integer (2496 binary)
Coefficient statistics:
  Matrix range     [1e+00, 1e+00]
  Objective range  [1e+00, 1e+00]
  Bounds range     [1e+00, 1e+00]
  RHS range        [2e+00, 2e+02]
Presolve removed 979 rows and 979 columns
Presolve time: 0.02s
Presolved: 4183 rows, 1517 columns, 14057 nonzeros
Variable types: 0 continuous, 1517 integer (1517 binary)
Root relaxation presolved: 4183 rows, 1517 columns, 14057 nonzeros


Root relaxation: objective 4.200000e+01, 2732 iterations, 0.37 seconds (0.38 work units)

    Nodes    |    Current Node    |     Objective Bounds      |     Work
 Expl Unexpl |  Obj  Depth IntInf | Incumbent    BestBd   Gap | It/Node Time

     0     0   42.00000    0  549          -   42.00000      -     -    2s
     0     0   42.00000    0  575          -   42.00000      -     -    3s
     0     0   42.00000    0  603          -   42.00000      -     -    3s
     0     0   42.00000    0  419          -   42.00000      -     -    6s
     0     0   42.00000    0  484          -   42.00000      -     -    6s
     0     0   42.00000    0  470          -   42.00000      -     -    8s
     0     0   42.00000    0  470          -   42.00000      -     -   10s
     0     2   42.00000    0  459          -   42.00000      -     -   13s
     7    16   42.00000    3  442          -   42.00000      -   749   15s
    31    56   42.00000    5  439          -   42.00000      -  1026   20s
   183   128   42.00000    8  659          -   42.00000      -   929   26s
   375   131   42.00000    9  812          -   42.00000      -   811   30s
   646    93 infeasible   10               -   42.00000      -   805   35s
   902     2 infeasible   13               -   42.00000      -   755   40s

Cutting planes:
  Flow cover: 3
  Zero half: 873
  RLT: 96

Explored 911 nodes (710136 simplex iterations) in 40.98 seconds (30.35 work units)
Thread count was 64 (of 64 available processors)

Solution count 0
No other solutions better than -1e+100

Model is infeasible
Best objective -, best bound -, gap -
      125.49 - 	Solution num 0:
      125.50 - increase high_eq_constraint to 3

Set parameter Username
Academic license - for non-commercial use only - expires 2022-06-20
Set parameter Threads to value 64
Set parameter MIPFocus to value 3
      125.54 - there are 132 short nonlinear (11) polynomial
Set parameter TimeLimit to value 1800
Gurobi Optimizer version 9.5.0 build v9.5.0rc5 (linux64)
Thread count: 32 physical cores, 64 logical processors, using up to 64 threads
Optimize a model with 5162 rows, 2496 columns and 16139 nonzeros
Model fingerprint: 0x52296477
Variable types: 0 continuous, 2496 integer (2496 binary)
Coefficient statistics:
  Matrix range     [1e+00, 1e+00]
  Objective range  [1e+00, 1e+00]
  Bounds range     [1e+00, 1e+00]
  RHS range        [3e+00, 2e+02]
Presolve removed 979 rows and 979 columns
Presolve time: 0.01s
Presolved: 4183 rows, 1517 columns, 14057 nonzeros
Variable types: 0 continuous, 1517 integer (1517 binary)
Root relaxation presolved: 4183 rows, 1517 columns, 14057 nonzeros


Root relaxation: objective 4.200000e+01, 2790 iterations, 0.35 seconds (0.40 work units)

    Nodes    |    Current Node    |     Objective Bounds      |     Work
 Expl Unexpl |  Obj  Depth IntInf | Incumbent    BestBd   Gap | It/Node Time

     0     0   42.00000    0  791          -   42.00000      -     -    1s
     0     0   42.00000    0  828          -   42.00000      -     -    3s
     0     0   42.00000    0  827          -   42.00000      -     -    3s
     0     0   42.00000    0  701          -   42.00000      -     -    6s
     0     0   42.00000    0  802          -   42.00000      -     -    6s
     0     0   42.00000    0  674          -   42.00000      -     -    8s
     0     0   42.00000    0  674          -   42.00000      -     -   10s
     0     2   42.00000    0  674          -   42.00000      -     -   13s
     4     8   42.00000    2  704          -   42.00000      -  1169   15s
    31    64   42.00000    5  542          -   42.00000      -   652   20s
   127   192   42.00000    7  720          -   42.00000      -   747   27s
   191   254   42.00000    8  441          -   42.00000      -  1082   30s
   390   437 infeasible   10               -   42.00000      -   904   38s
   676   479   42.00000   10  542          -   42.00000      -   840   42s
  1176   459   42.00000   13  855          -   42.00000      -   642   46s
  1684   471 infeasible   14               -   42.00000      -   563   51s
  2168   460   42.00000    9  768          -   42.00000      -   523   59s
  2579   488 infeasible   12               -   42.00000      -   542   65s
  3143   452 infeasible    8               -   42.00000      -   510   71s
  3635   451 infeasible   11               -   42.00000      -   496   80s
  4102   468 infeasible    9               -   42.00000      -   510   89s
  4583   407 infeasible   11               -   42.00000      -   523   96s
  5180   379 infeasible    9               -   42.00000      -   509  102s
  5694   339 infeasible   11               -   42.00000      -   502  110s
  6096   333 infeasible   11               -   42.00000      -   512  115s
  6606   290 infeasible   10               -   42.00000      -   502  121s
  7113   304   42.00000    8  737          -   42.00000      -   495  127s
  7481   226 infeasible   12               -   42.00000      -   504  133s
  7943   174   42.00000   16  895          -   42.00000      -   498  137s
  8321   140 infeasible   18               -   42.00000      -   495  140s
  8847    35   42.00000   15  910          -   42.00000      -   503  145s

Cutting planes:
  Gomory: 2
  Flow cover: 1
  Zero half: 629
  RLT: 48

Explored 9051 nodes (4623257 simplex iterations) in 149.83 seconds (101.48 work units)
Thread count was 64 (of 64 available processors)

Solution count 0
No other solutions better than -1e+100

Model is infeasible
Best objective -, best bound -, gap -
      275.38 - 	Solution num 0:
      275.39 - increase high_eq_constraint to 4

Set parameter Username
Academic license - for non-commercial use only - expires 2022-06-20
Set parameter Threads to value 64
Set parameter MIPFocus to value 3
      275.43 - there are 132 short nonlinear (11) polynomial
Set parameter TimeLimit to value 1800
Gurobi Optimizer version 9.5.0 build v9.5.0rc5 (linux64)
Thread count: 32 physical cores, 64 logical processors, using up to 64 threads
Optimize a model with 5162 rows, 2496 columns and 16139 nonzeros
Model fingerprint: 0x38da3df4
Variable types: 0 continuous, 2496 integer (2496 binary)
Coefficient statistics:
  Matrix range     [1e+00, 1e+00]
  Objective range  [1e+00, 1e+00]
  Bounds range     [1e+00, 1e+00]
  RHS range        [4e+00, 2e+02]
Presolve removed 979 rows and 979 columns
Presolve time: 0.01s
Presolved: 4183 rows, 1517 columns, 14057 nonzeros
Variable types: 0 continuous, 1517 integer (1517 binary)
Root relaxation presolved: 4183 rows, 1517 columns, 14057 nonzeros


Root relaxation: objective 4.200000e+01, 3029 iterations, 0.32 seconds (0.47 work units)

    Nodes    |    Current Node    |     Objective Bounds      |     Work
 Expl Unexpl |  Obj  Depth IntInf | Incumbent    BestBd   Gap | It/Node Time

     0     0   42.00000    0  851          -   42.00000      -     -    1s
     0     0   42.00000    0  831          -   42.00000      -     -    3s
     0     0   42.00000    0  833          -   42.00000      -     -    3s
     0     0   42.00000    0  785          -   42.00000      -     -    5s
     0     0   42.00000    0  785          -   42.00000      -     -    5s
     0     2   42.00000    0  785          -   42.00000      -     -    7s
    46    64   42.00000    5  876          -   42.00000      -   600   10s
   255   429   42.00000    9  735          -   42.00000      -   770   15s
   991  1328   42.00000   14  885          -   42.00000      -   473   21s
  1783  1917 infeasible   13               -   42.00000      -   458   26s
  3144  2840 infeasible   21               -   42.00000      -   453   36s
  5221  3804 infeasible   15               -   42.00000      -   439   49s
  8107  4673   42.00000   12  798          -   42.00000      -   445   59s
 11508  5723 infeasible   23               -   42.00000      -   449   76s
 15007  5725   42.00000   17  851          -   42.00000      -   452   81s
 15009  5727   42.00000   13  832          -   42.00000      -   452   85s
 15010  5727   42.00000   34  845          -   42.00000      -   452   90s
 15012  5729   42.00000   36  792          -   42.00000      -   451  100s
 15014  5730   42.00000   17  792          -   42.00000      -   451  105s
 15015  5734   42.00000   14  717          -   42.00000      -   2.2  123s
 15017  5737   42.00000   15  746          -   42.00000      -   2.3  144s
 15021  5744   42.00000   16  740          -   42.00000      -   2.5  159s
 15029  5757   42.00000   17  691          -   42.00000      -   2.7  164s
 15045  5784   42.00000   18  448          -   42.00000      -   3.3  171s
 15077  5837   42.00000   19  688          -   42.00000      -   3.9  180s
 15141  5880   42.00000   20  696          -   42.00000      -   7.0  190s
 15205  5914 infeasible   21               -   42.00000      -  11.7  198s
 15269  6064 infeasible   22               -   42.00000      -  13.9  213s
 15301  6053   42.00000   22  632          -   42.00000      -  15.4  215s
 15494  6185   42.00000   22  845          -   42.00000      -  24.5  247s
 15642  6136   42.00000   24  639          -   42.00000      -  29.1  250s
 15822  6384   42.00000   26  807          -   42.00000      -  34.1  297s
 16376  6440   42.00000   28  849          -   42.00000      -  96.2  338s
 18205  6060   42.00000   24  597          -   42.00000      -   132  406s
 19043  5937 infeasible   27               -   42.00000      -   187  456s
 21026  5416   42.00000   28  754          -   42.00000      -   209  486s
 24200  4464   42.00000   28  766          -   42.00000      -   230  520s
 24872  4254   42.00000   29  795          -   42.00000      -   233  578s
 28292  3111 infeasible   30               -   42.00000      -   250  607s
 31415  2154 infeasible   33               -   42.00000      -   263  664s
 33271  2411   42.00000   32  938          -   42.00000      -   270  719s
 37463  2559   42.00000   28  694          -   42.00000      -   274  737s
 41861  2519   42.00000   29  820          -   42.00000      -   279  753s
 46181  2347 infeasible   28               -   42.00000      -   283  802s
 50421  2509 infeasible   29               -   42.00000      -   287  834s
 53400  2874   42.00000   23  806          -   42.00000      -   288  859s
 59567  3153 infeasible   24               -   42.00000      -   289  886s
 63924  3165   42.00000   31  835          -   42.00000      -   291  963s
 68898  3312   42.00000   38  852          -   42.00000      -   292 1024s
 74085  3477   42.00000   27  702          -   42.00000      -   293 1073s
 78651  3814   42.00000   41  786          -   42.00000      -   294 1130s
 85228  5156   42.00000   30  765          -   42.00000      -   293 1195s
 92664  6186 infeasible   67               -   42.00000      -   289 1225s
 99496  6361 infeasible   44               -   42.00000      -   287 1286s
 100349 13045   42.00000   42  868          -   42.00000      -   287 1698s
 164413 15267 infeasible   57               -   42.00000      -   271 1743s
 177689 16058 infeasible   52               -   42.00000      -   268 1779s
 186904 16697 infeasible   49               -   42.00000      -   266 1800s

Cutting planes:
  Gomory: 3
  Lift-and-project: 4
  Flow cover: 68
  Zero half: 1423
  RLT: 194

Explored 189501 nodes (57154476 simplex iterations) in 1800.11 seconds (1606.48 work units)
Thread count was 64 (of 64 available processors)

Solution count 0

Time limit reached
Best objective -, best bound 4.200000000000e+01, gap -
     2076.72 - best linearization 41


