
# variables: 2240
# non-linear: 256

        0.00 - Start computation

        0.00 - target guess 160
Set parameter Username
Academic license - for non-commercial use only - expires 2022-06-20
Set parameter Threads to value 64
Set parameter MIPFocus to value 3
        0.05 - there are 125 short nonlinear (11) polynomial
Set parameter TimeLimit to value 1800
Gurobi Optimizer version 9.5.0 build v9.5.0rc5 (linux64)
Thread count: 32 physical cores, 64 logical processors, using up to 64 threads
Optimize a model with 5231 rows, 2496 columns and 16369 nonzeros
Model fingerprint: 0x9afdb1b0
Variable types: 0 continuous, 2496 integer (2496 binary)
Coefficient statistics:
  Matrix range     [1e+00, 1e+00]
  Objective range  [1e+00, 1e+00]
  Bounds range     [1e+00, 1e+00]
  RHS range        [3e+01, 2e+02]
Presolve removed 3854 rows and 1299 columns
Presolve time: 0.01s
Presolved: 1377 rows, 1197 columns, 5237 nonzeros
Variable types: 0 continuous, 1197 integer (1131 binary)
Root relaxation presolved: 1377 rows, 1197 columns, 5237 nonzeros


Root relaxation: objective 3.400000e+01, 1455 iterations, 0.05 seconds (0.04 work units)

    Nodes    |    Current Node    |     Objective Bounds      |     Work
 Expl Unexpl |  Obj  Depth IntInf | Incumbent    BestBd   Gap | It/Node Time

     0     0   34.00000    0   28          -   34.00000      -     -    0s
H    0     0                      34.0000000   34.00000  0.00%     -    0s

Cutting planes:
  Gomory: 1
  Cover: 2
  Zero half: 22

Explored 1 nodes (4519 simplex iterations) in 0.50 seconds (0.29 work units)
Thread count was 64 (of 64 available processors)

Solution count 1: 34 

Optimal solution found (tolerance 1.00e-04)
Best objective 3.400000000000e+01, best bound 3.400000000000e+01, gap 0.0000%
        0.55 - 	Solution num 1:
guessed:  x650 x652 x653 x655 x661 x662 x675 x677 x694 x696 x711 x715 x724 x725 x738 x757 x759 x778 x780 x782 x783 x784 x785 x786 x791 x792 x805 x807 x824 x826 x841 x860 x876 x882 x890 x906 x943 x945 x946 x1054 x1058 x1060 x1061 x1096 x1098 x1099 x1105 x1159 x1209 x1219 x1270 x1272 x1273 x1276 x1277 x1291 x1292 x1293 x1324 x1346 x1348 x1349 x1350 x1351 x1405 x1407 x1438 x1442 x1444 x1445 x1498 x1504 x1518 x1520 x1523 x1527 x1572 x1573 x1575 x1576 x1614 x1616 x1630 x1632 x1636 x1639 x1640 x1643 x1645 x1646 x1651 x1654 x1659 x1661 x1674 x1690 x1692 x1694 x1695 x1696 x1705 x1706 x1719 x1721 x1735 x1736 x1768 x1770 x1792 x1794 x1807 x1809 x1826 x1828 x1842 x1846 x1849 x1852 x1859 x1861 x1863 x1865 x1870 x1905 x1975 x1982 x1993 x1996 x1998 x2012 x2027 x2041 x2061 x2065 x2067 x2069 x2071 x2081 x2091 x2108 x2110 x2129 x2134 x2136 x2143 x2178 x2182 x2184 x2187 x2191 x2203 x2204 x2205 x2206 x2221 x2223 x2227 x2234 x2235 x2239[160]
linearized equations:  8 10 12 13 14 15 16 17 23 37 56 67 120 122 125 129 130 143 145 162 164 180 182 188 204 206 222 226 227 229 235 236 249 251
        0.55 - target guess 159
Set parameter Username
Academic license - for non-commercial use only - expires 2022-06-20
Set parameter Threads to value 64
Set parameter MIPFocus to value 3
        0.57 - there are 125 short nonlinear (11) polynomial
Set parameter TimeLimit to value 1800
Gurobi Optimizer version 9.5.0 build v9.5.0rc5 (linux64)
Thread count: 32 physical cores, 64 logical processors, using up to 64 threads
Optimize a model with 5231 rows, 2496 columns and 16369 nonzeros
Model fingerprint: 0x022e0b90
Variable types: 0 continuous, 2496 integer (2496 binary)
Coefficient statistics:
  Matrix range     [1e+00, 1e+00]
  Objective range  [1e+00, 1e+00]
  Bounds range     [1e+00, 1e+00]
  RHS range        [4e+01, 2e+02]
Presolve removed 3854 rows and 1299 columns
Presolve time: 0.01s
Presolved: 1377 rows, 1197 columns, 5237 nonzeros
Variable types: 0 continuous, 1197 integer (1131 binary)
Root relaxation presolved: 1377 rows, 1197 columns, 5237 nonzeros


Root relaxation: objective 3.500000e+01, 1545 iterations, 0.06 seconds (0.05 work units)

    Nodes    |    Current Node    |     Objective Bounds      |     Work
 Expl Unexpl |  Obj  Depth IntInf | Incumbent    BestBd   Gap | It/Node Time

     0     0   35.00000    0  350          -   35.00000      -     -    0s
H    0     0                      35.0000000   35.00000  0.00%     -    0s

Cutting planes:
  Gomory: 16
  Flow cover: 1
  Zero half: 55

Explored 1 nodes (3535 simplex iterations) in 0.65 seconds (0.34 work units)
Thread count was 64 (of 64 available processors)

Solution count 1: 35 

Optimal solution found (tolerance 1.00e-04)
Best objective 3.500000000000e+01, best bound 3.500000000000e+01, gap 0.0000%
        1.22 - 	Solution num 1:
guessed:  x652 x653 x661 x662 x687 x711 x715 x719 x724 x725 x773 x775 x778 x780 x782 x785 x791 x792 x871 x876 x878 x943 x945 x946 x971 x1028 x1049 x1054 x1058 x1061 x1099 x1105 x1107 x1209 x1219 x1243 x1272 x1273 x1291 x1293 x1324 x1346 x1348 x1351 x1359 x1400 x1405 x1407 x1438 x1442 x1445 x1446 x1494 x1498 x1504 x1513 x1518 x1523 x1525 x1528 x1563 x1568 x1572 x1573 x1575 x1586 x1601 x1604 x1605 x1607 x1614 x1622 x1627 x1629 x1632 x1636 x1639 x1640 x1643 x1645 x1646 x1647 x1651 x1663 x1665 x1689 x1692 x1694 x1695 x1697 x1705 x1706 x1735 x1736 x1756 x1761 x1783 x1793 x1794 x1817 x1819 x1841 x1846 x1849 x1857 x1859 x1861 x1864 x1865 x1870 x1896 x1898 x1967 x1986 x1993 x1996 x1998 x2007 x2012 x2019 x2027 x2029 x2030 x2047 x2049 x2052 x2064 x2067 x2071 x2073 x2075 x2079 x2081 x2098 x2099 x2101 x2108 x2110 x2129 x2134 x2144 x2178 x2182 x2186 x2191 x2192 x2196 x2197 x2214 x2219 x2221 x2227 x2229 x2231 x2234 x2235 x2236 x2238 x2239[159]
linearized equations:  3 5 8 10 12 13 15 17 23 47 67 69 91 110 115 120 122 125 129 130 155 173 175 177 180 182 188 197 219 222 226 227 229 235 237
        1.22 - target guess 158
Set parameter Username
Academic license - for non-commercial use only - expires 2022-06-20
Set parameter Threads to value 64
Set parameter MIPFocus to value 3
        1.24 - there are 125 short nonlinear (11) polynomial
Set parameter TimeLimit to value 1800
Gurobi Optimizer version 9.5.0 build v9.5.0rc5 (linux64)
Thread count: 32 physical cores, 64 logical processors, using up to 64 threads
Optimize a model with 5231 rows, 2496 columns and 16369 nonzeros
Model fingerprint: 0xde963374
Variable types: 0 continuous, 2496 integer (2496 binary)
Coefficient statistics:
  Matrix range     [1e+00, 1e+00]
  Objective range  [1e+00, 1e+00]
  Bounds range     [1e+00, 1e+00]
  RHS range        [4e+01, 2e+02]
Presolve removed 3854 rows and 1299 columns
Presolve time: 0.01s
Presolved: 1377 rows, 1197 columns, 5237 nonzeros
Variable types: 0 continuous, 1197 integer (1131 binary)
Root relaxation presolved: 1377 rows, 1197 columns, 5237 nonzeros


Root relaxation: objective 3.600000e+01, 1586 iterations, 0.06 seconds (0.06 work units)

    Nodes    |    Current Node    |     Objective Bounds      |     Work
 Expl Unexpl |  Obj  Depth IntInf | Incumbent    BestBd   Gap | It/Node Time

     0     0   36.00000    0  242          -   36.00000      -     -    0s
H    0     0                      36.0000000   36.00000  0.00%     -    0s
     0     0   36.00000    0  256   36.00000   36.00000  0.00%     -    0s

Cutting planes:
  Gomory: 13
  Zero half: 76

Explored 1 nodes (5012 simplex iterations) in 0.81 seconds (0.46 work units)
Thread count was 64 (of 64 available processors)

Solution count 1: 36 

Optimal solution found (tolerance 1.00e-04)
Best objective 3.600000000000e+01, best bound 3.600000000000e+01, gap 0.0000%
        2.05 - 	Solution num 1:
guessed:  x650 x661 x675 x687 x696 x711 x715 x724 x738 x759 x778 x780 x785 x791 x793 x795 x805 x807 x816 x826 x841 x851 x860 x876 x878 x906 x943 x972 x1028 x1048 x1060 x1061 x1105 x1129 x1130 x1159 x1173 x1209 x1219 x1242 x1243 x1254 x1272 x1320 x1322 x1381 x1405 x1407 x1475 x1492 x1494 x1498 x1518 x1523 x1528 x1533 x1544 x1568 x1572 x1584 x1604 x1605 x1607 x1614 x1616 x1622 x1629 x1632 x1640 x1643 x1645 x1647 x1649 x1651 x1654 x1659 x1661 x1665 x1666 x1692 x1694 x1695 x1705 x1706 x1707 x1709 x1719 x1721 x1735 x1756 x1760 x1761 x1770 x1795 x1797 x1807 x1809 x1817 x1818 x1819 x1828 x1841 x1844 x1852 x1857 x1859 x1865 x1870 x1874 x1896 x1905 x1949 x1961 x1982 x1986 x1993 x1998 x2012 x2016 x2019 x2027 x2029 x2041 x2050 x2052 x2057 x2059 x2067 x2069 x2071 x2078 x2079 x2091 x2099 x2108 x2110 x2115 x2126 x2129 x2136 x2146 x2168 x2178 x2184 x2187 x2192 x2195 x2196 x2199 x2204 x2205 x2206 x2214 x2221 x2234 x2235 x2237 x2238[158]
linearized equations:  8 10 12 23 25 37 46 47 48 58 67 91 92 115 120 125 129 133 143 145 155 164 180 182 188 196 197 206 208 222 229 235 237 239 249 251
        2.06 - target guess 157
Set parameter Username
Academic license - for non-commercial use only - expires 2022-06-20
Set parameter Threads to value 64
Set parameter MIPFocus to value 3
        2.08 - there are 125 short nonlinear (11) polynomial
Set parameter TimeLimit to value 1800
Gurobi Optimizer version 9.5.0 build v9.5.0rc5 (linux64)
Thread count: 32 physical cores, 64 logical processors, using up to 64 threads
Optimize a model with 5231 rows, 2496 columns and 16369 nonzeros
Model fingerprint: 0xd9bfd086
Variable types: 0 continuous, 2496 integer (2496 binary)
Coefficient statistics:
  Matrix range     [1e+00, 1e+00]
  Objective range  [1e+00, 1e+00]
  Bounds range     [1e+00, 1e+00]
  RHS range        [4e+01, 2e+02]
Presolve removed 3854 rows and 1299 columns
Presolve time: 0.01s
Presolved: 1377 rows, 1197 columns, 5237 nonzeros
Variable types: 0 continuous, 1197 integer (1131 binary)
Root relaxation presolved: 1377 rows, 1197 columns, 5237 nonzeros


Root relaxation: objective 3.700000e+01, 1661 iterations, 0.06 seconds (0.06 work units)

    Nodes    |    Current Node    |     Objective Bounds      |     Work
 Expl Unexpl |  Obj  Depth IntInf | Incumbent    BestBd   Gap | It/Node Time

     0     0   37.00000    0  234          -   37.00000      -     -    0s
H    0     0                      37.0000000   37.00000  0.00%     -    0s
     0     0          -    0        37.00000   37.00000  0.00%     -    0s

Cutting planes:
  Gomory: 10
  Zero half: 90

Explored 1 nodes (5433 simplex iterations) in 0.90 seconds (0.48 work units)
Thread count was 64 (of 64 available processors)

Solution count 1: 37 

Optimal solution found (tolerance 1.00e-04)
Best objective 3.700000000000e+01, best bound 3.700000000000e+01, gap 0.0000%
        2.98 - 	Solution num 1:
guessed:  x648 x652 x711 x759 x773 x778 x780 x811 x826 x828 x860 x862 x871 x876 x878 x910 x943 x946 x977 x978 x1002 x1054 x1058 x1061 x1085 x1094 x1096 x1099 x1123 x1125 x1135 x1136 x1173 x1175 x1237 x1249 x1272 x1273 x1274 x1277 x1320 x1400 x1405 x1407 x1471 x1487 x1494 x1496 x1498 x1513 x1518 x1523 x1524 x1534 x1535 x1563 x1568 x1572 x1573 x1601 x1607 x1612 x1614 x1616 x1622 x1627 x1632 x1636 x1637 x1638 x1639 x1643 x1645 x1651 x1663 x1672 x1674 x1676 x1690 x1692 x1694 x1695 x1696 x1697 x1698 x1699 x1766 x1768 x1770 x1789 x1824 x1826 x1828 x1842 x1844 x1846 x1848 x1849 x1851 x1857 x1859 x1861 x1863 x1864 x1896 x1905 x1954 x1956 x1967 x1986 x1993 x1994 x1996 x1998 x2007 x2012 x2017 x2019 x2034 x2036 x2041 x2047 x2049 x2052 x2071 x2073 x2075 x2081 x2093 x2098 x2101 x2103 x2105 x2108 x2110 x2111 x2115 x2129 x2135 x2172 x2174 x2177 x2182 x2191 x2204 x2205 x2206 x2210 x2214 x2216 x2218 x2221 x2223 x2227 x2229 x2234 x2236[157]
linearized equations:  3 8 10 12 13 14 15 17 41 43 54 56 58 87 97 98 110 120 122 125 160 162 164 173 175 180 182 203 204 206 208 222 226 227 228 229 255
        2.98 - target guess 156
Set parameter Username
Academic license - for non-commercial use only - expires 2022-06-20
Set parameter Threads to value 64
Set parameter MIPFocus to value 3
        3.03 - there are 125 short nonlinear (11) polynomial
Set parameter TimeLimit to value 1800
Gurobi Optimizer version 9.5.0 build v9.5.0rc5 (linux64)
Thread count: 32 physical cores, 64 logical processors, using up to 64 threads
Optimize a model with 5231 rows, 2496 columns and 16369 nonzeros
Model fingerprint: 0x8863ba2d
Variable types: 0 continuous, 2496 integer (2496 binary)
Coefficient statistics:
  Matrix range     [1e+00, 1e+00]
  Objective range  [1e+00, 1e+00]
  Bounds range     [1e+00, 1e+00]
  RHS range        [4e+01, 2e+02]
Presolve removed 3854 rows and 1299 columns
Presolve time: 0.01s
Presolved: 1377 rows, 1197 columns, 5237 nonzeros
Variable types: 0 continuous, 1197 integer (1131 binary)
Root relaxation presolved: 1377 rows, 1197 columns, 5237 nonzeros


Root relaxation: objective 3.800000e+01, 1712 iterations, 0.07 seconds (0.07 work units)

    Nodes    |    Current Node    |     Objective Bounds      |     Work
 Expl Unexpl |  Obj  Depth IntInf | Incumbent    BestBd   Gap | It/Node Time

     0     0   38.00000    0  205          -   38.00000      -     -    0s
H    0     0                      38.0000000   38.00000  0.00%     -    0s
     0     0   38.00000    0  194   38.00000   38.00000  0.00%     -    0s

Cutting planes:
  Gomory: 9
  Zero half: 100

Explored 1 nodes (5796 simplex iterations) in 0.91 seconds (0.55 work units)
Thread count was 64 (of 64 available processors)

Solution count 1: 38 

Optimal solution found (tolerance 1.00e-04)
Best objective 3.800000000000e+01, best bound 3.800000000000e+01, gap 0.0000%
        3.93 - 	Solution num 1:
guessed:  x645 x648 x652 x661 x694 x711 x715 x724 x757 x759 x773 x775 x778 x780 x785 x791 x824 x826 x828 x860 x862 x871 x876 x878 x943 x946 x1028 x1049 x1054 x1061 x1099 x1105 x1107 x1173 x1209 x1219 x1291 x1300 x1320 x1348 x1387 x1400 x1402 x1404 x1405 x1407 x1498 x1500 x1504 x1506 x1513 x1518 x1520 x1523 x1525 x1533 x1550 x1563 x1568 x1572 x1575 x1577 x1601 x1604 x1609 x1614 x1616 x1619 x1622 x1627 x1629 x1632 x1636 x1643 x1645 x1647 x1650 x1651 x1653 x1654 x1663 x1674 x1689 x1692 x1694 x1696 x1699 x1707 x1735 x1756 x1768 x1770 x1793 x1795 x1826 x1828 x1841 x1844 x1846 x1848 x1851 x1859 x1861 x1864 x1870 x1896 x1898 x1905 x1954 x1967 x1975 x1986 x1993 x1996 x1998 x2007 x2019 x2027 x2029 x2034 x2041 x2047 x2049 x2052 x2057 x2058 x2059 x2071 x2073 x2077 x2081 x2083 x2098 x2103 x2108 x2110 x2115 x2126 x2129 x2142 x2172 x2192 x2203 x2204 x2205 x2206 x2214 x2218 x2221 x2223 x2227 x2229 x2234 x2236 x2237 x2238[156]
linearized equations:  3 5 8 10 12 15 17 23 25 54 56 58 67 69 97 110 115 120 122 125 129 160 162 164 173 175 177 180 182 204 206 208 219 222 226 229 235 237
        3.94 - target guess 155
Set parameter Username
Academic license - for non-commercial use only - expires 2022-06-20
Set parameter Threads to value 64
Set parameter MIPFocus to value 3
        3.95 - there are 125 short nonlinear (11) polynomial
Set parameter TimeLimit to value 1800
Gurobi Optimizer version 9.5.0 build v9.5.0rc5 (linux64)
Thread count: 32 physical cores, 64 logical processors, using up to 64 threads
Optimize a model with 5231 rows, 2496 columns and 16369 nonzeros
Model fingerprint: 0x89ae9f5a
Variable types: 0 continuous, 2496 integer (2496 binary)
Coefficient statistics:
  Matrix range     [1e+00, 1e+00]
  Objective range  [1e+00, 1e+00]
  Bounds range     [1e+00, 1e+00]
  RHS range        [4e+01, 2e+02]
Presolve removed 3854 rows and 1299 columns
Presolve time: 0.01s
Presolved: 1377 rows, 1197 columns, 5237 nonzeros
Variable types: 0 continuous, 1197 integer (1131 binary)
Root relaxation presolved: 1377 rows, 1197 columns, 5237 nonzeros


Root relaxation: objective 3.900000e+01, 1698 iterations, 0.07 seconds (0.07 work units)

    Nodes    |    Current Node    |     Objective Bounds      |     Work
 Expl Unexpl |  Obj  Depth IntInf | Incumbent    BestBd   Gap | It/Node Time

     0     0   39.00000    0  417          -   39.00000      -     -    0s
     0     0   39.00000    0  167          -   39.00000      -     -    0s
     0     0   39.00000    0  231          -   39.00000      -     -    1s
H    0     0                      39.0000000   39.00000  0.00%     -    1s

Cutting planes:
  Gomory: 7
  Flow cover: 2
  Zero half: 85

Explored 1 nodes (10484 simplex iterations) in 1.54 seconds (1.15 work units)
Thread count was 64 (of 64 available processors)

Solution count 1: 39 

Optimal solution found (tolerance 1.00e-04)
Best objective 3.900000000000e+01, best bound 3.900000000000e+01, gap 0.0000%
        5.50 - 	Solution num 1:
guessed:  x640 x661 x675 x693 x694 x696 x699 x702 x724 x738 x757 x759 x765 x791 x805 x807 x824 x826 x828 x841 x860 x862 x906 x928 x932 x988 x1040 x1060 x1082 x1105 x1107 x1136 x1156 x1157 x1159 x1183 x1209 x1219 x1250 x1260 x1382 x1387 x1388 x1400 x1413 x1421 x1481 x1495 x1500 x1504 x1506 x1513 x1533 x1550 x1551 x1556 x1563 x1595 x1607 x1614 x1616 x1619 x1621 x1622 x1631 x1645 x1647 x1650 x1651 x1653 x1659 x1661 x1663 x1674 x1676 x1678 x1679 x1682 x1706 x1707 x1719 x1721 x1735 x1768 x1770 x1775 x1776 x1793 x1795 x1807 x1809 x1824 x1826 x1828 x1830 x1831 x1834 x1865 x1896 x1902 x1909 x1910 x1911 x1924 x1949 x1955 x1959 x1967 x1998 x2027 x2029 x2034 x2035 x2041 x2043 x2044 x2047 x2048 x2052 x2057 x2058 x2059 x2067 x2069 x2071 x2073 x2092 x2093 x2098 x2103 x2104 x2105 x2117 x2142 x2167 x2172 x2173 x2184 x2187 x2192 x2199 x2203 x2204 x2205 x2206 x2207 x2209 x2211 x2214 x2220 x2223 x2227 x2228 x2234 x2237[155]
linearized equations:  0 23 25 35 37 54 56 58 60 67 69 92 97 98 110 129 143 145 155 160 161 162 164 166 167 169 170 173 204 206 208 209 210 212 214 235 237 249 251
        5.50 - target guess 154
Set parameter Username
Academic license - for non-commercial use only - expires 2022-06-20
Set parameter Threads to value 64
Set parameter MIPFocus to value 3
        5.54 - there are 125 short nonlinear (11) polynomial
Set parameter TimeLimit to value 1800
Gurobi Optimizer version 9.5.0 build v9.5.0rc5 (linux64)
Thread count: 32 physical cores, 64 logical processors, using up to 64 threads
Optimize a model with 5231 rows, 2496 columns and 16369 nonzeros
Model fingerprint: 0x41c25da3
Variable types: 0 continuous, 2496 integer (2496 binary)
Coefficient statistics:
  Matrix range     [1e+00, 1e+00]
  Objective range  [1e+00, 1e+00]
  Bounds range     [1e+00, 1e+00]
  RHS range        [4e+01, 2e+02]
Presolve removed 3854 rows and 1299 columns
Presolve time: 0.01s
Presolved: 1377 rows, 1197 columns, 5237 nonzeros
Variable types: 0 continuous, 1197 integer (1131 binary)
Root relaxation presolved: 1377 rows, 1197 columns, 5237 nonzeros


Root relaxation: objective 4.000000e+01, 1755 iterations, 0.08 seconds (0.08 work units)

    Nodes    |    Current Node    |     Objective Bounds      |     Work
 Expl Unexpl |  Obj  Depth IntInf | Incumbent    BestBd   Gap | It/Node Time

     0     0   40.00000    0  382          -   40.00000      -     -    0s
     0     0   40.00000    0   14          -   40.00000      -     -    1s
     0     0   40.00000    0  491          -   40.00000      -     -    1s
     0     0   40.00000    0  490          -   40.00000      -     -    2s
     0     0   40.00000    0  462          -   40.00000      -     -    2s
     0     0   40.00000    0  462          -   40.00000      -     -    2s
     0     2   40.00000    0  462          -   40.00000      -     -    3s
    31    56   40.00000    5  313          -   40.00000      -   570    5s

Cutting planes:
  Gomory: 3
  Flow cover: 1
  Zero half: 268
  RLT: 2

Explored 537 nodes (232547 simplex iterations) in 8.25 seconds (4.53 work units)
Thread count was 64 (of 64 available processors)

Solution count 0
No other solutions better than -1e+100

Model is infeasible
Best objective -, best bound -, gap -
       14.05 - 	Solution num 0:
       14.08 - increase high_eq_constraint to 1

Set parameter Username
Academic license - for non-commercial use only - expires 2022-06-20
Set parameter Threads to value 64
Set parameter MIPFocus to value 3
       14.12 - there are 125 short nonlinear (11) polynomial
Set parameter TimeLimit to value 1800
Gurobi Optimizer version 9.5.0 build v9.5.0rc5 (linux64)
Thread count: 32 physical cores, 64 logical processors, using up to 64 threads
Optimize a model with 5231 rows, 2496 columns and 16369 nonzeros
Model fingerprint: 0x8ced1a75
Variable types: 0 continuous, 2496 integer (2496 binary)
Coefficient statistics:
  Matrix range     [1e+00, 1e+00]
  Objective range  [1e+00, 1e+00]
  Bounds range     [1e+00, 1e+00]
  RHS range        [1e+00, 2e+02]
Presolve removed 971 rows and 971 columns
Presolve time: 0.02s
Presolved: 4260 rows, 1525 columns, 14296 nonzeros
Variable types: 0 continuous, 1525 integer (1525 binary)
Root relaxation presolved: 4260 rows, 1525 columns, 14296 nonzeros


Root relaxation: objective 4.000000e+01, 1994 iterations, 0.18 seconds (0.20 work units)

    Nodes    |    Current Node    |     Objective Bounds      |     Work
 Expl Unexpl |  Obj  Depth IntInf | Incumbent    BestBd   Gap | It/Node Time

     0     0   40.00000    0  364          -   40.00000      -     -    2s
     0     0   40.00000    0  559          -   40.00000      -     -    4s
     0     0   40.00000    0  273          -   40.00000      -     -    6s
     0     0   40.00000    0  891          -   40.00000      -     -    9s
     0     0   40.00000    0  891          -   40.00000      -     -   10s
     0     2   40.00000    0  891          -   40.00000      -     -   13s
     7    16   40.00000    3  390          -   40.00000      -   809   15s
    63    98   40.00000    6  477          -   40.00000      -   401   20s
*  504   280              13      40.0000000   40.00000  0.00%   369   23s

Cutting planes:
  Gomory: 4
  Lift-and-project: 2
  Flow cover: 6
  Zero half: 930
  RLT: 139

Explored 673 nodes (306764 simplex iterations) in 23.77 seconds (19.92 work units)
Thread count was 64 (of 64 available processors)

Solution count 1: 40 

Optimal solution found (tolerance 1.00e-04)
Best objective 4.000000000000e+01, best bound 4.000000000000e+01, gap 0.0000%
       38.15 - 	Solution num 1:
guessed:  x661 x675 x677 x694 x702 x724 x738 x757 x759 x765 x768 x791 x805 x807 x824 x826 x828 x830 x841 x860 x862 x906 x928 x988 x1040 x1044 x1060 x1105 x1107 x1136 x1140 x1159 x1209 x1219 x1260 x1335 x1382 x1387 x1388 x1400 x1413 x1446 x1481 x1495 x1498 x1500 x1504 x1506 x1513 x1528 x1533 x1550 x1551 x1555 x1563 x1578 x1607 x1614 x1616 x1618 x1621 x1622 x1631 x1645 x1647 x1650 x1651 x1653 x1657 x1659 x1660 x1661 x1663 x1674 x1676 x1678 x1705 x1706 x1707 x1719 x1721 x1735 x1768 x1770 x1775 x1776 x1793 x1795 x1807 x1809 x1826 x1828 x1830 x1834 x1865 x1896 x1902 x1905 x1910 x1911 x1924 x1955 x1963 x1967 x1982 x1996 x1998 x2027 x2029 x2030 x2034 x2035 x2041 x2043 x2047 x2048 x2050 x2052 x2057 x2058 x2059 x2067 x2069 x2071 x2092 x2098 x2103 x2104 x2117 x2119 x2136 x2142 x2167 x2172 x2173 x2178 x2184 x2187 x2192 x2203 x2204 x2205 x2206 x2207 x2209 x2211 x2214 x2215 x2218 x2220 x2223 x2227 x2234 x2237[154]
linearized equations:  0 23 25 35 37 54 56 58 60 67 69 92 97 98 102 110 125 129 143 145 155 160 161 162 164 166 169 170 173 188 204 206 208 210 212 214 235 237 249 251
       38.17 - target guess 153
Set parameter Username
Academic license - for non-commercial use only - expires 2022-06-20
Set parameter Threads to value 64
Set parameter MIPFocus to value 3
       38.21 - there are 125 short nonlinear (11) polynomial
Set parameter TimeLimit to value 1800
Gurobi Optimizer version 9.5.0 build v9.5.0rc5 (linux64)
Thread count: 32 physical cores, 64 logical processors, using up to 64 threads
Optimize a model with 5231 rows, 2496 columns and 16369 nonzeros
Model fingerprint: 0x0c15911d
Variable types: 0 continuous, 2496 integer (2496 binary)
Coefficient statistics:
  Matrix range     [1e+00, 1e+00]
  Objective range  [1e+00, 1e+00]
  Bounds range     [1e+00, 1e+00]
  RHS range        [4e+01, 2e+02]
Presolve removed 3854 rows and 1299 columns
Presolve time: 0.01s
Presolved: 1377 rows, 1197 columns, 5237 nonzeros
Variable types: 0 continuous, 1197 integer (1131 binary)
Root relaxation presolved: 1377 rows, 1197 columns, 5237 nonzeros


Root relaxation: objective 4.100000e+01, 1857 iterations, 0.09 seconds (0.09 work units)

    Nodes    |    Current Node    |     Objective Bounds      |     Work
 Expl Unexpl |  Obj  Depth IntInf | Incumbent    BestBd   Gap | It/Node Time

     0     0   41.00000    0  456          -   41.00000      -     -    0s
     0     0   41.00000    0  406          -   41.00000      -     -    1s
     0     0 -1.000e+100    0  402          - infeasible      -     -    2s

Cutting planes:
  Gomory: 18
  Lift-and-project: 3
  Zero half: 47

Explored 1 nodes (10959 simplex iterations) in 2.41 seconds (1.71 work units)
Thread count was 64 (of 64 available processors)

Solution count 0
No other solutions better than -1e+100

Model is infeasible
Best objective -, best bound -, gap -
       40.62 - 	Solution num 0:
       40.62 - increase high_eq_constraint to 1

Set parameter Username
Academic license - for non-commercial use only - expires 2022-06-20
Set parameter Threads to value 64
Set parameter MIPFocus to value 3
       40.66 - there are 125 short nonlinear (11) polynomial
Set parameter TimeLimit to value 1800
Gurobi Optimizer version 9.5.0 build v9.5.0rc5 (linux64)
Thread count: 32 physical cores, 64 logical processors, using up to 64 threads
Optimize a model with 5231 rows, 2496 columns and 16369 nonzeros
Model fingerprint: 0x2412e583
Variable types: 0 continuous, 2496 integer (2496 binary)
Coefficient statistics:
  Matrix range     [1e+00, 1e+00]
  Objective range  [1e+00, 1e+00]
  Bounds range     [1e+00, 1e+00]
  RHS range        [1e+00, 2e+02]
Presolve removed 971 rows and 971 columns
Presolve time: 0.02s
Presolved: 4260 rows, 1525 columns, 14296 nonzeros
Variable types: 0 continuous, 1525 integer (1525 binary)
Root relaxation presolved: 4260 rows, 1525 columns, 14296 nonzeros


Root relaxation: objective 4.100000e+01, 2234 iterations, 0.21 seconds (0.26 work units)

    Nodes    |    Current Node    |     Objective Bounds      |     Work
 Expl Unexpl |  Obj  Depth IntInf | Incumbent    BestBd   Gap | It/Node Time

     0     0   41.00000    0  469          -   41.00000      -     -    1s
     0     0   41.00000    0  417          -   41.00000      -     -    1s
     0     0   41.00000    0  486          -   41.00000      -     -    2s
     0     0   41.00000    0  389          -   41.00000      -     -    3s
     0     0   41.00000    0  389          -   41.00000      -     -    4s
     0     2   41.00000    0  389          -   41.00000      -     -    6s
    35     6 infeasible    6               -   41.00000      -   639   10s
    73    20   41.00000   11  650          -   41.00000      -   762   15s
   173    24 infeasible   15               -   41.00000      -   749   20s

Cutting planes:
  Flow cover: 10
  Zero half: 1068
  RLT: 409

Explored 307 nodes (261857 simplex iterations) in 24.79 seconds (31.00 work units)
Thread count was 64 (of 64 available processors)

Solution count 0
No other solutions better than -1e+100

Model is infeasible
Best objective -, best bound -, gap -
       65.46 - 	Solution num 0:
       65.47 - increase high_eq_constraint to 2

Set parameter Username
Academic license - for non-commercial use only - expires 2022-06-20
Set parameter Threads to value 64
Set parameter MIPFocus to value 3
       65.51 - there are 125 short nonlinear (11) polynomial
Set parameter TimeLimit to value 1800
Gurobi Optimizer version 9.5.0 build v9.5.0rc5 (linux64)
Thread count: 32 physical cores, 64 logical processors, using up to 64 threads
Optimize a model with 5231 rows, 2496 columns and 16369 nonzeros
Model fingerprint: 0xd9d09a0a
Variable types: 0 continuous, 2496 integer (2496 binary)
Coefficient statistics:
  Matrix range     [1e+00, 1e+00]
  Objective range  [1e+00, 1e+00]
  Bounds range     [1e+00, 1e+00]
  RHS range        [2e+00, 2e+02]
Presolve removed 971 rows and 971 columns
Presolve time: 0.01s
Presolved: 4260 rows, 1525 columns, 14296 nonzeros
Variable types: 0 continuous, 1525 integer (1525 binary)
Root relaxation presolved: 4260 rows, 1525 columns, 14296 nonzeros


Root relaxation: objective 4.100000e+01, 2368 iterations, 0.18 seconds (0.28 work units)

    Nodes    |    Current Node    |     Objective Bounds      |     Work
 Expl Unexpl |  Obj  Depth IntInf | Incumbent    BestBd   Gap | It/Node Time

     0     0   41.00000    0  499          -   41.00000      -     -    1s
     0     0   41.00000    0  507          -   41.00000      -     -    2s
     0     0   41.00000    0  682          -   41.00000      -     -    2s
     0     0   41.00000    0  534          -   41.00000      -     -    3s
     0     0   41.00000    0  534          -   41.00000      -     -    3s
     0     2   41.00000    0  534          -   41.00000      -     -    4s
     7    16   41.00000    3  476          -   41.00000      -   822    5s
   255   214   41.00000    9  771          -   41.00000      -   967   10s
  1067   285   41.00000   10  699          -   41.00000      -   723   15s
  1925   191   41.00000   12  486          -   41.00000      -   686   20s
  2709    97 infeasible   12               -   41.00000      -   664   25s
  3248     0 infeasible   14               -   41.00000      -   657   30s

Cutting planes:
  Gomory: 3
  Lift-and-project: 1
  Flow cover: 15
  Zero half: 937
  RLT: 181

Explored 3253 nodes (2154794 simplex iterations) in 30.37 seconds (51.23 work units)
Thread count was 64 (of 64 available processors)

Solution count 0
No other solutions better than -1e+100

Model is infeasible
Best objective -, best bound -, gap -
       96.16 - 	Solution num 0:
       96.21 - increase high_eq_constraint to 3

Set parameter Username
Academic license - for non-commercial use only - expires 2022-06-20
Set parameter Threads to value 64
Set parameter MIPFocus to value 3
       96.25 - there are 125 short nonlinear (11) polynomial
Set parameter TimeLimit to value 1800
Gurobi Optimizer version 9.5.0 build v9.5.0rc5 (linux64)
Thread count: 32 physical cores, 64 logical processors, using up to 64 threads
Optimize a model with 5231 rows, 2496 columns and 16369 nonzeros
Model fingerprint: 0xe6f190ba
Variable types: 0 continuous, 2496 integer (2496 binary)
Coefficient statistics:
  Matrix range     [1e+00, 1e+00]
  Objective range  [1e+00, 1e+00]
  Bounds range     [1e+00, 1e+00]
  RHS range        [3e+00, 2e+02]
Presolve removed 971 rows and 971 columns
Presolve time: 0.01s
Presolved: 4260 rows, 1525 columns, 14296 nonzeros
Variable types: 0 continuous, 1525 integer (1525 binary)
Root relaxation presolved: 4260 rows, 1525 columns, 14296 nonzeros


Root relaxation: objective 4.100000e+01, 2726 iterations, 0.29 seconds (0.39 work units)

    Nodes    |    Current Node    |     Objective Bounds      |     Work
 Expl Unexpl |  Obj  Depth IntInf | Incumbent    BestBd   Gap | It/Node Time

     0     0   41.00000    0  732          -   41.00000      -     -    1s
     0     0   41.00000    0  755          -   41.00000      -     -    3s
     0     0   41.00000    0  754          -   41.00000      -     -    3s
     0     0   41.00000    0  686          -   41.00000      -     -    5s
     0     0   41.00000    0  655          -   41.00000      -     -    6s
     0     2   41.00000    0  610          -   41.00000      -     -    9s
     3     8   41.00000    2  483          -   41.00000      -  1548   10s
    31    64   41.00000    5  455          -   41.00000      -   491   15s
   255   385   41.00000    9  587          -   41.00000      -   843   21s
   396   539   41.00000   10  920          -   41.00000      -   792   25s
   666   705 infeasible   11               -   41.00000      -   975   30s
  1844  1042   41.00000    9  508          -   41.00000      -   727   44s
  2837  1206 infeasible   13               -   41.00000      -   692   55s
  4011  1336   41.00000   15  453          -   41.00000      -   674   61s
  5321  1434   41.00000   12  935          -   41.00000      -   665   67s
  6749  1512   41.00000    9  882          -   41.00000      -   662   74s
  8365  1561   41.00000   12  843          -   41.00000      -   660   81s
 10116  1523   41.00000   14  845          -   41.00000      -   658   89s
 12030  1552   41.00000   14  790          -   41.00000      -   655   98s
 13953  1573   41.00000   11  724          -   41.00000      -   652  106s
 15946  1582   41.00000   16  900          -   41.00000      -   651  114s
 17999  1569 infeasible   15               -   41.00000      -   650  123s
 20164  1566   41.00000   16  785          -   41.00000      -   650  132s
 22363  1572   41.00000   11  867          -   41.00000      -   652  142s
 24663  1571   41.00000   17  933          -   41.00000      -   653  153s
 27120  1491 infeasible   13               -   41.00000      -   653  164s
 29672  1358   41.00000    9  928          -   41.00000      -   653  176s
 32323  1158   41.00000   12  899          -   41.00000      -   652  190s
 34891   985   41.00000   10  504          -   41.00000      -   652  207s
 37284   795   41.00000   17  809          -   41.00000      -   652  228s
 39570   700   41.00000    9  476          -   41.00000      -   653  255s
 41709   575   41.00000   12  897          -   41.00000      -   655  268s
 43770   401   41.00000   14  809          -   41.00000      -   655  294s
 45684   305   41.00000   20  975          -   41.00000      -   657  312s
 47252   180 infeasible   22               -   41.00000      -   659  329s
 48477    90 infeasible   24               -   41.00000      -   661  342s
 49175     9 infeasible   55               -   41.00000      -   662  349s
 49448     0   41.00000   15  881          -   41.00000      -   662  350s

Cutting planes:
  Flow cover: 7
  Zero half: 601
  RLT: 58

Explored 49465 nodes (32761029 simplex iterations) in 350.26 seconds (462.32 work units)
Thread count was 64 (of 64 available processors)

Solution count 0
No other solutions better than -1e+100

Model is infeasible
Best objective -, best bound -, gap -
      446.52 - 	Solution num 0:
      446.57 - increase high_eq_constraint to 4

Set parameter Username
Academic license - for non-commercial use only - expires 2022-06-20
Set parameter Threads to value 64
Set parameter MIPFocus to value 3
      446.60 - there are 125 short nonlinear (11) polynomial
Set parameter TimeLimit to value 1800
Gurobi Optimizer version 9.5.0 build v9.5.0rc5 (linux64)
Thread count: 32 physical cores, 64 logical processors, using up to 64 threads
Optimize a model with 5231 rows, 2496 columns and 16369 nonzeros
Model fingerprint: 0x3325906e
Variable types: 0 continuous, 2496 integer (2496 binary)
Coefficient statistics:
  Matrix range     [1e+00, 1e+00]
  Objective range  [1e+00, 1e+00]
  Bounds range     [1e+00, 1e+00]
  RHS range        [4e+00, 2e+02]
Presolve removed 971 rows and 971 columns
Presolve time: 0.01s
Presolved: 4260 rows, 1525 columns, 14296 nonzeros
Variable types: 0 continuous, 1525 integer (1525 binary)
Root relaxation presolved: 4260 rows, 1525 columns, 14296 nonzeros


Root relaxation: objective 4.100000e+01, 2901 iterations, 0.23 seconds (0.44 work units)

    Nodes    |    Current Node    |     Objective Bounds      |     Work
 Expl Unexpl |  Obj  Depth IntInf | Incumbent    BestBd   Gap | It/Node Time

     0     0   41.00000    0  683          -   41.00000      -     -    2s
     0     0   41.00000    0  676          -   41.00000      -     -    4s
     0     0   41.00000    0  704          -   41.00000      -     -    4s
     0     0   41.00000    0  659          -   41.00000      -     -    7s
     0     0   41.00000    0  659          -   41.00000      -     -    8s
     0     2   41.00000    0  511          -   41.00000      -     -   12s
    31    64   41.00000    5  522          -   41.00000      -   595   16s
   127   192   41.00000    7  480          -   41.00000      -   498   21s
   255   407   41.00000    9  806          -   41.00000      -   853   25s
   766  1120   41.00000   13  725          -   41.00000      -   704   37s
  1455  1626   41.00000   12  812          -   41.00000      -   672   44s
  2559  2197   41.00000   12  733          -   41.00000      -   653   53s
  4200  2917   41.00000   11  691          -   41.00000      -   649   72s
  6474  3639   41.00000   13  690          -   41.00000      -   647   90s
  9678  4160   41.00000    9  748          -   41.00000      -   606  106s
 12967  4584   41.00000   11  517          -   41.00000      -   618  149s
 16267  4863   41.00000   12  758          -   41.00000      -   630  195s
 19895  4865   41.00000   18  683          -   41.00000      -   635  202s
 19898  4867   41.00000   17  689          -   41.00000      -   635  206s
 19900  4869   41.00000   23  646          -   41.00000      -   635  211s
 19902  4870   41.00000   20  646          -   41.00000      -   635  215s
 19903  4874   41.00000   16  537          -   41.00000      -   1.7  226s
 19905  4877   41.00000   17  472          -   41.00000      -   1.7  236s
 19909  4884   41.00000   18  419          -   41.00000      -   1.8  248s
 19917  4897   41.00000   19  413          -   41.00000      -   1.8  255s
 19933  4924   41.00000   20  674          -   41.00000      -   2.2  263s
 19965  4977   41.00000   21  610          -   41.00000      -   2.9  274s
 20003  4964   41.00000   21  870          -   41.00000      -   4.4  275s
 20093  5062   41.00000   23  802          -   41.00000      -  11.2  283s
 20157  5271   41.00000   24  742          -   41.00000      -  15.0  291s
 20389  5597   41.00000   27  784          -   41.00000      -  25.8  305s
 21226  5603   41.00000   26  893          -   41.00000      -  73.7  339s
 21857  5783   41.00000   30  943          -   41.00000      -  84.6  408s
 24996  5009   41.00000   24  467          -   41.00000      -   129  428s
 27355  4432   41.00000   32 1109          -   41.00000      -   155  444s
 30110  3695   41.00000   31  833          -   41.00000      -   179  464s
 32818  3187 infeasible   33               -   41.00000      -   198  481s
 36332  2862   41.00000   37  946          -   41.00000      -   215  517s
 40278  3048   41.00000   32  995          -   41.00000      -   230  585s
 44404  3139   41.00000   35  892          -   41.00000      -   244  625s
 48967  3111   41.00000   36  948          -   41.00000      -   259  648s
 53233  3034   41.00000   42  960          -   41.00000      -   271  673s
 57566  3094   41.00000   39  894          -   41.00000      -   281  738s
 58490  3439 infeasible   34               -   41.00000      -   283  776s
 63721  3859 infeasible   38               -   41.00000      -   293  807s
 69139  4183   41.00000   37  996          -   41.00000      -   301  854s
 74423  4482   41.00000   44 1107          -   41.00000      -   309  958s
 79842  4667   41.00000   38 1026          -   41.00000      -   317  994s
 85353  4953   41.00000   38  906          -   41.00000      -   324 1033s
 91759  5125 infeasible   47               -   41.00000      -   330 1113s
 97463  5344   41.00000   35  917          -   41.00000      -   336 1185s
 103834  5553   41.00000   34  916          -   41.00000      -   341 1227s
 109847  5732 infeasible   42               -   41.00000      -   347 1347s
 116232  5892   41.00000   28  777          -   41.00000      -   353 1397s
 123244  6052   41.00000   36  976          -   41.00000      -   358 1443s
 130304  6264   41.00000   38 1005          -   41.00000      -   362 1489s
 137588  6380   41.00000   44  939          -   41.00000      -   368 1557s
 138768  6457   41.00000   35  856          -   41.00000      -   369 1629s
 149101  6425 infeasible   39               -   41.00000      -   376 1709s
 158213  6511 infeasible   40               -   41.00000      -   382 1800s

Cutting planes:
  Gomory: 3
  Lift-and-project: 3
  Flow cover: 52
  Zero half: 1958
  RLT: 307

Explored 165275 nodes (76322894 simplex iterations) in 1800.16 seconds (2438.85 work units)
Thread count was 64 (of 64 available processors)

Solution count 0

Time limit reached
Best objective -, best bound 4.100000000000e+01, gap -
     2247.05 - best linearization 40


